TN:
SF:src/js/AdaptiveLoadingManager.js
FN:6,(anonymous_0)
FN:99,(anonymous_1)
FN:108,(anonymous_2)
FN:120,(anonymous_3)
FN:125,(anonymous_4)
FN:134,(anonymous_5)
FN:166,(anonymous_6)
FN:168,(anonymous_7)
FN:179,(anonymous_8)
FN:185,(anonymous_9)
FN:190,(anonymous_10)
FN:191,(anonymous_11)
FN:237,(anonymous_12)
FN:240,(anonymous_13)
FN:241,(anonymous_14)
FN:245,(anonymous_15)
FN:251,(anonymous_16)
FN:268,(anonymous_17)
FN:283,(anonymous_18)
FN:330,(anonymous_19)
FN:359,(anonymous_20)
FN:363,(anonymous_21)
FN:406,(anonymous_22)
FN:409,(anonymous_23)
FN:447,(anonymous_24)
FN:482,(anonymous_25)
FN:508,(anonymous_26)
FN:520,(anonymous_27)
FN:535,(anonymous_28)
FN:550,(anonymous_29)
FN:574,(anonymous_30)
FN:592,(anonymous_31)
FN:602,(anonymous_32)
FN:613,(anonymous_33)
FN:634,(anonymous_34)
FN:647,(anonymous_35)
FN:668,(anonymous_36)
FNF:37
FNH:0
FNDA:0,(anonymous_0)
FNDA:0,(anonymous_1)
FNDA:0,(anonymous_2)
FNDA:0,(anonymous_3)
FNDA:0,(anonymous_4)
FNDA:0,(anonymous_5)
FNDA:0,(anonymous_6)
FNDA:0,(anonymous_7)
FNDA:0,(anonymous_8)
FNDA:0,(anonymous_9)
FNDA:0,(anonymous_10)
FNDA:0,(anonymous_11)
FNDA:0,(anonymous_12)
FNDA:0,(anonymous_13)
FNDA:0,(anonymous_14)
FNDA:0,(anonymous_15)
FNDA:0,(anonymous_16)
FNDA:0,(anonymous_17)
FNDA:0,(anonymous_18)
FNDA:0,(anonymous_19)
FNDA:0,(anonymous_20)
FNDA:0,(anonymous_21)
FNDA:0,(anonymous_22)
FNDA:0,(anonymous_23)
FNDA:0,(anonymous_24)
FNDA:0,(anonymous_25)
FNDA:0,(anonymous_26)
FNDA:0,(anonymous_27)
FNDA:0,(anonymous_28)
FNDA:0,(anonymous_29)
FNDA:0,(anonymous_30)
FNDA:0,(anonymous_31)
FNDA:0,(anonymous_32)
FNDA:0,(anonymous_33)
FNDA:0,(anonymous_34)
FNDA:0,(anonymous_35)
FNDA:0,(anonymous_36)
DA:7,0
DA:8,0
DA:9,0
DA:12,0
DA:21,0
DA:69,0
DA:72,0
DA:80,0
DA:83,0
DA:93,0
DA:101,0
DA:102,0
DA:105,0
DA:108,0
DA:109,0
DA:112,0
DA:115,0
DA:116,0
DA:120,0
DA:121,0
DA:122,0
DA:125,0
DA:126,0
DA:127,0
DA:135,0
DA:138,0
DA:146,0
DA:149,0
DA:150,0
DA:153,0
DA:154,0
DA:158,0
DA:168,0
DA:169,0
DA:173,0
DA:180,0
DA:181,0
DA:184,0
DA:185,0
DA:188,0
DA:190,0
DA:191,0
DA:194,0
DA:198,0
DA:199,0
DA:200,0
DA:201,0
DA:202,0
DA:203,0
DA:205,0
DA:209,0
DA:210,0
DA:218,0
DA:221,0
DA:224,0
DA:225,0
DA:228,0
DA:239,0
DA:240,0
DA:241,0
DA:243,0
DA:245,0
DA:253,0
DA:254,0
DA:255,0
DA:256,0
DA:260,0
DA:261,0
DA:262,0
DA:263,0
DA:267,0
DA:268,0
DA:270,0
DA:271,0
DA:272,0
DA:277,0
DA:284,0
DA:285,0
DA:288,0
DA:290,0
DA:291,0
DA:292,0
DA:293,0
DA:295,0
DA:296,0
DA:297,0
DA:301,0
DA:302,0
DA:303,0
DA:304,0
DA:308,0
DA:309,0
DA:310,0
DA:312,0
DA:315,0
DA:318,0
DA:332,0
DA:335,0
DA:338,0
DA:341,0
DA:344,0
DA:346,0
DA:350,0
DA:353,0
DA:361,0
DA:363,0
DA:364,0
DA:367,0
DA:369,0
DA:370,0
DA:372,0
DA:373,0
DA:375,0
DA:376,0
DA:378,0
DA:382,0
DA:383,0
DA:386,0
DA:387,0
DA:390,0
DA:392,0
DA:393,0
DA:394,0
DA:400,0
DA:407,0
DA:409,0
DA:410,0
DA:412,0
DA:415,0
DA:416,0
DA:420,0
DA:421,0
DA:425,0
DA:426,0
DA:427,0
DA:428,0
DA:429,0
DA:430,0
DA:447,0
DA:448,0
DA:449,0
DA:453,0
DA:454,0
DA:455,0
DA:456,0
DA:461,0
DA:462,0
DA:466,0
DA:470,0
DA:471,0
DA:476,0
DA:484,0
DA:485,0
DA:487,0
DA:491,0
DA:493,0
DA:497,0
DA:502,0
DA:510,0
DA:514,0
DA:522,0
DA:525,0
DA:529,0
DA:537,0
DA:540,0
DA:544,0
DA:551,0
DA:553,0
DA:554,0
DA:557,0
DA:560,0
DA:561,0
DA:563,0
DA:567,0
DA:576,0
DA:578,0
DA:579,0
DA:580,0
DA:586,0
DA:593,0
DA:594,0
DA:595,0
DA:603,0
DA:604,0
DA:605,0
DA:606,0
DA:615,0
DA:616,0
DA:617,0
DA:621,0
DA:622,0
DA:623,0
DA:624,0
DA:625,0
DA:628,0
DA:635,0
DA:648,0
DA:649,0
DA:651,0
DA:654,0
DA:655,0
DA:656,0
DA:659,0
DA:660,0
DA:662,0
DA:670,0
DA:671,0
DA:674,0
DA:675,0
DA:677,0
LF:210
LH:0
BRDA:6,0,0,0
BRDA:73,1,0,0
BRDA:73,1,1,0
BRDA:74,2,0,0
BRDA:74,2,1,0
BRDA:101,3,0,0
BRDA:101,3,1,0
BRDA:149,4,0,0
BRDA:149,4,1,0
BRDA:181,5,0,0
BRDA:181,5,1,0
BRDA:185,6,0,0
BRDA:185,6,1,0
BRDA:188,7,0,0
BRDA:188,7,1,0
BRDA:198,8,0,0
BRDA:198,8,1,0
BRDA:200,9,0,0
BRDA:200,9,1,0
BRDA:202,10,0,0
BRDA:202,10,1,0
BRDA:209,11,0,0
BRDA:209,11,1,0
BRDA:240,12,0,0
BRDA:240,12,1,0
BRDA:243,13,0,0
BRDA:243,13,1,0
BRDA:253,14,0,0
BRDA:253,14,1,0
BRDA:255,15,0,0
BRDA:255,15,1,0
BRDA:260,16,0,0
BRDA:260,16,1,0
BRDA:262,17,0,0
BRDA:262,17,1,0
BRDA:267,18,0,0
BRDA:267,18,1,0
BRDA:270,19,0,0
BRDA:270,19,1,0
BRDA:270,20,0,0
BRDA:270,20,1,0
BRDA:285,21,0,0
BRDA:285,21,1,0
BRDA:288,22,0,0
BRDA:288,22,1,0
BRDA:293,23,0,0
BRDA:293,23,1,0
BRDA:293,24,0,0
BRDA:293,24,1,0
BRDA:301,25,0,0
BRDA:301,25,1,0
BRDA:344,26,0,0
BRDA:344,26,1,0
BRDA:367,27,0,0
BRDA:367,27,1,0
BRDA:367,27,2,0
BRDA:367,27,3,0
BRDA:369,28,0,0
BRDA:369,28,1,0
BRDA:369,28,2,0
BRDA:369,28,3,0
BRDA:372,29,0,0
BRDA:372,29,1,0
BRDA:372,29,2,0
BRDA:372,29,3,0
BRDA:375,30,0,0
BRDA:375,30,1,0
BRDA:375,30,2,0
BRDA:375,30,3,0
BRDA:382,31,0,0
BRDA:382,31,1,0
BRDA:382,32,0,0
BRDA:382,32,1,0
BRDA:386,33,0,0
BRDA:386,33,1,0
BRDA:390,34,0,0
BRDA:390,34,1,0
BRDA:410,35,0,0
BRDA:410,35,1,0
BRDA:415,36,0,0
BRDA:415,36,1,0
BRDA:420,37,0,0
BRDA:420,37,1,0
BRDA:420,38,0,0
BRDA:420,38,1,0
BRDA:425,39,0,0
BRDA:425,39,1,0
BRDA:454,40,0,0
BRDA:454,40,1,0
BRDA:461,41,0,0
BRDA:461,41,1,0
BRDA:466,42,0,0
BRDA:466,42,1,0
BRDA:470,43,0,0
BRDA:470,43,1,0
BRDA:476,44,0,0
BRDA:476,44,1,0
BRDA:484,45,0,0
BRDA:484,45,1,0
BRDA:491,46,0,0
BRDA:491,46,1,0
BRDA:502,47,0,0
BRDA:502,47,1,0
BRDA:551,48,0,0
BRDA:551,48,1,0
BRDA:560,49,0,0
BRDA:560,49,1,0
BRDA:576,50,0,0
BRDA:576,50,1,0
BRDA:594,51,0,0
BRDA:594,51,1,0
BRDA:603,52,0,0
BRDA:603,52,1,0
BRDA:603,52,2,0
BRDA:615,53,0,0
BRDA:615,53,1,0
BRDA:615,53,2,0
BRDA:616,54,0,0
BRDA:616,54,1,0
BRDA:616,54,2,0
BRDA:621,55,0,0
BRDA:621,55,1,0
BRDA:621,55,2,0
BRDA:621,55,3,0
BRDA:648,56,0,0
BRDA:648,56,1,0
BRDA:649,57,0,0
BRDA:649,57,1,0
BRDA:670,58,0,0
BRDA:670,58,1,0
BRDA:670,59,0,0
BRDA:670,59,1,0
BRF:132
BRH:0
end_of_record
TN:
SF:src/js/App copy.js
FN:9,(anonymous_0)
FN:20,(anonymous_1)
FN:32,(anonymous_2)
FN:43,(anonymous_3)
FN:55,(anonymous_4)
FN:65,(anonymous_5)
FN:69,(anonymous_6)
FNF:7
FNH:0
FNDA:0,(anonymous_0)
FNDA:0,(anonymous_1)
FNDA:0,(anonymous_2)
FNDA:0,(anonymous_3)
FNDA:0,(anonymous_4)
FNDA:0,(anonymous_5)
FNDA:0,(anonymous_6)
DA:13,0
DA:15,0
DA:16,0
DA:17,0
DA:23,0
DA:25,0
DA:27,0
DA:28,0
DA:34,0
DA:35,0
DA:36,0
DA:39,0
DA:40,0
DA:41,0
DA:43,0
DA:44,0
DA:45,0
DA:46,0
DA:47,0
DA:48,0
DA:56,0
DA:57,0
DA:58,0
DA:60,0
DA:61,0
DA:66,0
DA:67,0
DA:68,0
DA:69,0
DA:70,0
DA:72,0
DA:79,0
DA:80,0
DA:82,0
DA:83,0
LF:35
LH:0
BRDA:35,0,0,0
BRDA:35,0,1,0
BRDA:40,1,0,0
BRDA:40,1,1,0
BRDA:67,2,0,0
BRDA:67,2,1,0
BRF:6
BRH:0
end_of_record
TN:
SF:src/js/App.js
FN:22,(anonymous_0)
FN:81,(anonymous_1)
FN:107,(anonymous_2)
FN:109,(anonymous_3)
FN:114,(anonymous_4)
FN:132,(anonymous_5)
FN:158,(anonymous_6)
FN:163,(anonymous_7)
FN:196,(anonymous_8)
FN:209,(anonymous_9)
FN:275,(anonymous_10)
FN:343,(anonymous_11)
FN:346,(anonymous_12)
FN:360,(anonymous_13)
FN:368,(anonymous_14)
FN:383,(anonymous_15)
FN:401,(anonymous_16)
FN:433,(anonymous_17)
FN:472,(anonymous_18)
FN:481,(anonymous_19)
FN:494,(anonymous_20)
FN:517,(anonymous_21)
FN:541,(anonymous_22)
FN:552,(anonymous_23)
FN:574,(anonymous_24)
FN:609,(anonymous_25)
FN:611,(anonymous_26)
FN:624,(anonymous_27)
FN:626,(anonymous_28)
FN:638,(anonymous_29)
FN:648,(anonymous_30)
FN:679,(anonymous_31)
FN:719,(anonymous_32)
FN:753,(anonymous_33)
FN:755,(anonymous_34)
FN:764,(anonymous_35)
FN:772,(anonymous_36)
FN:780,(anonymous_37)
FN:784,(anonymous_38)
FN:791,(anonymous_39)
FN:799,(anonymous_40)
FN:803,(anonymous_41)
FN:813,(anonymous_42)
FN:834,(anonymous_43)
FN:855,(anonymous_44)
FN:858,(anonymous_45)
FN:869,(anonymous_46)
FN:872,(anonymous_47)
FN:879,(anonymous_48)
FN:882,(anonymous_49)
FN:892,(anonymous_50)
FN:899,(anonymous_51)
FN:904,(anonymous_52)
FN:905,(anonymous_53)
FN:913,(anonymous_54)
FN:917,(anonymous_55)
FN:930,(anonymous_56)
FN:938,(anonymous_57)
FN:945,(anonymous_58)
FN:948,(anonymous_59)
FN:949,(anonymous_60)
FN:955,(anonymous_61)
FN:963,(anonymous_62)
FN:964,(anonymous_63)
FN:987,(anonymous_64)
FN:990,(anonymous_65)
FN:1034,(anonymous_66)
FN:1042,(anonymous_67)
FN:1046,(anonymous_68)
FN:1050,(anonymous_69)
FN:1054,(anonymous_70)
FN:1067,(anonymous_71)
FN:1079,(anonymous_72)
FN:1109,(anonymous_73)
FN:1142,(anonymous_74)
FN:1144,(anonymous_75)
FN:1148,(anonymous_76)
FN:1160,(anonymous_77)
FN:1192,(anonymous_78)
FN:1196,(anonymous_79)
FN:1213,(anonymous_80)
FN:1217,(anonymous_81)
FN:1230,(anonymous_82)
FN:1245,(anonymous_83)
FN:1262,(anonymous_84)
FN:1265,(anonymous_85)
FN:1267,(anonymous_86)
FN:1271,(anonymous_87)
FN:1276,(anonymous_88)
FN:1290,(anonymous_89)
FN:1311,(anonymous_90)
FN:1315,(anonymous_91)
FN:1317,(anonymous_92)
FN:1330,(anonymous_93)
FN:1332,(anonymous_94)
FN:1341,(anonymous_95)
FN:1351,(anonymous_96)
FN:1364,(anonymous_97)
FN:1376,(anonymous_98)
FN:1384,(anonymous_99)
FN:1398,(anonymous_100)
FN:1401,(anonymous_101)
FN:1402,(anonymous_102)
FN:1403,(anonymous_103)
FN:1412,(anonymous_104)
FN:1418,(anonymous_105)
FN:1427,(anonymous_106)
FN:1441,(anonymous_107)
FN:1444,(anonymous_108)
FN:1465,(anonymous_109)
FN:1467,(anonymous_110)
FN:1487,(anonymous_111)
FN:1491,(anonymous_112)
FN:1513,(anonymous_113)
FN:1517,(anonymous_114)
FN:1529,(anonymous_115)
FN:1537,(anonymous_116)
FN:1560,(anonymous_117)
FN:1564,(anonymous_118)
FN:1578,(anonymous_119)
FN:1603,(anonymous_120)
FN:1614,(anonymous_121)
FN:1616,(anonymous_122)
FN:1636,(anonymous_123)
FN:1640,(anonymous_124)
FN:1645,(anonymous_125)
FN:1649,(anonymous_126)
FN:1653,(anonymous_127)
FN:1657,(anonymous_128)
FN:1662,(anonymous_129)
FN:1666,(anonymous_130)
FN:1669,(anonymous_131)
FN:1670,(anonymous_132)
FN:1671,(anonymous_133)
FN:1676,(anonymous_134)
FN:1678,(anonymous_135)
FN:1679,(anonymous_136)
FN:1681,(anonymous_137)
FN:1682,(anonymous_138)
FN:1689,(anonymous_139)
FN:1697,(anonymous_140)
FN:1701,(anonymous_141)
FN:1704,(anonymous_142)
FN:1705,(anonymous_143)
FN:1706,(anonymous_144)
FN:1711,(anonymous_145)
FN:1713,(anonymous_146)
FN:1714,(anonymous_147)
FN:1717,(anonymous_148)
FN:1734,(anonymous_149)
FN:1741,(anonymous_150)
FN:1754,(anonymous_151)
FN:1770,(anonymous_152)
FNF:153
FNH:0
FNDA:0,(anonymous_0)
FNDA:0,(anonymous_1)
FNDA:0,(anonymous_2)
FNDA:0,(anonymous_3)
FNDA:0,(anonymous_4)
FNDA:0,(anonymous_5)
FNDA:0,(anonymous_6)
FNDA:0,(anonymous_7)
FNDA:0,(anonymous_8)
FNDA:0,(anonymous_9)
FNDA:0,(anonymous_10)
FNDA:0,(anonymous_11)
FNDA:0,(anonymous_12)
FNDA:0,(anonymous_13)
FNDA:0,(anonymous_14)
FNDA:0,(anonymous_15)
FNDA:0,(anonymous_16)
FNDA:0,(anonymous_17)
FNDA:0,(anonymous_18)
FNDA:0,(anonymous_19)
FNDA:0,(anonymous_20)
FNDA:0,(anonymous_21)
FNDA:0,(anonymous_22)
FNDA:0,(anonymous_23)
FNDA:0,(anonymous_24)
FNDA:0,(anonymous_25)
FNDA:0,(anonymous_26)
FNDA:0,(anonymous_27)
FNDA:0,(anonymous_28)
FNDA:0,(anonymous_29)
FNDA:0,(anonymous_30)
FNDA:0,(anonymous_31)
FNDA:0,(anonymous_32)
FNDA:0,(anonymous_33)
FNDA:0,(anonymous_34)
FNDA:0,(anonymous_35)
FNDA:0,(anonymous_36)
FNDA:0,(anonymous_37)
FNDA:0,(anonymous_38)
FNDA:0,(anonymous_39)
FNDA:0,(anonymous_40)
FNDA:0,(anonymous_41)
FNDA:0,(anonymous_42)
FNDA:0,(anonymous_43)
FNDA:0,(anonymous_44)
FNDA:0,(anonymous_45)
FNDA:0,(anonymous_46)
FNDA:0,(anonymous_47)
FNDA:0,(anonymous_48)
FNDA:0,(anonymous_49)
FNDA:0,(anonymous_50)
FNDA:0,(anonymous_51)
FNDA:0,(anonymous_52)
FNDA:0,(anonymous_53)
FNDA:0,(anonymous_54)
FNDA:0,(anonymous_55)
FNDA:0,(anonymous_56)
FNDA:0,(anonymous_57)
FNDA:0,(anonymous_58)
FNDA:0,(anonymous_59)
FNDA:0,(anonymous_60)
FNDA:0,(anonymous_61)
FNDA:0,(anonymous_62)
FNDA:0,(anonymous_63)
FNDA:0,(anonymous_64)
FNDA:0,(anonymous_65)
FNDA:0,(anonymous_66)
FNDA:0,(anonymous_67)
FNDA:0,(anonymous_68)
FNDA:0,(anonymous_69)
FNDA:0,(anonymous_70)
FNDA:0,(anonymous_71)
FNDA:0,(anonymous_72)
FNDA:0,(anonymous_73)
FNDA:0,(anonymous_74)
FNDA:0,(anonymous_75)
FNDA:0,(anonymous_76)
FNDA:0,(anonymous_77)
FNDA:0,(anonymous_78)
FNDA:0,(anonymous_79)
FNDA:0,(anonymous_80)
FNDA:0,(anonymous_81)
FNDA:0,(anonymous_82)
FNDA:0,(anonymous_83)
FNDA:0,(anonymous_84)
FNDA:0,(anonymous_85)
FNDA:0,(anonymous_86)
FNDA:0,(anonymous_87)
FNDA:0,(anonymous_88)
FNDA:0,(anonymous_89)
FNDA:0,(anonymous_90)
FNDA:0,(anonymous_91)
FNDA:0,(anonymous_92)
FNDA:0,(anonymous_93)
FNDA:0,(anonymous_94)
FNDA:0,(anonymous_95)
FNDA:0,(anonymous_96)
FNDA:0,(anonymous_97)
FNDA:0,(anonymous_98)
FNDA:0,(anonymous_99)
FNDA:0,(anonymous_100)
FNDA:0,(anonymous_101)
FNDA:0,(anonymous_102)
FNDA:0,(anonymous_103)
FNDA:0,(anonymous_104)
FNDA:0,(anonymous_105)
FNDA:0,(anonymous_106)
FNDA:0,(anonymous_107)
FNDA:0,(anonymous_108)
FNDA:0,(anonymous_109)
FNDA:0,(anonymous_110)
FNDA:0,(anonymous_111)
FNDA:0,(anonymous_112)
FNDA:0,(anonymous_113)
FNDA:0,(anonymous_114)
FNDA:0,(anonymous_115)
FNDA:0,(anonymous_116)
FNDA:0,(anonymous_117)
FNDA:0,(anonymous_118)
FNDA:0,(anonymous_119)
FNDA:0,(anonymous_120)
FNDA:0,(anonymous_121)
FNDA:0,(anonymous_122)
FNDA:0,(anonymous_123)
FNDA:0,(anonymous_124)
FNDA:0,(anonymous_125)
FNDA:0,(anonymous_126)
FNDA:0,(anonymous_127)
FNDA:0,(anonymous_128)
FNDA:0,(anonymous_129)
FNDA:0,(anonymous_130)
FNDA:0,(anonymous_131)
FNDA:0,(anonymous_132)
FNDA:0,(anonymous_133)
FNDA:0,(anonymous_134)
FNDA:0,(anonymous_135)
FNDA:0,(anonymous_136)
FNDA:0,(anonymous_137)
FNDA:0,(anonymous_138)
FNDA:0,(anonymous_139)
FNDA:0,(anonymous_140)
FNDA:0,(anonymous_141)
FNDA:0,(anonymous_142)
FNDA:0,(anonymous_143)
FNDA:0,(anonymous_144)
FNDA:0,(anonymous_145)
FNDA:0,(anonymous_146)
FNDA:0,(anonymous_147)
FNDA:0,(anonymous_148)
FNDA:0,(anonymous_149)
FNDA:0,(anonymous_150)
FNDA:0,(anonymous_151)
FNDA:0,(anonymous_152)
DA:23,0
DA:24,0
DA:25,0
DA:26,0
DA:30,0
DA:33,0
DA:36,0
DA:39,0
DA:46,0
DA:55,0
DA:56,0
DA:57,0
DA:58,0
DA:59,0
DA:61,0
DA:62,0
DA:63,0
DA:64,0
DA:68,0
DA:69,0
DA:70,0
DA:71,0
DA:73,0
DA:74,0
DA:75,0
DA:78,0
DA:83,0
DA:86,0
DA:87,0
DA:90,0
DA:91,0
DA:93,0
DA:96,0
DA:99,0
DA:101,0
DA:109,0
DA:110,0
DA:111,0
DA:114,0
DA:115,0
DA:116,0
DA:120,0
DA:121,0
DA:122,0
DA:125,0
DA:134,0
DA:135,0
DA:136,0
DA:139,0
DA:140,0
DA:142,0
DA:147,0
DA:148,0
DA:149,0
DA:159,0
DA:162,0
DA:163,0
DA:164,0
DA:165,0
DA:171,0
DA:172,0
DA:174,0
DA:175,0
DA:178,0
DA:180,0
DA:181,0
DA:186,0
DA:197,0
DA:198,0
DA:199,0
DA:200,0
DA:201,0
DA:202,0
DA:210,0
DA:211,0
DA:213,0
DA:214,0
DA:217,0
DA:220,0
DA:222,0
DA:223,0
DA:224,0
DA:226,0
DA:228,0
DA:235,0
DA:237,0
DA:239,0
DA:242,0
DA:245,0
DA:246,0
DA:250,0
DA:252,0
DA:255,0
DA:256,0
DA:260,0
DA:261,0
DA:276,0
DA:279,0
DA:290,0
DA:291,0
DA:294,0
DA:295,0
DA:296,0
DA:300,0
DA:301,0
DA:302,0
DA:305,0
DA:306,0
DA:307,0
DA:308,0
DA:309,0
DA:310,0
DA:311,0
DA:314,0
DA:315,0
DA:319,0
DA:320,0
DA:321,0
DA:325,0
DA:326,0
DA:329,0
DA:344,0
DA:346,0
DA:347,0
DA:348,0
DA:352,0
DA:361,0
DA:362,0
DA:365,0
DA:366,0
DA:368,0
DA:370,0
DA:371,0
DA:372,0
DA:376,0
DA:384,0
DA:386,0
DA:402,0
DA:410,0
DA:411,0
DA:412,0
DA:416,0
DA:417,0
DA:418,0
DA:422,0
DA:423,0
DA:426,0
DA:434,0
DA:436,0
DA:437,0
DA:439,0
DA:441,0
DA:444,0
DA:445,0
DA:449,0
DA:450,0
DA:451,0
DA:452,0
DA:454,0
DA:459,0
DA:460,0
DA:464,0
DA:465,0
DA:474,0
DA:475,0
DA:476,0
DA:480,0
DA:481,0
DA:484,0
DA:485,0
DA:496,0
DA:497,0
DA:498,0
DA:503,0
DA:504,0
DA:506,0
DA:507,0
DA:510,0
DA:518,0
DA:521,0
DA:528,0
DA:531,0
DA:542,0
DA:543,0
DA:544,0
DA:545,0
DA:553,0
DA:555,0
DA:557,0
DA:558,0
DA:559,0
DA:563,0
DA:564,0
DA:567,0
DA:575,0
DA:576,0
DA:579,0
DA:580,0
DA:583,0
DA:586,0
DA:589,0
DA:591,0
DA:594,0
DA:597,0
DA:598,0
DA:599,0
DA:601,0
DA:611,0
DA:612,0
DA:613,0
DA:614,0
DA:616,0
DA:626,0
DA:627,0
DA:629,0
DA:630,0
DA:631,0
DA:633,0
DA:639,0
DA:640,0
DA:641,0
DA:642,0
DA:644,0
DA:646,0
DA:648,0
DA:649,0
DA:650,0
DA:652,0
DA:653,0
DA:654,0
DA:655,0
DA:659,0
DA:660,0
DA:663,0
DA:665,0
DA:666,0
DA:667,0
DA:669,0
DA:670,0
DA:674,0
DA:675,0
DA:680,0
DA:681,0
DA:684,0
DA:685,0
DA:686,0
DA:690,0
DA:691,0
DA:692,0
DA:696,0
DA:699,0
DA:702,0
DA:704,0
DA:707,0
DA:712,0
DA:715,0
DA:720,0
DA:722,0
DA:723,0
DA:724,0
DA:733,0
DA:734,0
DA:735,0
DA:737,0
DA:740,0
DA:743,0
DA:750,0
DA:755,0
DA:756,0
DA:758,0
DA:759,0
DA:764,0
DA:765,0
DA:768,0
DA:772,0
DA:773,0
DA:776,0
DA:780,0
DA:781,0
DA:784,0
DA:785,0
DA:787,0
DA:791,0
DA:792,0
DA:795,0
DA:799,0
DA:800,0
DA:803,0
DA:804,0
DA:805,0
DA:810,0
DA:815,0
DA:823,0
DA:824,0
DA:831,0
DA:835,0
DA:837,0
DA:840,0
DA:841,0
DA:844,0
DA:845,0
DA:848,0
DA:849,0
DA:851,0
DA:857,0
DA:858,0
DA:859,0
DA:860,0
DA:861,0
DA:862,0
DA:863,0
DA:864,0
DA:871,0
DA:872,0
DA:873,0
DA:874,0
DA:881,0
DA:882,0
DA:883,0
DA:885,0
DA:886,0
DA:887,0
DA:894,0
DA:895,0
DA:896,0
DA:901,0
DA:904,0
DA:905,0
DA:906,0
DA:910,0
DA:915,0
DA:917,0
DA:919,0
DA:920,0
DA:924,0
DA:925,0
DA:932,0
DA:934,0
DA:939,0
DA:941,0
DA:943,0
DA:945,0
DA:947,0
DA:948,0
DA:949,0
DA:950,0
DA:951,0
DA:954,0
DA:955,0
DA:956,0
DA:962,0
DA:963,0
DA:964,0
DA:965,0
DA:966,0
DA:968,0
DA:969,0
DA:974,0
DA:977,0
DA:979,0
DA:989,0
DA:990,0
DA:991,0
DA:992,0
DA:995,0
DA:999,0
DA:1000,0
DA:1004,0
DA:1005,0
DA:1009,0
DA:1010,0
DA:1014,0
DA:1015,0
DA:1019,0
DA:1020,0
DA:1024,0
DA:1034,0
DA:1035,0
DA:1038,0
DA:1043,0
DA:1047,0
DA:1051,0
DA:1054,0
DA:1061,0
DA:1068,0
DA:1080,0
DA:1082,0
DA:1084,0
DA:1087,0
DA:1090,0
DA:1093,0
DA:1095,0
DA:1098,0
DA:1099,0
DA:1110,0
DA:1113,0
DA:1114,0
DA:1117,0
DA:1118,0
DA:1122,0
DA:1123,0
DA:1126,0
DA:1127,0
DA:1131,0
DA:1133,0
DA:1134,0
DA:1135,0
DA:1140,0
DA:1142,0
DA:1143,0
DA:1144,0
DA:1145,0
DA:1148,0
DA:1149,0
DA:1154,0
DA:1161,0
DA:1164,0
DA:1165,0
DA:1169,0
DA:1170,0
DA:1174,0
DA:1175,0
DA:1179,0
DA:1180,0
DA:1184,0
DA:1186,0
DA:1194,0
DA:1195,0
DA:1196,0
DA:1198,0
DA:1199,0
DA:1200,0
DA:1205,0
DA:1206,0
DA:1215,0
DA:1216,0
DA:1217,0
DA:1219,0
DA:1220,0
DA:1222,0
DA:1232,0
DA:1233,0
DA:1237,0
DA:1238,0
DA:1247,0
DA:1248,0
DA:1249,0
DA:1253,0
DA:1256,0
DA:1264,0
DA:1265,0
DA:1266,0
DA:1267,0
DA:1268,0
DA:1269,0
DA:1271,0
DA:1276,0
DA:1277,0
DA:1282,0
DA:1283,0
DA:1291,0
DA:1294,0
DA:1297,0
DA:1300,0
DA:1303,0
DA:1305,0
DA:1313,0
DA:1315,0
DA:1316,0
DA:1317,0
DA:1318,0
DA:1319,0
DA:1320,0
DA:1321,0
DA:1323,0
DA:1329,0
DA:1330,0
DA:1331,0
DA:1332,0
DA:1333,0
DA:1342,0
DA:1345,0
DA:1351,0
DA:1352,0
DA:1353,0
DA:1354,0
DA:1355,0
DA:1359,0
DA:1364,0
DA:1365,0
DA:1366,0
DA:1367,0
DA:1368,0
DA:1369,0
DA:1378,0
DA:1384,0
DA:1385,0
DA:1386,0
DA:1387,0
DA:1388,0
DA:1392,0
DA:1400,0
DA:1401,0
DA:1402,0
DA:1403,0
DA:1407,0
DA:1410,0
DA:1412,0
DA:1413,0
DA:1414,0
DA:1416,0
DA:1418,0
DA:1419,0
DA:1429,0
DA:1432,0
DA:1435,0
DA:1443,0
DA:1444,0
DA:1445,0
DA:1446,0
DA:1448,0
DA:1451,0
DA:1452,0
DA:1460,0
DA:1464,0
DA:1465,0
DA:1466,0
DA:1467,0
DA:1468,0
DA:1470,0
DA:1471,0
DA:1480,0
DA:1489,0
DA:1490,0
DA:1491,0
DA:1492,0
DA:1494,0
DA:1495,0
DA:1496,0
DA:1498,0
DA:1500,0
DA:1502,0
DA:1503,0
DA:1504,0
DA:1514,0
DA:1515,0
DA:1517,0
DA:1518,0
DA:1520,0
DA:1521,0
DA:1524,0
DA:1529,0
DA:1530,0
DA:1538,0
DA:1541,0
DA:1542,0
DA:1543,0
DA:1547,0
DA:1548,0
DA:1552,0
DA:1553,0
DA:1561,0
DA:1564,0
DA:1565,0
DA:1567,0
DA:1568,0
DA:1577,0
DA:1578,0
DA:1579,0
DA:1580,0
DA:1587,0
DA:1588,0
DA:1589,0
DA:1592,0
DA:1597,0
DA:1604,0
DA:1607,0
DA:1608,0
DA:1612,0
DA:1613,0
DA:1614,0
DA:1616,0
DA:1617,0
DA:1622,0
DA:1623,0
DA:1624,0
DA:1625,0
DA:1630,0
DA:1631,0
DA:1637,0
DA:1641,0
DA:1642,0
DA:1646,0
DA:1650,0
DA:1654,0
DA:1658,0
DA:1664,0
DA:1665,0
DA:1667,0
DA:1677,0
DA:1678,0
DA:1679,0
DA:1680,0
DA:1681,0
DA:1682,0
DA:1691,0
DA:1692,0
DA:1699,0
DA:1700,0
DA:1702,0
DA:1713,0
DA:1714,0
DA:1719,0
DA:1720,0
DA:1722,0
DA:1724,0
DA:1725,0
DA:1735,0
DA:1742,0
DA:1743,0
DA:1744,0
DA:1746,0
DA:1755,0
DA:1756,0
DA:1759,0
DA:1771,0
LF:626
LH:0
BRDA:26,0,0,0
BRDA:26,0,1,0
BRDA:55,1,0,0
BRDA:55,1,1,0
BRDA:68,2,0,0
BRDA:68,2,1,0
BRDA:120,3,0,0
BRDA:120,3,1,0
BRDA:120,4,0,0
BRDA:120,4,1,0
BRDA:135,5,0,0
BRDA:135,5,1,0
BRDA:139,6,0,0
BRDA:139,6,1,0
BRDA:139,7,0,0
BRDA:139,7,1,0
BRDA:147,8,0,0
BRDA:147,8,1,0
BRDA:162,9,0,0
BRDA:162,9,1,0
BRDA:164,10,0,0
BRDA:164,10,1,0
BRDA:171,11,0,0
BRDA:171,11,1,0
BRDA:171,12,0,0
BRDA:171,12,1,0
BRDA:174,13,0,0
BRDA:174,13,1,0
BRDA:180,14,0,0
BRDA:180,14,1,0
BRDA:197,15,0,0
BRDA:197,15,1,0
BRDA:197,15,2,0
BRDA:197,15,3,0
BRDA:197,15,4,0
BRDA:222,16,0,0
BRDA:222,16,1,0
BRDA:222,17,0,0
BRDA:222,17,1,0
BRDA:222,17,2,0
BRDA:255,18,0,0
BRDA:255,18,1,0
BRDA:294,19,0,0
BRDA:294,19,1,0
BRDA:294,20,0,0
BRDA:294,20,1,0
BRDA:300,21,0,0
BRDA:300,21,1,0
BRDA:305,22,0,0
BRDA:305,22,1,0
BRDA:305,23,0,0
BRDA:305,23,1,0
BRDA:306,24,0,0
BRDA:306,24,1,0
BRDA:306,25,0,0
BRDA:306,25,1,0
BRDA:309,26,0,0
BRDA:309,26,1,0
BRDA:319,27,0,0
BRDA:319,27,1,0
BRDA:333,28,0,0
BRDA:333,28,1,0
BRDA:344,29,0,0
BRDA:344,29,1,0
BRDA:344,30,0,0
BRDA:344,30,1,0
BRDA:348,31,0,0
BRDA:348,31,1,0
BRDA:365,32,0,0
BRDA:365,32,1,0
BRDA:365,33,0,0
BRDA:365,33,1,0
BRDA:368,34,0,0
BRDA:368,34,1,0
BRDA:370,35,0,0
BRDA:370,35,1,0
BRDA:384,36,0,0
BRDA:384,36,1,0
BRDA:384,36,2,0
BRDA:387,37,0,0
BRDA:387,37,1,0
BRDA:388,38,0,0
BRDA:388,38,1,0
BRDA:390,39,0,0
BRDA:390,39,1,0
BRDA:391,40,0,0
BRDA:391,40,1,0
BRDA:392,41,0,0
BRDA:392,41,1,0
BRDA:410,42,0,0
BRDA:410,42,1,0
BRDA:410,43,0,0
BRDA:410,43,1,0
BRDA:416,44,0,0
BRDA:416,44,1,0
BRDA:422,45,0,0
BRDA:422,45,1,0
BRDA:434,46,0,0
BRDA:434,46,1,0
BRDA:439,47,0,0
BRDA:439,47,1,0
BRDA:444,48,0,0
BRDA:444,48,1,0
BRDA:449,49,0,0
BRDA:449,49,1,0
BRDA:459,50,0,0
BRDA:459,50,1,0
BRDA:459,51,0,0
BRDA:459,51,1,0
BRDA:464,52,0,0
BRDA:464,52,1,0
BRDA:464,53,0,0
BRDA:464,53,1,0
BRDA:474,54,0,0
BRDA:474,54,1,0
BRDA:475,55,0,0
BRDA:475,55,1,0
BRDA:496,56,0,0
BRDA:496,56,1,0
BRDA:496,57,0,0
BRDA:496,57,1,0
BRDA:497,58,0,0
BRDA:497,58,1,0
BRDA:506,59,0,0
BRDA:506,59,1,0
BRDA:506,60,0,0
BRDA:506,60,1,0
BRDA:543,61,0,0
BRDA:543,61,1,0
BRDA:557,62,0,0
BRDA:557,62,1,0
BRDA:580,63,0,0
BRDA:580,63,1,0
BRDA:599,64,0,0
BRDA:599,64,1,0
BRDA:629,65,0,0
BRDA:629,65,1,0
BRDA:640,66,0,0
BRDA:640,66,1,0
BRDA:649,67,0,0
BRDA:649,67,1,0
BRDA:650,68,0,0
BRDA:650,68,1,0
BRDA:653,69,0,0
BRDA:653,69,1,0
BRDA:654,70,0,0
BRDA:654,70,1,0
BRDA:659,71,0,0
BRDA:659,71,1,0
BRDA:665,72,0,0
BRDA:665,72,1,0
BRDA:666,73,0,0
BRDA:666,73,1,0
BRDA:669,74,0,0
BRDA:669,74,1,0
BRDA:675,75,0,0
BRDA:675,75,1,0
BRDA:684,76,0,0
BRDA:684,76,1,0
BRDA:690,77,0,0
BRDA:690,77,1,0
BRDA:734,78,0,0
BRDA:734,78,1,0
BRDA:758,79,0,0
BRDA:758,79,1,0
BRDA:804,80,0,0
BRDA:804,80,1,0
BRDA:823,81,0,0
BRDA:823,81,1,0
BRDA:826,82,0,0
BRDA:826,82,1,0
BRDA:837,83,0,0
BRDA:837,83,1,0
BRDA:837,83,2,0
BRDA:837,83,3,0
BRDA:859,84,0,0
BRDA:859,84,1,0
BRDA:859,85,0,0
BRDA:859,85,1,0
BRDA:873,86,0,0
BRDA:873,86,1,0
BRDA:873,87,0,0
BRDA:873,87,1,0
BRDA:883,88,0,0
BRDA:883,88,1,0
BRDA:883,89,0,0
BRDA:883,89,1,0
BRDA:919,90,0,0
BRDA:919,90,1,0
BRDA:924,91,0,0
BRDA:924,91,1,0
BRDA:932,92,0,0
BRDA:932,92,1,0
BRDA:969,93,0,0
BRDA:969,93,1,0
BRDA:989,94,0,0
BRDA:989,94,1,0
BRDA:991,95,0,0
BRDA:991,95,1,0
BRDA:999,96,0,0
BRDA:999,96,1,0
BRDA:1004,97,0,0
BRDA:1004,97,1,0
BRDA:1009,98,0,0
BRDA:1009,98,1,0
BRDA:1014,99,0,0
BRDA:1014,99,1,0
BRDA:1019,100,0,0
BRDA:1019,100,1,0
BRDA:1054,101,0,0
BRDA:1054,101,1,0
BRDA:1068,102,0,0
BRDA:1068,102,1,0
BRDA:1113,103,0,0
BRDA:1113,103,1,0
BRDA:1122,104,0,0
BRDA:1122,104,1,0
BRDA:1131,105,0,0
BRDA:1131,105,1,0
BRDA:1134,106,0,0
BRDA:1134,106,1,0
BRDA:1134,107,0,0
BRDA:1134,107,1,0
BRDA:1140,108,0,0
BRDA:1140,108,1,0
BRDA:1164,109,0,0
BRDA:1164,109,1,0
BRDA:1169,110,0,0
BRDA:1169,110,1,0
BRDA:1174,111,0,0
BRDA:1174,111,1,0
BRDA:1179,112,0,0
BRDA:1179,112,1,0
BRDA:1194,113,0,0
BRDA:1194,113,1,0
BRDA:1196,114,0,0
BRDA:1205,115,0,0
BRDA:1205,115,1,0
BRDA:1205,116,0,0
BRDA:1205,116,1,0
BRDA:1215,117,0,0
BRDA:1215,117,1,0
BRDA:1217,118,0,0
BRDA:1219,119,0,0
BRDA:1219,119,1,0
BRDA:1232,120,0,0
BRDA:1232,120,1,0
BRDA:1237,121,0,0
BRDA:1237,121,1,0
BRDA:1247,122,0,0
BRDA:1247,122,1,0
BRDA:1264,123,0,0
BRDA:1264,123,1,0
BRDA:1265,124,0,0
BRDA:1266,125,0,0
BRDA:1266,125,1,0
BRDA:1282,126,0,0
BRDA:1282,126,1,0
BRDA:1318,127,0,0
BRDA:1318,127,1,0
BRDA:1318,128,0,0
BRDA:1318,128,1,0
BRDA:1320,129,0,0
BRDA:1320,129,1,0
BRDA:1320,130,0,0
BRDA:1320,130,1,0
BRDA:1333,131,0,0
BRDA:1333,131,1,0
BRDA:1410,132,0,0
BRDA:1410,132,1,0
BRDA:1416,133,0,0
BRDA:1416,133,1,0
BRDA:1443,134,0,0
BRDA:1443,134,1,0
BRDA:1451,135,0,0
BRDA:1451,135,1,0
BRDA:1464,136,0,0
BRDA:1464,136,1,0
BRDA:1470,137,0,0
BRDA:1470,137,1,0
BRDA:1489,138,0,0
BRDA:1489,138,1,0
BRDA:1491,139,0,0
BRDA:1520,140,0,0
BRDA:1520,140,1,0
BRDA:1541,141,0,0
BRDA:1541,141,1,0
BRDA:1547,142,0,0
BRDA:1547,142,1,0
BRDA:1552,143,0,0
BRDA:1552,143,1,0
BRDA:1567,144,0,0
BRDA:1567,144,1,0
BRDA:1577,145,0,0
BRDA:1577,145,1,0
BRDA:1588,146,0,0
BRDA:1588,146,1,0
BRDA:1607,147,0,0
BRDA:1607,147,1,0
BRDA:1612,148,0,0
BRDA:1612,148,1,0
BRDA:1622,149,0,0
BRDA:1622,149,1,0
BRDA:1624,150,0,0
BRDA:1624,150,1,0
BRDA:1624,151,0,0
BRDA:1624,151,1,0
BRDA:1630,152,0,0
BRDA:1630,152,1,0
BRDA:1642,153,0,0
BRDA:1642,153,1,0
BRDA:1642,153,2,0
BRDA:1664,154,0,0
BRDA:1664,154,1,0
BRDA:1677,155,0,0
BRDA:1677,155,1,0
BRDA:1691,156,0,0
BRDA:1691,156,1,0
BRDA:1699,157,0,0
BRDA:1699,157,1,0
BRDA:1719,158,0,0
BRDA:1719,158,1,0
BRDA:1722,159,0,0
BRDA:1722,159,1,0
BRDA:1722,160,0,0
BRDA:1722,160,1,0
BRDA:1724,161,0,0
BRDA:1724,161,1,0
BRDA:1734,162,0,0
BRDA:1735,163,0,0
BRDA:1735,163,1,0
BRDA:1742,164,0,0
BRDA:1742,164,1,0
BRDA:1755,165,0,0
BRDA:1755,165,1,0
BRF:335
BRH:0
end_of_record
TN:
SF:src/js/ArticleManager.js
FN:6,(anonymous_0)
FN:18,(anonymous_1)
FN:23,(anonymous_2)
FN:26,(anonymous_3)
FN:34,(anonymous_4)
FN:85,(anonymous_5)
FN:98,(anonymous_6)
FNF:7
FNH:0
FNDA:0,(anonymous_0)
FNDA:0,(anonymous_1)
FNDA:0,(anonymous_2)
FNDA:0,(anonymous_3)
FNDA:0,(anonymous_4)
FNDA:0,(anonymous_5)
FNDA:0,(anonymous_6)
DA:7,0
DA:8,0
DA:9,0
DA:10,0
DA:11,0
DA:13,0
DA:14,0
DA:19,0
DA:20,0
DA:21,0
DA:22,0
DA:23,0
DA:24,0
DA:25,0
DA:26,0
DA:28,0
DA:29,0
DA:30,0
DA:35,0
DA:36,0
DA:37,0
DA:38,0
DA:40,0
DA:41,0
DA:42,0
DA:43,0
DA:44,0
DA:46,0
DA:47,0
DA:49,0
DA:50,0
DA:51,0
DA:53,0
DA:54,0
DA:55,0
DA:56,0
DA:57,0
DA:58,0
DA:60,0
DA:61,0
DA:62,0
DA:63,0
DA:66,0
DA:67,0
DA:68,0
DA:70,0
DA:71,0
DA:72,0
DA:74,0
DA:75,0
DA:76,0
DA:77,0
DA:79,0
DA:80,0
DA:82,0
DA:86,0
DA:88,0
DA:90,0
DA:91,0
DA:92,0
DA:93,0
DA:96,0
DA:97,0
DA:98,0
DA:99,0
DA:100,0
DA:102,0
DA:103,0
DA:106,0
LF:69
LH:0
BRDA:13,0,0,0
BRDA:13,0,1,0
BRDA:21,1,0,0
BRDA:21,1,1,0
BRDA:29,2,0,0
BRDA:29,2,1,0
BRDA:41,3,0,0
BRDA:41,3,1,0
BRDA:55,4,0,0
BRDA:55,4,1,0
BRDA:60,5,0,0
BRDA:60,5,1,0
BRDA:60,6,0,0
BRDA:60,6,1,0
BRDA:62,7,0,0
BRDA:62,7,1,0
BRDA:68,8,0,0
BRDA:68,8,1,0
BRDA:75,9,0,0
BRDA:75,9,1,0
BRDA:86,10,0,0
BRDA:86,10,1,0
BRDA:86,11,0,0
BRDA:86,11,1,0
BRDA:90,12,0,0
BRDA:90,12,1,0
BRF:26
BRH:0
end_of_record
TN:
SF:src/js/AssetLoadingManager.js
FN:7,(anonymous_0)
FN:33,(anonymous_1)
FN:51,(anonymous_2)
FN:54,(anonymous_3)
FN:67,(anonymous_4)
FN:76,(anonymous_5)
FN:92,(anonymous_6)
FN:108,(anonymous_7)
FN:123,(anonymous_8)
FN:155,(anonymous_9)
FN:200,(anonymous_10)
FN:201,(anonymous_11)
FN:212,(anonymous_12)
FN:216,(anonymous_13)
FN:228,(anonymous_14)
FN:240,(anonymous_15)
FN:244,(anonymous_16)
FN:253,(anonymous_17)
FN:266,(anonymous_18)
FN:275,(anonymous_19)
FN:282,(anonymous_20)
FN:290,(anonymous_21)
FN:301,(anonymous_22)
FN:326,(anonymous_23)
FN:347,(anonymous_24)
FN:362,(anonymous_25)
FN:377,(anonymous_26)
FN:384,(anonymous_27)
FN:387,(anonymous_28)
FN:396,(anonymous_29)
FN:409,(anonymous_30)
FN:413,(anonymous_31)
FN:427,(anonymous_32)
FN:432,(anonymous_33)
FN:440,(anonymous_34)
FN:441,(anonymous_35)
FN:447,(anonymous_36)
FN:457,(anonymous_37)
FN:460,(anonymous_38)
FN:474,(anonymous_39)
FN:475,(anonymous_40)
FN:484,(anonymous_41)
FN:496,(anonymous_42)
FN:503,(anonymous_43)
FN:522,(anonymous_44)
FNF:45
FNH:30
FNDA:46,(anonymous_0)
FNDA:2,(anonymous_1)
FNDA:1,(anonymous_2)
FNDA:4,(anonymous_3)
FNDA:4,(anonymous_4)
FNDA:1,(anonymous_5)
FNDA:1,(anonymous_6)
FNDA:1,(anonymous_7)
FNDA:13,(anonymous_8)
FNDA:13,(anonymous_9)
FNDA:15,(anonymous_10)
FNDA:15,(anonymous_11)
FNDA:0,(anonymous_12)
FNDA:12,(anonymous_13)
FNDA:3,(anonymous_14)
FNDA:0,(anonymous_15)
FNDA:0,(anonymous_16)
FNDA:0,(anonymous_17)
FNDA:0,(anonymous_18)
FNDA:0,(anonymous_19)
FNDA:0,(anonymous_20)
FNDA:0,(anonymous_21)
FNDA:1,(anonymous_22)
FNDA:0,(anonymous_23)
FNDA:0,(anonymous_24)
FNDA:0,(anonymous_25)
FNDA:0,(anonymous_26)
FNDA:0,(anonymous_27)
FNDA:0,(anonymous_28)
FNDA:1,(anonymous_29)
FNDA:26,(anonymous_30)
FNDA:15,(anonymous_31)
FNDA:12,(anonymous_32)
FNDA:0,(anonymous_33)
FNDA:2,(anonymous_34)
FNDA:2,(anonymous_35)
FNDA:34,(anonymous_36)
FNDA:1,(anonymous_37)
FNDA:4,(anonymous_38)
FNDA:4,(anonymous_39)
FNDA:4,(anonymous_40)
FNDA:1,(anonymous_41)
FNDA:1,(anonymous_42)
FNDA:1,(anonymous_43)
FNDA:14,(anonymous_44)
DA:8,46
DA:9,46
DA:10,46
DA:15,46
DA:16,46
DA:17,46
DA:18,46
DA:20,46
DA:27,46
DA:34,2
DA:36,2
DA:37,2
DA:38,0
DA:39,0
DA:41,1
DA:44,1
DA:52,1
DA:54,1
DA:55,4
DA:56,4
DA:60,4
DA:62,0
DA:66,1
DA:67,4
DA:69,1
DA:70,1
DA:77,1
DA:79,1
DA:80,1
DA:81,1
DA:82,1
DA:84,0
DA:85,0
DA:93,1
DA:95,1
DA:96,1
DA:97,0
DA:98,0
DA:100,0
DA:101,0
DA:109,1
DA:111,1
DA:112,1
DA:113,1
DA:114,1
DA:116,0
DA:124,13
DA:127,13
DA:128,0
DA:132,13
DA:133,13
DA:134,0
DA:135,0
DA:139,13
DA:140,13
DA:142,13
DA:143,13
DA:144,12
DA:145,12
DA:147,1
DA:148,1
DA:156,13
DA:157,13
DA:159,13
DA:160,15
DA:161,15
DA:163,15
DA:166,12
DA:175,12
DA:177,12
DA:180,3
DA:181,3
DA:183,3
DA:184,1
DA:185,1
DA:189,2
DA:190,2
DA:192,2
DA:201,15
DA:202,15
DA:206,15
DA:208,15
DA:209,15
DA:210,15
DA:212,15
DA:213,0
DA:216,15
DA:217,12
DA:218,12
DA:228,15
DA:229,3
DA:230,3
DA:233,15
DA:235,0
DA:236,0
DA:237,0
DA:238,0
DA:240,0
DA:241,0
DA:244,0
DA:245,0
DA:246,0
DA:253,0
DA:254,0
DA:255,0
DA:258,0
DA:259,0
DA:260,0
DA:265,0
DA:266,0
DA:267,0
DA:268,0
DA:271,0
DA:276,0
DA:277,0
DA:278,0
DA:280,0
DA:283,0
DA:291,0
DA:292,0
DA:302,1
DA:304,1
DA:305,1
DA:306,1
DA:311,1
DA:312,1
DA:315,0
DA:316,0
DA:320,0
DA:327,0
DA:328,0
DA:337,0
DA:338,0
DA:341,0
DA:348,0
DA:349,0
DA:351,0
DA:352,0
DA:353,0
DA:356,0
DA:363,0
DA:364,0
DA:366,0
DA:367,0
DA:368,0
DA:371,0
DA:378,0
DA:380,0
DA:383,0
DA:384,0
DA:386,0
DA:387,0
DA:388,0
DA:389,0
DA:397,1
DA:410,26
DA:414,15
DA:416,15
DA:417,15
DA:418,0
DA:419,0
DA:420,0
DA:421,0
DA:423,0
DA:429,12
DA:433,0
DA:434,0
DA:435,0
DA:436,0
DA:437,0
DA:441,2
DA:448,34
DA:449,34
DA:450,0
DA:451,0
DA:458,1
DA:460,1
DA:461,4
DA:462,4
DA:468,0
DA:472,1
DA:473,1
DA:474,4
DA:475,4
DA:477,1
DA:478,1
DA:485,1
DA:497,1
DA:504,1
DA:507,1
DA:510,1
DA:513,1
DA:514,1
DA:516,1
DA:523,14
DA:526,14
DA:527,14
DA:530,14
DA:531,14
DA:534,14
DA:535,14
DA:539,14
DA:540,14
DA:542,14
LF:204
LH:122
BRDA:7,0,0,30
BRDA:8,1,0,46
BRDA:8,1,1,46
BRDA:9,2,0,46
BRDA:9,2,1,46
BRDA:10,3,0,46
BRDA:10,3,1,46
BRDA:92,4,0,0
BRDA:123,5,0,0
BRDA:127,6,0,0
BRDA:127,6,1,13
BRDA:133,7,0,0
BRDA:133,7,1,13
BRDA:155,8,0,0
BRDA:157,9,0,13
BRDA:157,9,1,13
BRDA:167,10,0,9
BRDA:167,10,1,3
BRDA:183,11,0,1
BRDA:183,11,1,2
BRDA:200,12,0,0
BRDA:202,13,0,15
BRDA:202,13,1,9
BRDA:208,14,0,15
BRDA:208,14,1,0
BRDA:235,15,0,0
BRDA:235,15,1,0
BRDA:259,16,0,0
BRDA:259,16,1,0
BRDA:277,17,0,0
BRDA:277,17,1,0
BRDA:326,18,0,0
BRDA:332,19,0,0
BRDA:332,19,1,0
BRDA:333,20,0,0
BRDA:333,20,1,0
BRDA:351,21,0,0
BRDA:351,21,1,0
BRDA:366,22,0,0
BRDA:366,22,1,0
BRDA:380,23,0,0
BRDA:380,23,1,0
BRDA:416,24,0,15
BRDA:416,24,1,0
BRDA:418,25,0,0
BRDA:418,25,1,0
BRDA:420,26,0,0
BRDA:420,26,1,0
BRDA:433,27,0,0
BRDA:433,27,1,0
BRDA:474,28,0,4
BRDA:474,28,1,4
BRDA:496,29,0,0
BRDA:526,30,0,14
BRDA:526,30,1,0
BRDA:530,31,0,14
BRDA:530,31,1,0
BRDA:534,32,0,14
BRDA:534,32,1,0
BRF:59
BRH:24
end_of_record
TN:
SF:src/js/AssetOptimizer.js
FN:4,(anonymous_0)
FN:19,(anonymous_1)
FN:26,(anonymous_2)
FN:33,(anonymous_3)
FN:40,(anonymous_4)
FN:90,(anonymous_5)
FN:109,(anonymous_6)
FN:132,(anonymous_7)
FN:137,(anonymous_8)
FN:147,(anonymous_9)
FN:161,(anonymous_10)
FN:176,(anonymous_11)
FN:183,(anonymous_12)
FN:185,(anonymous_13)
FN:186,(anonymous_14)
FN:202,(anonymous_15)
FN:205,(anonymous_16)
FN:207,(anonymous_17)
FN:218,(anonymous_18)
FN:225,(anonymous_19)
FN:227,(anonymous_20)
FN:233,(anonymous_21)
FN:238,(anonymous_22)
FN:252,(anonymous_23)
FN:305,(anonymous_24)
FN:308,(anonymous_25)
FN:324,(anonymous_26)
FN:325,(anonymous_27)
FN:330,(anonymous_28)
FN:334,(anonymous_29)
FN:342,(anonymous_30)
FN:353,(anonymous_31)
FN:358,(anonymous_32)
FN:368,(anonymous_33)
FN:397,(anonymous_34)
FN:408,(anonymous_35)
FN:420,(anonymous_36)
FN:435,(anonymous_37)
FN:439,(anonymous_38)
FN:447,(anonymous_39)
FN:458,(anonymous_40)
FN:466,(anonymous_41)
FN:471,(anonymous_42)
FN:477,(anonymous_43)
FN:490,(anonymous_44)
FN:499,(anonymous_45)
FNF:46
FNH:17
FNDA:25,(anonymous_0)
FNDA:0,(anonymous_1)
FNDA:0,(anonymous_2)
FNDA:0,(anonymous_3)
FNDA:0,(anonymous_4)
FNDA:6,(anonymous_5)
FNDA:6,(anonymous_6)
FNDA:6,(anonymous_7)
FNDA:48,(anonymous_8)
FNDA:6,(anonymous_9)
FNDA:6,(anonymous_10)
FNDA:6,(anonymous_11)
FNDA:6,(anonymous_12)
FNDA:0,(anonymous_13)
FNDA:0,(anonymous_14)
FNDA:20,(anonymous_15)
FNDA:6,(anonymous_16)
FNDA:4,(anonymous_17)
FNDA:0,(anonymous_18)
FNDA:6,(anonymous_19)
FNDA:0,(anonymous_20)
FNDA:0,(anonymous_21)
FNDA:0,(anonymous_22)
FNDA:30,(anonymous_23)
FNDA:0,(anonymous_24)
FNDA:0,(anonymous_25)
FNDA:0,(anonymous_26)
FNDA:0,(anonymous_27)
FNDA:0,(anonymous_28)
FNDA:0,(anonymous_29)
FNDA:6,(anonymous_30)
FNDA:6,(anonymous_31)
FNDA:30,(anonymous_32)
FNDA:0,(anonymous_33)
FNDA:0,(anonymous_34)
FNDA:0,(anonymous_35)
FNDA:0,(anonymous_36)
FNDA:0,(anonymous_37)
FNDA:0,(anonymous_38)
FNDA:0,(anonymous_39)
FNDA:0,(anonymous_40)
FNDA:0,(anonymous_41)
FNDA:0,(anonymous_42)
FNDA:0,(anonymous_43)
FNDA:0,(anonymous_44)
FNDA:0,(anonymous_45)
DA:5,25
DA:6,25
DA:7,25
DA:8,25
DA:9,25
DA:11,25
DA:19,0
DA:26,0
DA:33,0
DA:40,0
DA:81,25
DA:91,6
DA:93,6
DA:94,6
DA:95,6
DA:96,6
DA:97,6
DA:98,6
DA:100,6
DA:101,6
DA:104,0
DA:105,0
DA:110,6
DA:111,6
DA:113,6
DA:115,6
DA:116,6
DA:117,0
DA:118,0
DA:119,0
DA:120,0
DA:123,6
DA:124,6
DA:127,6
DA:134,6
DA:135,6
DA:137,6
DA:138,48
DA:139,48
DA:140,6
DA:144,6
DA:148,6
DA:150,6
DA:151,6
DA:152,6
DA:153,6
DA:157,6
DA:158,6
DA:162,6
DA:163,6
DA:166,6
DA:167,6
DA:168,6
DA:171,6
DA:173,6
DA:178,6
DA:179,6
DA:180,6
DA:185,6
DA:186,0
DA:187,0
DA:188,0
DA:189,0
DA:198,6
DA:202,20
DA:207,6
DA:208,4
DA:209,0
DA:212,4
DA:213,0
DA:218,6
DA:219,0
DA:220,0
DA:227,6
DA:228,0
DA:229,0
DA:233,6
DA:234,0
DA:239,0
DA:241,0
DA:242,0
DA:243,0
DA:244,0
DA:249,0
DA:254,30
DA:255,0
DA:258,30
DA:259,0
DA:262,30
DA:263,30
DA:264,30
DA:265,30
DA:268,0
DA:269,0
DA:272,0
DA:273,0
DA:275,0
DA:276,0
DA:279,0
DA:280,0
DA:281,0
DA:282,0
DA:285,0
DA:286,0
DA:288,0
DA:291,0
DA:295,0
DA:298,0
DA:299,0
DA:301,0
DA:307,0
DA:308,0
DA:309,0
DA:311,0
DA:315,0
DA:316,0
DA:317,0
DA:320,0
DA:325,0
DA:326,0
DA:327,0
DA:328,0
DA:330,0
DA:331,0
DA:334,0
DA:335,0
DA:338,0
DA:343,6
DA:346,6
DA:348,6
DA:349,6
DA:355,6
DA:357,6
DA:358,30
DA:361,6
DA:362,6
DA:364,6
DA:370,0
DA:371,0
DA:372,0
DA:375,0
DA:376,0
DA:377,0
DA:380,0
DA:381,0
DA:382,0
DA:383,0
DA:387,0
DA:389,0
DA:392,0
DA:393,0
DA:398,0
DA:401,0
DA:409,0
DA:412,0
DA:421,0
DA:436,0
DA:437,0
DA:439,0
DA:440,0
DA:443,0
DA:444,0
DA:449,0
DA:450,0
DA:451,0
DA:452,0
DA:454,0
DA:459,0
DA:460,0
DA:461,0
DA:463,0
DA:467,0
DA:470,0
DA:471,0
DA:473,0
DA:478,0
DA:479,0
DA:480,0
DA:487,0
DA:491,0
DA:492,0
DA:500,0
LF:182
LH:73
BRDA:115,0,0,6
BRDA:115,0,1,0
BRDA:115,1,0,6
BRDA:115,1,1,6
BRDA:115,1,2,0
BRDA:117,2,0,0
BRDA:117,2,1,0
BRDA:117,3,0,0
BRDA:117,3,1,0
BRDA:119,4,0,0
BRDA:119,4,1,0
BRDA:119,5,0,0
BRDA:119,5,1,0
BRDA:134,6,0,6
BRDA:134,6,1,0
BRDA:135,7,0,6
BRDA:135,7,1,0
BRDA:139,8,0,6
BRDA:139,8,1,42
BRDA:139,9,0,48
BRDA:139,9,1,12
BRDA:152,10,0,6
BRDA:152,10,1,0
BRDA:152,11,0,6
BRDA:152,11,1,6
BRDA:163,12,0,0
BRDA:163,12,1,6
BRDA:187,13,0,0
BRDA:187,13,1,0
BRDA:208,14,0,0
BRDA:208,14,1,4
BRDA:212,15,0,0
BRDA:212,15,1,4
BRDA:219,16,0,0
BRDA:219,16,1,0
BRDA:242,17,0,0
BRDA:242,17,1,0
BRDA:242,18,0,0
BRDA:242,18,1,0
BRDA:243,19,0,0
BRDA:243,19,1,0
BRDA:254,20,0,0
BRDA:254,20,1,30
BRDA:258,21,0,0
BRDA:258,21,1,30
BRDA:263,22,0,30
BRDA:263,22,1,0
BRDA:307,23,0,0
BRDA:307,23,1,0
BRDA:307,24,0,0
BRDA:307,24,1,0
BRDA:317,25,0,0
BRDA:317,25,1,0
BRDA:343,26,0,0
BRDA:343,26,1,6
BRDA:346,27,0,6
BRDA:346,27,1,0
BRDA:348,28,0,6
BRDA:348,28,1,0
BRDA:368,29,0,0
BRDA:370,30,0,0
BRDA:370,30,1,0
BRDA:380,31,0,0
BRDA:380,31,1,0
BRDA:380,32,0,0
BRDA:380,32,1,0
BRDA:382,33,0,0
BRDA:382,33,1,0
BRDA:382,34,0,0
BRDA:382,34,1,0
BRDA:398,35,0,0
BRDA:398,35,1,0
BRDA:409,36,0,0
BRDA:409,36,1,0
BRDA:423,37,0,0
BRDA:423,37,1,0
BRDA:426,38,0,0
BRDA:426,38,1,0
BRDA:437,39,0,0
BRDA:437,39,1,0
BRDA:478,40,0,0
BRDA:478,40,1,0
BRDA:492,41,0,0
BRDA:492,41,1,0
BRDA:492,41,2,0
BRDA:492,41,3,0
BRDA:500,42,0,0
BRDA:500,42,1,0
BRDA:500,42,2,0
BRF:89
BRH:21
end_of_record
TN:
SF:src/js/AssetPreloader.js
FN:6,(anonymous_0)
FN:69,(anonymous_1)
FN:72,(anonymous_2)
FN:76,(anonymous_3)
FN:86,(anonymous_4)
FN:106,(anonymous_5)
FN:120,(anonymous_6)
FN:129,(anonymous_7)
FN:145,(anonymous_8)
FN:152,(anonymous_9)
FN:161,(anonymous_10)
FN:178,(anonymous_11)
FN:193,(anonymous_12)
FN:259,(anonymous_13)
FN:286,(anonymous_14)
FN:287,(anonymous_15)
FN:288,(anonymous_16)
FN:307,(anonymous_17)
FN:311,(anonymous_18)
FN:323,(anonymous_19)
FN:334,(anonymous_20)
FN:340,(anonymous_21)
FN:349,(anonymous_22)
FN:360,(anonymous_23)
FN:387,(anonymous_24)
FN:394,(anonymous_25)
FN:419,(anonymous_26)
FN:440,(anonymous_27)
FN:444,(anonymous_28)
FN:453,(anonymous_29)
FN:463,(anonymous_30)
FN:465,(anonymous_31)
FN:466,(anonymous_32)
FN:478,(anonymous_33)
FN:487,(anonymous_34)
FN:493,(anonymous_35)
FN:507,(anonymous_36)
FN:509,(anonymous_37)
FN:510,(anonymous_38)
FN:518,(anonymous_39)
FN:524,(anonymous_40)
FN:535,(anonymous_41)
FN:559,(anonymous_42)
FN:567,(anonymous_43)
FN:570,(anonymous_44)
FN:582,(anonymous_45)
FN:598,(anonymous_46)
FN:602,(anonymous_47)
FN:620,(anonymous_48)
FN:629,(anonymous_49)
FN:633,(anonymous_50)
FN:637,(anonymous_51)
FN:638,(anonymous_52)
FN:639,(anonymous_53)
FN:655,(anonymous_54)
FN:656,(anonymous_55)
FN:662,(anonymous_56)
FN:664,(anonymous_57)
FN:684,(anonymous_58)
FNF:59
FNH:47
FNDA:64,(anonymous_0)
FNDA:1,(anonymous_1)
FNDA:8,(anonymous_2)
FNDA:8,(anonymous_3)
FNDA:0,(anonymous_4)
FNDA:1,(anonymous_5)
FNDA:2,(anonymous_6)
FNDA:2,(anonymous_7)
FNDA:1,(anonymous_8)
FNDA:7,(anonymous_9)
FNDA:8,(anonymous_10)
FNDA:0,(anonymous_11)
FNDA:21,(anonymous_12)
FNDA:20,(anonymous_13)
FNDA:28,(anonymous_14)
FNDA:28,(anonymous_15)
FNDA:8,(anonymous_16)
FNDA:17,(anonymous_17)
FNDA:14,(anonymous_18)
FNDA:3,(anonymous_19)
FNDA:10,(anonymous_20)
FNDA:0,(anonymous_21)
FNDA:0,(anonymous_22)
FNDA:1,(anonymous_23)
FNDA:1,(anonymous_24)
FNDA:0,(anonymous_25)
FNDA:2,(anonymous_26)
FNDA:1,(anonymous_27)
FNDA:8,(anonymous_28)
FNDA:2,(anonymous_29)
FNDA:2,(anonymous_30)
FNDA:5,(anonymous_31)
FNDA:5,(anonymous_32)
FNDA:1,(anonymous_33)
FNDA:8,(anonymous_34)
FNDA:0,(anonymous_35)
FNDA:1,(anonymous_36)
FNDA:8,(anonymous_37)
FNDA:8,(anonymous_38)
FNDA:64,(anonymous_39)
FNDA:0,(anonymous_40)
FNDA:65,(anonymous_41)
FNDA:0,(anonymous_42)
FNDA:64,(anonymous_43)
FNDA:280,(anonymous_44)
FNDA:281,(anonymous_45)
FNDA:24,(anonymous_46)
FNDA:7,(anonymous_47)
FNDA:65,(anonymous_48)
FNDA:285,(anonymous_49)
FNDA:15,(anonymous_50)
FNDA:0,(anonymous_51)
FNDA:0,(anonymous_52)
FNDA:0,(anonymous_53)
FNDA:12,(anonymous_54)
FNDA:12,(anonymous_55)
FNDA:2,(anonymous_56)
FNDA:0,(anonymous_57)
FNDA:33,(anonymous_58)
DA:7,64
DA:8,64
DA:11,64
DA:20,64
DA:28,64
DA:45,64
DA:56,64
DA:57,64
DA:58,64
DA:61,64
DA:63,64
DA:70,1
DA:72,1
DA:73,8
DA:76,1
DA:77,8
DA:85,1
DA:86,0
DA:88,0
DA:91,0
DA:92,0
DA:95,0
DA:107,1
DA:109,1
DA:110,1
DA:113,1
DA:115,1
DA:116,0
DA:117,0
DA:120,1
DA:121,2
DA:128,1
DA:129,2
DA:131,1
DA:133,1
DA:146,1
DA:149,1
DA:152,7
DA:155,1
DA:156,1
DA:158,1
DA:159,2
DA:161,2
DA:162,8
DA:169,2
DA:170,1
DA:173,1
DA:174,1
DA:178,0
DA:180,0
DA:182,0
DA:194,21
DA:197,21
DA:198,1
DA:199,1
DA:203,20
DA:204,0
DA:205,0
DA:209,20
DA:216,20
DA:218,20
DA:219,20
DA:222,15
DA:233,15
DA:238,15
DA:240,15
DA:241,15
DA:245,1
DA:246,1
DA:248,1
DA:249,1
DA:252,16
DA:260,20
DA:261,20
DA:265,20
DA:266,30
DA:267,30
DA:268,10
DA:269,10
DA:272,28
DA:275,11
DA:276,11
DA:280,1
DA:287,28
DA:288,28
DA:289,8
DA:292,28
DA:294,28
DA:295,17
DA:296,11
DA:297,10
DA:299,1
DA:308,17
DA:309,17
DA:311,17
DA:312,14
DA:313,14
DA:323,17
DA:324,3
DA:325,3
DA:328,17
DA:335,10
DA:336,10
DA:337,10
DA:338,10
DA:340,10
DA:341,0
DA:342,0
DA:349,10
DA:350,0
DA:351,0
DA:354,10
DA:361,1
DA:362,1
DA:364,1
DA:365,0
DA:368,1
DA:370,1
DA:371,1
DA:379,0
DA:380,0
DA:388,1
DA:389,1
DA:392,1
DA:393,1
DA:394,1
DA:395,0
DA:396,0
DA:397,0
DA:403,1
DA:404,0
DA:408,1
DA:409,1
DA:410,1
DA:413,1
DA:420,2
DA:422,2
DA:423,1
DA:428,1
DA:429,1
DA:434,2
DA:441,1
DA:445,8
DA:454,2
DA:464,2
DA:465,5
DA:468,5
DA:469,5
DA:471,0
DA:479,1
DA:482,1
DA:483,1
DA:484,0
DA:487,8
DA:494,0
DA:508,1
DA:509,8
DA:510,8
DA:512,1
DA:520,64
DA:521,64
DA:524,64
DA:525,0
DA:529,64
DA:536,65
DA:537,65
DA:544,65
DA:545,65
DA:548,65
DA:549,65
DA:550,0
DA:551,0
DA:552,0
DA:561,0
DA:569,64
DA:570,64
DA:571,280
DA:572,280
DA:573,280
DA:575,280
DA:583,281
DA:584,281
DA:586,281
DA:587,281
DA:590,281
DA:591,281
DA:599,24
DA:603,7
DA:605,7
DA:606,1
DA:607,6
DA:608,1
DA:609,5
DA:610,1
DA:611,4
DA:612,1
DA:613,3
DA:614,2
DA:616,1
DA:621,65
DA:622,65
DA:623,0
DA:625,65
DA:630,285
DA:634,15
DA:638,0
DA:639,0
DA:640,0
DA:641,0
DA:642,0
DA:643,0
DA:645,0
DA:648,0
DA:651,0
DA:656,12
DA:663,2
DA:664,2
DA:666,2
DA:686,33
DA:687,33
DA:690,33
DA:691,0
DA:694,33
LF:223
LH:181
BRDA:6,0,0,0
BRDA:7,1,0,64
BRDA:7,1,1,0
BRDA:8,2,0,64
BRDA:8,2,1,0
BRDA:12,3,0,64
BRDA:12,3,1,46
BRDA:13,4,0,64
BRDA:13,4,1,46
BRDA:14,5,0,64
BRDA:14,5,1,64
BRDA:15,6,0,64
BRDA:15,6,1,64
BRDA:91,7,0,0
BRDA:91,7,1,0
BRDA:115,8,0,0
BRDA:115,8,1,1
BRDA:145,9,0,0
BRDA:173,10,0,1
BRDA:173,10,1,0
BRDA:193,11,0,1
BRDA:197,12,0,1
BRDA:197,12,1,20
BRDA:203,13,0,0
BRDA:203,13,1,20
BRDA:211,14,0,20
BRDA:211,14,1,0
BRDA:212,15,0,20
BRDA:212,15,1,0
BRDA:213,16,0,20
BRDA:213,16,1,10
BRDA:259,17,0,0
BRDA:260,18,0,20
BRDA:260,18,1,12
BRDA:261,19,0,20
BRDA:261,19,1,12
BRDA:267,20,0,10
BRDA:267,20,1,20
BRDA:292,21,0,28
BRDA:292,21,1,0
BRDA:294,22,0,17
BRDA:294,22,1,11
BRDA:296,23,0,10
BRDA:296,23,1,1
BRDA:364,24,0,0
BRDA:364,24,1,1
BRDA:393,25,0,1
BRDA:393,25,1,0
BRDA:393,26,0,1
BRDA:393,26,1,1
BRDA:396,27,0,0
BRDA:396,27,1,0
BRDA:403,28,0,0
BRDA:403,28,1,1
BRDA:409,29,0,1
BRDA:409,29,1,0
BRDA:409,30,0,1
BRDA:409,30,1,1
BRDA:419,31,0,0
BRDA:422,32,0,1
BRDA:422,32,1,1
BRDA:428,33,0,1
BRDA:428,33,1,0
BRDA:445,34,0,8
BRDA:445,34,1,7
BRDA:468,35,0,5
BRDA:468,35,1,0
BRDA:471,36,0,0
BRDA:471,36,1,0
BRDA:471,37,0,0
BRDA:471,37,1,0
BRDA:483,38,0,0
BRDA:483,38,1,1
BRDA:536,39,0,65
BRDA:536,39,1,0
BRDA:548,40,0,0
BRDA:548,40,1,65
BRDA:549,41,0,0
BRDA:549,41,1,65
BRDA:549,42,0,65
BRDA:549,42,1,0
BRDA:551,43,0,0
BRDA:551,43,1,0
BRDA:572,44,0,280
BRDA:572,44,1,0
BRDA:572,45,0,280
BRDA:572,45,1,280
BRDA:586,46,0,281
BRDA:586,46,1,0
BRDA:590,47,0,281
BRDA:590,47,1,50
BRDA:605,48,0,1
BRDA:605,48,1,6
BRDA:607,49,0,1
BRDA:607,49,1,5
BRDA:609,50,0,1
BRDA:609,50,1,4
BRDA:611,51,0,1
BRDA:611,51,1,3
BRDA:613,52,0,2
BRDA:613,52,1,1
BRDA:622,53,0,0
BRDA:622,53,1,65
BRDA:634,54,0,15
BRDA:634,54,1,0
BRDA:634,55,0,15
BRDA:634,55,1,0
BRDA:641,56,0,0
BRDA:641,56,1,0
BRDA:642,57,0,0
BRDA:642,57,1,0
BRDA:670,58,0,0
BRDA:670,58,1,2
BRDA:690,59,0,0
BRDA:690,59,1,33
BRF:115
BRH:71
end_of_record
TN:
SF:src/js/CacheManager.js
FN:4,(anonymous_0)
FN:53,(anonymous_1)
FN:98,(anonymous_2)
FN:128,(anonymous_3)
FN:136,(anonymous_4)
FN:147,(anonymous_5)
FN:157,(anonymous_6)
FN:172,(anonymous_7)
FN:182,(anonymous_8)
FN:200,(anonymous_9)
FN:201,(anonymous_10)
FN:205,(anonymous_11)
FN:209,(anonymous_12)
FN:229,(anonymous_13)
FN:241,(anonymous_14)
FN:268,(anonymous_15)
FN:277,(anonymous_16)
FN:301,(anonymous_17)
FN:303,(anonymous_18)
FN:306,(anonymous_19)
FN:319,(anonymous_20)
FN:343,(anonymous_21)
FN:348,(anonymous_22)
FN:351,(anonymous_23)
FN:359,(anonymous_24)
FN:380,(anonymous_25)
FN:385,(anonymous_26)
FN:386,(anonymous_27)
FN:397,(anonymous_28)
FN:412,(anonymous_29)
FN:416,(anonymous_30)
FN:418,(anonymous_31)
FN:421,(anonymous_32)
FN:437,(anonymous_33)
FN:450,(anonymous_34)
FN:455,(anonymous_35)
FN:457,(anonymous_36)
FN:463,(anonymous_37)
FN:467,(anonymous_38)
FN:473,(anonymous_39)
FN:480,(anonymous_40)
FN:483,(anonymous_41)
FN:487,(anonymous_42)
FN:489,(anonymous_43)
FN:497,(anonymous_44)
FN:498,(anonymous_45)
FN:509,(anonymous_46)
FN:518,(anonymous_47)
FN:527,(anonymous_48)
FN:528,(anonymous_49)
FN:540,(anonymous_50)
FNF:51
FNH:40
FNDA:77,(anonymous_0)
FNDA:95,(anonymous_1)
FNDA:23,(anonymous_2)
FNDA:213,(anonymous_3)
FNDA:1,(anonymous_4)
FNDA:28,(anonymous_5)
FNDA:2,(anonymous_6)
FNDA:8,(anonymous_7)
FNDA:44,(anonymous_8)
FNDA:2,(anonymous_9)
FNDA:2,(anonymous_10)
FNDA:0,(anonymous_11)
FNDA:2,(anonymous_12)
FNDA:0,(anonymous_13)
FNDA:42,(anonymous_14)
FNDA:4,(anonymous_15)
FNDA:2,(anonymous_16)
FNDA:2,(anonymous_17)
FNDA:1,(anonymous_18)
FNDA:2,(anonymous_19)
FNDA:1,(anonymous_20)
FNDA:95,(anonymous_21)
FNDA:5,(anonymous_22)
FNDA:50,(anonymous_23)
FNDA:45,(anonymous_24)
FNDA:0,(anonymous_25)
FNDA:0,(anonymous_26)
FNDA:0,(anonymous_27)
FNDA:97,(anonymous_28)
FNDA:151,(anonymous_29)
FNDA:192,(anonymous_30)
FNDA:372,(anonymous_31)
FNDA:116,(anonymous_32)
FNDA:95,(anonymous_33)
FNDA:4,(anonymous_34)
FNDA:102,(anonymous_35)
FNDA:304,(anonymous_36)
FNDA:1,(anonymous_37)
FNDA:0,(anonymous_38)
FNDA:0,(anonymous_39)
FNDA:57,(anonymous_40)
FNDA:228,(anonymous_41)
FNDA:171,(anonymous_42)
FNDA:0,(anonymous_43)
FNDA:77,(anonymous_44)
FNDA:0,(anonymous_45)
FNDA:28,(anonymous_46)
FNDA:192,(anonymous_47)
FNDA:0,(anonymous_48)
FNDA:0,(anonymous_49)
FNDA:27,(anonymous_50)
DA:5,77
DA:6,77
DA:14,77
DA:15,77
DA:16,77
DA:17,77
DA:20,77
DA:28,77
DA:37,77
DA:45,77
DA:47,77
DA:54,95
DA:56,95
DA:57,95
DA:58,95
DA:60,95
DA:79,95
DA:80,5
DA:83,95
DA:85,95
DA:88,95
DA:89,57
DA:92,95
DA:99,23
DA:101,23
DA:103,23
DA:104,14
DA:105,14
DA:109,9
DA:110,0
DA:111,0
DA:112,0
DA:113,0
DA:117,9
DA:118,9
DA:119,9
DA:121,9
DA:122,9
DA:129,213
DA:130,213
DA:137,1
DA:138,1
DA:139,1
DA:141,1
DA:148,28
DA:149,28
DA:150,28
DA:151,28
DA:158,2
DA:160,2
DA:161,2
DA:163,2
DA:165,12
DA:166,8
DA:170,2
DA:171,2
DA:172,8
DA:173,2
DA:175,0
DA:183,44
DA:184,44
DA:186,44
DA:187,2
DA:189,42
DA:192,0
DA:193,0
DA:201,2
DA:202,2
DA:203,2
DA:205,2
DA:206,0
DA:209,2
DA:210,2
DA:211,2
DA:220,2
DA:226,2
DA:229,2
DA:230,0
DA:231,0
DA:234,2
DA:242,42
DA:244,42
DA:245,0
DA:248,42
DA:249,42
DA:256,42
DA:262,42
DA:269,4
DA:270,4
DA:274,4
DA:275,4
DA:277,4
DA:278,2
DA:279,2
DA:282,4
DA:302,2
DA:303,1
DA:306,2
DA:320,1
DA:322,1
DA:323,1
DA:326,1
DA:329,1
DA:330,0
DA:333,1
DA:334,1
DA:336,1
DA:344,95
DA:350,5
DA:351,50
DA:353,5
DA:354,0
DA:355,0
DA:359,5
DA:360,45
DA:361,45
DA:362,45
DA:366,5
DA:367,5
DA:371,5
DA:372,5
DA:373,5
DA:375,5
DA:376,5
DA:381,0
DA:382,0
DA:384,0
DA:385,0
DA:386,0
DA:388,0
DA:391,0
DA:392,0
DA:393,0
DA:398,97
DA:399,97
DA:400,97
DA:404,97
DA:405,97
DA:406,97
DA:407,97
DA:409,97
DA:413,151
DA:417,192
DA:418,372
DA:422,116
DA:424,116
DA:425,107
DA:426,9
DA:427,6
DA:428,3
DA:429,1
DA:430,2
DA:431,1
DA:433,1
DA:438,95
DA:440,95
DA:441,3
DA:442,2
DA:444,1
DA:447,1
DA:452,4
DA:456,102
DA:457,102
DA:458,304
DA:460,102
DA:464,1
DA:465,1
DA:467,1
DA:468,0
DA:469,0
DA:473,1
DA:475,1
DA:476,0
DA:482,57
DA:483,57
DA:484,228
DA:487,57
DA:488,171
DA:489,36
DA:498,77
DA:499,0
DA:502,0
DA:504,0
DA:510,28
DA:519,192
DA:520,183
DA:521,183
DA:522,183
DA:523,183
DA:528,0
DA:541,27
DA:542,0
DA:544,27
DA:545,27
LF:194
LH:163
BRDA:4,0,0,64
BRDA:14,1,0,77
BRDA:14,1,1,64
BRDA:15,2,0,77
BRDA:15,2,1,64
BRDA:16,3,0,77
BRDA:16,3,1,64
BRDA:17,4,0,77
BRDA:17,4,1,77
BRDA:53,5,0,23
BRDA:57,6,0,95
BRDA:57,6,1,23
BRDA:58,7,0,95
BRDA:58,7,1,1
BRDA:65,8,0,95
BRDA:65,8,1,95
BRDA:66,9,0,95
BRDA:66,9,1,23
BRDA:71,10,0,95
BRDA:71,10,1,24
BRDA:72,11,0,95
BRDA:72,11,1,83
BRDA:73,12,0,95
BRDA:73,12,1,83
BRDA:79,13,0,5
BRDA:79,13,1,90
BRDA:88,14,0,57
BRDA:88,14,1,38
BRDA:103,15,0,14
BRDA:103,15,1,9
BRDA:109,16,0,0
BRDA:109,16,1,9
BRDA:130,17,0,213
BRDA:130,17,1,142
BRDA:138,18,0,1
BRDA:138,18,1,0
BRDA:157,19,0,0
BRDA:160,20,0,2
BRDA:160,20,1,0
BRDA:165,21,0,8
BRDA:165,21,1,4
BRDA:170,22,0,2
BRDA:170,22,1,0
BRDA:186,23,0,2
BRDA:186,23,1,42
BRDA:222,24,0,0
BRDA:222,24,1,2
BRDA:244,25,0,0
BRDA:244,25,1,42
BRDA:258,26,0,40
BRDA:258,26,1,2
BRDA:270,27,0,1
BRDA:270,27,1,3
BRDA:278,28,0,2
BRDA:278,28,1,2
BRDA:279,29,0,2
BRDA:279,29,1,2
BRDA:301,30,0,0
BRDA:329,31,0,0
BRDA:329,31,1,1
BRDA:329,32,0,1
BRDA:329,32,1,1
BRDA:344,33,0,95
BRDA:344,33,1,90
BRDA:353,34,0,0
BRDA:353,34,1,5
BRDA:367,35,0,10
BRDA:367,35,1,5
BRDA:367,35,2,5
BRDA:388,36,0,0
BRDA:388,36,1,0
BRDA:388,36,2,0
BRDA:417,37,0,192
BRDA:417,37,1,93
BRDA:424,38,0,107
BRDA:424,38,1,9
BRDA:425,39,0,81
BRDA:425,39,1,26
BRDA:426,40,0,6
BRDA:426,40,1,3
BRDA:428,41,0,1
BRDA:428,41,1,2
BRDA:430,42,0,1
BRDA:430,42,1,1
BRDA:438,43,0,0
BRDA:438,43,1,95
BRDA:440,44,0,92
BRDA:440,44,1,3
BRDA:441,45,0,2
BRDA:441,45,1,1
BRDA:441,46,0,3
BRDA:441,46,1,2
BRDA:444,47,0,0
BRDA:444,47,1,1
BRDA:452,48,0,4
BRDA:452,48,1,2
BRDA:452,49,0,4
BRDA:452,49,1,2
BRDA:458,50,0,304
BRDA:458,50,1,0
BRDA:468,51,0,0
BRDA:468,51,1,0
BRDA:468,52,0,0
BRDA:468,52,1,0
BRDA:475,53,0,0
BRDA:475,53,1,1
BRDA:482,54,0,57
BRDA:482,54,1,0
BRDA:484,55,0,228
BRDA:484,55,1,171
BRDA:488,56,0,36
BRDA:488,56,1,135
BRDA:502,57,0,0
BRDA:502,57,1,0
BRDA:502,58,0,0
BRDA:502,58,1,0
BRDA:519,59,0,9
BRDA:519,59,1,183
BRDA:541,60,0,0
BRDA:541,60,1,27
BRF:120
BRH:93
end_of_record
TN:
SF:src/js/ComponentRegistry.js
FN:218,(anonymous_0)
FN:228,(anonymous_1)
FN:240,(anonymous_2)
FN:248,(anonymous_3)
FN:260,(anonymous_4)
FN:269,(anonymous_5)
FN:276,(anonymous_6)
FN:277,(anonymous_7)
FN:285,(anonymous_8)
FN:301,(anonymous_9)
FN:311,(anonymous_10)
FN:332,(anonymous_11)
FN:341,(anonymous_12)
FN:352,(anonymous_13)
FN:364,(anonymous_14)
FN:377,(anonymous_15)
FN:390,(anonymous_16)
FN:404,(anonymous_17)
FN:407,(anonymous_18)
FN:418,(anonymous_19)
FNF:20
FNH:0
FNDA:0,(anonymous_0)
FNDA:0,(anonymous_1)
FNDA:0,(anonymous_2)
FNDA:0,(anonymous_3)
FNDA:0,(anonymous_4)
FNDA:0,(anonymous_5)
FNDA:0,(anonymous_6)
FNDA:0,(anonymous_7)
FNDA:0,(anonymous_8)
FNDA:0,(anonymous_9)
FNDA:0,(anonymous_10)
FNDA:0,(anonymous_11)
FNDA:0,(anonymous_12)
FNDA:0,(anonymous_13)
FNDA:0,(anonymous_14)
FNDA:0,(anonymous_15)
FNDA:0,(anonymous_16)
FNDA:0,(anonymous_17)
FNDA:0,(anonymous_18)
FNDA:0,(anonymous_19)
DA:11,0
DA:107,0
DA:133,0
DA:168,0
DA:186,0
DA:219,0
DA:220,0
DA:229,0
DA:230,0
DA:232,0
DA:241,0
DA:249,0
DA:250,0
DA:251,0
DA:253,0
DA:261,0
DA:270,0
DA:277,0
DA:278,0
DA:279,0
DA:282,0
DA:285,0
DA:286,0
DA:287,0
DA:288,0
DA:289,0
DA:292,0
DA:302,0
DA:303,0
DA:312,0
DA:313,0
DA:314,0
DA:315,0
DA:316,0
DA:322,0
DA:325,0
DA:333,0
DA:342,0
DA:343,0
DA:353,0
DA:354,0
DA:365,0
DA:366,0
DA:368,0
DA:378,0
DA:379,0
DA:381,0
DA:391,0
DA:396,0
DA:405,0
DA:407,0
DA:408,0
DA:409,0
DA:419,0
DA:421,0
DA:422,0
DA:423,0
DA:424,0
LF:58
LH:0
BRDA:229,0,0,0
BRDA:229,0,1,0
BRDA:241,1,0,0
BRDA:241,1,1,0
BRDA:250,2,0,0
BRDA:250,2,1,0
BRDA:250,3,0,0
BRDA:250,3,1,0
BRDA:278,4,0,0
BRDA:278,4,1,0
BRDA:286,5,0,0
BRDA:286,5,1,0
BRDA:286,6,0,0
BRDA:286,6,1,0
BRDA:303,7,0,0
BRDA:303,7,1,0
BRDA:312,8,0,0
BRDA:312,8,1,0
BRDA:314,9,0,0
BRDA:314,9,1,0
BRDA:332,10,0,0
BRDA:333,11,0,0
BRDA:333,11,1,0
BRDA:342,12,0,0
BRDA:342,12,1,0
BRDA:342,13,0,0
BRDA:342,13,1,0
BRDA:353,14,0,0
BRDA:353,14,1,0
BRDA:353,15,0,0
BRDA:353,15,1,0
BRDA:365,16,0,0
BRDA:365,16,1,0
BRDA:365,17,0,0
BRDA:365,17,1,0
BRDA:378,18,0,0
BRDA:378,18,1,0
BRDA:378,19,0,0
BRDA:378,19,1,0
BRDA:390,20,0,0
BRDA:390,21,0,0
BRDA:405,22,0,0
BRDA:405,22,1,0
BRDA:408,23,0,0
BRDA:408,23,1,0
BRDA:418,24,0,0
BRDA:419,25,0,0
BRDA:419,25,1,0
BRF:48
BRH:0
end_of_record
TN:
SF:src/js/ContactManager.js
FN:5,(anonymous_0)
FN:27,(anonymous_1)
FN:41,(anonymous_2)
FN:43,(anonymous_3)
FN:48,(anonymous_4)
FN:53,(anonymous_5)
FN:60,(anonymous_6)
FN:70,(anonymous_7)
FN:74,(anonymous_8)
FN:75,(anonymous_9)
FN:83,(anonymous_10)
FN:94,(anonymous_11)
FN:102,(anonymous_12)
FN:109,(anonymous_13)
FN:125,(anonymous_14)
FN:135,(anonymous_15)
FN:139,(anonymous_16)
FN:197,(anonymous_17)
FN:200,(anonymous_18)
FN:205,(anonymous_19)
FN:215,(anonymous_20)
FN:220,(anonymous_21)
FN:257,(anonymous_22)
FN:274,(anonymous_23)
FN:304,(anonymous_24)
FN:310,(anonymous_25)
FN:332,(anonymous_26)
FN:338,(anonymous_27)
FN:340,(anonymous_28)
FN:344,(anonymous_29)
FN:353,(anonymous_30)
FN:368,(anonymous_31)
FN:376,(anonymous_32)
FN:386,(anonymous_33)
FN:395,(anonymous_34)
FN:399,(anonymous_35)
FN:403,(anonymous_36)
FN:407,(anonymous_37)
FN:412,(anonymous_38)
FN:419,(anonymous_39)
FN:442,(anonymous_40)
FNF:41
FNH:0
FNDA:0,(anonymous_0)
FNDA:0,(anonymous_1)
FNDA:0,(anonymous_2)
FNDA:0,(anonymous_3)
FNDA:0,(anonymous_4)
FNDA:0,(anonymous_5)
FNDA:0,(anonymous_6)
FNDA:0,(anonymous_7)
FNDA:0,(anonymous_8)
FNDA:0,(anonymous_9)
FNDA:0,(anonymous_10)
FNDA:0,(anonymous_11)
FNDA:0,(anonymous_12)
FNDA:0,(anonymous_13)
FNDA:0,(anonymous_14)
FNDA:0,(anonymous_15)
FNDA:0,(anonymous_16)
FNDA:0,(anonymous_17)
FNDA:0,(anonymous_18)
FNDA:0,(anonymous_19)
FNDA:0,(anonymous_20)
FNDA:0,(anonymous_21)
FNDA:0,(anonymous_22)
FNDA:0,(anonymous_23)
FNDA:0,(anonymous_24)
FNDA:0,(anonymous_25)
FNDA:0,(anonymous_26)
FNDA:0,(anonymous_27)
FNDA:0,(anonymous_28)
FNDA:0,(anonymous_29)
FNDA:0,(anonymous_30)
FNDA:0,(anonymous_31)
FNDA:0,(anonymous_32)
FNDA:0,(anonymous_33)
FNDA:0,(anonymous_34)
FNDA:0,(anonymous_35)
FNDA:0,(anonymous_36)
FNDA:0,(anonymous_37)
FNDA:0,(anonymous_38)
FNDA:0,(anonymous_39)
FNDA:0,(anonymous_40)
DA:6,0
DA:7,0
DA:8,0
DA:9,0
DA:12,0
DA:24,0
DA:28,0
DA:29,0
DA:30,0
DA:33,0
DA:34,0
DA:35,0
DA:37,0
DA:38,0
DA:43,0
DA:44,0
DA:48,0
DA:49,0
DA:53,0
DA:54,0
DA:55,0
DA:62,0
DA:63,0
DA:64,0
DA:65,0
DA:66,0
DA:72,0
DA:74,0
DA:75,0
DA:76,0
DA:77,0
DA:79,0
DA:84,0
DA:86,0
DA:87,0
DA:88,0
DA:91,0
DA:92,0
DA:94,0
DA:95,0
DA:99,0
DA:103,0
DA:106,0
DA:111,0
DA:114,0
DA:115,0
DA:118,0
DA:119,0
DA:122,0
DA:125,0
DA:126,0
DA:130,0
DA:133,0
DA:134,0
DA:135,0
DA:140,0
DA:147,0
DA:148,0
DA:155,0
DA:199,0
DA:200,0
DA:201,0
DA:202,0
DA:205,0
DA:206,0
DA:207,0
DA:210,0
DA:211,0
DA:214,0
DA:215,0
DA:216,0
DA:217,0
DA:221,0
DA:223,0
DA:225,0
DA:226,0
DA:227,0
DA:230,0
DA:231,0
DA:234,0
DA:235,0
DA:236,0
DA:237,0
DA:239,0
DA:241,0
DA:242,0
DA:243,0
DA:244,0
DA:245,0
DA:246,0
DA:249,0
DA:250,0
DA:256,0
DA:257,0
DA:261,0
DA:264,0
DA:265,0
DA:268,0
DA:269,0
DA:270,0
DA:275,0
DA:276,0
DA:278,0
DA:285,0
DA:287,0
DA:301,0
DA:302,0
DA:304,0
DA:305,0
DA:306,0
DA:311,0
DA:312,0
DA:315,0
DA:316,0
DA:317,0
DA:318,0
DA:319,0
DA:322,0
DA:328,0
DA:329,0
DA:330,0
DA:332,0
DA:333,0
DA:334,0
DA:338,0
DA:339,0
DA:340,0
DA:345,0
DA:347,0
DA:350,0
DA:353,0
DA:355,0
DA:358,0
DA:359,0
DA:362,0
DA:364,0
DA:370,0
DA:376,0
DA:377,0
DA:378,0
DA:379,0
DA:380,0
DA:381,0
DA:388,0
DA:390,0
DA:396,0
DA:400,0
DA:404,0
DA:408,0
DA:414,0
DA:415,0
DA:419,0
DA:420,0
DA:421,0
DA:422,0
DA:425,0
DA:428,0
DA:429,0
DA:430,0
DA:433,0
DA:434,0
DA:435,0
DA:438,0
DA:443,0
LF:164
LH:0
BRDA:28,0,0,0
BRDA:28,0,1,0
BRDA:54,1,0,0
BRDA:54,1,1,0
BRDA:54,2,0,0
BRDA:54,2,1,0
BRDA:63,3,0,0
BRDA:63,3,1,0
BRDA:87,4,0,0
BRDA:87,4,1,0
BRDA:88,5,0,0
BRDA:88,5,1,0
BRDA:109,6,0,0
BRDA:109,7,0,0
BRDA:109,8,0,0
BRDA:134,9,0,0
BRDA:134,9,1,0
BRDA:147,10,0,0
BRDA:147,10,1,0
BRDA:148,11,0,0
BRDA:148,11,1,0
BRDA:179,12,0,0
BRDA:179,12,1,0
BRDA:206,13,0,0
BRDA:206,13,1,0
BRDA:223,14,0,0
BRDA:223,14,1,0
BRDA:249,15,0,0
BRDA:249,15,1,0
BRDA:285,16,0,0
BRDA:285,16,1,0
BRDA:316,17,0,0
BRDA:316,17,1,0
BRDA:345,18,0,0
BRDA:345,18,1,0
BRDA:378,19,0,0
BRDA:378,19,1,0
BRDA:388,20,0,0
BRDA:388,20,1,0
BRDA:390,21,0,0
BRDA:390,21,1,0
BRDA:414,22,0,0
BRDA:414,22,1,0
BRDA:420,23,0,0
BRDA:420,23,1,0
BRDA:420,24,0,0
BRDA:420,24,1,0
BRDA:434,25,0,0
BRDA:434,25,1,0
BRDA:443,26,0,0
BRDA:443,26,1,0
BRF:51
BRH:0
end_of_record
TN:
SF:src/js/ErrorHandler.js
FN:7,(anonymous_0)
FN:44,(anonymous_1)
FN:55,(anonymous_2)
FN:57,(anonymous_3)
FN:68,(anonymous_4)
FN:76,(anonymous_5)
FN:83,(anonymous_6)
FN:85,(anonymous_7)
FN:91,(anonymous_8)
FN:100,(anonymous_9)
FN:114,(anonymous_10)
FN:123,(anonymous_11)
FN:209,(anonymous_12)
FN:228,(anonymous_13)
FN:243,(anonymous_14)
FN:244,(anonymous_15)
FN:261,(anonymous_16)
FN:264,(anonymous_17)
FN:267,(anonymous_18)
FN:277,(anonymous_19)
FN:282,(anonymous_20)
FN:290,(anonymous_21)
FN:315,(anonymous_22)
FN:334,(anonymous_23)
FN:372,(anonymous_24)
FN:392,(anonymous_25)
FN:401,(anonymous_26)
FN:401,(anonymous_27)
FN:401,(anonymous_28)
FN:402,(anonymous_29)
FN:403,(anonymous_30)
FN:409,(anonymous_31)
FN:431,(anonymous_32)
FN:447,(anonymous_33)
FN:512,(anonymous_34)
FN:526,(anonymous_35)
FN:547,(anonymous_36)
FN:580,(anonymous_37)
FN:587,(anonymous_38)
FN:591,(anonymous_39)
FN:603,(anonymous_40)
FN:615,(anonymous_41)
FN:638,(anonymous_42)
FN:643,(anonymous_43)
FN:649,(anonymous_44)
FN:652,(anonymous_45)
FN:661,(anonymous_46)
FN:665,(anonymous_47)
FN:671,(anonymous_48)
FN:676,(anonymous_49)
FN:680,(anonymous_50)
FN:682,(anonymous_51)
FN:684,(anonymous_52)
FN:689,(anonymous_53)
FN:693,(anonymous_54)
FN:720,(anonymous_55)
FN:735,(anonymous_56)
FN:739,(anonymous_57)
FN:743,(anonymous_58)
FN:747,(anonymous_59)
FN:772,(anonymous_60)
FN:779,(anonymous_61)
FN:786,(anonymous_62)
FN:793,(anonymous_63)
FN:800,(anonymous_64)
FN:807,(anonymous_65)
FN:814,(anonymous_66)
FN:821,(anonymous_67)
FN:833,(anonymous_68)
FN:841,(anonymous_69)
FN:850,(anonymous_70)
FN:860,(anonymous_71)
FN:877,(anonymous_72)
FN:885,(anonymous_73)
FN:899,(anonymous_74)
FN:921,(anonymous_75)
FNF:76
FNH:38
FNDA:236,(anonymous_0)
FNDA:236,(anonymous_1)
FNDA:236,(anonymous_2)
FNDA:79,(anonymous_3)
FNDA:0,(anonymous_4)
FNDA:79,(anonymous_5)
FNDA:236,(anonymous_6)
FNDA:64,(anonymous_7)
FNDA:64,(anonymous_8)
FNDA:236,(anonymous_9)
FNDA:236,(anonymous_10)
FNDA:75,(anonymous_11)
FNDA:0,(anonymous_12)
FNDA:0,(anonymous_13)
FNDA:0,(anonymous_14)
FNDA:0,(anonymous_15)
FNDA:0,(anonymous_16)
FNDA:0,(anonymous_17)
FNDA:0,(anonymous_18)
FNDA:0,(anonymous_19)
FNDA:0,(anonymous_20)
FNDA:0,(anonymous_21)
FNDA:0,(anonymous_22)
FNDA:42,(anonymous_23)
FNDA:6,(anonymous_24)
FNDA:0,(anonymous_25)
FNDA:0,(anonymous_26)
FNDA:0,(anonymous_27)
FNDA:0,(anonymous_28)
FNDA:0,(anonymous_29)
FNDA:0,(anonymous_30)
FNDA:2,(anonymous_31)
FNDA:4,(anonymous_32)
FNDA:3,(anonymous_33)
FNDA:0,(anonymous_34)
FNDA:1,(anonymous_35)
FNDA:1,(anonymous_36)
FNDA:84,(anonymous_37)
FNDA:0,(anonymous_38)
FNDA:78,(anonymous_39)
FNDA:64,(anonymous_40)
FNDA:2,(anonymous_41)
FNDA:2,(anonymous_42)
FNDA:0,(anonymous_43)
FNDA:0,(anonymous_44)
FNDA:0,(anonymous_45)
FNDA:0,(anonymous_46)
FNDA:0,(anonymous_47)
FNDA:0,(anonymous_48)
FNDA:0,(anonymous_49)
FNDA:0,(anonymous_50)
FNDA:0,(anonymous_51)
FNDA:0,(anonymous_52)
FNDA:0,(anonymous_53)
FNDA:356,(anonymous_54)
FNDA:0,(anonymous_55)
FNDA:1,(anonymous_56)
FNDA:0,(anonymous_57)
FNDA:1,(anonymous_58)
FNDA:1,(anonymous_59)
FNDA:1,(anonymous_60)
FNDA:1,(anonymous_61)
FNDA:1,(anonymous_62)
FNDA:0,(anonymous_63)
FNDA:1,(anonymous_64)
FNDA:1,(anonymous_65)
FNDA:1,(anonymous_66)
FNDA:1,(anonymous_67)
FNDA:0,(anonymous_68)
FNDA:0,(anonymous_69)
FNDA:1,(anonymous_70)
FNDA:0,(anonymous_71)
FNDA:9,(anonymous_72)
FNDA:1,(anonymous_73)
FNDA:9,(anonymous_74)
FNDA:0,(anonymous_75)
DA:8,236
DA:9,236
DA:10,236
DA:11,236
DA:12,236
DA:13,236
DA:14,236
DA:17,236
DA:28,236
DA:34,236
DA:41,236
DA:45,236
DA:47,236
DA:48,236
DA:49,236
DA:50,236
DA:52,236
DA:57,236
DA:58,79
DA:68,236
DA:69,0
DA:76,236
DA:77,79
DA:78,0
DA:85,236
DA:86,64
DA:87,64
DA:88,64
DA:91,236
DA:92,64
DA:93,64
DA:97,236
DA:98,236
DA:100,236
DA:101,236
DA:109,236
DA:110,236
DA:116,236
DA:117,236
DA:118,236
DA:119,236
DA:134,75
DA:136,75
DA:137,75
DA:140,75
DA:141,75
DA:148,75
DA:150,75
DA:164,42
DA:165,42
DA:169,42
DA:170,42
DA:171,42
DA:174,42
DA:175,42
DA:179,0
DA:180,0
DA:188,0
DA:189,0
DA:192,0
DA:197,42
DA:198,42
DA:202,42
DA:203,42
DA:209,0
DA:215,42
DA:216,42
DA:217,42
DA:220,42
DA:221,42
DA:224,42
DA:229,0
DA:232,0
DA:235,0
DA:237,0
DA:239,0
DA:240,0
DA:243,0
DA:244,0
DA:245,0
DA:246,0
DA:247,0
DA:249,0
DA:250,0
DA:252,0
DA:255,0
DA:262,0
DA:264,0
DA:265,0
DA:267,0
DA:269,0
DA:270,0
DA:271,0
DA:273,0
DA:277,0
DA:278,0
DA:282,0
DA:283,0
DA:286,0
DA:291,0
DA:293,0
DA:294,0
DA:297,0
DA:298,0
DA:303,0
DA:304,0
DA:305,0
DA:306,0
DA:309,0
DA:312,0
DA:316,0
DA:319,0
DA:321,0
DA:322,0
DA:325,0
DA:326,0
DA:329,0
DA:330,0
DA:335,42
DA:336,42
DA:337,42
DA:353,42
DA:364,42
DA:365,42
DA:368,42
DA:373,6
DA:380,6
DA:381,0
DA:384,6
DA:385,2
DA:389,4
DA:393,0
DA:396,0
DA:406,0
DA:410,2
DA:413,2
DA:415,2
DA:416,2
DA:419,2
DA:420,0
DA:423,2
DA:424,2
DA:425,2
DA:428,0
DA:433,4
DA:443,4
DA:455,3
DA:457,3
DA:458,3
DA:461,3
DA:462,3
DA:469,3
DA:471,3
DA:482,3
DA:483,3
DA:487,3
DA:488,1
DA:496,3
DA:500,0
DA:501,0
DA:505,0
DA:506,0
DA:512,0
DA:517,0
DA:518,0
DA:521,0
DA:527,1
DA:535,1
DA:536,1
DA:537,1
DA:539,1
DA:544,1
DA:548,1
DA:551,1
DA:552,0
DA:553,0
DA:554,0
DA:557,0
DA:558,0
DA:559,0
DA:560,0
DA:574,0
DA:575,0
DA:581,84
DA:582,84
DA:584,0
DA:588,0
DA:593,78
DA:594,78
DA:595,78
DA:596,2067
DA:597,2067
DA:598,2067
DA:600,78
DA:604,64
DA:607,64
DA:610,64
DA:616,2
DA:618,2
DA:620,2
DA:621,2
DA:624,2
DA:625,0
DA:628,2
DA:629,2
DA:630,2
DA:631,2
DA:633,0
DA:634,0
DA:639,2
DA:642,2
DA:644,0
DA:645,0
DA:646,0
DA:650,0
DA:652,0
DA:653,0
DA:662,0
DA:666,0
DA:672,0
DA:675,0
DA:677,0
DA:682,0
DA:683,0
DA:684,0
DA:694,356
DA:696,356
DA:704,356
DA:707,356
DA:708,0
DA:712,356
DA:715,356
DA:716,0
DA:721,0
DA:722,0
DA:730,0
DA:736,1
DA:740,0
DA:744,1
DA:748,1
DA:751,1
DA:752,1
DA:759,1
DA:760,1
DA:773,1
DA:780,1
DA:787,1
DA:794,0
DA:801,1
DA:808,1
DA:815,1
DA:822,1
DA:823,1
DA:824,1
DA:826,1
DA:829,1
DA:830,1
DA:834,0
DA:838,0
DA:842,0
DA:851,1
DA:852,0
DA:853,0
DA:854,0
DA:861,0
DA:862,0
DA:869,0
DA:870,0
DA:878,9
DA:879,9
DA:886,1
DA:901,9
DA:904,9
DA:905,0
DA:908,9
DA:909,9
DA:913,9
DA:914,9
DA:915,9
DA:917,9
DA:922,0
DA:923,0
DA:924,0
LF:283
LH:165
BRDA:45,0,0,0
BRDA:45,0,1,236
BRDA:77,1,0,0
BRDA:77,1,1,79
BRDA:97,2,0,236
BRDA:97,2,1,0
BRDA:123,3,0,0
BRDA:125,4,0,0
BRDA:126,5,0,0
BRDA:127,6,0,75
BRDA:128,7,0,0
BRDA:129,8,0,0
BRDA:130,9,0,0
BRDA:131,10,0,0
BRDA:132,11,0,75
BRDA:133,12,0,75
BRDA:136,13,0,75
BRDA:136,13,1,0
BRDA:140,14,0,75
BRDA:140,14,1,0
BRDA:143,15,0,75
BRDA:143,15,1,75
BRDA:164,16,0,42
BRDA:164,16,1,0
BRDA:169,17,0,42
BRDA:169,17,1,0
BRDA:169,18,0,42
BRDA:169,18,1,42
BRDA:170,19,0,42
BRDA:170,19,1,0
BRDA:174,20,0,42
BRDA:174,20,1,0
BRDA:179,21,0,0
BRDA:179,21,1,0
BRDA:179,22,0,0
BRDA:179,22,1,0
BRDA:182,23,0,0
BRDA:182,23,1,0
BRDA:188,24,0,0
BRDA:188,24,1,0
BRDA:188,25,0,0
BRDA:188,25,1,0
BRDA:189,26,0,0
BRDA:189,26,1,0
BRDA:197,27,0,42
BRDA:197,27,1,0
BRDA:202,28,0,42
BRDA:202,28,1,0
BRDA:206,29,0,42
BRDA:206,29,1,42
BRDA:210,30,0,42
BRDA:210,30,1,0
BRDA:216,31,0,42
BRDA:216,31,1,0
BRDA:216,32,0,42
BRDA:216,32,1,42
BRDA:220,33,0,42
BRDA:220,33,1,0
BRDA:228,34,0,0
BRDA:239,35,0,0
BRDA:239,35,1,0
BRDA:247,36,0,0
BRDA:247,36,1,0
BRDA:262,37,0,0
BRDA:262,37,1,0
BRDA:269,38,0,0
BRDA:269,38,1,0
BRDA:269,39,0,0
BRDA:269,39,1,0
BRDA:293,40,0,0
BRDA:293,40,1,0
BRDA:303,41,0,0
BRDA:303,41,1,0
BRDA:321,42,0,0
BRDA:321,42,1,0
BRDA:329,43,0,0
BRDA:329,43,1,0
BRDA:338,44,0,42
BRDA:338,44,1,42
BRDA:339,45,0,42
BRDA:339,45,1,42
BRDA:358,46,0,42
BRDA:358,46,1,0
BRDA:364,47,0,42
BRDA:364,47,1,0
BRDA:372,48,0,0
BRDA:380,49,0,0
BRDA:380,49,1,6
BRDA:380,50,0,6
BRDA:380,50,1,0
BRDA:384,51,0,2
BRDA:384,51,1,4
BRDA:415,52,0,2
BRDA:415,52,1,0
BRDA:419,53,0,0
BRDA:419,53,1,2
BRDA:423,54,0,2
BRDA:423,54,1,0
BRDA:447,55,0,0
BRDA:449,56,0,2
BRDA:450,57,0,2
BRDA:451,58,0,3
BRDA:452,59,0,3
BRDA:453,60,0,1
BRDA:454,61,0,3
BRDA:457,62,0,3
BRDA:457,62,1,3
BRDA:461,63,0,3
BRDA:461,63,1,0
BRDA:465,64,0,0
BRDA:465,64,1,3
BRDA:482,65,0,3
BRDA:482,65,1,0
BRDA:487,66,0,1
BRDA:487,66,1,2
BRDA:487,67,0,3
BRDA:487,67,1,3
BRDA:487,67,2,3
BRDA:491,68,0,0
BRDA:491,68,1,1
BRDA:500,69,0,0
BRDA:500,69,1,0
BRDA:505,70,0,0
BRDA:505,70,1,0
BRDA:510,71,0,0
BRDA:510,71,1,0
BRDA:513,72,0,0
BRDA:513,72,1,0
BRDA:517,73,0,0
BRDA:517,73,1,0
BRDA:526,74,0,0
BRDA:535,75,0,1
BRDA:535,75,1,0
BRDA:535,76,0,1
BRDA:535,76,1,1
BRDA:551,77,0,0
BRDA:551,77,1,1
BRDA:551,78,0,1
BRDA:551,78,1,1
BRDA:552,79,0,0
BRDA:552,79,1,0
BRDA:581,80,0,84
BRDA:581,80,1,0
BRDA:584,81,0,0
BRDA:584,81,1,0
BRDA:588,82,0,0
BRDA:588,82,1,0
BRDA:594,83,0,78
BRDA:594,83,1,0
BRDA:620,84,0,2
BRDA:620,84,1,0
BRDA:624,85,0,0
BRDA:624,85,1,2
BRDA:639,86,0,0
BRDA:639,86,1,2
BRDA:643,87,0,0
BRDA:672,88,0,0
BRDA:672,88,1,0
BRDA:694,89,0,0
BRDA:694,89,1,356
BRDA:707,90,0,0
BRDA:707,90,1,356
BRDA:715,91,0,0
BRDA:715,91,1,356
BRDA:751,92,0,1
BRDA:751,92,1,0
BRDA:753,93,0,1
BRDA:753,93,1,0
BRDA:754,94,0,1
BRDA:754,94,1,1
BRDA:759,95,0,1
BRDA:759,95,1,0
BRDA:762,96,0,1
BRDA:762,96,1,0
BRDA:772,97,0,0
BRDA:786,98,0,0
BRDA:793,99,0,0
BRDA:824,100,0,1
BRDA:824,100,1,0
BRDA:829,101,0,1
BRDA:829,101,1,0
BRDA:851,102,0,1
BRDA:851,102,1,0
BRDA:852,103,0,0
BRDA:852,103,1,0
BRDA:852,104,0,0
BRDA:852,104,1,0
BRDA:853,105,0,0
BRDA:853,105,1,0
BRDA:860,106,0,0
BRDA:904,107,0,0
BRDA:904,107,1,9
BRDA:904,108,0,9
BRDA:904,108,1,9
BRDA:908,109,0,9
BRDA:908,109,1,0
BRDA:908,110,0,9
BRDA:908,110,1,9
BRDA:921,111,0,0
BRF:199
BRH:84
end_of_record
TN:
SF:src/js/ErrorRecoveryManager.js
FN:6,(anonymous_0)
FN:88,(anonymous_1)
FN:98,(anonymous_2)
FN:100,(anonymous_3)
FN:105,(anonymous_4)
FN:113,(anonymous_5)
FN:120,(anonymous_6)
FN:122,(anonymous_7)
FN:127,(anonymous_8)
FN:136,(anonymous_9)
FN:157,(anonymous_10)
FN:192,(anonymous_11)
FN:227,(anonymous_12)
FN:244,(anonymous_13)
FN:285,(anonymous_14)
FN:333,(anonymous_15)
FN:362,(anonymous_16)
FN:391,(anonymous_17)
FN:409,(anonymous_18)
FN:420,(anonymous_19)
FN:442,(anonymous_20)
FN:443,(anonymous_21)
FN:444,(anonymous_22)
FN:451,(anonymous_23)
FN:455,(anonymous_24)
FN:463,(anonymous_25)
FN:470,(anonymous_26)
FN:478,(anonymous_27)
FN:479,(anonymous_28)
FN:481,(anonymous_29)
FN:482,(anonymous_30)
FN:487,(anonymous_31)
FN:506,(anonymous_32)
FN:547,(anonymous_33)
FN:572,(anonymous_34)
FN:581,(anonymous_35)
FN:596,(anonymous_36)
FN:598,(anonymous_37)
FN:604,(anonymous_38)
FN:606,(anonymous_39)
FN:615,(anonymous_40)
FN:619,(anonymous_41)
FN:625,(anonymous_42)
FN:627,(anonymous_43)
FN:628,(anonymous_44)
FN:632,(anonymous_45)
FN:637,(anonymous_46)
FN:638,(anonymous_47)
FN:642,(anonymous_48)
FN:649,(anonymous_49)
FN:661,(anonymous_50)
FN:674,(anonymous_51)
FN:684,(anonymous_52)
FN:708,(anonymous_53)
FN:714,(anonymous_54)
FN:734,(anonymous_55)
FN:742,(anonymous_56)
FN:752,(anonymous_57)
FN:760,(anonymous_58)
FN:769,(anonymous_59)
FN:781,(anonymous_60)
FN:785,(anonymous_61)
FN:792,(anonymous_62)
FN:806,(anonymous_63)
FN:823,(anonymous_64)
FN:828,(anonymous_65)
FN:840,(anonymous_66)
FN:847,(anonymous_67)
FN:848,(anonymous_68)
FN:851,(anonymous_69)
FN:856,(anonymous_70)
FN:862,(anonymous_71)
FN:863,(anonymous_72)
FN:867,(anonymous_73)
FN:879,(anonymous_74)
FN:889,(anonymous_75)
FN:900,(anonymous_76)
FN:911,(anonymous_77)
FN:916,(anonymous_78)
FNF:79
FNH:43
FNDA:254,(anonymous_0)
FNDA:254,(anonymous_1)
FNDA:254,(anonymous_2)
FNDA:64,(anonymous_3)
FNDA:64,(anonymous_4)
FNDA:0,(anonymous_5)
FNDA:254,(anonymous_6)
FNDA:0,(anonymous_7)
FNDA:79,(anonymous_8)
FNDA:254,(anonymous_9)
FNDA:160,(anonymous_10)
FNDA:160,(anonymous_11)
FNDA:180,(anonymous_12)
FNDA:2,(anonymous_13)
FNDA:76,(anonymous_14)
FNDA:0,(anonymous_15)
FNDA:99,(anonymous_16)
FNDA:3,(anonymous_17)
FNDA:0,(anonymous_18)
FNDA:20,(anonymous_19)
FNDA:81,(anonymous_20)
FNDA:81,(anonymous_21)
FNDA:3,(anonymous_22)
FNDA:86,(anonymous_23)
FNDA:0,(anonymous_24)
FNDA:0,(anonymous_25)
FNDA:0,(anonymous_26)
FNDA:0,(anonymous_27)
FNDA:0,(anonymous_28)
FNDA:0,(anonymous_29)
FNDA:0,(anonymous_30)
FNDA:0,(anonymous_31)
FNDA:1,(anonymous_32)
FNDA:0,(anonymous_33)
FNDA:0,(anonymous_34)
FNDA:0,(anonymous_35)
FNDA:0,(anonymous_36)
FNDA:0,(anonymous_37)
FNDA:0,(anonymous_38)
FNDA:0,(anonymous_39)
FNDA:0,(anonymous_40)
FNDA:0,(anonymous_41)
FNDA:0,(anonymous_42)
FNDA:0,(anonymous_43)
FNDA:0,(anonymous_44)
FNDA:0,(anonymous_45)
FNDA:0,(anonymous_46)
FNDA:0,(anonymous_47)
FNDA:0,(anonymous_48)
FNDA:20,(anonymous_49)
FNDA:3,(anonymous_50)
FNDA:66,(anonymous_51)
FNDA:66,(anonymous_52)
FNDA:0,(anonymous_53)
FNDA:64,(anonymous_54)
FNDA:64,(anonymous_55)
FNDA:254,(anonymous_56)
FNDA:254,(anonymous_57)
FNDA:0,(anonymous_58)
FNDA:0,(anonymous_59)
FNDA:0,(anonymous_60)
FNDA:0,(anonymous_61)
FNDA:79,(anonymous_62)
FNDA:245,(anonymous_63)
FNDA:160,(anonymous_64)
FNDA:320,(anonymous_65)
FNDA:0,(anonymous_66)
FNDA:254,(anonymous_67)
FNDA:254,(anonymous_68)
FNDA:215,(anonymous_69)
FNDA:0,(anonymous_70)
FNDA:79,(anonymous_71)
FNDA:79,(anonymous_72)
FNDA:48,(anonymous_73)
FNDA:20,(anonymous_74)
FNDA:3,(anonymous_75)
FNDA:9,(anonymous_76)
FNDA:1,(anonymous_77)
FNDA:0,(anonymous_78)
DA:7,254
DA:19,254
DA:20,254
DA:21,254
DA:22,254
DA:31,254
DA:85,254
DA:89,254
DA:90,254
DA:91,254
DA:93,254
DA:94,246
DA:100,254
DA:101,64
DA:102,64
DA:105,254
DA:106,64
DA:107,64
DA:111,254
DA:112,254
DA:113,254
DA:114,0
DA:116,254
DA:122,254
DA:123,0
DA:127,254
DA:128,79
DA:129,0
DA:131,79
DA:138,254
DA:142,254
DA:143,254
DA:144,254
DA:145,108
DA:147,0
DA:148,0
DA:158,160
DA:159,160
DA:161,160
DA:162,160
DA:163,156
DA:167,160
DA:170,160
DA:179,47
DA:181,47
DA:185,20
DA:188,20
DA:193,160
DA:194,160
DA:195,160
DA:197,160
DA:198,239
DA:200,239
DA:202,239
DA:203,79
DA:204,79
DA:206,79
DA:210,180
DA:213,47
DA:214,47
DA:217,99
DA:218,99
DA:220,99
DA:221,20
DA:228,180
DA:230,2
DA:232,76
DA:234,0
DA:236,99
DA:238,3
DA:240,0
DA:245,2
DA:248,2
DA:249,5
DA:250,5
DA:252,0
DA:258,5
DA:260,0
DA:261,0
DA:269,5
DA:270,1
DA:278,3
DA:282,0
DA:286,76
DA:288,76
DA:289,76
DA:290,76
DA:292,76
DA:293,76
DA:294,43
DA:300,0
DA:302,0
DA:307,0
DA:309,0
DA:317,0
DA:318,0
DA:326,0
DA:330,0
DA:334,0
DA:336,0
DA:337,0
DA:338,0
DA:340,0
DA:341,0
DA:343,0
DA:346,0
DA:347,0
DA:355,0
DA:359,0
DA:363,99
DA:365,0
DA:366,0
DA:367,0
DA:369,0
DA:370,0
DA:372,0
DA:375,0
DA:376,0
DA:384,0
DA:388,0
DA:392,3
DA:393,5
DA:394,5
DA:396,3
DA:397,2
DA:399,2
DA:402,2
DA:406,0
DA:411,0
DA:413,0
DA:416,0
DA:421,20
DA:422,20
DA:425,20
DA:427,20
DA:429,0
DA:431,0
DA:433,0
DA:435,20
DA:437,0
DA:443,81
DA:444,81
DA:445,3
DA:448,81
DA:450,81
DA:451,81
DA:452,86
DA:453,86
DA:455,81
DA:456,0
DA:457,0
DA:459,81
DA:462,0
DA:464,0
DA:465,0
DA:466,0
DA:468,0
DA:471,0
DA:472,0
DA:479,0
DA:480,0
DA:481,0
DA:482,0
DA:483,0
DA:488,0
DA:489,0
DA:490,0
DA:491,0
DA:503,0
DA:507,1
DA:508,1
DA:510,1
DA:511,1
DA:513,1
DA:529,1
DA:540,1
DA:541,1
DA:544,1
DA:548,0
DA:565,0
DA:566,0
DA:567,0
DA:569,0
DA:574,0
DA:575,0
DA:576,0
DA:578,0
DA:582,0
DA:584,0
DA:585,0
DA:588,0
DA:589,0
DA:592,0
DA:593,0
DA:597,0
DA:599,0
DA:600,0
DA:601,0
DA:605,0
DA:606,0
DA:607,0
DA:616,0
DA:620,0
DA:626,0
DA:627,0
DA:628,0
DA:629,0
DA:630,0
DA:632,0
DA:633,0
DA:637,0
DA:638,0
DA:642,0
DA:643,0
DA:651,20
DA:654,20
DA:658,20
DA:663,3
DA:664,1
DA:665,1
DA:666,1
DA:667,1
DA:671,2
DA:676,66
DA:679,66
DA:681,66
DA:685,66
DA:686,66
DA:687,4
DA:688,4
DA:689,4
DA:703,4
DA:704,4
DA:708,66
DA:709,0
DA:715,64
DA:716,64
DA:720,64
DA:721,64
DA:722,64
DA:726,64
DA:729,64
DA:735,64
DA:736,64
DA:739,64
DA:743,254
DA:753,254
DA:754,254
DA:755,0
DA:756,0
DA:761,0
DA:762,0
DA:766,0
DA:770,0
DA:771,0
DA:772,0
DA:774,0
DA:775,0
DA:779,0
DA:782,0
DA:783,0
DA:786,0
DA:787,0
DA:793,79
DA:794,79
DA:798,79
DA:807,245
DA:808,245
DA:811,245
DA:812,242
DA:813,3
DA:814,3
DA:816,0
DA:820,245
DA:824,160
DA:825,160
DA:830,320
DA:831,320
DA:832,320
DA:833,4912
DA:834,4912
DA:835,4912
DA:837,320
DA:841,0
DA:842,0
DA:843,0
DA:844,0
DA:848,254
DA:849,254
DA:850,254
DA:851,254
DA:852,254
DA:853,254
DA:855,0
DA:856,0
DA:863,79
DA:868,48
DA:869,48
DA:870,48
DA:873,48
DA:874,48
DA:875,48
DA:880,20
DA:881,20
DA:883,20
DA:884,20
DA:890,3
DA:901,9
DA:902,9
DA:912,1
DA:917,0
LF:311
LH:184
BRDA:6,0,0,0
BRDA:8,1,0,254
BRDA:8,1,1,18
BRDA:9,2,0,254
BRDA:9,2,1,18
BRDA:10,3,0,254
BRDA:10,3,1,254
BRDA:13,4,0,254
BRDA:13,4,1,254
BRDA:14,5,0,254
BRDA:14,5,1,254
BRDA:93,6,0,246
BRDA:93,6,1,8
BRDA:111,7,0,254
BRDA:111,7,1,0
BRDA:128,8,0,0
BRDA:128,8,1,79
BRDA:147,9,0,0
BRDA:147,9,1,0
BRDA:157,10,0,4
BRDA:162,11,0,156
BRDA:162,11,1,4
BRDA:167,12,0,160
BRDA:167,12,1,0
BRDA:194,13,0,160
BRDA:194,13,1,160
BRDA:195,14,0,160
BRDA:195,14,1,0
BRDA:202,15,0,79
BRDA:202,15,1,160
BRDA:203,16,0,79
BRDA:203,16,1,0
BRDA:220,17,0,20
BRDA:220,17,1,79
BRDA:228,18,0,2
BRDA:228,18,1,76
BRDA:228,18,2,0
BRDA:228,18,3,99
BRDA:228,18,4,3
BRDA:228,18,5,0
BRDA:245,19,0,2
BRDA:245,19,1,0
BRDA:250,20,0,0
BRDA:250,20,1,5
BRDA:258,21,0,0
BRDA:258,21,1,5
BRDA:286,22,0,76
BRDA:286,22,1,0
BRDA:290,23,0,76
BRDA:290,23,1,0
BRDA:300,24,0,0
BRDA:300,24,1,0
BRDA:307,25,0,0
BRDA:307,25,1,0
BRDA:334,26,0,0
BRDA:334,26,1,0
BRDA:338,27,0,0
BRDA:338,27,1,0
BRDA:341,28,0,0
BRDA:341,28,1,0
BRDA:363,29,0,0
BRDA:363,29,1,99
BRDA:367,30,0,0
BRDA:367,30,1,0
BRDA:369,31,0,0
BRDA:369,31,1,0
BRDA:370,32,0,0
BRDA:370,32,1,0
BRDA:394,33,0,3
BRDA:394,33,1,2
BRDA:397,34,0,2
BRDA:397,34,1,0
BRDA:421,35,0,20
BRDA:421,35,1,0
BRDA:427,36,0,0
BRDA:427,36,1,0
BRDA:427,36,2,0
BRDA:427,36,3,20
BRDA:427,36,4,0
BRDA:448,37,0,81
BRDA:448,37,1,0
BRDA:465,38,0,0
BRDA:465,38,1,0
BRDA:510,39,0,1
BRDA:510,39,1,0
BRDA:510,39,2,0
BRDA:511,40,0,1
BRDA:511,40,1,0
BRDA:511,40,2,0
BRDA:534,41,0,0
BRDA:534,41,1,1
BRDA:540,42,0,1
BRDA:540,42,1,0
BRDA:584,43,0,0
BRDA:584,43,1,0
BRDA:584,44,0,0
BRDA:584,44,1,0
BRDA:588,45,0,0
BRDA:588,45,1,0
BRDA:588,46,0,0
BRDA:588,46,1,0
BRDA:598,47,0,0
BRDA:626,48,0,0
BRDA:626,48,1,0
BRDA:627,49,0,0
BRDA:630,50,0,0
BRDA:630,50,1,0
BRDA:634,51,0,0
BRDA:634,51,1,0
BRDA:663,52,0,1
BRDA:663,52,1,2
BRDA:666,53,0,1
BRDA:666,53,1,0
BRDA:686,54,0,4
BRDA:686,54,1,62
BRDA:715,55,0,64
BRDA:715,55,1,0
BRDA:721,56,0,64
BRDA:721,56,1,0
BRDA:735,57,0,64
BRDA:735,57,1,0
BRDA:753,58,0,0
BRDA:753,58,1,254
BRDA:754,59,0,254
BRDA:754,59,1,0
BRDA:754,60,0,254
BRDA:754,60,1,254
BRDA:755,61,0,0
BRDA:755,61,1,0
BRDA:755,62,0,0
BRDA:755,62,1,0
BRDA:761,63,0,0
BRDA:761,63,1,0
BRDA:772,64,0,0
BRDA:772,64,1,0
BRDA:774,65,0,0
BRDA:774,65,1,0
BRDA:782,66,0,0
BRDA:782,66,1,0
BRDA:782,67,0,0
BRDA:782,67,1,0
BRDA:786,68,0,0
BRDA:786,68,1,0
BRDA:793,69,0,79
BRDA:793,69,1,0
BRDA:811,70,0,242
BRDA:811,70,1,3
BRDA:813,71,0,3
BRDA:813,71,1,0
BRDA:824,72,0,81
BRDA:824,72,1,79
BRDA:831,73,0,241
BRDA:831,73,1,79
BRDA:841,74,0,0
BRDA:841,74,1,0
BRDA:842,75,0,0
BRDA:842,75,1,0
BRDA:842,76,0,0
BRDA:842,76,1,0
BRDA:843,77,0,0
BRDA:843,77,1,0
BRDA:849,78,0,254
BRDA:849,78,1,0
BRDA:856,79,0,0
BRDA:856,79,1,0
BRDA:883,80,0,20
BRDA:883,80,1,0
BRDA:892,81,0,1
BRDA:892,81,1,2
BRDA:916,82,0,0
BRF:170
BRH:70
end_of_record
TN:
SF:src/js/HeroLoader copy.js
FN:6,(anonymous_0)
FN:18,(anonymous_1)
FN:50,(anonymous_2)
FN:53,(anonymous_3)
FN:59,(anonymous_4)
FN:60,(anonymous_5)
FN:70,(anonymous_6)
FN:83,(anonymous_7)
FN:89,(anonymous_8)
FN:99,(anonymous_9)
FNF:10
FNH:0
FNDA:0,(anonymous_0)
FNDA:0,(anonymous_1)
FNDA:0,(anonymous_2)
FNDA:0,(anonymous_3)
FNDA:0,(anonymous_4)
FNDA:0,(anonymous_5)
FNDA:0,(anonymous_6)
FNDA:0,(anonymous_7)
FNDA:0,(anonymous_8)
FNDA:0,(anonymous_9)
DA:7,0
DA:8,0
DA:9,0
DA:11,0
DA:12,0
DA:13,0
DA:15,0
DA:19,0
DA:20,0
DA:21,0
DA:23,0
DA:26,0
DA:27,0
DA:34,0
DA:35,0
DA:36,0
DA:37,0
DA:38,0
DA:39,0
DA:40,0
DA:43,0
DA:44,0
DA:45,0
DA:46,0
DA:47,0
DA:51,0
DA:53,0
DA:54,0
DA:56,0
DA:60,0
DA:63,0
DA:65,0
DA:66,0
DA:69,0
DA:70,0
DA:71,0
DA:81,0
DA:85,0
DA:90,0
DA:91,0
DA:95,0
DA:99,0
DA:100,0
DA:108,0
DA:115,0
DA:123,0
DA:124,0
DA:125,0
LF:48
LH:0
BRF:0
BRH:0
end_of_record
TN:
SF:src/js/HeroLoader.js
FN:15,(anonymous_0)
FN:32,(anonymous_1)
FN:37,(anonymous_2)
FN:102,(anonymous_3)
FN:138,(anonymous_4)
FN:145,(anonymous_5)
FN:153,(anonymous_6)
FN:158,(anonymous_7)
FN:183,(anonymous_8)
FN:203,(anonymous_9)
FN:214,(anonymous_10)
FN:223,(anonymous_11)
FN:228,(anonymous_12)
FN:237,(anonymous_13)
FN:243,(anonymous_14)
FN:253,(anonymous_15)
FN:275,(anonymous_16)
FN:276,(anonymous_17)
FN:299,(anonymous_18)
FN:319,(anonymous_19)
FN:328,(anonymous_20)
FN:365,(anonymous_21)
FN:391,(anonymous_22)
FN:400,(anonymous_23)
FN:408,(anonymous_24)
FN:422,(anonymous_25)
FN:434,(anonymous_26)
FN:446,(anonymous_27)
FN:476,(anonymous_28)
FN:498,(anonymous_29)
FN:524,(anonymous_30)
FN:557,(anonymous_31)
FN:564,(anonymous_32)
FN:567,(anonymous_33)
FN:576,(anonymous_34)
FN:620,(anonymous_35)
FN:643,(anonymous_36)
FN:653,(anonymous_37)
FN:664,(anonymous_38)
FN:681,(anonymous_39)
FN:702,(anonymous_40)
FN:720,(anonymous_41)
FN:752,(anonymous_42)
FN:923,(anonymous_43)
FN:953,(anonymous_44)
FN:961,(anonymous_45)
FN:967,(anonymous_46)
FN:971,(anonymous_47)
FN:973,(anonymous_48)
FN:976,(anonymous_49)
FN:1041,(anonymous_50)
FN:1059,(anonymous_51)
FN:1066,(anonymous_52)
FN:1077,(anonymous_53)
FN:1078,(anonymous_54)
FN:1122,(anonymous_55)
FN:1147,(anonymous_56)
FN:1155,(anonymous_57)
FN:1170,(anonymous_58)
FN:1180,(anonymous_59)
FNF:60
FNH:0
FNDA:0,(anonymous_0)
FNDA:0,(anonymous_1)
FNDA:0,(anonymous_2)
FNDA:0,(anonymous_3)
FNDA:0,(anonymous_4)
FNDA:0,(anonymous_5)
FNDA:0,(anonymous_6)
FNDA:0,(anonymous_7)
FNDA:0,(anonymous_8)
FNDA:0,(anonymous_9)
FNDA:0,(anonymous_10)
FNDA:0,(anonymous_11)
FNDA:0,(anonymous_12)
FNDA:0,(anonymous_13)
FNDA:0,(anonymous_14)
FNDA:0,(anonymous_15)
FNDA:0,(anonymous_16)
FNDA:0,(anonymous_17)
FNDA:0,(anonymous_18)
FNDA:0,(anonymous_19)
FNDA:0,(anonymous_20)
FNDA:0,(anonymous_21)
FNDA:0,(anonymous_22)
FNDA:0,(anonymous_23)
FNDA:0,(anonymous_24)
FNDA:0,(anonymous_25)
FNDA:0,(anonymous_26)
FNDA:0,(anonymous_27)
FNDA:0,(anonymous_28)
FNDA:0,(anonymous_29)
FNDA:0,(anonymous_30)
FNDA:0,(anonymous_31)
FNDA:0,(anonymous_32)
FNDA:0,(anonymous_33)
FNDA:0,(anonymous_34)
FNDA:0,(anonymous_35)
FNDA:0,(anonymous_36)
FNDA:0,(anonymous_37)
FNDA:0,(anonymous_38)
FNDA:0,(anonymous_39)
FNDA:0,(anonymous_40)
FNDA:0,(anonymous_41)
FNDA:0,(anonymous_42)
FNDA:0,(anonymous_43)
FNDA:0,(anonymous_44)
FNDA:0,(anonymous_45)
FNDA:0,(anonymous_46)
FNDA:0,(anonymous_47)
FNDA:0,(anonymous_48)
FNDA:0,(anonymous_49)
FNDA:0,(anonymous_50)
FNDA:0,(anonymous_51)
FNDA:0,(anonymous_52)
FNDA:0,(anonymous_53)
FNDA:0,(anonymous_54)
FNDA:0,(anonymous_55)
FNDA:0,(anonymous_56)
FNDA:0,(anonymous_57)
FNDA:0,(anonymous_58)
FNDA:0,(anonymous_59)
DA:7,0
DA:8,0
DA:16,0
DA:17,0
DA:19,0
DA:20,0
DA:21,0
DA:22,0
DA:24,0
DA:25,0
DA:33,0
DA:34,0
DA:38,0
DA:39,0
DA:40,0
DA:41,0
DA:44,0
DA:45,0
DA:47,0
DA:48,0
DA:49,0
DA:53,0
DA:54,0
DA:73,0
DA:74,0
DA:75,0
DA:82,0
DA:83,0
DA:84,0
DA:85,0
DA:86,0
DA:89,0
DA:90,0
DA:91,0
DA:92,0
DA:93,0
DA:94,0
DA:97,0
DA:99,0
DA:103,0
DA:104,0
DA:105,0
DA:107,0
DA:109,0
DA:111,0
DA:112,0
DA:113,0
DA:114,0
DA:117,0
DA:118,0
DA:120,0
DA:121,0
DA:123,0
DA:124,0
DA:126,0
DA:127,0
DA:129,0
DA:130,0
DA:133,0
DA:137,0
DA:138,0
DA:139,0
DA:140,0
DA:141,0
DA:146,0
DA:147,0
DA:149,0
DA:150,0
DA:153,0
DA:154,0
DA:155,0
DA:158,0
DA:159,0
DA:160,0
DA:161,0
DA:162,0
DA:165,0
DA:166,0
DA:169,0
DA:170,0
DA:172,0
DA:173,0
DA:176,0
DA:177,0
DA:179,0
DA:180,0
DA:183,0
DA:184,0
DA:185,0
DA:186,0
DA:190,0
DA:200,0
DA:204,0
DA:205,0
DA:206,0
DA:207,0
DA:210,0
DA:211,0
DA:214,0
DA:215,0
DA:216,0
DA:219,0
DA:220,0
DA:223,0
DA:224,0
DA:225,0
DA:228,0
DA:229,0
DA:230,0
DA:231,0
DA:234,0
DA:238,0
DA:240,0
DA:241,0
DA:243,0
DA:244,0
DA:247,0
DA:248,0
DA:249,0
DA:254,0
DA:257,0
DA:258,0
DA:259,0
DA:260,0
DA:261,0
DA:262,0
DA:264,0
DA:268,0
DA:269,0
DA:270,0
DA:271,0
DA:272,0
DA:276,0
DA:278,0
DA:298,0
DA:299,0
DA:300,0
DA:301,0
DA:304,0
DA:305,0
DA:307,0
DA:308,0
DA:310,0
DA:311,0
DA:313,0
DA:314,0
DA:316,0
DA:319,0
DA:320,0
DA:321,0
DA:324,0
DA:329,0
DA:332,0
DA:333,0
DA:334,0
DA:337,0
DA:338,0
DA:340,0
DA:341,0
DA:342,0
DA:343,0
DA:346,0
DA:347,0
DA:349,0
DA:350,0
DA:355,0
DA:356,0
DA:357,0
DA:359,0
DA:360,0
DA:362,0
DA:366,0
DA:367,0
DA:370,0
DA:389,0
DA:390,0
DA:391,0
DA:392,0
DA:400,0
DA:401,0
DA:405,0
DA:409,0
DA:410,0
DA:412,0
DA:413,0
DA:414,0
DA:415,0
DA:416,0
DA:419,0
DA:423,0
DA:424,0
DA:426,0
DA:427,0
DA:428,0
DA:431,0
DA:435,0
DA:436,0
DA:438,0
DA:439,0
DA:440,0
DA:443,0
DA:447,0
DA:450,0
DA:451,0
DA:452,0
DA:453,0
DA:454,0
DA:458,0
DA:459,0
DA:460,0
DA:461,0
DA:462,0
DA:466,0
DA:467,0
DA:468,0
DA:469,0
DA:470,0
DA:473,0
DA:477,0
DA:480,0
DA:481,0
DA:482,0
DA:483,0
DA:484,0
DA:488,0
DA:489,0
DA:490,0
DA:491,0
DA:492,0
DA:495,0
DA:499,0
DA:500,0
DA:503,0
DA:505,0
DA:507,0
DA:508,0
DA:509,0
DA:510,0
DA:511,0
DA:513,0
DA:516,0
DA:517,0
DA:518,0
DA:521,0
DA:526,0
DA:527,0
DA:528,0
DA:541,0
DA:544,0
DA:557,0
DA:558,0
DA:559,0
DA:565,0
DA:566,0
DA:567,0
DA:568,0
DA:569,0
DA:570,0
DA:577,0
DA:579,0
DA:580,0
DA:581,0
DA:582,0
DA:585,0
DA:586,0
DA:587,0
DA:589,0
DA:590,0
DA:591,0
DA:592,0
DA:593,0
DA:594,0
DA:595,0
DA:598,0
DA:600,0
DA:601,0
DA:602,0
DA:604,0
DA:607,0
DA:608,0
DA:609,0
DA:614,0
DA:615,0
DA:617,0
DA:622,0
DA:623,0
DA:624,0
DA:626,0
DA:627,0
DA:628,0
DA:631,0
DA:632,0
DA:633,0
DA:637,0
DA:638,0
DA:640,0
DA:644,0
DA:645,0
DA:652,0
DA:653,0
DA:654,0
DA:661,0
DA:666,0
DA:668,0
DA:669,0
DA:677,0
DA:678,0
DA:681,0
[...]
FN:133,(anonymous_19)
FN:151,(anonymous_20)
FN:156,(anonymous_21)
FN:160,(anonymous_22)
FN:164,(anonymous_23)
FN:184,(anonymous_24)
FN:189,(anonymous_25)
FN:197,(anonymous_26)
FN:198,(anonymous_27)
FN:202,(anonymous_28)
FN:217,(anonymous_29)
FN:237,(anonymous_30)
FN:251,showConfirmation
FN:258,(anonymous_32)
FN:259,(anonymous_33)
FN:260,(anonymous_34)
FNF:35
FNH:0
FNDA:0,(anonymous_0)
FNDA:0,(anonymous_1)
FNDA:0,(anonymous_2)
FNDA:0,(anonymous_3)
FNDA:0,(anonymous_4)
FNDA:0,(anonymous_5)
FNDA:0,(anonymous_6)
FNDA:0,(anonymous_7)
FNDA:0,(anonymous_8)
FNDA:0,(anonymous_9)
FNDA:0,(anonymous_10)
FNDA:0,(anonymous_11)
FNDA:0,(anonymous_12)
FNDA:0,(anonymous_13)
FNDA:0,(anonymous_14)
FNDA:0,(anonymous_15)
FNDA:0,(anonymous_16)
FNDA:0,(anonymous_17)
FNDA:0,(anonymous_18)
FNDA:0,(anonymous_19)
FNDA:0,(anonymous_20)
FNDA:0,(anonymous_21)
FNDA:0,(anonymous_22)
FNDA:0,(anonymous_23)
FNDA:0,(anonymous_24)
FNDA:0,(anonymous_25)
FNDA:0,(anonymous_26)
FNDA:0,(anonymous_27)
FNDA:0,(anonymous_28)
FNDA:0,(anonymous_29)
FNDA:0,(anonymous_30)
FNDA:0,showConfirmation
FNDA:0,(anonymous_32)
FNDA:0,(anonymous_33)
FNDA:0,(anonymous_34)
DA:6,0
DA:7,0
DA:8,0
DA:9,0
DA:14,0
DA:15,0
DA:16,0
DA:17,0
DA:21,0
DA:22,0
DA:24,0
DA:25,0
DA:26,0
DA:28,0
DA:29,0
DA:30,0
DA:32,0
DA:35,0
DA:36,0
DA:37,0
DA:38,0
DA:39,0
DA:40,0
DA:42,0
DA:45,0
DA:49,0
DA:50,0
DA:53,0
DA:54,0
DA:55,0
DA:60,0
DA:61,0
DA:62,0
DA:64,0
DA:65,0
DA:69,0
DA:71,0
DA:72,0
DA:73,0
DA:74,0
DA:75,0
DA:76,0
DA:77,0
DA:78,0
DA:85,0
DA:90,0
DA:91,0
DA:92,0
DA:94,0
DA:96,0
DA:99,0
DA:109,0
DA:111,0
DA:112,0
DA:113,0
DA:115,0
DA:116,0
DA:117,0
DA:118,0
DA:119,0
DA:120,0
DA:121,0
DA:122,0
DA:126,0
DA:134,0
DA:136,0
DA:137,0
DA:139,0
DA:140,0
DA:141,0
DA:143,0
DA:144,0
DA:145,0
DA:147,0
DA:152,0
DA:153,0
DA:157,0
DA:158,0
DA:160,0
DA:161,0
DA:162,0
DA:163,0
DA:164,0
DA:165,0
DA:167,0
DA:168,0
DA:170,0
DA:172,0
DA:175,0
DA:176,0
DA:177,0
DA:178,0
DA:180,0
DA:184,0
DA:185,0
DA:186,0
DA:187,0
DA:189,0
DA:190,0
DA:191,0
DA:194,0
DA:195,0
DA:197,0
DA:198,0
DA:203,0
DA:204,0
DA:205,0
DA:206,0
DA:208,0
DA:209,0
DA:215,0
DA:217,0
DA:218,0
DA:219,0
DA:221,0
DA:222,0
DA:223,0
DA:224,0
DA:226,0
DA:227,0
DA:228,0
DA:229,0
DA:230,0
DA:232,0
DA:233,0
DA:234,0
DA:236,0
DA:237,0
DA:239,0
DA:240,0
DA:242,0
DA:243,0
DA:245,0
DA:246,0
DA:247,0
DA:252,0
DA:253,0
DA:254,0
DA:256,0
DA:259,0
DA:260,0
LF:141
LH:0
BRDA:22,0,0,0
BRDA:22,0,1,0
BRDA:28,1,0,0
BRDA:28,1,1,0
BRDA:37,2,0,0
BRDA:37,2,1,0
BRDA:54,3,0,0
BRDA:54,3,1,0
BRDA:54,4,0,0
BRDA:54,4,1,0
BRDA:54,4,2,0
BRDA:60,5,0,0
BRDA:60,5,1,0
BRDA:69,6,0,0
BRDA:69,6,1,0
BRDA:73,7,0,0
BRDA:73,7,1,0
BRDA:77,8,0,0
BRDA:77,8,1,0
BRDA:92,9,0,0
BRDA:92,9,1,0
BRDA:92,10,0,0
BRDA:92,10,1,0
BRDA:113,11,0,0
BRDA:113,11,1,0
BRDA:116,12,0,0
BRDA:116,12,1,0
BRDA:120,13,0,0
BRDA:120,13,1,0
BRDA:141,14,0,0
BRDA:141,14,1,0
BRDA:143,15,0,0
BRDA:143,15,1,0
BRDA:152,16,0,0
BRDA:152,16,1,0
BRDA:158,17,0,0
BRDA:158,17,1,0
BRDA:165,18,0,0
BRDA:165,18,1,0
BRDA:165,19,0,0
BRDA:165,19,1,0
BRDA:165,19,2,0
BRDA:167,20,0,0
BRDA:167,20,1,0
BRDA:175,21,0,0
BRDA:175,21,1,0
BRDA:184,22,0,0
BRDA:186,23,0,0
BRDA:186,23,1,0
BRDA:187,24,0,0
BRDA:187,24,1,0
BRDA:194,25,0,0
BRDA:194,25,1,0
BRDA:194,26,0,0
BRDA:194,26,1,0
BRDA:204,27,0,0
BRDA:204,27,1,0
BRDA:219,28,0,0
BRDA:219,28,1,0
BRDA:233,29,0,0
BRDA:233,29,1,0
BRDA:253,30,0,0
BRDA:253,30,1,0
BRDA:254,31,0,0
BRDA:254,31,1,0
BRDA:254,32,0,0
BRDA:254,32,1,0
BRF:67
BRH:0
end_of_record
TN:
SF:src/js/UserFeedbackManager.js
FN:6,(anonymous_0)
FN:39,(anonymous_1)
FN:47,(anonymous_2)
FN:71,(anonymous_3)
FN:78,(anonymous_4)
FN:99,(anonymous_5)
FN:390,(anonymous_6)
FN:392,(anonymous_7)
FN:396,(anonymous_8)
FN:401,(anonymous_9)
FN:411,(anonymous_10)
FN:453,(anonymous_11)
FN:473,(anonymous_12)
FN:483,(anonymous_13)
FN:495,(anonymous_14)
FN:559,(anonymous_15)
FN:579,(anonymous_16)
FN:614,(anonymous_17)
FN:625,(anonymous_18)
FN:669,(anonymous_19)
FN:693,(anonymous_20)
FN:742,(anonymous_21)
FN:759,(anonymous_22)
FN:760,(anonymous_23)
FN:771,(anonymous_24)
FN:785,(anonymous_25)
FN:836,(anonymous_26)
FN:856,(anonymous_27)
FN:870,(anonymous_28)
FN:872,(anonymous_29)
FN:874,(anonymous_30)
FN:882,(anonymous_31)
FN:889,(anonymous_32)
FN:897,(anonymous_33)
FN:899,(anonymous_34)
FN:903,(anonymous_35)
FN:913,(anonymous_36)
FN:915,(anonymous_37)
FN:922,(anonymous_38)
FN:936,(anonymous_39)
FN:938,(anonymous_40)
FN:944,(anonymous_41)
FN:953,(anonymous_42)
FN:955,(anonymous_43)
FN:967,(anonymous_44)
FN:973,(anonymous_45)
FN:981,(anonymous_46)
FN:983,(anonymous_47)
FN:988,(anonymous_48)
FN:996,(anonymous_49)
FN:1003,(anonymous_50)
FN:1018,(anonymous_51)
FNF:52
FNH:34
FNDA:246,(anonymous_0)
FNDA:246,(anonymous_1)
FNDA:246,(anonymous_2)
FNDA:65,(anonymous_3)
FNDA:0,(anonymous_4)
FNDA:246,(anonymous_5)
FNDA:246,(anonymous_6)
FNDA:64,(anonymous_7)
FNDA:64,(anonymous_8)
FNDA:15,(anonymous_9)
FNDA:81,(anonymous_10)
FNDA:1,(anonymous_11)
FNDA:90,(anonymous_12)
FNDA:40,(anonymous_13)
FNDA:110,(anonymous_14)
FNDA:0,(anonymous_15)
FNDA:68,(anonymous_16)
FNDA:0,(anonymous_17)
FNDA:130,(anonymous_18)
FNDA:81,(anonymous_19)
FNDA:110,(anonymous_20)
FNDA:68,(anonymous_21)
FNDA:110,(anonymous_22)
FNDA:0,(anonymous_23)
FNDA:0,(anonymous_24)
FNDA:1,(anonymous_25)
FNDA:138,(anonymous_26)
FNDA:0,(anonymous_27)
FNDA:0,(anonymous_28)
FNDA:0,(anonymous_29)
FNDA:0,(anonymous_30)
FNDA:260,(anonymous_31)
FNDA:84,(anonymous_32)
FNDA:246,(anonymous_33)
FNDA:0,(anonymous_34)
FNDA:0,(anonymous_35)
FNDA:246,(anonymous_36)
FNDA:0,(anonymous_37)
FNDA:0,(anonymous_38)
FNDA:246,(anonymous_39)
FNDA:0,(anonymous_40)
FNDA:0,(anonymous_41)
FNDA:246,(anonymous_42)
FNDA:0,(anonymous_43)
FNDA:2,(anonymous_44)
FNDA:0,(anonymous_45)
FNDA:28,(anonymous_46)
FNDA:2,(anonymous_47)
FNDA:6,(anonymous_48)
FNDA:1,(anonymous_49)
FNDA:19,(anonymous_50)
FNDA:0,(anonymous_51)
DA:7,246
DA:19,246
DA:20,246
DA:21,246
DA:22,246
DA:25,246
DA:26,246
DA:29,246
DA:36,246
DA:40,246
DA:41,246
DA:42,246
DA:44,246
DA:48,246
DA:51,246
DA:52,246
DA:53,246
DA:54,246
DA:55,246
DA:66,246
DA:69,246
DA:72,65
DA:75,65
DA:76,65
DA:78,65
DA:79,0
DA:80,0
DA:81,0
DA:82,0
DA:83,0
DA:86,0
DA:87,0
DA:88,0
DA:94,65
DA:100,246
DA:101,246
DA:103,26
DA:104,26
DA:105,26
DA:387,26
DA:392,246
DA:393,64
DA:396,246
DA:397,64
DA:401,246
DA:402,15
DA:403,0
DA:418,81
DA:420,81
DA:426,81
DA:434,81
DA:435,3
DA:436,3
DA:437,78
DA:438,77
DA:439,77
DA:443,81
DA:444,81
DA:447,81
DA:454,1
DA:455,1
DA:457,1
DA:458,1
DA:459,1
DA:462,1
DA:463,1
DA:464,1
DA:465,1
DA:474,90
DA:475,90
DA:477,48
DA:480,48
DA:481,48
DA:483,48
DA:484,40
DA:485,40
DA:489,48
DA:508,110
DA:510,110
DA:521,110
DA:522,44
DA:526,110
DA:535,110
DA:538,110
DA:539,65
DA:540,65
DA:543,65
DA:544,65
DA:545,65
DA:547,45
DA:548,43
DA:549,43
DA:553,110
DA:554,110
DA:558,110
DA:559,0
DA:560,0
DA:565,110
DA:573,110
DA:585,68
DA:587,68
DA:590,68
DA:599,68
DA:600,66
DA:601,66
DA:602,2
DA:603,1
DA:604,1
DA:608,68
DA:609,68
DA:613,68
DA:614,68
DA:615,0
DA:619,68
DA:626,130
DA:629,130
DA:632,130
DA:634,65
DA:635,65
DA:636,65
DA:638,65
DA:639,65
DA:640,65
DA:642,0
DA:643,0
DA:644,0
DA:646,0
DA:649,130
DA:650,65
DA:656,65
DA:670,81
DA:672,81
DA:673,81
DA:674,81
DA:675,81
DA:677,81
DA:687,81
DA:702,110
DA:704,110
DA:705,110
DA:706,110
DA:707,110
DA:709,110
DA:711,110
DA:736,110
DA:743,68
DA:744,68
DA:745,68
DA:746,68
DA:748,68
DA:753,68
DA:760,110
DA:761,0
DA:763,0
DA:764,0
DA:765,0
DA:766,0
DA:771,110
DA:772,0
DA:773,0
DA:774,0
DA:775,0
DA:776,0
DA:786,1
DA:787,1
DA:790,1
DA:791,1
DA:792,1
DA:793,1
DA:794,1
DA:795,1
DA:799,1
DA:801,1
DA:804,1
DA:805,1
DA:813,0
DA:814,0
DA:815,0
DA:818,0
DA:820,0
DA:837,138
DA:838,138
DA:840,72
DA:843,72
DA:844,65
DA:845,65
DA:849,72
DA:850,72
DA:852,72
DA:853,67
DA:856,72
DA:857,0
DA:858,0
DA:863,72
DA:864,72
DA:871,0
DA:872,0
DA:874,0
DA:875,0
DA:883,260
DA:886,260
DA:889,260
DA:890,84
DA:898,246
DA:899,0
DA:903,0
DA:914,246
DA:915,0
DA:922,0
DA:937,246
DA:938,0
DA:944,0
DA:954,246
DA:955,0
DA:968,2
DA:973,0
DA:983,28
DA:984,2
DA:988,28
DA:989,6
DA:997,1
DA:1004,19
DA:1006,19
DA:1007,19
DA:1011,19
DA:1012,19
DA:1013,19
DA:1019,0
LF:228
LH:182
BRDA:6,0,0,0
BRDA:11,1,0,246
BRDA:11,1,1,246
BRDA:12,2,0,246
BRDA:12,2,1,10
BRDA:13,3,0,246
BRDA:13,3,1,246
BRDA:14,4,0,246
BRDA:14,4,1,246
BRDA:48,5,0,0
BRDA:48,5,1,246
BRDA:79,6,0,0
BRDA:79,6,1,0
BRDA:80,7,0,0
BRDA:80,7,1,0
BRDA:81,8,0,0
BRDA:81,8,1,0
BRDA:86,9,0,0
BRDA:86,9,1,0
BRDA:101,10,0,220
BRDA:101,10,1,26
BRDA:402,11,0,0
BRDA:402,11,1,15
BRDA:411,12,0,0
BRDA:413,13,0,0
BRDA:414,14,0,1
BRDA:415,15,0,2
BRDA:416,16,0,80
BRDA:417,17,0,80
BRDA:434,18,0,3
BRDA:434,18,1,78
BRDA:437,19,0,77
BRDA:437,19,1,1
BRDA:443,20,0,81
BRDA:443,20,1,0
BRDA:453,21,0,0
BRDA:455,22,0,0
BRDA:455,22,1,1
BRDA:458,23,0,1
BRDA:458,23,1,0
BRDA:462,24,0,1
BRDA:462,24,1,0
BRDA:464,25,0,1
BRDA:464,25,1,0
BRDA:475,26,0,42
BRDA:475,26,1,48
BRDA:484,27,0,40
BRDA:484,27,1,0
BRDA:495,28,0,0
BRDA:497,29,0,0
BRDA:498,30,0,0
BRDA:499,31,0,110
BRDA:500,32,0,67
BRDA:501,33,0,2
BRDA:502,34,0,1
BRDA:503,35,0,66
BRDA:504,36,0,110
BRDA:505,37,0,110
BRDA:506,38,0,45
BRDA:507,39,0,68
BRDA:514,40,0,110
BRDA:514,40,1,45
BRDA:521,41,0,44
BRDA:521,41,1,66
BRDA:538,42,0,65
BRDA:538,42,1,45
BRDA:543,43,0,65
BRDA:543,43,1,0
BRDA:547,44,0,43
BRDA:547,44,1,2
BRDA:553,45,0,110
BRDA:553,45,1,0
BRDA:558,46,0,0
BRDA:558,46,1,110
BRDA:579,47,0,0
BRDA:581,48,0,0
BRDA:582,49,0,66
BRDA:583,50,0,0
BRDA:584,51,0,1
BRDA:599,52,0,66
BRDA:599,52,1,2
BRDA:602,53,0,1
BRDA:602,53,1,1
BRDA:608,54,0,68
BRDA:608,54,1,0
BRDA:613,55,0,68
BRDA:613,55,1,0
BRDA:632,56,0,65
BRDA:632,56,1,65
BRDA:632,56,2,0
BRDA:632,56,3,0
BRDA:649,57,0,65
BRDA:649,57,1,65
BRDA:669,58,0,0
BRDA:670,59,0,0
BRDA:670,60,0,0
BRDA:680,61,0,1
BRDA:680,61,1,80
BRDA:709,62,0,0
BRDA:709,62,1,110
BRDA:716,63,0,42
BRDA:716,63,1,68
BRDA:723,64,0,45
BRDA:723,64,1,65
BRDA:763,65,0,0
BRDA:763,65,1,0
BRDA:765,66,0,0
BRDA:765,66,1,0
BRDA:772,67,0,0
BRDA:772,67,1,0
BRDA:772,68,0,0
BRDA:772,68,1,0
BRDA:774,69,0,0
BRDA:774,69,1,0
BRDA:787,70,0,0
BRDA:787,70,1,1
BRDA:791,71,0,1
BRDA:791,71,1,0
BRDA:793,72,0,1
BRDA:793,72,1,0
BRDA:807,73,0,1
BRDA:807,73,1,0
BRDA:814,74,0,0
BRDA:814,74,1,0
BRDA:818,75,0,0
BRDA:818,75,1,0
BRDA:822,76,0,0
BRDA:822,76,1,0
BRDA:827,77,0,0
BRDA:827,77,1,0
BRDA:838,78,0,66
BRDA:838,78,1,72
BRDA:843,79,0,65
BRDA:843,79,1,7
BRDA:843,80,0,72
BRDA:843,80,1,67
BRDA:843,80,2,67
BRDA:852,81,0,67
BRDA:852,81,1,5
BRDA:857,82,0,0
BRDA:857,82,1,0
BRDA:883,83,0,0
BRDA:883,83,1,260
BRDA:928,84,0,0
BRDA:928,84,1,0
BRDA:938,85,0,0
BRDA:939,86,0,0
BRDA:939,86,1,0
BRDA:1006,87,0,19
BRDA:1006,87,1,0
BRDA:1006,88,0,19
BRDA:1006,88,1,19
BRDA:1012,89,0,19
BRDA:1012,89,1,0
BRDA:1018,90,0,0
BRF:155
BRH:85
end_of_record
TN:
SF:src/js/cross-browser-tester.js
FN:9,(anonymous_0)
FN:26,(anonymous_1)
FN:32,(anonymous_2)
FN:69,(anonymous_3)
FN:69,(anonymous_4)
FN:88,(anonymous_5)
FN:97,(anonymous_6)
FN:100,(anonymous_7)
FN:101,(anonymous_8)
FN:102,(anonymous_9)
FN:103,(anonymous_10)
FN:104,(anonymous_11)
FN:105,(anonymous_12)
FN:106,(anonymous_13)
FN:107,(anonymous_14)
FN:110,(anonymous_15)
FN:111,(anonymous_16)
FN:112,(anonymous_17)
FN:113,(anonymous_18)
FN:114,(anonymous_19)
FN:115,(anonymous_20)
FN:118,(anonymous_21)
FN:119,(anonymous_22)
FN:120,(anonymous_23)
FN:121,(anonymous_24)
FN:122,(anonymous_25)
FN:125,(anonymous_26)
FN:126,(anonymous_27)
FN:127,(anonymous_28)
FN:128,(anonymous_29)
FN:129,(anonymous_30)
FN:134,(anonymous_31)
FN:142,(anonymous_32)
FN:146,(anonymous_33)
FN:158,(anonymous_34)
FN:162,(anonymous_35)
FN:174,(anonymous_36)
FN:178,(anonymous_37)
FN:190,(anonymous_38)
FN:194,(anonymous_39)
FN:206,(anonymous_40)
FN:218,(anonymous_41)
FN:254,(anonymous_42)
FN:294,(anonymous_43)
FN:330,(anonymous_44)
FN:367,(anonymous_45)
FN:376,(anonymous_46)
FN:385,(anonymous_47)
FN:395,(anonymous_48)
FN:406,(anonymous_49)
FN:417,(anonymous_50)
FN:430,(anonymous_51)
FN:439,(anonymous_52)
FN:449,(anonymous_53)
FN:459,(anonymous_54)
FN:468,(anonymous_55)
FN:479,(anonymous_56)
FN:483,(anonymous_57)
FN:498,(anonymous_58)
FN:508,(anonymous_59)
FN:524,(anonymous_60)
FN:534,(anonymous_61)
FN:544,(anonymous_62)
FN:551,(anonymous_63)
FN:556,(anonymous_64)
FN:590,(anonymous_65)
FN:604,(anonymous_66)
FN:613,(anonymous_67)
FN:624,(anonymous_68)
FN:646,(anonymous_69)
FN:647,(anonymous_70)
FN:654,(anonymous_71)
FN:655,(anonymous_72)
FN:656,(anonymous_73)
FN:657,(anonymous_74)
FN:658,(anonymous_75)
FN:659,(anonymous_76)
FN:662,(anonymous_77)
FNF:78
FNH:0
FNDA:0,(anonymous_0)
FNDA:0,(anonymous_1)
FNDA:0,(anonymous_2)
FNDA:0,(anonymous_3)
FNDA:0,(anonymous_4)
FNDA:0,(anonymous_5)
FNDA:0,(anonymous_6)
FNDA:0,(anonymous_7)
FNDA:0,(anonymous_8)
FNDA:0,(anonymous_9)
FNDA:0,(anonymous_10)
FNDA:0,(anonymous_11)
FNDA:0,(anonymous_12)
FNDA:0,(anonymous_13)
FNDA:0,(anonymous_14)
FNDA:0,(anonymous_15)
FNDA:0,(anonymous_16)
FNDA:0,(anonymous_17)
FNDA:0,(anonymous_18)
FNDA:0,(anonymous_19)
FNDA:0,(anonymous_20)
FNDA:0,(anonymous_21)
FNDA:0,(anonymous_22)
FNDA:0,(anonymous_23)
FNDA:0,(anonymous_24)
FNDA:0,(anonymous_25)
FNDA:0,(anonymous_26)
FNDA:0,(anonymous_27)
FNDA:0,(anonymous_28)
FNDA:0,(anonymous_29)
FNDA:0,(anonymous_30)
FNDA:0,(anonymous_31)
FNDA:0,(anonymous_32)
FNDA:0,(anonymous_33)
FNDA:0,(anonymous_34)
FNDA:0,(anonymous_35)
FNDA:0,(anonymous_36)
FNDA:0,(anonymous_37)
FNDA:0,(anonymous_38)
FNDA:0,(anonymous_39)
FNDA:0,(anonymous_40)
FNDA:0,(anonymous_41)
FNDA:0,(anonymous_42)
FNDA:0,(anonymous_43)
FNDA:0,(anonymous_44)
FNDA:0,(anonymous_45)
FNDA:0,(anonymous_46)
FNDA:0,(anonymous_47)
FNDA:0,(anonymous_48)
FNDA:0,(anonymous_49)
FNDA:0,(anonymous_50)
FNDA:0,(anonymous_51)
FNDA:0,(anonymous_52)
FNDA:0,(anonymous_53)
FNDA:0,(anonymous_54)
FNDA:0,(anonymous_55)
FNDA:0,(anonymous_56)
FNDA:0,(anonymous_57)
FNDA:0,(anonymous_58)
FNDA:0,(anonymous_59)
FNDA:0,(anonymous_60)
FNDA:0,(anonymous_61)
FNDA:0,(anonymous_62)
FNDA:0,(anonymous_63)
FNDA:0,(anonymous_64)
FNDA:0,(anonymous_65)
FNDA:0,(anonymous_66)
FNDA:0,(anonymous_67)
FNDA:0,(anonymous_68)
FNDA:0,(anonymous_69)
FNDA:0,(anonymous_70)
FNDA:0,(anonymous_71)
FNDA:0,(anonymous_72)
FNDA:0,(anonymous_73)
FNDA:0,(anonymous_74)
FNDA:0,(anonymous_75)
FNDA:0,(anonymous_76)
FNDA:0,(anonymous_77)
DA:10,0
DA:11,0
DA:12,0
DA:15,0
DA:16,0
DA:17,0
DA:21,0
DA:23,0
DA:27,0
DA:28,0
DA:29,0
DA:33,0
DA:34,0
DA:73,0
DA:74,0
DA:85,0
DA:89,0
DA:90,0
DA:91,0
DA:92,0
DA:93,0
DA:94,0
DA:98,0
DA:100,0
DA:101,0
DA:102,0
DA:103,0
DA:104,0
DA:105,0
DA:106,0
DA:107,0
DA:110,0
DA:111,0
DA:112,0
DA:113,0
DA:114,0
DA:115,0
DA:118,0
DA:119,0
DA:120,0
DA:121,0
DA:122,0
DA:125,0
DA:126,0
DA:127,0
DA:128,0
DA:129,0
DA:135,0
DA:136,0
DA:137,0
DA:138,0
DA:139,0
DA:143,0
DA:144,0
DA:146,0
DA:147,0
DA:148,0
DA:149,0
DA:154,0
DA:159,0
DA:160,0
DA:162,0
DA:163,0
DA:164,0
DA:165,0
DA:170,0
DA:175,0
DA:176,0
DA:178,0
DA:179,0
DA:180,0
DA:181,0
DA:186,0
DA:191,0
DA:192,0
DA:194,0
DA:195,0
DA:196,0
DA:197,0
DA:202,0
DA:207,0
DA:209,0
DA:210,0
DA:211,0
DA:212,0
DA:214,0
DA:215,0
DA:219,0
DA:221,0
DA:222,0
DA:223,0
DA:224,0
DA:226,0
DA:227,0
DA:228,0
DA:230,0
DA:231,0
DA:233,0
DA:234,0
DA:236,0
DA:237,0
DA:240,0
DA:241,0
DA:243,0
DA:244,0
DA:246,0
DA:247,0
DA:250,0
DA:255,0
DA:256,0
DA:257,0
DA:259,0
DA:260,0
DA:261,0
DA:262,0
DA:264,0
DA:265,0
DA:266,0
DA:268,0
DA:269,0
DA:271,0
DA:272,0
DA:274,0
DA:275,0
DA:278,0
DA:279,0
DA:281,0
DA:282,0
DA:284,0
DA:285,0
DA:288,0
DA:289,0
DA:290,0
DA:295,0
DA:297,0
DA:298,0
DA:299,0
DA:300,0
DA:302,0
DA:303,0
DA:304,0
DA:306,0
DA:307,0
DA:309,0
DA:310,0
DA:312,0
DA:313,0
DA:316,0
DA:317,0
DA:319,0
DA:320,0
DA:322,0
DA:323,0
DA:326,0
DA:331,0
DA:333,0
DA:334,0
DA:335,0
DA:336,0
DA:338,0
DA:339,0
DA:340,0
DA:342,0
DA:343,0
DA:345,0
DA:346,0
DA:348,0
DA:349,0
DA:352,0
DA:353,0
DA:355,0
DA:356,0
DA:358,0
DA:359,0
DA:362,0
DA:368,0
DA:369,0
DA:370,0
DA:372,0
DA:377,0
DA:378,0
DA:379,0
DA:381,0
DA:386,0
DA:387,0
DA:388,0
DA:389,0
DA:391,0
DA:396,0
DA:398,0
DA:399,0
DA:402,0
DA:407,0
DA:408,0
DA:409,0
DA:410,0
DA:411,0
DA:413,0
DA:418,0
DA:419,0
DA:420,0
DA:421,0
DA:423,0
DA:426,0
DA:431,0
DA:432,0
DA:433,0
DA:435,0
DA:440,0
DA:441,0
DA:442,0
DA:443,0
DA:445,0
DA:450,0
DA:451,0
DA:452,0
DA:453,0
DA:455,0
DA:460,0
DA:461,0
DA:462,0
DA:464,0
DA:469,0
DA:470,0
DA:471,0
DA:472,0
DA:473,0
DA:475,0
DA:480,0
DA:482,0
DA:483,0
DA:485,0
DA:486,0
DA:487,0
DA:489,0
DA:491,0
DA:494,0
DA:499,0
DA:500,0
DA:501,0
DA:502,0
DA:504,0
DA:509,0
DA:511,0
DA:512,0
DA:515,0
DA:517,0
DA:518,0
DA:520,0
DA:525,0
DA:527,0
DA:528,0
DA:530,0
DA:535,0
DA:537,0
DA:538,0
DA:540,0
DA:545,0
DA:546,0
DA:547,0
DA:552,0
DA:553,0
DA:555,0
DA:556,0
DA:557,0
DA:559,0
DA:560,0
DA:562,0
DA:591,0
DA:592,0
DA:593,0
DA:595,0
DA:596,0
DA:597,0
DA:598,0
DA:601,0
DA:605,0
DA:606,0
DA:607,0
DA:609,0
DA:610,0
DA:613,0
DA:614,0
DA:615,0
DA:616,0
DA:617,0
DA:618,0
DA:621,0
DA:625,0
DA:633,0
DA:634,0
DA:635,0
DA:636,0
DA:637,0
DA:638,0
DA:639,0
DA:640,0
DA:641,0
DA:643,0
DA:647,0
DA:654,0
DA:655,0
DA:656,0
DA:657,0
DA:658,0
DA:659,0
DA:662,0
DA:663,0
DA:667,0
DA:670,0
LF:310
LH:0
BRDA:42,0,0,0
BRDA:42,0,1,0
BRDA:78,1,0,0
BRDA:78,1,1,0
BRDA:79,2,0,0
BRDA:79,2,1,0
BRDA:80,3,0,0
BRDA:80,3,1,0
BRDA:81,4,0,0
BRDA:81,4,1,0
BRDA:82,5,0,0
BRDA:82,5,1,0
BRDA:89,6,0,0
BRDA:89,6,1,0
BRDA:89,7,0,0
BRDA:89,7,1,0
BRDA:90,8,0,0
BRDA:90,8,1,0
BRDA:91,9,0,0
BRDA:91,9,1,0
BRDA:91,10,0,0
BRDA:91,10,1,0
BRDA:92,11,0,0
BRDA:92,11,1,0
BRDA:93,12,0,0
BRDA:93,12,1,0
BRDA:230,13,0,0
BRDA:230,13,1,0
BRDA:231,14,0,0
BRDA:231,14,1,0
BRDA:234,15,0,0
BRDA:234,15,1,0
BRDA:237,16,0,0
BRDA:237,16,1,0
BRDA:268,17,0,0
BRDA:268,17,1,0
BRDA:269,18,0,0
BRDA:269,18,1,0
BRDA:269,19,0,0
BRDA:269,19,1,0
BRDA:272,20,0,0
BRDA:272,20,1,0
BRDA:275,21,0,0
BRDA:275,21,1,0
BRDA:275,22,0,0
BRDA:275,22,1,0
BRDA:306,23,0,0
BRDA:306,23,1,0
BRDA:307,24,0,0
BRDA:307,24,1,0
BRDA:307,25,0,0
BRDA:307,25,1,0
BRDA:310,26,0,0
BRDA:310,26,1,0
BRDA:313,27,0,0
BRDA:313,27,1,0
BRDA:313,28,0,0
BRDA:313,28,1,0
BRDA:342,29,0,0
BRDA:342,29,1,0
BRDA:343,30,0,0
BRDA:343,30,1,0
BRDA:343,31,0,0
BRDA:343,31,1,0
BRDA:346,32,0,0
BRDA:346,32,1,0
BRDA:349,33,0,0
BRDA:349,33,1,0
BRDA:349,34,0,0
BRDA:349,34,1,0
BRDA:379,35,0,0
BRDA:379,35,1,0
BRDA:420,36,0,0
BRDA:420,36,1,0
BRDA:462,37,0,0
BRDA:462,37,1,0
BRDA:473,38,0,0
BRDA:473,38,1,0
BRDA:502,39,0,0
BRDA:502,39,1,0
BRDA:546,40,0,0
BRDA:546,40,1,0
BRDA:580,41,0,0
BRDA:580,41,1,0
BRDA:584,42,0,0
BRDA:584,42,1,0
BRDA:596,43,0,0
BRDA:596,43,1,0
BRDA:616,44,0,0
BRDA:616,44,1,0
BRDA:618,45,0,0
BRDA:618,45,1,0
BRDA:667,46,0,0
BRDA:667,46,1,0
BRF:94
BRH:0
end_of_record
TN:
SF:src/js/main.js
FN:4,(anonymous_0)
FNF:1
FNH:0
FNDA:0,(anonymous_0)
DA:4,0
DA:5,0
DA:6,0
LF:3
LH:0
BRF:0
BRH:0
end_of_record
TN:
SF:src/js/products.js
FN:7,(anonymous_0)
FN:25,(anonymous_1)
FN:48,(anonymous_2)
FN:57,(anonymous_3)
FN:66,(anonymous_4)
FN:73,(anonymous_5)
FN:80,(anonymous_6)
FN:86,(anonymous_7)
FN:102,(anonymous_8)
FN:127,(anonymous_9)
FN:128,(anonymous_10)
FN:133,(anonymous_11)
FN:140,(anonymous_12)
FN:141,(anonymous_13)
FNF:14
FNH:0
FNDA:0,(anonymous_0)
FNDA:0,(anonymous_1)
FNDA:0,(anonymous_2)
FNDA:0,(anonymous_3)
FNDA:0,(anonymous_4)
FNDA:0,(anonymous_5)
FNDA:0,(anonymous_6)
FNDA:0,(anonymous_7)
FNDA:0,(anonymous_8)
FNDA:0,(anonymous_9)
FNDA:0,(anonymous_10)
FNDA:0,(anonymous_11)
FNDA:0,(anonymous_12)
FNDA:0,(anonymous_13)
DA:7,0
DA:8,0
DA:10,0
DA:11,0
DA:14,0
DA:15,0
DA:18,0
DA:19,0
DA:22,0
DA:23,0
DA:25,0
DA:26,0
DA:27,0
DA:28,0
DA:31,0
DA:32,0
DA:40,0
DA:46,0
DA:48,0
DA:49,0
DA:50,0
DA:51,0
DA:54,0
DA:57,0
DA:58,0
DA:59,0
DA:60,0
DA:66,0
DA:67,0
DA:68,0
DA:73,0
DA:74,0
DA:75,0
DA:79,0
DA:80,0
DA:81,0
DA:86,0
DA:87,0
DA:88,0
DA:92,0
DA:93,0
DA:96,0
DA:97,0
DA:98,0
DA:99,0
DA:102,0
DA:103,0
DA:104,0
DA:105,0
DA:109,0
DA:112,0
DA:115,0
DA:118,0
DA:119,0
DA:120,0
DA:122,0
DA:126,0
DA:127,0
DA:128,0
DA:129,0
DA:130,0
DA:133,0
DA:134,0
DA:139,0
DA:140,0
DA:141,0
DA:142,0
DA:143,0
DA:144,0
DA:145,0
DA:150,0
DA:151,0
DA:153,0
LF:73
LH:0
BRDA:27,0,0,0
BRDA:27,0,1,0
BRDA:31,1,0,0
BRDA:31,1,1,0
BRDA:50,2,0,0
BRDA:50,2,1,0
BRDA:67,3,0,0
BRDA:67,3,1,0
BRDA:88,4,0,0
BRDA:88,4,1,0
BRDA:93,5,0,0
BRDA:93,5,1,0
BRDA:103,6,0,0
BRDA:103,6,1,0
BRDA:143,7,0,0
BRDA:143,7,1,0
BRDA:144,8,0,0
BRDA:144,8,1,0
BRDA:151,9,0,0
BRDA:151,9,1,0
BRF:20
BRH:0
end_of_record
