TN:
SF:src/js/AdaptiveLoadingManager.js
FN:6,(anonymous_0)
FN:99,(anonymous_1)
FN:108,(anonymous_2)
FN:120,(anonymous_3)
FN:125,(anonymous_4)
FN:134,(anonymous_5)
FN:166,(anonymous_6)
FN:168,(anonymous_7)
FN:179,(anonymous_8)
FN:185,(anonymous_9)
FN:190,(anonymous_10)
FN:191,(anonymous_11)
FN:237,(anonymous_12)
FN:240,(anonymous_13)
FN:241,(anonymous_14)
FN:245,(anonymous_15)
FN:251,(anonymous_16)
FN:268,(anonymous_17)
FN:283,(anonymous_18)
FN:330,(anonymous_19)
FN:359,(anonymous_20)
FN:363,(anonymous_21)
FN:406,(anonymous_22)
FN:409,(anonymous_23)
FN:447,(anonymous_24)
FN:482,(anonymous_25)
FN:508,(anonymous_26)
FN:520,(anonymous_27)
FN:535,(anonymous_28)
FN:550,(anonymous_29)
FN:574,(anonymous_30)
FN:592,(anonymous_31)
FN:602,(anonymous_32)
FN:613,(anonymous_33)
FN:634,(anonymous_34)
FN:647,(anonymous_35)
FN:668,(anonymous_36)
FNF:37
FNH:0
FNDA:0,(anonymous_0)
FNDA:0,(anonymous_1)
FNDA:0,(anonymous_2)
FNDA:0,(anonymous_3)
FNDA:0,(anonymous_4)
FNDA:0,(anonymous_5)
FNDA:0,(anonymous_6)
FNDA:0,(anonymous_7)
FNDA:0,(anonymous_8)
FNDA:0,(anonymous_9)
FNDA:0,(anonymous_10)
FNDA:0,(anonymous_11)
FNDA:0,(anonymous_12)
FNDA:0,(anonymous_13)
FNDA:0,(anonymous_14)
FNDA:0,(anonymous_15)
FNDA:0,(anonymous_16)
FNDA:0,(anonymous_17)
FNDA:0,(anonymous_18)
FNDA:0,(anonymous_19)
FNDA:0,(anonymous_20)
FNDA:0,(anonymous_21)
FNDA:0,(anonymous_22)
FNDA:0,(anonymous_23)
FNDA:0,(anonymous_24)
FNDA:0,(anonymous_25)
FNDA:0,(anonymous_26)
FNDA:0,(anonymous_27)
FNDA:0,(anonymous_28)
FNDA:0,(anonymous_29)
FNDA:0,(anonymous_30)
FNDA:0,(anonymous_31)
FNDA:0,(anonymous_32)
FNDA:0,(anonymous_33)
FNDA:0,(anonymous_34)
FNDA:0,(anonymous_35)
FNDA:0,(anonymous_36)
DA:7,0
DA:8,0
DA:9,0
DA:12,0
DA:21,0
DA:69,0
DA:72,0
DA:80,0
DA:83,0
DA:93,0
DA:101,0
DA:102,0
DA:105,0
DA:108,0
DA:109,0
DA:112,0
DA:115,0
DA:116,0
DA:120,0
DA:121,0
DA:122,0
DA:125,0
DA:126,0
DA:127,0
DA:135,0
DA:138,0
DA:146,0
DA:149,0
DA:150,0
DA:153,0
DA:154,0
DA:158,0
DA:168,0
DA:169,0
DA:173,0
DA:180,0
DA:181,0
DA:184,0
DA:185,0
DA:188,0
DA:190,0
DA:191,0
DA:194,0
DA:198,0
DA:199,0
DA:200,0
DA:201,0
DA:202,0
DA:203,0
DA:205,0
DA:209,0
DA:210,0
DA:218,0
DA:221,0
DA:224,0
DA:225,0
DA:228,0
DA:239,0
DA:240,0
DA:241,0
DA:243,0
DA:245,0
DA:253,0
DA:254,0
DA:255,0
DA:256,0
DA:260,0
DA:261,0
DA:262,0
DA:263,0
DA:267,0
DA:268,0
DA:270,0
DA:271,0
DA:272,0
DA:277,0
DA:284,0
DA:285,0
DA:288,0
DA:290,0
DA:291,0
DA:292,0
DA:293,0
DA:295,0
DA:296,0
DA:297,0
DA:301,0
DA:302,0
DA:303,0
DA:304,0
DA:308,0
DA:309,0
DA:310,0
DA:312,0
DA:315,0
DA:318,0
DA:332,0
DA:335,0
DA:338,0
DA:341,0
DA:344,0
DA:346,0
DA:350,0
DA:353,0
DA:361,0
DA:363,0
DA:364,0
DA:367,0
DA:369,0
DA:370,0
DA:372,0
DA:373,0
DA:375,0
DA:376,0
DA:378,0
DA:382,0
DA:383,0
DA:386,0
DA:387,0
DA:390,0
DA:392,0
DA:393,0
DA:394,0
DA:400,0
DA:407,0
DA:409,0
DA:410,0
DA:412,0
DA:415,0
DA:416,0
DA:420,0
DA:421,0
DA:425,0
DA:426,0
DA:427,0
DA:428,0
DA:429,0
DA:430,0
DA:447,0
DA:448,0
DA:449,0
DA:453,0
DA:454,0
DA:455,0
DA:456,0
DA:461,0
DA:462,0
DA:466,0
DA:470,0
DA:471,0
DA:476,0
DA:484,0
DA:485,0
DA:487,0
DA:491,0
DA:493,0
DA:497,0
DA:502,0
DA:510,0
DA:514,0
DA:522,0
DA:525,0
DA:529,0
DA:537,0
DA:540,0
DA:544,0
DA:551,0
DA:553,0
DA:554,0
DA:557,0
DA:560,0
DA:561,0
DA:563,0
DA:567,0
DA:576,0
DA:578,0
DA:579,0
DA:580,0
DA:586,0
DA:593,0
DA:594,0
DA:595,0
DA:603,0
DA:604,0
DA:605,0
DA:606,0
DA:615,0
DA:616,0
DA:617,0
DA:621,0
DA:622,0
DA:623,0
DA:624,0
DA:625,0
DA:628,0
DA:635,0
DA:648,0
DA:649,0
DA:651,0
DA:654,0
DA:655,0
DA:656,0
DA:659,0
DA:660,0
DA:662,0
DA:670,0
DA:671,0
DA:674,0
DA:675,0
DA:677,0
LF:210
LH:0
BRDA:6,0,0,0
BRDA:73,1,0,0
BRDA:73,1,1,0
BRDA:74,2,0,0
BRDA:74,2,1,0
BRDA:101,3,0,0
BRDA:101,3,1,0
BRDA:149,4,0,0
BRDA:149,4,1,0
BRDA:181,5,0,0
BRDA:181,5,1,0
BRDA:185,6,0,0
BRDA:185,6,1,0
BRDA:188,7,0,0
BRDA:188,7,1,0
BRDA:198,8,0,0
BRDA:198,8,1,0
BRDA:200,9,0,0
BRDA:200,9,1,0
BRDA:202,10,0,0
BRDA:202,10,1,0
BRDA:209,11,0,0
BRDA:209,11,1,0
BRDA:240,12,0,0
BRDA:240,12,1,0
BRDA:243,13,0,0
BRDA:243,13,1,0
BRDA:253,14,0,0
BRDA:253,14,1,0
BRDA:255,15,0,0
BRDA:255,15,1,0
BRDA:260,16,0,0
BRDA:260,16,1,0
BRDA:262,17,0,0
BRDA:262,17,1,0
BRDA:267,18,0,0
BRDA:267,18,1,0
BRDA:270,19,0,0
BRDA:270,19,1,0
BRDA:270,20,0,0
BRDA:270,20,1,0
BRDA:285,21,0,0
BRDA:285,21,1,0
BRDA:288,22,0,0
BRDA:288,22,1,0
BRDA:293,23,0,0
BRDA:293,23,1,0
BRDA:293,24,0,0
BRDA:293,24,1,0
BRDA:301,25,0,0
BRDA:301,25,1,0
BRDA:344,26,0,0
BRDA:344,26,1,0
BRDA:367,27,0,0
BRDA:367,27,1,0
BRDA:367,27,2,0
BRDA:367,27,3,0
BRDA:369,28,0,0
BRDA:369,28,1,0
BRDA:369,28,2,0
BRDA:369,28,3,0
BRDA:372,29,0,0
BRDA:372,29,1,0
BRDA:372,29,2,0
BRDA:372,29,3,0
BRDA:375,30,0,0
BRDA:375,30,1,0
BRDA:375,30,2,0
BRDA:375,30,3,0
BRDA:382,31,0,0
BRDA:382,31,1,0
BRDA:382,32,0,0
BRDA:382,32,1,0
BRDA:386,33,0,0
BRDA:386,33,1,0
BRDA:390,34,0,0
BRDA:390,34,1,0
BRDA:410,35,0,0
BRDA:410,35,1,0
BRDA:415,36,0,0
BRDA:415,36,1,0
BRDA:420,37,0,0
BRDA:420,37,1,0
BRDA:420,38,0,0
BRDA:420,38,1,0
BRDA:425,39,0,0
BRDA:425,39,1,0
BRDA:454,40,0,0
BRDA:454,40,1,0
BRDA:461,41,0,0
BRDA:461,41,1,0
BRDA:466,42,0,0
BRDA:466,42,1,0
BRDA:470,43,0,0
BRDA:470,43,1,0
BRDA:476,44,0,0
BRDA:476,44,1,0
BRDA:484,45,0,0
BRDA:484,45,1,0
BRDA:491,46,0,0
BRDA:491,46,1,0
BRDA:502,47,0,0
BRDA:502,47,1,0
BRDA:551,48,0,0
BRDA:551,48,1,0
BRDA:560,49,0,0
BRDA:560,49,1,0
BRDA:576,50,0,0
BRDA:576,50,1,0
BRDA:594,51,0,0
BRDA:594,51,1,0
BRDA:603,52,0,0
BRDA:603,52,1,0
BRDA:603,52,2,0
BRDA:615,53,0,0
BRDA:615,53,1,0
BRDA:615,53,2,0
BRDA:616,54,0,0
BRDA:616,54,1,0
BRDA:616,54,2,0
BRDA:621,55,0,0
BRDA:621,55,1,0
BRDA:621,55,2,0
BRDA:621,55,3,0
BRDA:648,56,0,0
BRDA:648,56,1,0
BRDA:649,57,0,0
BRDA:649,57,1,0
BRDA:670,58,0,0
BRDA:670,58,1,0
BRDA:670,59,0,0
BRDA:670,59,1,0
BRF:132
BRH:0
end_of_record
TN:
SF:src/js/AdvisorsModernized.js
FN:6,(anonymous_0)
FN:19,(anonymous_1)
FN:38,(anonymous_2)
FN:49,(anonymous_3)
FN:51,(anonymous_4)
FN:52,(anonymous_5)
FN:57,(anonymous_6)
FN:58,(anonymous_7)
FN:64,(anonymous_8)
FN:65,(anonymous_9)
FN:66,(anonymous_10)
FN:72,(anonymous_11)
FN:89,(anonymous_12)
FN:96,(anonymous_13)
FN:98,(anonymous_14)
FN:113,(anonymous_15)
FN:114,(anonymous_16)
FN:134,(anonymous_17)
FN:143,(anonymous_18)
FN:150,(anonymous_19)
FN:155,(anonymous_20)
FN:162,(anonymous_21)
FN:163,(anonymous_22)
FN:164,(anonymous_23)
FN:171,(anonymous_24)
FN:176,(anonymous_25)
FN:190,(anonymous_26)
FN:193,(anonymous_27)
FN:198,(anonymous_28)
FN:205,(anonymous_29)
FN:212,(anonymous_30)
FN:215,(anonymous_31)
FN:233,(anonymous_32)
FN:243,(anonymous_33)
FN:255,(anonymous_34)
FN:264,(anonymous_35)
FN:272,(anonymous_36)
FN:301,(anonymous_37)
FN:338,(anonymous_38)
FN:345,(anonymous_39)
FN:349,(anonymous_40)
FN:357,(anonymous_41)
FN:364,(anonymous_42)
FN:399,(anonymous_43)
FN:405,(anonymous_44)
FN:409,(anonymous_45)
FN:417,(anonymous_46)
FN:437,(anonymous_47)
FN:444,(anonymous_48)
FN:451,(anonymous_49)
FN:455,(anonymous_50)
FN:464,(anonymous_51)
FN:468,(anonymous_52)
FN:475,(anonymous_53)
FN:481,(anonymous_54)
FN:483,(anonymous_55)
FN:485,(anonymous_56)
FN:491,(anonymous_57)
FN:499,(anonymous_58)
FN:506,(anonymous_59)
FNF:60
FNH:0
FNDA:0,(anonymous_0)
FNDA:0,(anonymous_1)
FNDA:0,(anonymous_2)
FNDA:0,(anonymous_3)
FNDA:0,(anonymous_4)
FNDA:0,(anonymous_5)
FNDA:0,(anonymous_6)
FNDA:0,(anonymous_7)
FNDA:0,(anonymous_8)
FNDA:0,(anonymous_9)
FNDA:0,(anonymous_10)
FNDA:0,(anonymous_11)
FNDA:0,(anonymous_12)
FNDA:0,(anonymous_13)
FNDA:0,(anonymous_14)
FNDA:0,(anonymous_15)
FNDA:0,(anonymous_16)
FNDA:0,(anonymous_17)
FNDA:0,(anonymous_18)
FNDA:0,(anonymous_19)
FNDA:0,(anonymous_20)
FNDA:0,(anonymous_21)
FNDA:0,(anonymous_22)
FNDA:0,(anonymous_23)
FNDA:0,(anonymous_24)
FNDA:0,(anonymous_25)
FNDA:0,(anonymous_26)
FNDA:0,(anonymous_27)
FNDA:0,(anonymous_28)
FNDA:0,(anonymous_29)
FNDA:0,(anonymous_30)
FNDA:0,(anonymous_31)
FNDA:0,(anonymous_32)
FNDA:0,(anonymous_33)
FNDA:0,(anonymous_34)
FNDA:0,(anonymous_35)
FNDA:0,(anonymous_36)
FNDA:0,(anonymous_37)
FNDA:0,(anonymous_38)
FNDA:0,(anonymous_39)
FNDA:0,(anonymous_40)
FNDA:0,(anonymous_41)
FNDA:0,(anonymous_42)
FNDA:0,(anonymous_43)
FNDA:0,(anonymous_44)
FNDA:0,(anonymous_45)
FNDA:0,(anonymous_46)
FNDA:0,(anonymous_47)
FNDA:0,(anonymous_48)
FNDA:0,(anonymous_49)
FNDA:0,(anonymous_50)
FNDA:0,(anonymous_51)
FNDA:0,(anonymous_52)
FNDA:0,(anonymous_53)
FNDA:0,(anonymous_54)
FNDA:0,(anonymous_55)
FNDA:0,(anonymous_56)
FNDA:0,(anonymous_57)
FNDA:0,(anonymous_58)
FNDA:0,(anonymous_59)
DA:7,0
DA:8,0
DA:9,0
DA:10,0
DA:13,0
DA:14,0
DA:15,0
DA:16,0
DA:20,0
DA:22,0
DA:24,0
DA:25,0
DA:26,0
DA:27,0
DA:28,0
DA:30,0
DA:31,0
DA:34,0
DA:40,0
DA:41,0
DA:42,0
DA:43,0
DA:44,0
DA:46,0
DA:51,0
DA:52,0
DA:53,0
DA:57,0
DA:58,0
DA:59,0
DA:63,0
DA:64,0
DA:65,0
DA:66,0
DA:69,0
DA:74,0
DA:79,0
DA:82,0
DA:89,0
DA:90,0
DA:93,0
DA:98,0
DA:99,0
DA:100,0
DA:101,0
DA:104,0
DA:105,0
DA:106,0
DA:107,0
DA:110,0
DA:114,0
DA:115,0
DA:116,0
DA:118,0
DA:119,0
DA:120,0
DA:121,0
DA:122,0
DA:123,0
DA:124,0
DA:125,0
DA:129,0
DA:135,0
DA:136,0
DA:138,0
DA:139,0
DA:140,0
DA:141,0
DA:143,0
DA:144,0
DA:145,0
DA:150,0
DA:151,0
DA:152,0
DA:153,0
DA:155,0
DA:156,0
DA:157,0
DA:163,0
DA:164,0
DA:165,0
DA:166,0
DA:172,0
DA:173,0
DA:175,0
DA:176,0
DA:177,0
DA:180,0
DA:181,0
DA:182,0
DA:183,0
DA:184,0
DA:185,0
DA:191,0
DA:193,0
DA:194,0
DA:195,0
DA:196,0
DA:198,0
DA:199,0
DA:200,0
DA:204,0
DA:205,0
DA:206,0
DA:207,0
DA:213,0
DA:215,0
DA:216,0
DA:217,0
DA:220,0
DA:221,0
DA:223,0
DA:225,0
DA:226,0
DA:230,0
DA:234,0
DA:235,0
DA:236,0
DA:238,0
DA:241,0
DA:243,0
DA:244,0
DA:248,0
DA:256,0
DA:257,0
DA:259,0
DA:262,0
DA:264,0
DA:265,0
DA:269,0
DA:273,0
DA:274,0
DA:276,0
DA:278,0
DA:279,0
DA:280,0
DA:284,0
DA:289,0
DA:291,0
DA:292,0
DA:293,0
DA:297,0
DA:303,0
DA:304,0
DA:305,0
DA:317,0
DA:335,0
DA:338,0
DA:339,0
DA:340,0
DA:344,0
DA:345,0
DA:346,0
DA:347,0
DA:349,0
DA:350,0
DA:351,0
DA:357,0
DA:358,0
DA:359,0
DA:366,0
DA:367,0
DA:368,0
DA:371,0
DA:391,0
DA:392,0
DA:393,0
DA:394,0
DA:396,0
DA:399,0
DA:400,0
DA:401,0
DA:405,0
DA:406,0
DA:407,0
DA:409,0
DA:410,0
DA:411,0
DA:418,0
DA:433,0
DA:438,0
DA:439,0
DA:440,0
DA:445,0
DA:446,0
DA:447,0
DA:451,0
DA:452,0
DA:455,0
DA:456,0
DA:459,0
DA:460,0
DA:465,0
DA:469,0
DA:470,0
DA:471,0
DA:475,0
DA:478,0
DA:483,0
DA:484,0
DA:485,0
DA:486,0
DA:489,0
DA:490,0
DA:491,0
DA:492,0
DA:500,0
DA:501,0
DA:507,0
DA:508,0
LF:210
LH:0
BRDA:20,0,0,0
BRDA:20,0,1,0
BRDA:104,1,0,0
BRDA:104,1,1,0
BRDA:115,2,0,0
BRDA:115,2,1,0
BRDA:118,3,0,0
BRDA:118,3,1,0
BRDA:120,4,0,0
BRDA:120,4,1,0
BRDA:122,5,0,0
BRDA:122,5,1,0
BRDA:124,6,0,0
BRDA:124,6,1,0
BRDA:138,7,0,0
BRDA:138,7,1,0
BRDA:172,8,0,0
BRDA:172,8,1,0
BRDA:180,9,0,0
BRDA:180,9,1,0
BRDA:183,10,0,0
BRDA:183,10,1,0
BRDA:204,11,0,0
BRDA:204,11,1,0
BRDA:212,12,0,0
BRDA:225,13,0,0
BRDA:225,13,1,0
BRDA:276,14,0,0
BRDA:276,14,1,0
BRDA:278,15,0,0
BRDA:278,15,1,0
BRDA:289,16,0,0
BRDA:289,16,1,0
BRDA:291,17,0,0
BRDA:291,17,1,0
BRDA:350,18,0,0
BRDA:350,18,1,0
BRDA:358,19,0,0
BRDA:358,19,1,0
BRDA:410,20,0,0
BRDA:410,20,1,0
BRDA:433,21,0,0
BRDA:433,21,1,0
BRDA:438,22,0,0
BRDA:438,22,1,0
BRDA:445,23,0,0
BRDA:445,23,1,0
BRDA:470,24,0,0
BRDA:470,24,1,0
BRDA:489,25,0,0
BRDA:489,25,1,0
BRDA:500,26,0,0
BRDA:500,26,1,0
BRDA:500,27,0,0
BRDA:500,27,1,0
BRDA:509,28,0,0
BRDA:509,28,1,0
BRDA:509,28,2,0
BRDA:509,28,3,0
BRDA:511,29,0,0
BRDA:511,29,1,0
BRDA:512,30,0,0
BRDA:512,30,1,0
BRF:63
BRH:0
end_of_record
TN:
SF:src/js/App copy.js
FN:9,(anonymous_0)
FN:20,(anonymous_1)
FN:32,(anonymous_2)
FN:43,(anonymous_3)
FN:55,(anonymous_4)
FN:65,(anonymous_5)
FN:69,(anonymous_6)
FNF:7
FNH:0
FNDA:0,(anonymous_0)
FNDA:0,(anonymous_1)
FNDA:0,(anonymous_2)
FNDA:0,(anonymous_3)
FNDA:0,(anonymous_4)
FNDA:0,(anonymous_5)
FNDA:0,(anonymous_6)
DA:13,0
DA:15,0
DA:16,0
DA:17,0
DA:23,0
DA:25,0
DA:27,0
DA:28,0
DA:34,0
DA:35,0
DA:36,0
DA:39,0
DA:40,0
DA:41,0
DA:43,0
DA:44,0
DA:45,0
DA:46,0
DA:47,0
DA:48,0
DA:56,0
DA:57,0
DA:58,0
DA:60,0
DA:61,0
DA:66,0
DA:67,0
DA:68,0
DA:69,0
DA:70,0
DA:72,0
DA:79,0
DA:80,0
DA:82,0
DA:83,0
LF:35
LH:0
BRDA:35,0,0,0
BRDA:35,0,1,0
BRDA:40,1,0,0
BRDA:40,1,1,0
BRDA:67,2,0,0
BRDA:67,2,1,0
BRF:6
BRH:0
end_of_record
TN:
SF:src/js/App.js
FN:28,(anonymous_0)
FN:103,(anonymous_1)
FN:134,(anonymous_2)
FN:136,(anonymous_3)
FN:141,(anonymous_4)
FN:159,(anonymous_5)
FN:185,(anonymous_6)
FN:190,(anonymous_7)
FN:228,(anonymous_8)
FN:241,(anonymous_9)
FN:307,(anonymous_10)
FN:379,(anonymous_11)
FN:382,(anonymous_12)
FN:396,(anonymous_13)
FN:404,(anonymous_14)
FN:419,(anonymous_15)
FN:437,(anonymous_16)
FN:469,(anonymous_17)
FN:508,(anonymous_18)
FN:517,(anonymous_19)
FN:530,(anonymous_20)
FN:553,(anonymous_21)
FN:577,(anonymous_22)
FN:588,(anonymous_23)
FN:610,(anonymous_24)
FN:645,(anonymous_25)
FN:647,(anonymous_26)
FN:660,(anonymous_27)
FN:662,(anonymous_28)
FN:674,(anonymous_29)
FN:684,(anonymous_30)
FN:738,(anonymous_31)
FN:778,(anonymous_32)
FN:812,(anonymous_33)
FN:814,(anonymous_34)
FN:823,(anonymous_35)
FN:831,(anonymous_36)
FN:839,(anonymous_37)
FN:843,(anonymous_38)
FN:850,(anonymous_39)
FN:858,(anonymous_40)
FN:862,(anonymous_41)
FN:872,(anonymous_42)
FN:893,(anonymous_43)
FN:914,(anonymous_44)
FN:917,(anonymous_45)
FN:928,(anonymous_46)
FN:931,(anonymous_47)
FN:938,(anonymous_48)
FN:941,(anonymous_49)
FN:951,(anonymous_50)
FN:958,(anonymous_51)
FN:963,(anonymous_52)
FN:964,(anonymous_53)
FN:972,(anonymous_54)
FN:976,(anonymous_55)
FN:989,(anonymous_56)
FN:997,(anonymous_57)
FN:1004,(anonymous_58)
FN:1007,(anonymous_59)
FN:1008,(anonymous_60)
FN:1014,(anonymous_61)
FN:1022,(anonymous_62)
FN:1023,(anonymous_63)
FN:1046,(anonymous_64)
FN:1049,(anonymous_65)
FN:1093,(anonymous_66)
FN:1101,(anonymous_67)
FN:1105,(anonymous_68)
FN:1109,(anonymous_69)
FN:1113,(anonymous_70)
FN:1126,(anonymous_71)
FN:1138,(anonymous_72)
FN:1168,(anonymous_73)
FN:1201,(anonymous_74)
FN:1203,(anonymous_75)
FN:1207,(anonymous_76)
FN:1219,(anonymous_77)
FN:1251,(anonymous_78)
FN:1255,(anonymous_79)
FN:1272,(anonymous_80)
FN:1276,(anonymous_81)
FN:1289,(anonymous_82)
FN:1304,(anonymous_83)
FN:1321,(anonymous_84)
FN:1324,(anonymous_85)
FN:1326,(anonymous_86)
FN:1330,(anonymous_87)
FN:1335,(anonymous_88)
FN:1349,(anonymous_89)
FN:1370,(anonymous_90)
FN:1374,(anonymous_91)
FN:1376,(anonymous_92)
FN:1389,(anonymous_93)
FN:1391,(anonymous_94)
FN:1400,(anonymous_95)
FN:1410,(anonymous_96)
FN:1423,(anonymous_97)
FN:1435,(anonymous_98)
FN:1443,(anonymous_99)
FN:1457,(anonymous_100)
FN:1460,(anonymous_101)
FN:1461,(anonymous_102)
FN:1470,(anonymous_103)
FN:1475,(anonymous_104)
FN:1484,(anonymous_105)
FN:1498,(anonymous_106)
FN:1501,(anonymous_107)
FN:1522,(anonymous_108)
FN:1524,(anonymous_109)
FN:1544,(anonymous_110)
FN:1548,(anonymous_111)
FN:1570,(anonymous_112)
FN:1574,(anonymous_113)
FN:1586,(anonymous_114)
FN:1594,(anonymous_115)
FN:1617,(anonymous_116)
FN:1621,(anonymous_117)
FN:1635,(anonymous_118)
FN:1660,(anonymous_119)
FN:1671,(anonymous_120)
FN:1673,(anonymous_121)
FN:1693,(anonymous_122)
FN:1697,(anonymous_123)
FN:1702,(anonymous_124)
FN:1706,(anonymous_125)
FN:1710,(anonymous_126)
FN:1714,(anonymous_127)
FN:1719,(anonymous_128)
FN:1723,(anonymous_129)
FN:1726,(anonymous_130)
FN:1727,(anonymous_131)
FN:1728,(anonymous_132)
FN:1733,(anonymous_133)
FN:1735,(anonymous_134)
FN:1736,(anonymous_135)
FN:1738,(anonymous_136)
FN:1739,(anonymous_137)
FN:1746,(anonymous_138)
FN:1754,(anonymous_139)
FN:1758,(anonymous_140)
FN:1761,(anonymous_141)
FN:1762,(anonymous_142)
FN:1763,(anonymous_143)
FN:1768,(anonymous_144)
FN:1770,(anonymous_145)
FN:1771,(anonymous_146)
FN:1774,(anonymous_147)
FN:1791,(anonymous_148)
FN:1798,(anonymous_149)
FN:1811,(anonymous_150)
FN:1827,(anonymous_151)
FNF:152
FNH:0
FNDA:0,(anonymous_0)
FNDA:0,(anonymous_1)
FNDA:0,(anonymous_2)
FNDA:0,(anonymous_3)
FNDA:0,(anonymous_4)
FNDA:0,(anonymous_5)
FNDA:0,(anonymous_6)
FNDA:0,(anonymous_7)
FNDA:0,(anonymous_8)
FNDA:0,(anonymous_9)
FNDA:0,(anonymous_10)
FNDA:0,(anonymous_11)
FNDA:0,(anonymous_12)
FNDA:0,(anonymous_13)
FNDA:0,(anonymous_14)
FNDA:0,(anonymous_15)
FNDA:0,(anonymous_16)
FNDA:0,(anonymous_17)
FNDA:0,(anonymous_18)
FNDA:0,(anonymous_19)
FNDA:0,(anonymous_20)
FNDA:0,(anonymous_21)
FNDA:0,(anonymous_22)
FNDA:0,(anonymous_23)
FNDA:0,(anonymous_24)
FNDA:0,(anonymous_25)
FNDA:0,(anonymous_26)
FNDA:0,(anonymous_27)
FNDA:0,(anonymous_28)
FNDA:0,(anonymous_29)
FNDA:0,(anonymous_30)
FNDA:0,(anonymous_31)
FNDA:0,(anonymous_32)
FNDA:0,(anonymous_33)
FNDA:0,(anonymous_34)
FNDA:0,(anonymous_35)
FNDA:0,(anonymous_36)
FNDA:0,(anonymous_37)
FNDA:0,(anonymous_38)
FNDA:0,(anonymous_39)
FNDA:0,(anonymous_40)
FNDA:0,(anonymous_41)
FNDA:0,(anonymous_42)
FNDA:0,(anonymous_43)
FNDA:0,(anonymous_44)
FNDA:0,(anonymous_45)
FNDA:0,(anonymous_46)
FNDA:0,(anonymous_47)
FNDA:0,(anonymous_48)
FNDA:0,(anonymous_49)
FNDA:0,(anonymous_50)
FNDA:0,(anonymous_51)
FNDA:0,(anonymous_52)
FNDA:0,(anonymous_53)
FNDA:0,(anonymous_54)
FNDA:0,(anonymous_55)
FNDA:0,(anonymous_56)
FNDA:0,(anonymous_57)
FNDA:0,(anonymous_58)
FNDA:0,(anonymous_59)
FNDA:0,(anonymous_60)
FNDA:0,(anonymous_61)
FNDA:0,(anonymous_62)
FNDA:0,(anonymous_63)
FNDA:0,(anonymous_64)
FNDA:0,(anonymous_65)
FNDA:0,(anonymous_66)
FNDA:0,(anonymous_67)
FNDA:0,(anonymous_68)
FNDA:0,(anonymous_69)
FNDA:0,(anonymous_70)
FNDA:0,(anonymous_71)
FNDA:0,(anonymous_72)
FNDA:0,(anonymous_73)
FNDA:0,(anonymous_74)
FNDA:0,(anonymous_75)
FNDA:0,(anonymous_76)
FNDA:0,(anonymous_77)
FNDA:0,(anonymous_78)
FNDA:0,(anonymous_79)
FNDA:0,(anonymous_80)
FNDA:0,(anonymous_81)
FNDA:0,(anonymous_82)
FNDA:0,(anonymous_83)
FNDA:0,(anonymous_84)
FNDA:0,(anonymous_85)
FNDA:0,(anonymous_86)
FNDA:0,(anonymous_87)
FNDA:0,(anonymous_88)
FNDA:0,(anonymous_89)
FNDA:0,(anonymous_90)
FNDA:0,(anonymous_91)
FNDA:0,(anonymous_92)
FNDA:0,(anonymous_93)
FNDA:0,(anonymous_94)
FNDA:0,(anonymous_95)
FNDA:0,(anonymous_96)
FNDA:0,(anonymous_97)
FNDA:0,(anonymous_98)
FNDA:0,(anonymous_99)
FNDA:0,(anonymous_100)
FNDA:0,(anonymous_101)
FNDA:0,(anonymous_102)
FNDA:0,(anonymous_103)
FNDA:0,(anonymous_104)
FNDA:0,(anonymous_105)
FNDA:0,(anonymous_106)
FNDA:0,(anonymous_107)
FNDA:0,(anonymous_108)
FNDA:0,(anonymous_109)
FNDA:0,(anonymous_110)
FNDA:0,(anonymous_111)
FNDA:0,(anonymous_112)
FNDA:0,(anonymous_113)
FNDA:0,(anonymous_114)
FNDA:0,(anonymous_115)
FNDA:0,(anonymous_116)
FNDA:0,(anonymous_117)
FNDA:0,(anonymous_118)
FNDA:0,(anonymous_119)
FNDA:0,(anonymous_120)
FNDA:0,(anonymous_121)
FNDA:0,(anonymous_122)
FNDA:0,(anonymous_123)
FNDA:0,(anonymous_124)
FNDA:0,(anonymous_125)
FNDA:0,(anonymous_126)
FNDA:0,(anonymous_127)
FNDA:0,(anonymous_128)
FNDA:0,(anonymous_129)
FNDA:0,(anonymous_130)
FNDA:0,(anonymous_131)
FNDA:0,(anonymous_132)
FNDA:0,(anonymous_133)
FNDA:0,(anonymous_134)
FNDA:0,(anonymous_135)
FNDA:0,(anonymous_136)
FNDA:0,(anonymous_137)
FNDA:0,(anonymous_138)
FNDA:0,(anonymous_139)
FNDA:0,(anonymous_140)
FNDA:0,(anonymous_141)
FNDA:0,(anonymous_142)
FNDA:0,(anonymous_143)
FNDA:0,(anonymous_144)
FNDA:0,(anonymous_145)
FNDA:0,(anonymous_146)
FNDA:0,(anonymous_147)
FNDA:0,(anonymous_148)
FNDA:0,(anonymous_149)
FNDA:0,(anonymous_150)
FNDA:0,(anonymous_151)
DA:29,0
DA:30,0
DA:31,0
DA:32,0
DA:36,0
DA:39,0
DA:42,0
DA:45,0
DA:52,0
DA:59,0
DA:62,0
DA:63,0
DA:65,0
DA:71,0
DA:72,0
DA:73,0
DA:74,0
DA:75,0
DA:76,0
DA:77,0
DA:78,0
DA:80,0
DA:81,0
DA:82,0
DA:83,0
DA:84,0
DA:85,0
DA:86,0
DA:90,0
DA:91,0
DA:92,0
DA:93,0
DA:95,0
DA:96,0
DA:97,0
DA:100,0
DA:105,0
DA:108,0
DA:109,0
DA:112,0
DA:113,0
DA:116,0
DA:117,0
DA:123,0
DA:126,0
DA:128,0
DA:136,0
DA:137,0
DA:138,0
DA:141,0
DA:142,0
DA:143,0
DA:147,0
DA:148,0
DA:149,0
DA:152,0
DA:161,0
DA:162,0
DA:163,0
DA:166,0
DA:167,0
DA:169,0
DA:174,0
DA:175,0
DA:176,0
DA:186,0
DA:189,0
DA:190,0
DA:191,0
DA:192,0
DA:198,0
DA:200,0
DA:201,0
DA:204,0
DA:205,0
DA:208,0
DA:209,0
DA:212,0
DA:213,0
DA:218,0
DA:229,0
DA:230,0
DA:231,0
DA:232,0
DA:233,0
DA:234,0
DA:242,0
DA:243,0
DA:245,0
DA:246,0
DA:249,0
DA:252,0
DA:254,0
DA:255,0
DA:256,0
DA:258,0
DA:260,0
DA:267,0
DA:269,0
DA:271,0
DA:274,0
DA:277,0
DA:278,0
DA:282,0
DA:284,0
DA:287,0
DA:288,0
DA:292,0
DA:293,0
DA:308,0
DA:311,0
DA:322,0
DA:323,0
DA:326,0
DA:327,0
DA:328,0
DA:332,0
DA:333,0
DA:334,0
DA:337,0
DA:339,0
DA:340,0
DA:341,0
DA:342,0
DA:343,0
DA:344,0
DA:345,0
DA:346,0
DA:347,0
DA:350,0
DA:351,0
DA:355,0
DA:356,0
DA:357,0
DA:361,0
DA:362,0
DA:365,0
DA:380,0
DA:382,0
DA:383,0
DA:384,0
DA:388,0
DA:397,0
DA:398,0
DA:401,0
DA:402,0
DA:404,0
DA:406,0
DA:407,0
DA:408,0
DA:412,0
DA:420,0
DA:422,0
DA:438,0
DA:446,0
DA:447,0
DA:448,0
DA:452,0
DA:453,0
DA:454,0
DA:458,0
DA:459,0
DA:462,0
DA:470,0
DA:472,0
DA:473,0
DA:475,0
DA:477,0
DA:480,0
DA:481,0
DA:485,0
DA:486,0
DA:487,0
DA:488,0
DA:490,0
DA:495,0
DA:496,0
DA:500,0
DA:501,0
DA:510,0
DA:511,0
DA:512,0
DA:516,0
DA:517,0
DA:520,0
DA:521,0
DA:532,0
DA:533,0
DA:534,0
DA:539,0
DA:540,0
DA:542,0
DA:543,0
DA:546,0
DA:554,0
DA:557,0
DA:564,0
DA:567,0
DA:578,0
DA:579,0
DA:580,0
DA:581,0
DA:589,0
DA:591,0
DA:593,0
DA:594,0
DA:595,0
DA:599,0
DA:600,0
DA:603,0
DA:611,0
DA:612,0
DA:615,0
DA:616,0
DA:619,0
DA:622,0
DA:625,0
DA:627,0
DA:630,0
DA:633,0
DA:634,0
DA:635,0
DA:637,0
DA:647,0
DA:648,0
DA:649,0
DA:650,0
DA:652,0
DA:662,0
DA:663,0
DA:665,0
DA:666,0
DA:667,0
DA:669,0
DA:675,0
DA:676,0
DA:677,0
DA:678,0
DA:680,0
DA:682,0
DA:684,0
DA:685,0
DA:687,0
DA:688,0
DA:693,0
DA:694,0
DA:695,0
DA:696,0
DA:700,0
DA:701,0
DA:704,0
DA:706,0
DA:707,0
DA:708,0
DA:710,0
DA:711,0
DA:715,0
DA:716,0
DA:717,0
DA:721,0
DA:722,0
DA:723,0
DA:727,0
DA:728,0
DA:729,0
DA:733,0
DA:734,0
DA:739,0
DA:740,0
DA:743,0
DA:744,0
DA:745,0
DA:749,0
DA:750,0
DA:751,0
DA:755,0
DA:758,0
DA:761,0
DA:763,0
DA:766,0
DA:771,0
DA:774,0
DA:779,0
DA:781,0
DA:782,0
DA:783,0
DA:792,0
DA:793,0
DA:794,0
DA:796,0
DA:799,0
DA:802,0
DA:809,0
DA:814,0
DA:815,0
DA:817,0
DA:818,0
DA:823,0
DA:824,0
DA:827,0
DA:831,0
DA:832,0
DA:835,0
DA:839,0
DA:840,0
DA:843,0
DA:844,0
DA:846,0
DA:850,0
DA:851,0
DA:854,0
DA:858,0
DA:859,0
DA:862,0
DA:863,0
DA:864,0
DA:869,0
DA:874,0
DA:882,0
DA:883,0
DA:890,0
DA:894,0
DA:896,0
DA:899,0
DA:900,0
DA:903,0
DA:904,0
DA:907,0
DA:908,0
DA:910,0
DA:916,0
DA:917,0
DA:918,0
DA:919,0
DA:920,0
DA:921,0
DA:922,0
DA:923,0
DA:930,0
DA:931,0
DA:932,0
DA:933,0
DA:940,0
DA:941,0
DA:942,0
DA:944,0
DA:945,0
DA:946,0
DA:953,0
DA:954,0
DA:955,0
DA:960,0
DA:963,0
DA:964,0
DA:965,0
DA:969,0
DA:974,0
DA:976,0
DA:978,0
DA:979,0
DA:983,0
DA:984,0
DA:991,0
DA:993,0
DA:998,0
DA:1000,0
DA:1002,0
DA:1004,0
DA:1006,0
DA:1007,0
DA:1008,0
DA:1009,0
DA:1010,0
DA:1013,0
DA:1014,0
DA:1015,0
DA:1021,0
DA:1022,0
DA:1023,0
DA:1024,0
DA:1025,0
DA:1027,0
DA:1028,0
DA:1033,0
DA:1036,0
DA:1038,0
DA:1048,0
DA:1049,0
DA:1050,0
DA:1051,0
DA:1054,0
DA:1058,0
DA:1059,0
DA:1063,0
DA:1064,0
DA:1068,0
DA:1069,0
DA:1073,0
DA:1074,0
DA:1078,0
DA:1079,0
DA:1083,0
DA:1093,0
DA:1094,0
DA:1097,0
DA:1102,0
DA:1106,0
DA:1110,0
DA:1113,0
DA:1120,0
DA:1127,0
DA:1139,0
DA:1141,0
DA:1143,0
DA:1146,0
DA:1149,0
DA:1152,0
DA:1154,0
DA:1157,0
DA:1158,0
DA:1169,0
DA:1172,0
DA:1173,0
DA:1176,0
DA:1177,0
DA:1181,0
DA:1182,0
DA:1185,0
DA:1186,0
DA:1190,0
DA:1192,0
DA:1193,0
DA:1194,0
DA:1199,0
DA:1201,0
DA:1202,0
DA:1203,0
DA:1204,0
DA:1207,0
DA:1208,0
DA:1213,0
DA:1220,0
DA:1223,0
DA:1224,0
DA:1228,0
DA:1229,0
DA:1233,0
DA:1234,0
DA:1238,0
DA:1239,0
DA:1243,0
DA:1245,0
DA:1253,0
DA:1254,0
DA:1255,0
DA:1257,0
DA:1258,0
DA:1259,0
DA:1264,0
DA:1265,0
DA:1274,0
DA:1275,0
DA:1276,0
DA:1278,0
DA:1279,0
DA:1281,0
DA:1291,0
DA:1292,0
DA:1296,0
DA:1297,0
DA:1306,0
DA:1307,0
DA:1308,0
DA:1312,0
DA:1315,0
DA:1323,0
DA:1324,0
DA:1325,0
DA:1326,0
DA:1327,0
DA:1328,0
DA:1330,0
DA:1335,0
DA:1336,0
DA:1341,0
DA:1342,0
DA:1350,0
DA:1353,0
DA:1356,0
DA:1359,0
DA:1362,0
DA:1364,0
DA:1372,0
DA:1374,0
DA:1375,0
DA:1376,0
DA:1377,0
DA:1378,0
DA:1379,0
DA:1380,0
DA:1382,0
DA:1388,0
DA:1389,0
DA:1390,0
DA:1391,0
DA:1392,0
DA:1401,0
DA:1404,0
DA:1410,0
DA:1411,0
DA:1412,0
DA:1413,0
DA:1414,0
DA:1418,0
DA:1423,0
DA:1424,0
DA:1425,0
DA:1426,0
DA:1427,0
DA:1428,0
DA:1437,0
DA:1443,0
DA:1444,0
DA:1445,0
DA:1446,0
DA:1447,0
DA:1451,0
DA:1459,0
DA:1460,0
DA:1461,0
DA:1465,0
DA:1468,0
DA:1470,0
DA:1471,0
DA:1473,0
DA:1475,0
DA:1476,0
DA:1486,0
DA:1489,0
DA:1492,0
DA:1500,0
DA:1501,0
DA:1502,0
DA:1503,0
DA:1505,0
DA:1508,0
DA:1509,0
DA:1517,0
DA:1521,0
DA:1522,0
DA:1523,0
DA:1524,0
DA:1525,0
DA:1527,0
DA:1528,0
DA:1537,0
DA:1546,0
DA:1547,0
DA:1548,0
DA:1549,0
DA:1551,0
DA:1552,0
DA:1553,0
DA:1555,0
DA:1557,0
DA:1559,0
DA:1560,0
DA:1561,0
DA:1571,0
DA:1572,0
DA:1574,0
DA:1575,0
DA:1577,0
DA:1578,0
DA:1581,0
DA:1586,0
DA:1587,0
DA:1595,0
DA:1598,0
DA:1599,0
DA:1600,0
DA:1604,0
DA:1605,0
DA:1609,0
DA:1610,0
DA:1618,0
DA:1621,0
DA:1622,0
DA:1624,0
DA:1625,0
DA:1634,0
DA:1635,0
DA:1636,0
DA:1637,0
DA:1644,0
DA:1645,0
DA:1646,0
DA:1649,0
DA:1654,0
DA:1661,0
DA:1664,0
DA:1665,0
DA:1669,0
DA:1670,0
DA:1671,0
DA:1673,0
DA:1674,0
DA:1679,0
DA:1680,0
DA:1681,0
DA:1682,0
DA:1687,0
DA:1688,0
DA:1694,0
DA:1698,0
DA:1699,0
DA:1703,0
DA:1707,0
DA:1711,0
DA:1715,0
DA:1721,0
DA:1722,0
DA:1724,0
DA:1734,0
DA:1735,0
DA:1736,0
DA:1737,0
DA:1738,0
DA:1739,0
DA:1748,0
DA:1749,0
DA:1756,0
DA:1757,0
DA:1759,0
DA:1770,0
DA:1771,0
DA:1776,0
DA:1777,0
DA:1779,0
DA:1781,0
DA:1782,0
DA:1792,0
DA:1799,0
DA:1800,0
DA:1801,0
DA:1803,0
DA:1812,0
DA:1813,0
DA:1816,0
DA:1828,0
LF:650
LH:0
BRDA:32,0,0,0
BRDA:32,0,1,0
BRDA:62,1,0,0
BRDA:62,1,1,0
BRDA:71,2,0,0
BRDA:71,2,1,0
BRDA:90,3,0,0
BRDA:90,3,1,0
BRDA:147,4,0,0
BRDA:147,4,1,0
BRDA:147,5,0,0
BRDA:147,5,1,0
BRDA:162,6,0,0
BRDA:162,6,1,0
BRDA:166,7,0,0
BRDA:166,7,1,0
BRDA:166,8,0,0
BRDA:166,8,1,0
BRDA:174,9,0,0
BRDA:174,9,1,0
BRDA:189,10,0,0
BRDA:189,10,1,0
BRDA:191,11,0,0
BRDA:191,11,1,0
BRDA:198,12,0,0
BRDA:198,12,1,0
BRDA:198,13,0,0
BRDA:198,13,1,0
BRDA:200,14,0,0
BRDA:200,14,1,0
BRDA:200,15,0,0
BRDA:200,15,1,0
BRDA:204,16,0,0
BRDA:204,16,1,0
BRDA:204,17,0,0
BRDA:204,17,1,0
BRDA:208,18,0,0
BRDA:208,18,1,0
BRDA:208,19,0,0
BRDA:208,19,1,0
BRDA:212,20,0,0
BRDA:212,20,1,0
BRDA:212,21,0,0
BRDA:212,21,1,0
BRDA:229,22,0,0
BRDA:229,22,1,0
BRDA:229,22,2,0
BRDA:229,22,3,0
BRDA:229,22,4,0
BRDA:254,23,0,0
BRDA:254,23,1,0
BRDA:254,24,0,0
BRDA:254,24,1,0
BRDA:254,24,2,0
BRDA:287,25,0,0
BRDA:287,25,1,0
BRDA:326,26,0,0
BRDA:326,26,1,0
BRDA:326,27,0,0
BRDA:326,27,1,0
BRDA:332,28,0,0
BRDA:332,28,1,0
BRDA:337,29,0,0
BRDA:337,29,1,0
BRDA:337,30,0,0
BRDA:337,30,1,0
BRDA:339,31,0,0
BRDA:339,31,1,0
BRDA:342,32,0,0
BRDA:342,32,1,0
BRDA:342,33,0,0
BRDA:342,33,1,0
BRDA:345,34,0,0
BRDA:345,34,1,0
BRDA:355,35,0,0
BRDA:355,35,1,0
BRDA:369,36,0,0
BRDA:369,36,1,0
BRDA:380,37,0,0
BRDA:380,37,1,0
BRDA:380,38,0,0
BRDA:380,38,1,0
BRDA:384,39,0,0
BRDA:384,39,1,0
BRDA:401,40,0,0
BRDA:401,40,1,0
BRDA:401,41,0,0
BRDA:401,41,1,0
BRDA:404,42,0,0
BRDA:404,42,1,0
BRDA:406,43,0,0
BRDA:406,43,1,0
BRDA:420,44,0,0
BRDA:420,44,1,0
BRDA:420,44,2,0
BRDA:423,45,0,0
BRDA:423,45,1,0
BRDA:424,46,0,0
BRDA:424,46,1,0
BRDA:426,47,0,0
BRDA:426,47,1,0
BRDA:427,48,0,0
BRDA:427,48,1,0
BRDA:428,49,0,0
BRDA:428,49,1,0
BRDA:446,50,0,0
BRDA:446,50,1,0
BRDA:446,51,0,0
BRDA:446,51,1,0
BRDA:452,52,0,0
BRDA:452,52,1,0
BRDA:458,53,0,0
BRDA:458,53,1,0
BRDA:470,54,0,0
BRDA:470,54,1,0
BRDA:475,55,0,0
BRDA:475,55,1,0
BRDA:480,56,0,0
BRDA:480,56,1,0
BRDA:485,57,0,0
BRDA:485,57,1,0
BRDA:495,58,0,0
BRDA:495,58,1,0
BRDA:495,59,0,0
BRDA:495,59,1,0
BRDA:500,60,0,0
BRDA:500,60,1,0
BRDA:500,61,0,0
BRDA:500,61,1,0
BRDA:510,62,0,0
BRDA:510,62,1,0
BRDA:511,63,0,0
BRDA:511,63,1,0
BRDA:532,64,0,0
BRDA:532,64,1,0
BRDA:532,65,0,0
BRDA:532,65,1,0
BRDA:533,66,0,0
BRDA:533,66,1,0
BRDA:542,67,0,0
BRDA:542,67,1,0
BRDA:542,68,0,0
BRDA:542,68,1,0
BRDA:579,69,0,0
BRDA:579,69,1,0
BRDA:593,70,0,0
BRDA:593,70,1,0
BRDA:616,71,0,0
BRDA:616,71,1,0
BRDA:635,72,0,0
BRDA:635,72,1,0
BRDA:665,73,0,0
BRDA:665,73,1,0
BRDA:676,74,0,0
BRDA:676,74,1,0
BRDA:685,75,0,0
BRDA:685,75,1,0
BRDA:687,76,0,0
BRDA:687,76,1,0
BRDA:694,77,0,0
BRDA:694,77,1,0
BRDA:695,78,0,0
BRDA:695,78,1,0
BRDA:700,79,0,0
BRDA:700,79,1,0
BRDA:706,80,0,0
BRDA:706,80,1,0
BRDA:707,81,0,0
BRDA:707,81,1,0
BRDA:710,82,0,0
BRDA:710,82,1,0
BRDA:715,83,0,0
BRDA:715,83,1,0
BRDA:721,84,0,0
BRDA:721,84,1,0
BRDA:727,85,0,0
BRDA:727,85,1,0
BRDA:734,86,0,0
BRDA:734,86,1,0
BRDA:743,87,0,0
BRDA:743,87,1,0
BRDA:749,88,0,0
BRDA:749,88,1,0
BRDA:793,89,0,0
BRDA:793,89,1,0
BRDA:817,90,0,0
BRDA:817,90,1,0
BRDA:863,91,0,0
BRDA:863,91,1,0
BRDA:882,92,0,0
BRDA:882,92,1,0
BRDA:885,93,0,0
BRDA:885,93,1,0
BRDA:896,94,0,0
BRDA:896,94,1,0
BRDA:896,94,2,0
BRDA:896,94,3,0
BRDA:918,95,0,0
BRDA:918,95,1,0
BRDA:918,96,0,0
BRDA:918,96,1,0
BRDA:932,97,0,0
BRDA:932,97,1,0
BRDA:932,98,0,0
BRDA:932,98,1,0
BRDA:942,99,0,0
BRDA:942,99,1,0
BRDA:942,100,0,0
BRDA:942,100,1,0
BRDA:978,101,0,0
BRDA:978,101,1,0
BRDA:983,102,0,0
BRDA:983,102,1,0
BRDA:991,103,0,0
BRDA:991,103,1,0
BRDA:1028,104,0,0
BRDA:1028,104,1,0
BRDA:1048,105,0,0
BRDA:1048,105,1,0
BRDA:1050,106,0,0
BRDA:1050,106,1,0
BRDA:1058,107,0,0
BRDA:1058,107,1,0
BRDA:1063,108,0,0
BRDA:1063,108,1,0
BRDA:1068,109,0,0
BRDA:1068,109,1,0
BRDA:1073,110,0,0
BRDA:1073,110,1,0
BRDA:1078,111,0,0
BRDA:1078,111,1,0
BRDA:1113,112,0,0
BRDA:1113,112,1,0
BRDA:1127,113,0,0
BRDA:1127,113,1,0
BRDA:1172,114,0,0
BRDA:1172,114,1,0
BRDA:1181,115,0,0
BRDA:1181,115,1,0
BRDA:1190,116,0,0
BRDA:1190,116,1,0
BRDA:1193,117,0,0
BRDA:1193,117,1,0
BRDA:1193,118,0,0
BRDA:1193,118,1,0
BRDA:1199,119,0,0
BRDA:1199,119,1,0
BRDA:1223,120,0,0
BRDA:1223,120,1,0
BRDA:1228,121,0,0
BRDA:1228,121,1,0
BRDA:1233,122,0,0
BRDA:1233,122,1,0
BRDA:1238,123,0,0
BRDA:1238,123,1,0
BRDA:1253,124,0,0
BRDA:1253,124,1,0
BRDA:1255,125,0,0
BRDA:1264,126,0,0
BRDA:1264,126,1,0
BRDA:1264,127,0,0
BRDA:1264,127,1,0
BRDA:1274,128,0,0
BRDA:1274,128,1,0
BRDA:1276,129,0,0
BRDA:1278,130,0,0
BRDA:1278,130,1,0
BRDA:1291,131,0,0
BRDA:1291,131,1,0
BRDA:1296,132,0,0
BRDA:1296,132,1,0
BRDA:1306,133,0,0
BRDA:1306,133,1,0
BRDA:1323,134,0,0
BRDA:1323,134,1,0
BRDA:1324,135,0,0
BRDA:1325,136,0,0
BRDA:1325,136,1,0
BRDA:1341,137,0,0
BRDA:1341,137,1,0
BRDA:1377,138,0,0
BRDA:1377,138,1,0
BRDA:1377,139,0,0
BRDA:1377,139,1,0
BRDA:1379,140,0,0
BRDA:1379,140,1,0
BRDA:1379,141,0,0
BRDA:1379,141,1,0
BRDA:1392,142,0,0
BRDA:1392,142,1,0
BRDA:1468,143,0,0
BRDA:1468,143,1,0
BRDA:1473,144,0,0
BRDA:1473,144,1,0
BRDA:1500,145,0,0
BRDA:1500,145,1,0
BRDA:1508,146,0,0
BRDA:1508,146,1,0
BRDA:1521,147,0,0
BRDA:1521,147,1,0
BRDA:1527,148,0,0
BRDA:1527,148,1,0
BRDA:1546,149,0,0
BRDA:1546,149,1,0
BRDA:1548,150,0,0
BRDA:1577,151,0,0
BRDA:1577,151,1,0
BRDA:1598,152,0,0
BRDA:1598,152,1,0
BRDA:1604,153,0,0
BRDA:1604,153,1,0
BRDA:1609,154,0,0
BRDA:1609,154,1,0
BRDA:1624,155,0,0
BRDA:1624,155,1,0
BRDA:1634,156,0,0
BRDA:1634,156,1,0
BRDA:1645,157,0,0
BRDA:1645,157,1,0
BRDA:1664,158,0,0
BRDA:1664,158,1,0
BRDA:1669,159,0,0
BRDA:1669,159,1,0
BRDA:1679,160,0,0
BRDA:1679,160,1,0
BRDA:1681,161,0,0
BRDA:1681,161,1,0
BRDA:1681,162,0,0
BRDA:1681,162,1,0
BRDA:1687,163,0,0
BRDA:1687,163,1,0
BRDA:1699,164,0,0
BRDA:1699,164,1,0
BRDA:1699,164,2,0
BRDA:1721,165,0,0
BRDA:1721,165,1,0
BRDA:1734,166,0,0
BRDA:1734,166,1,0
BRDA:1748,167,0,0
BRDA:1748,167,1,0
BRDA:1756,168,0,0
BRDA:1756,168,1,0
BRDA:1776,169,0,0
BRDA:1776,169,1,0
BRDA:1779,170,0,0
BRDA:1779,170,1,0
BRDA:1779,171,0,0
BRDA:1779,171,1,0
BRDA:1781,172,0,0
BRDA:1781,172,1,0
BRDA:1791,173,0,0
BRDA:1792,174,0,0
BRDA:1792,174,1,0
BRDA:1799,175,0,0
BRDA:1799,175,1,0
BRDA:1812,176,0,0
BRDA:1812,176,1,0
BRF:357
BRH:0
end_of_record
TN:
SF:src/js/ArticleManager.js
FN:6,(anonymous_0)
FN:18,(anonymous_1)
FN:23,(anonymous_2)
FN:26,(anonymous_3)
FN:34,(anonymous_4)
FN:85,(anonymous_5)
FN:98,(anonymous_6)
FNF:7
FNH:1
FNDA:30,(anonymous_0)
FNDA:0,(anonymous_1)
FNDA:0,(anonymous_2)
FNDA:0,(anonymous_3)
FNDA:0,(anonymous_4)
FNDA:0,(anonymous_5)
FNDA:0,(anonymous_6)
DA:7,30
DA:8,30
DA:9,30
DA:10,30
DA:11,30
DA:13,30
DA:14,0
DA:19,0
DA:20,0
DA:21,0
DA:22,0
DA:23,0
DA:24,0
DA:25,0
DA:26,0
DA:28,0
DA:29,0
DA:30,0
DA:35,0
DA:36,0
DA:37,0
DA:38,0
DA:40,0
DA:41,0
DA:42,0
DA:43,0
DA:44,0
DA:46,0
DA:47,0
DA:49,0
DA:50,0
DA:51,0
DA:53,0
DA:54,0
DA:55,0
DA:56,0
DA:57,0
DA:58,0
DA:60,0
DA:61,0
DA:62,0
DA:63,0
DA:66,0
DA:67,0
DA:68,0
DA:70,0
DA:71,0
DA:72,0
DA:74,0
DA:75,0
DA:76,0
DA:77,0
DA:79,0
DA:80,0
DA:82,0
DA:86,0
DA:88,0
DA:90,0
DA:91,0
DA:92,0
DA:93,0
DA:96,0
DA:97,0
DA:98,0
DA:99,0
DA:100,0
DA:102,0
DA:103,0
DA:106,0
LF:69
LH:6
BRDA:13,0,0,0
BRDA:13,0,1,30
BRDA:21,1,0,0
BRDA:21,1,1,0
BRDA:29,2,0,0
BRDA:29,2,1,0
BRDA:41,3,0,0
BRDA:41,3,1,0
BRDA:55,4,0,0
BRDA:55,4,1,0
BRDA:60,5,0,0
BRDA:60,5,1,0
BRDA:60,6,0,0
BRDA:60,6,1,0
BRDA:62,7,0,0
BRDA:62,7,1,0
BRDA:68,8,0,0
BRDA:68,8,1,0
BRDA:75,9,0,0
BRDA:75,9,1,0
BRDA:86,10,0,0
BRDA:86,10,1,0
BRDA:86,11,0,0
BRDA:86,11,1,0
BRDA:90,12,0,0
BRDA:90,12,1,0
BRF:26
BRH:1
end_of_record
TN:
SF:src/js/AssetLoadingManager.js
FN:8,(anonymous_0)
FN:34,(anonymous_1)
FN:52,(anonymous_2)
FN:55,(anonymous_3)
FN:68,(anonymous_4)
FN:77,(anonymous_5)
FN:93,(anonymous_6)
FN:109,(anonymous_7)
FN:124,(anonymous_8)
FN:169,(anonymous_9)
FN:222,(anonymous_10)
FN:223,(anonymous_11)
FN:234,(anonymous_12)
FN:238,(anonymous_13)
FN:250,(anonymous_14)
FN:262,(anonymous_15)
FN:266,(anonymous_16)
FN:275,(anonymous_17)
FN:288,(anonymous_18)
FN:297,(anonymous_19)
FN:304,(anonymous_20)
FN:312,(anonymous_21)
FN:323,(anonymous_22)
FN:348,(anonymous_23)
FN:369,(anonymous_24)
FN:384,(anonymous_25)
FN:399,(anonymous_26)
FN:406,(anonymous_27)
FN:409,(anonymous_28)
FN:418,(anonymous_29)
FN:431,(anonymous_30)
FN:435,(anonymous_31)
FN:449,(anonymous_32)
FN:454,(anonymous_33)
FN:462,(anonymous_34)
FN:463,(anonymous_35)
FN:469,(anonymous_36)
FN:485,(anonymous_37)
FN:488,(anonymous_38)
FN:502,(anonymous_39)
FN:503,(anonymous_40)
FN:512,(anonymous_41)
FN:524,(anonymous_42)
FN:531,(anonymous_43)
FN:550,(anonymous_44)
FNF:45
FNH:0
FNDA:0,(anonymous_0)
FNDA:0,(anonymous_1)
FNDA:0,(anonymous_2)
FNDA:0,(anonymous_3)
FNDA:0,(anonymous_4)
FNDA:0,(anonymous_5)
FNDA:0,(anonymous_6)
FNDA:0,(anonymous_7)
FNDA:0,(anonymous_8)
FNDA:0,(anonymous_9)
FNDA:0,(anonymous_10)
FNDA:0,(anonymous_11)
FNDA:0,(anonymous_12)
FNDA:0,(anonymous_13)
FNDA:0,(anonymous_14)
FNDA:0,(anonymous_15)
FNDA:0,(anonymous_16)
FNDA:0,(anonymous_17)
FNDA:0,(anonymous_18)
FNDA:0,(anonymous_19)
FNDA:0,(anonymous_20)
FNDA:0,(anonymous_21)
FNDA:0,(anonymous_22)
FNDA:0,(anonymous_23)
FNDA:0,(anonymous_24)
FNDA:0,(anonymous_25)
FNDA:0,(anonymous_26)
FNDA:0,(anonymous_27)
FNDA:0,(anonymous_28)
FNDA:0,(anonymous_29)
FNDA:0,(anonymous_30)
FNDA:0,(anonymous_31)
FNDA:0,(anonymous_32)
FNDA:0,(anonymous_33)
FNDA:0,(anonymous_34)
FNDA:0,(anonymous_35)
FNDA:0,(anonymous_36)
FNDA:0,(anonymous_37)
FNDA:0,(anonymous_38)
FNDA:0,(anonymous_39)
FNDA:0,(anonymous_40)
FNDA:0,(anonymous_41)
FNDA:0,(anonymous_42)
FNDA:0,(anonymous_43)
FNDA:0,(anonymous_44)
DA:9,0
DA:10,0
DA:11,0
DA:12,0
DA:18,0
DA:19,0
DA:20,0
DA:21,0
DA:23,0
DA:28,0
DA:35,0
DA:37,0
DA:38,0
DA:39,0
DA:40,0
DA:42,0
DA:45,0
DA:53,0
DA:55,0
DA:56,0
DA:57,0
DA:61,0
DA:63,0
DA:67,0
DA:68,0
DA:70,0
DA:71,0
DA:78,0
DA:80,0
DA:81,0
DA:82,0
DA:83,0
DA:85,0
DA:86,0
DA:94,0
DA:96,0
DA:97,0
DA:98,0
DA:99,0
DA:101,0
DA:102,0
DA:110,0
DA:112,0
DA:113,0
DA:114,0
DA:115,0
DA:117,0
DA:125,0
DA:128,0
DA:129,0
DA:133,0
DA:134,0
DA:135,0
DA:136,0
DA:140,0
DA:141,0
DA:142,0
DA:144,0
DA:149,0
DA:153,0
DA:154,0
DA:156,0
DA:157,0
DA:158,0
DA:159,0
DA:161,0
DA:162,0
DA:170,0
DA:171,0
DA:173,0
DA:174,0
DA:175,0
DA:177,0
DA:180,0
DA:191,0
DA:197,0
DA:199,0
DA:202,0
DA:203,0
DA:205,0
DA:206,0
DA:207,0
DA:211,0
DA:212,0
DA:214,0
DA:223,0
DA:224,0
DA:228,0
DA:230,0
DA:231,0
DA:232,0
DA:234,0
DA:235,0
DA:238,0
DA:239,0
DA:240,0
DA:250,0
DA:251,0
DA:252,0
DA:255,0
DA:257,0
DA:258,0
DA:259,0
DA:260,0
DA:262,0
DA:263,0
DA:266,0
DA:267,0
DA:268,0
DA:275,0
DA:276,0
DA:277,0
DA:280,0
DA:281,0
DA:282,0
DA:287,0
DA:288,0
DA:289,0
DA:290,0
DA:293,0
DA:298,0
DA:299,0
DA:300,0
DA:302,0
DA:305,0
DA:313,0
DA:314,0
DA:324,0
DA:326,0
DA:327,0
DA:328,0
DA:333,0
DA:334,0
DA:337,0
DA:338,0
DA:342,0
DA:349,0
DA:350,0
DA:359,0
DA:360,0
DA:363,0
DA:370,0
DA:371,0
DA:373,0
DA:374,0
DA:375,0
DA:378,0
DA:385,0
DA:386,0
DA:388,0
DA:389,0
DA:390,0
DA:393,0
DA:400,0
DA:402,0
DA:405,0
DA:406,0
DA:408,0
DA:409,0
DA:410,0
DA:411,0
DA:419,0
DA:432,0
DA:436,0
DA:438,0
DA:439,0
DA:440,0
DA:441,0
DA:442,0
DA:443,0
DA:445,0
DA:451,0
DA:455,0
DA:456,0
DA:457,0
DA:458,0
DA:459,0
DA:463,0
DA:470,0
DA:473,0
DA:474,0
DA:478,0
DA:479,0
DA:486,0
DA:488,0
DA:489,0
DA:490,0
DA:496,0
DA:500,0
DA:501,0
DA:502,0
DA:503,0
DA:505,0
DA:506,0
DA:513,0
DA:525,0
DA:532,0
DA:535,0
DA:538,0
DA:541,0
DA:542,0
DA:544,0
DA:551,0
DA:554,0
DA:555,0
DA:558,0
DA:559,0
DA:562,0
DA:563,0
DA:567,0
DA:568,0
DA:570,0
LF:212
LH:0
BRDA:8,0,0,0
BRDA:9,1,0,0
BRDA:9,1,1,0
BRDA:10,2,0,0
BRDA:10,2,1,0
BRDA:12,3,0,0
BRDA:12,3,1,0
BRDA:93,4,0,0
BRDA:124,5,0,0
BRDA:128,6,0,0
BRDA:128,6,1,0
BRDA:134,7,0,0
BRDA:134,7,1,0
BRDA:141,8,0,0
BRDA:141,8,1,0
BRDA:146,9,0,0
BRDA:146,9,1,0
BRDA:169,10,0,0
BRDA:171,11,0,0
BRDA:171,11,1,0
BRDA:181,12,0,0
BRDA:181,12,1,0
BRDA:193,13,0,0
BRDA:193,13,1,0
BRDA:205,14,0,0
BRDA:205,14,1,0
BRDA:222,15,0,0
BRDA:224,16,0,0
BRDA:224,16,1,0
BRDA:230,17,0,0
BRDA:230,17,1,0
BRDA:257,18,0,0
BRDA:257,18,1,0
BRDA:281,19,0,0
BRDA:281,19,1,0
BRDA:299,20,0,0
BRDA:299,20,1,0
BRDA:348,21,0,0
BRDA:354,22,0,0
BRDA:354,22,1,0
BRDA:355,23,0,0
BRDA:355,23,1,0
BRDA:373,24,0,0
BRDA:373,24,1,0
BRDA:388,25,0,0
BRDA:388,25,1,0
BRDA:402,26,0,0
BRDA:402,26,1,0
BRDA:438,27,0,0
BRDA:438,27,1,0
BRDA:440,28,0,0
BRDA:440,28,1,0
BRDA:442,29,0,0
BRDA:442,29,1,0
BRDA:455,30,0,0
BRDA:455,30,1,0
BRDA:473,31,0,0
BRDA:473,31,1,0
BRDA:502,32,0,0
BRDA:502,32,1,0
BRDA:524,33,0,0
BRDA:554,34,0,0
BRDA:554,34,1,0
BRDA:558,35,0,0
BRDA:558,35,1,0
BRDA:562,36,0,0
BRDA:562,36,1,0
BRF:67
BRH:0
end_of_record
TN:
SF:src/js/AssetOptimizer.js
FN:4,(anonymous_0)
FN:19,(anonymous_1)
FN:26,(anonymous_2)
FN:33,(anonymous_3)
FN:40,(anonymous_4)
FN:90,(anonymous_5)
FN:109,(anonymous_6)
FN:132,(anonymous_7)
FN:137,(anonymous_8)
FN:147,(anonymous_9)
FN:161,(anonymous_10)
FN:176,(anonymous_11)
FN:183,(anonymous_12)
FN:185,(anonymous_13)
FN:186,(anonymous_14)
FN:202,(anonymous_15)
FN:205,(anonymous_16)
FN:207,(anonymous_17)
FN:218,(anonymous_18)
FN:225,(anonymous_19)
FN:227,(anonymous_20)
FN:233,(anonymous_21)
FN:238,(anonymous_22)
FN:252,(anonymous_23)
FN:305,(anonymous_24)
FN:308,(anonymous_25)
FN:324,(anonymous_26)
FN:325,(anonymous_27)
FN:330,(anonymous_28)
FN:334,(anonymous_29)
FN:342,(anonymous_30)
FN:353,(anonymous_31)
FN:358,(anonymous_32)
FN:368,(anonymous_33)
FN:397,(anonymous_34)
FN:408,(anonymous_35)
FN:420,(anonymous_36)
FN:435,(anonymous_37)
FN:439,(anonymous_38)
FN:447,(anonymous_39)
FN:458,(anonymous_40)
FN:466,(anonymous_41)
FN:471,(anonymous_42)
FN:477,(anonymous_43)
FN:490,(anonymous_44)
FN:499,(anonymous_45)
FNF:46
FNH:0
FNDA:0,(anonymous_0)
FNDA:0,(anonymous_1)
FNDA:0,(anonymous_2)
FNDA:0,(anonymous_3)
FNDA:0,(anonymous_4)
FNDA:0,(anonymous_5)
FNDA:0,(anonymous_6)
FNDA:0,(anonymous_7)
FNDA:0,(anonymous_8)
FNDA:0,(anonymous_9)
FNDA:0,(anonymous_10)
FNDA:0,(anonymous_11)
FNDA:0,(anonymous_12)
FNDA:0,(anonymous_13)
FNDA:0,(anonymous_14)
FNDA:0,(anonymous_15)
FNDA:0,(anonymous_16)
FNDA:0,(anonymous_17)
FNDA:0,(anonymous_18)
FNDA:0,(anonymous_19)
FNDA:0,(anonymous_20)
FNDA:0,(anonymous_21)
FNDA:0,(anonymous_22)
FNDA:0,(anonymous_23)
FNDA:0,(anonymous_24)
FNDA:0,(anonymous_25)
FNDA:0,(anonymous_26)
FNDA:0,(anonymous_27)
FNDA:0,(anonymous_28)
FNDA:0,(anonymous_29)
FNDA:0,(anonymous_30)
FNDA:0,(anonymous_31)
FNDA:0,(anonymous_32)
FNDA:0,(anonymous_33)
FNDA:0,(anonymous_34)
FNDA:0,(anonymous_35)
FNDA:0,(anonymous_36)
FNDA:0,(anonymous_37)
FNDA:0,(anonymous_38)
FNDA:0,(anonymous_39)
FNDA:0,(anonymous_40)
FNDA:0,(anonymous_41)
FNDA:0,(anonymous_42)
FNDA:0,(anonymous_43)
FNDA:0,(anonymous_44)
FNDA:0,(anonymous_45)
DA:5,0
DA:6,0
DA:7,0
DA:8,0
DA:9,0
DA:11,0
DA:19,0
DA:26,0
DA:33,0
DA:40,0
DA:81,0
DA:91,0
DA:93,0
DA:94,0
DA:95,0
DA:96,0
DA:97,0
DA:98,0
DA:100,0
DA:101,0
DA:104,0
DA:105,0
DA:110,0
DA:111,0
DA:113,0
DA:115,0
DA:116,0
DA:117,0
DA:118,0
DA:119,0
DA:120,0
DA:123,0
DA:124,0
DA:127,0
DA:134,0
DA:135,0
DA:137,0
DA:138,0
DA:139,0
DA:140,0
DA:144,0
DA:148,0
DA:150,0
DA:151,0
DA:152,0
DA:153,0
DA:157,0
DA:158,0
DA:162,0
DA:163,0
DA:166,0
DA:167,0
DA:168,0
DA:171,0
DA:173,0
DA:178,0
DA:179,0
DA:180,0
DA:185,0
DA:186,0
DA:187,0
DA:188,0
DA:189,0
DA:198,0
DA:202,0
DA:207,0
DA:208,0
DA:209,0
DA:212,0
DA:213,0
DA:218,0
DA:219,0
DA:220,0
DA:227,0
DA:228,0
DA:229,0
DA:233,0
DA:234,0
DA:239,0
DA:241,0
DA:242,0
DA:243,0
DA:244,0
DA:249,0
DA:254,0
DA:255,0
DA:258,0
DA:259,0
DA:262,0
DA:263,0
DA:264,0
DA:265,0
DA:268,0
DA:269,0
DA:272,0
DA:273,0
DA:275,0
DA:276,0
DA:279,0
DA:280,0
DA:281,0
DA:282,0
DA:285,0
DA:286,0
DA:288,0
DA:291,0
DA:295,0
DA:298,0
DA:299,0
DA:301,0
DA:307,0
DA:308,0
DA:309,0
DA:311,0
DA:315,0
DA:316,0
DA:317,0
DA:320,0
DA:325,0
DA:326,0
DA:327,0
DA:328,0
DA:330,0
DA:331,0
DA:334,0
DA:335,0
DA:338,0
DA:343,0
DA:346,0
DA:348,0
DA:349,0
DA:355,0
DA:357,0
DA:358,0
DA:361,0
DA:362,0
DA:364,0
DA:370,0
DA:371,0
DA:372,0
DA:375,0
DA:376,0
DA:377,0
DA:380,0
DA:381,0
DA:382,0
DA:383,0
DA:387,0
DA:389,0
DA:392,0
DA:393,0
DA:398,0
DA:401,0
DA:409,0
DA:412,0
DA:421,0
DA:436,0
DA:437,0
DA:439,0
DA:440,0
DA:443,0
DA:444,0
DA:449,0
DA:450,0
DA:451,0
DA:452,0
DA:454,0
DA:459,0
DA:460,0
DA:461,0
DA:463,0
DA:467,0
DA:470,0
DA:471,0
DA:473,0
DA:478,0
DA:479,0
DA:480,0
DA:487,0
DA:491,0
DA:492,0
DA:500,0
LF:182
LH:0
BRDA:115,0,0,0
BRDA:115,0,1,0
BRDA:115,1,0,0
BRDA:115,1,1,0
BRDA:115,1,2,0
BRDA:117,2,0,0
BRDA:117,2,1,0
BRDA:117,3,0,0
BRDA:117,3,1,0
BRDA:119,4,0,0
BRDA:119,4,1,0
BRDA:119,5,0,0
BRDA:119,5,1,0
BRDA:134,6,0,0
BRDA:134,6,1,0
BRDA:135,7,0,0
BRDA:135,7,1,0
BRDA:139,8,0,0
BRDA:139,8,1,0
BRDA:139,9,0,0
BRDA:139,9,1,0
BRDA:152,10,0,0
BRDA:152,10,1,0
BRDA:152,11,0,0
BRDA:152,11,1,0
BRDA:163,12,0,0
BRDA:163,12,1,0
BRDA:187,13,0,0
BRDA:187,13,1,0
BRDA:208,14,0,0
BRDA:208,14,1,0
BRDA:212,15,0,0
BRDA:212,15,1,0
BRDA:219,16,0,0
BRDA:219,16,1,0
BRDA:219,17,0,0
BRDA:219,17,1,0
BRDA:219,17,2,0
BRDA:242,18,0,0
BRDA:242,18,1,0
BRDA:242,19,0,0
BRDA:242,19,1,0
BRDA:243,20,0,0
BRDA:243,20,1,0
BRDA:254,21,0,0
BRDA:254,21,1,0
BRDA:258,22,0,0
BRDA:258,22,1,0
BRDA:263,23,0,0
BRDA:263,23,1,0
BRDA:307,24,0,0
BRDA:307,24,1,0
BRDA:307,25,0,0
BRDA:307,25,1,0
BRDA:317,26,0,0
BRDA:317,26,1,0
BRDA:343,27,0,0
BRDA:343,27,1,0
BRDA:346,28,0,0
BRDA:346,28,1,0
BRDA:348,29,0,0
BRDA:348,29,1,0
BRDA:368,30,0,0
BRDA:370,31,0,0
BRDA:370,31,1,0
BRDA:380,32,0,0
BRDA:380,32,1,0
BRDA:380,33,0,0
BRDA:380,33,1,0
BRDA:382,34,0,0
BRDA:382,34,1,0
BRDA:382,35,0,0
BRDA:382,35,1,0
BRDA:398,36,0,0
BRDA:398,36,1,0
BRDA:409,37,0,0
BRDA:409,37,1,0
BRDA:423,38,0,0
BRDA:423,38,1,0
BRDA:426,39,0,0
BRDA:426,39,1,0
BRDA:437,40,0,0
BRDA:437,40,1,0
BRDA:478,41,0,0
BRDA:478,41,1,0
BRDA:492,42,0,0
BRDA:492,42,1,0
BRDA:492,42,2,0
BRDA:492,42,3,0
BRDA:500,43,0,0
BRDA:500,43,1,0
BRDA:500,43,2,0
BRF:92
BRH:0
end_of_record
TN:
SF:src/js/AssetPreloader.js
FN:6,(anonymous_0)
FN:67,(anonymous_1)
FN:70,(anonymous_2)
FN:74,(anonymous_3)
FN:84,(anonymous_4)
FN:104,(anonymous_5)
FN:118,(anonymous_6)
FN:127,(anonymous_7)
FN:143,(anonymous_8)
FN:150,(anonymous_9)
FN:159,(anonymous_10)
FN:176,(anonymous_11)
FN:191,(anonymous_12)
FN:257,(anonymous_13)
FN:284,(anonymous_14)
FN:285,(anonymous_15)
FN:286,(anonymous_16)
FN:305,(anonymous_17)
FN:309,(anonymous_18)
FN:321,(anonymous_19)
FN:332,(anonymous_20)
FN:338,(anonymous_21)
FN:347,(anonymous_22)
FN:358,(anonymous_23)
FN:385,(anonymous_24)
FN:392,(anonymous_25)
FN:417,(anonymous_26)
FN:438,(anonymous_27)
FN:442,(anonymous_28)
FN:451,(anonymous_29)
FN:461,(anonymous_30)
FN:463,(anonymous_31)
FN:464,(anonymous_32)
FN:476,(anonymous_33)
FN:485,(anonymous_34)
FN:491,(anonymous_35)
FN:505,(anonymous_36)
FN:507,(anonymous_37)
FN:508,(anonymous_38)
FN:516,(anonymous_39)
FN:522,(anonymous_40)
FN:533,(anonymous_41)
FN:557,(anonymous_42)
FN:565,(anonymous_43)
FN:568,(anonymous_44)
FN:580,(anonymous_45)
FN:596,(anonymous_46)
FN:600,(anonymous_47)
FN:618,(anonymous_48)
FN:627,(anonymous_49)
FN:631,(anonymous_50)
FN:635,(anonymous_51)
FN:636,(anonymous_52)
FN:637,(anonymous_53)
FN:653,(anonymous_54)
FN:654,(anonymous_55)
FN:660,(anonymous_56)
FN:662,(anonymous_57)
FN:682,(anonymous_58)
FNF:59
FNH:0
FNDA:0,(anonymous_0)
FNDA:0,(anonymous_1)
FNDA:0,(anonymous_2)
FNDA:0,(anonymous_3)
FNDA:0,(anonymous_4)
FNDA:0,(anonymous_5)
FNDA:0,(anonymous_6)
FNDA:0,(anonymous_7)
FNDA:0,(anonymous_8)
FNDA:0,(anonymous_9)
FNDA:0,(anonymous_10)
FNDA:0,(anonymous_11)
FNDA:0,(anonymous_12)
FNDA:0,(anonymous_13)
FNDA:0,(anonymous_14)
FNDA:0,(anonymous_15)
FNDA:0,(anonymous_16)
FNDA:0,(anonymous_17)
FNDA:0,(anonymous_18)
FNDA:0,(anonymous_19)
FNDA:0,(anonymous_20)
FNDA:0,(anonymous_21)
FNDA:0,(anonymous_22)
FNDA:0,(anonymous_23)
FNDA:0,(anonymous_24)
FNDA:0,(anonymous_25)
FNDA:0,(anonymous_26)
FNDA:0,(anonymous_27)
FNDA:0,(anonymous_28)
FNDA:0,(anonymous_29)
FNDA:0,(anonymous_30)
FNDA:0,(anonymous_31)
FNDA:0,(anonymous_32)
FNDA:0,(anonymous_33)
FNDA:0,(anonymous_34)
FNDA:0,(anonymous_35)
FNDA:0,(anonymous_36)
FNDA:0,(anonymous_37)
FNDA:0,(anonymous_38)
FNDA:0,(anonymous_39)
FNDA:0,(anonymous_40)
FNDA:0,(anonymous_41)
FNDA:0,(anonymous_42)
FNDA:0,(anonymous_43)
FNDA:0,(anonymous_44)
FNDA:0,(anonymous_45)
FNDA:0,(anonymous_46)
FNDA:0,(anonymous_47)
FNDA:0,(anonymous_48)
FNDA:0,(anonymous_49)
FNDA:0,(anonymous_50)
FNDA:0,(anonymous_51)
FNDA:0,(anonymous_52)
FNDA:0,(anonymous_53)
FNDA:0,(anonymous_54)
FNDA:0,(anonymous_55)
FNDA:0,(anonymous_56)
FNDA:0,(anonymous_57)
FNDA:0,(anonymous_58)
DA:7,0
DA:8,0
DA:11,0
DA:20,0
DA:28,0
DA:43,0
DA:54,0
DA:55,0
DA:56,0
DA:59,0
DA:61,0
DA:68,0
DA:70,0
DA:71,0
DA:74,0
DA:75,0
DA:83,0
DA:84,0
DA:86,0
DA:89,0
DA:90,0
DA:93,0
DA:105,0
DA:107,0
DA:108,0
DA:111,0
DA:113,0
DA:114,0
DA:115,0
DA:118,0
DA:119,0
DA:126,0
DA:127,0
DA:129,0
DA:131,0
DA:144,0
DA:147,0
DA:150,0
DA:153,0
DA:154,0
DA:156,0
DA:157,0
DA:159,0
DA:160,0
DA:167,0
DA:168,0
DA:171,0
DA:172,0
DA:176,0
DA:178,0
DA:180,0
DA:192,0
DA:195,0
DA:196,0
DA:197,0
DA:201,0
DA:202,0
DA:203,0
DA:207,0
DA:214,0
DA:216,0
DA:217,0
DA:220,0
DA:231,0
DA:236,0
DA:238,0
DA:239,0
DA:243,0
DA:244,0
DA:246,0
DA:247,0
DA:250,0
DA:258,0
DA:259,0
DA:263,0
DA:264,0
DA:265,0
DA:266,0
DA:267,0
DA:270,0
DA:273,0
DA:274,0
DA:278,0
DA:285,0
DA:286,0
DA:287,0
DA:290,0
DA:292,0
DA:293,0
DA:294,0
DA:295,0
DA:297,0
DA:306,0
DA:307,0
DA:309,0
DA:310,0
DA:311,0
DA:321,0
DA:322,0
DA:323,0
DA:326,0
DA:333,0
DA:334,0
DA:335,0
DA:336,0
DA:338,0
DA:339,0
DA:340,0
DA:347,0
DA:348,0
DA:349,0
DA:352,0
DA:359,0
DA:360,0
DA:362,0
DA:363,0
DA:366,0
DA:368,0
DA:369,0
DA:377,0
DA:378,0
DA:386,0
DA:387,0
DA:390,0
DA:391,0
DA:392,0
DA:393,0
DA:394,0
DA:395,0
DA:401,0
DA:402,0
DA:406,0
DA:407,0
DA:408,0
DA:411,0
DA:418,0
DA:420,0
DA:421,0
DA:426,0
DA:427,0
DA:432,0
DA:439,0
DA:443,0
DA:452,0
DA:462,0
DA:463,0
DA:466,0
DA:467,0
DA:469,0
DA:477,0
DA:480,0
DA:481,0
DA:482,0
DA:485,0
DA:492,0
DA:506,0
DA:507,0
DA:508,0
DA:510,0
DA:518,0
DA:519,0
DA:522,0
DA:523,0
DA:527,0
DA:534,0
DA:535,0
DA:542,0
DA:543,0
DA:546,0
DA:547,0
DA:548,0
DA:549,0
DA:550,0
DA:559,0
DA:567,0
DA:568,0
DA:569,0
DA:570,0
DA:571,0
DA:573,0
DA:581,0
DA:582,0
DA:584,0
DA:585,0
DA:588,0
DA:589,0
DA:597,0
DA:601,0
DA:603,0
DA:604,0
DA:605,0
DA:606,0
DA:607,0
DA:608,0
DA:609,0
DA:610,0
DA:611,0
DA:612,0
DA:614,0
DA:619,0
DA:620,0
DA:621,0
DA:623,0
DA:628,0
DA:632,0
DA:636,0
DA:637,0
DA:638,0
DA:639,0
DA:640,0
DA:641,0
DA:643,0
DA:646,0
DA:649,0
DA:654,0
DA:661,0
DA:662,0
DA:664,0
DA:684,0
DA:685,0
DA:688,0
DA:689,0
DA:692,0
LF:223
LH:0
BRDA:6,0,0,0
BRDA:7,1,0,0
BRDA:7,1,1,0
BRDA:8,2,0,0
BRDA:8,2,1,0
BRDA:12,3,0,0
BRDA:12,3,1,0
BRDA:13,4,0,0
BRDA:13,4,1,0
BRDA:14,5,0,0
BRDA:14,5,1,0
BRDA:15,6,0,0
BRDA:15,6,1,0
BRDA:89,7,0,0
BRDA:89,7,1,0
BRDA:113,8,0,0
BRDA:113,8,1,0
BRDA:143,9,0,0
BRDA:171,10,0,0
BRDA:171,10,1,0
BRDA:191,11,0,0
BRDA:195,12,0,0
BRDA:195,12,1,0
BRDA:201,13,0,0
BRDA:201,13,1,0
BRDA:209,14,0,0
BRDA:209,14,1,0
BRDA:210,15,0,0
BRDA:210,15,1,0
BRDA:211,16,0,0
BRDA:211,16,1,0
BRDA:257,17,0,0
BRDA:258,18,0,0
BRDA:258,18,1,0
BRDA:259,19,0,0
BRDA:259,19,1,0
BRDA:265,20,0,0
BRDA:265,20,1,0
BRDA:290,21,0,0
BRDA:290,21,1,0
BRDA:292,22,0,0
BRDA:292,22,1,0
BRDA:294,23,0,0
BRDA:294,23,1,0
BRDA:362,24,0,0
BRDA:362,24,1,0
BRDA:391,25,0,0
BRDA:391,25,1,0
BRDA:391,26,0,0
BRDA:391,26,1,0
BRDA:394,27,0,0
BRDA:394,27,1,0
BRDA:401,28,0,0
BRDA:401,28,1,0
BRDA:407,29,0,0
BRDA:407,29,1,0
BRDA:407,30,0,0
BRDA:407,30,1,0
BRDA:417,31,0,0
BRDA:420,32,0,0
BRDA:420,32,1,0
BRDA:426,33,0,0
BRDA:426,33,1,0
BRDA:443,34,0,0
BRDA:443,34,1,0
BRDA:466,35,0,0
BRDA:466,35,1,0
BRDA:469,36,0,0
BRDA:469,36,1,0
BRDA:469,37,0,0
BRDA:469,37,1,0
BRDA:481,38,0,0
BRDA:481,38,1,0
BRDA:534,39,0,0
BRDA:534,39,1,0
BRDA:546,40,0,0
BRDA:546,40,1,0
BRDA:547,41,0,0
BRDA:547,41,1,0
BRDA:547,42,0,0
BRDA:547,42,1,0
BRDA:549,43,0,0
BRDA:549,43,1,0
BRDA:570,44,0,0
BRDA:570,44,1,0
BRDA:570,45,0,0
BRDA:570,45,1,0
BRDA:584,46,0,0
BRDA:584,46,1,0
BRDA:588,47,0,0
BRDA:588,47,1,0
BRDA:603,48,0,0
BRDA:603,48,1,0
BRDA:605,49,0,0
BRDA:605,49,1,0
BRDA:607,50,0,0
BRDA:607,50,1,0
BRDA:609,51,0,0
BRDA:609,51,1,0
BRDA:611,52,0,0
BRDA:611,52,1,0
BRDA:620,53,0,0
BRDA:620,53,1,0
BRDA:632,54,0,0
BRDA:632,54,1,0
BRDA:632,55,0,0
BRDA:632,55,1,0
BRDA:639,56,0,0
BRDA:639,56,1,0
BRDA:640,57,0,0
BRDA:640,57,1,0
BRDA:668,58,0,0
BRDA:668,58,1,0
BRDA:688,59,0,0
BRDA:688,59,1,0
BRF:115
BRH:0
end_of_record
TN:
SF:src/js/CacheManager.js
FN:4,(anonymous_0)
FN:51,(anonymous_1)
FN:96,(anonymous_2)
FN:126,(anonymous_3)
FN:134,(anonymous_4)
FN:145,(anonymous_5)
FN:155,(anonymous_6)
FN:170,(anonymous_7)
FN:180,(anonymous_8)
FN:198,(anonymous_9)
FN:199,(anonymous_10)
FN:203,(anonymous_11)
FN:207,(anonymous_12)
FN:227,(anonymous_13)
FN:239,(anonymous_14)
FN:266,(anonymous_15)
FN:275,(anonymous_16)
FN:299,(anonymous_17)
FN:301,(anonymous_18)
FN:304,(anonymous_19)
FN:317,(anonymous_20)
FN:341,(anonymous_21)
FN:346,(anonymous_22)
FN:349,(anonymous_23)
FN:357,(anonymous_24)
FN:378,(anonymous_25)
FN:383,(anonymous_26)
FN:384,(anonymous_27)
FN:395,(anonymous_28)
FN:410,(anonymous_29)
FN:414,(anonymous_30)
FN:416,(anonymous_31)
FN:419,(anonymous_32)
FN:435,(anonymous_33)
FN:448,(anonymous_34)
FN:453,(anonymous_35)
FN:455,(anonymous_36)
FN:461,(anonymous_37)
FN:465,(anonymous_38)
FN:471,(anonymous_39)
FN:478,(anonymous_40)
FN:481,(anonymous_41)
FN:485,(anonymous_42)
FN:487,(anonymous_43)
FN:495,(anonymous_44)
FN:496,(anonymous_45)
FN:507,(anonymous_46)
FN:516,(anonymous_47)
FN:525,(anonymous_48)
FN:526,(anonymous_49)
FN:538,(anonymous_50)
FNF:51
FNH:0
FNDA:0,(anonymous_0)
FNDA:0,(anonymous_1)
FNDA:0,(anonymous_2)
FNDA:0,(anonymous_3)
FNDA:0,(anonymous_4)
FNDA:0,(anonymous_5)
FNDA:0,(anonymous_6)
FNDA:0,(anonymous_7)
FNDA:0,(anonymous_8)
FNDA:0,(anonymous_9)
FNDA:0,(anonymous_10)
FNDA:0,(anonymous_11)
FNDA:0,(anonymous_12)
FNDA:0,(anonymous_13)
FNDA:0,(anonymous_14)
FNDA:0,(anonymous_15)
FNDA:0,(anonymous_16)
FNDA:0,(anonymous_17)
FNDA:0,(anonymous_18)
FNDA:0,(anonymous_19)
FNDA:0,(anonymous_20)
FNDA:0,(anonymous_21)
FNDA:0,(anonymous_22)
FNDA:0,(anonymous_23)
FNDA:0,(anonymous_24)
FNDA:0,(anonymous_25)
FNDA:0,(anonymous_26)
FNDA:0,(anonymous_27)
FNDA:0,(anonymous_28)
FNDA:0,(anonymous_29)
FNDA:0,(anonymous_30)
FNDA:0,(anonymous_31)
FNDA:0,(anonymous_32)
FNDA:0,(anonymous_33)
FNDA:0,(anonymous_34)
FNDA:0,(anonymous_35)
FNDA:0,(anonymous_36)
FNDA:0,(anonymous_37)
FNDA:0,(anonymous_38)
FNDA:0,(anonymous_39)
FNDA:0,(anonymous_40)
FNDA:0,(anonymous_41)
FNDA:0,(anonymous_42)
FNDA:0,(anonymous_43)
FNDA:0,(anonymous_44)
FNDA:0,(anonymous_45)
FNDA:0,(anonymous_46)
FNDA:0,(anonymous_47)
FNDA:0,(anonymous_48)
FNDA:0,(anonymous_49)
FNDA:0,(anonymous_50)
DA:5,0
DA:6,0
DA:14,0
DA:15,0
DA:16,0
DA:17,0
DA:20,0
DA:28,0
DA:37,0
DA:43,0
DA:45,0
DA:52,0
DA:54,0
DA:55,0
DA:56,0
DA:58,0
DA:77,0
DA:78,0
DA:81,0
DA:83,0
DA:86,0
DA:87,0
DA:90,0
DA:97,0
DA:99,0
DA:101,0
DA:102,0
DA:103,0
DA:107,0
DA:108,0
DA:109,0
DA:110,0
DA:111,0
DA:115,0
DA:116,0
DA:117,0
DA:119,0
DA:120,0
DA:127,0
DA:128,0
DA:135,0
DA:136,0
DA:137,0
DA:139,0
DA:146,0
DA:147,0
DA:148,0
DA:149,0
DA:156,0
DA:158,0
DA:159,0
DA:161,0
DA:163,0
DA:164,0
DA:168,0
DA:169,0
DA:170,0
DA:171,0
DA:173,0
DA:181,0
DA:182,0
DA:184,0
DA:185,0
DA:187,0
DA:190,0
DA:191,0
DA:199,0
DA:200,0
DA:201,0
DA:203,0
DA:204,0
DA:207,0
DA:208,0
DA:209,0
DA:218,0
DA:224,0
DA:227,0
DA:228,0
DA:229,0
DA:232,0
DA:240,0
DA:242,0
DA:243,0
DA:246,0
DA:247,0
DA:254,0
DA:260,0
DA:267,0
DA:268,0
DA:272,0
DA:273,0
DA:275,0
DA:276,0
DA:277,0
DA:280,0
DA:300,0
DA:301,0
DA:304,0
DA:318,0
DA:320,0
DA:321,0
DA:324,0
DA:327,0
DA:328,0
DA:331,0
DA:332,0
DA:334,0
DA:342,0
DA:348,0
DA:349,0
DA:351,0
DA:352,0
DA:353,0
DA:357,0
DA:358,0
DA:359,0
DA:360,0
DA:364,0
DA:365,0
DA:369,0
DA:370,0
DA:371,0
DA:373,0
DA:374,0
DA:379,0
DA:380,0
DA:382,0
DA:383,0
DA:384,0
DA:386,0
DA:389,0
DA:390,0
DA:391,0
DA:396,0
DA:397,0
DA:398,0
DA:402,0
DA:403,0
DA:404,0
DA:405,0
DA:407,0
DA:411,0
DA:415,0
DA:416,0
DA:420,0
DA:422,0
DA:423,0
DA:424,0
DA:425,0
DA:426,0
DA:427,0
DA:428,0
DA:429,0
DA:431,0
DA:436,0
DA:438,0
DA:439,0
DA:440,0
DA:442,0
DA:445,0
DA:450,0
DA:454,0
DA:455,0
DA:456,0
DA:458,0
DA:462,0
DA:463,0
DA:465,0
DA:466,0
DA:467,0
DA:471,0
DA:473,0
DA:474,0
DA:480,0
DA:481,0
DA:482,0
DA:485,0
DA:486,0
DA:487,0
DA:496,0
DA:497,0
DA:500,0
DA:502,0
DA:508,0
DA:517,0
DA:518,0
DA:519,0
DA:520,0
DA:521,0
DA:526,0
DA:539,0
DA:540,0
DA:542,0
DA:543,0
LF:194
LH:0
BRDA:4,0,0,0
BRDA:14,1,0,0
BRDA:14,1,1,0
BRDA:15,2,0,0
BRDA:15,2,1,0
BRDA:16,3,0,0
BRDA:16,3,1,0
BRDA:17,4,0,0
BRDA:17,4,1,0
BRDA:51,5,0,0
BRDA:55,6,0,0
BRDA:55,6,1,0
BRDA:56,7,0,0
BRDA:56,7,1,0
BRDA:63,8,0,0
BRDA:63,8,1,0
BRDA:64,9,0,0
BRDA:64,9,1,0
BRDA:69,10,0,0
BRDA:69,10,1,0
BRDA:70,11,0,0
BRDA:70,11,1,0
BRDA:71,12,0,0
BRDA:71,12,1,0
BRDA:77,13,0,0
BRDA:77,13,1,0
BRDA:86,14,0,0
BRDA:86,14,1,0
BRDA:101,15,0,0
BRDA:101,15,1,0
BRDA:107,16,0,0
BRDA:107,16,1,0
BRDA:128,17,0,0
BRDA:128,17,1,0
BRDA:136,18,0,0
BRDA:136,18,1,0
BRDA:155,19,0,0
BRDA:158,20,0,0
BRDA:158,20,1,0
BRDA:163,21,0,0
BRDA:163,21,1,0
BRDA:168,22,0,0
BRDA:168,22,1,0
BRDA:184,23,0,0
BRDA:184,23,1,0
BRDA:220,24,0,0
BRDA:220,24,1,0
BRDA:242,25,0,0
BRDA:242,25,1,0
BRDA:256,26,0,0
BRDA:256,26,1,0
BRDA:268,27,0,0
BRDA:268,27,1,0
BRDA:276,28,0,0
BRDA:276,28,1,0
BRDA:277,29,0,0
BRDA:277,29,1,0
BRDA:299,30,0,0
BRDA:327,31,0,0
BRDA:327,31,1,0
BRDA:327,32,0,0
BRDA:327,32,1,0
BRDA:342,33,0,0
BRDA:342,33,1,0
BRDA:351,34,0,0
BRDA:351,34,1,0
BRDA:365,35,0,0
BRDA:365,35,1,0
BRDA:365,35,2,0
BRDA:386,36,0,0
BRDA:386,36,1,0
BRDA:386,36,2,0
BRDA:415,37,0,0
BRDA:415,37,1,0
BRDA:422,38,0,0
BRDA:422,38,1,0
BRDA:423,39,0,0
BRDA:423,39,1,0
BRDA:424,40,0,0
BRDA:424,40,1,0
BRDA:426,41,0,0
BRDA:426,41,1,0
BRDA:428,42,0,0
BRDA:428,42,1,0
BRDA:436,43,0,0
BRDA:436,43,1,0
BRDA:438,44,0,0
BRDA:438,44,1,0
BRDA:439,45,0,0
BRDA:439,45,1,0
BRDA:439,46,0,0
BRDA:439,46,1,0
BRDA:442,47,0,0
BRDA:442,47,1,0
BRDA:450,48,0,0
BRDA:450,48,1,0
BRDA:450,49,0,0
BRDA:450,49,1,0
BRDA:456,50,0,0
BRDA:456,50,1,0
BRDA:466,51,0,0
BRDA:466,51,1,0
BRDA:466,52,0,0
BRDA:466,52,1,0
BRDA:473,53,0,0
BRDA:473,53,1,0
BRDA:480,54,0,0
BRDA:480,54,1,0
BRDA:482,55,0,0
BRDA:482,55,1,0
BRDA:486,56,0,0
BRDA:486,56,1,0
BRDA:500,57,0,0
BRDA:500,57,1,0
BRDA:500,58,0,0
BRDA:500,58,1,0
BRDA:517,59,0,0
BRDA:517,59,1,0
BRDA:539,60,0,0
BRDA:539,60,1,0
BRF:120
BRH:0
end_of_record
TN:
SF:src/js/ComponentRegistry.js
FN:218,(anonymous_0)
FN:228,(anonymous_1)
FN:240,(anonymous_2)
FN:248,(anonymous_3)
FN:260,(anonymous_4)
FN:269,(anonymous_5)
FN:276,(anonymous_6)
FN:277,(anonymous_7)
FN:285,(anonymous_8)
FN:301,(anonymous_9)
FN:311,(anonymous_10)
FN:332,(anonymous_11)
FN:341,(anonymous_12)
FN:352,(anonymous_13)
FN:364,(anonymous_14)
FN:377,(anonymous_15)
FN:390,(anonymous_16)
FN:404,(anonymous_17)
FN:407,(anonymous_18)
FN:418,(anonymous_19)
FNF:20
FNH:0
FNDA:0,(anonymous_0)
FNDA:0,(anonymous_1)
FNDA:0,(anonymous_2)
FNDA:0,(anonymous_3)
FNDA:0,(anonymous_4)
FNDA:0,(anonymous_5)
FNDA:0,(anonymous_6)
FNDA:0,(anonymous_7)
FNDA:0,(anonymous_8)
FNDA:0,(anonymous_9)
FNDA:0,(anonymous_10)
FNDA:0,(anonymous_11)
FNDA:0,(anonymous_12)
FNDA:0,(anonymous_13)
FNDA:0,(anonymous_14)
FNDA:0,(anonymous_15)
FNDA:0,(anonymous_16)
FNDA:0,(anonymous_17)
FNDA:0,(anonymous_18)
FNDA:0,(anonymous_19)
DA:11,0
DA:107,0
DA:133,0
DA:168,0
DA:186,0
DA:219,0
DA:220,0
DA:229,0
DA:230,0
DA:232,0
DA:241,0
DA:249,0
DA:250,0
DA:251,0
DA:253,0
DA:261,0
DA:270,0
DA:277,0
DA:278,0
DA:279,0
DA:282,0
DA:285,0
DA:286,0
DA:287,0
DA:288,0
DA:289,0
DA:292,0
DA:302,0
DA:303,0
DA:312,0
DA:313,0
DA:314,0
DA:315,0
DA:316,0
DA:322,0
DA:325,0
DA:333,0
DA:342,0
DA:343,0
DA:353,0
DA:354,0
DA:365,0
DA:366,0
DA:368,0
DA:378,0
DA:379,0
DA:381,0
DA:391,0
DA:396,0
DA:405,0
DA:407,0
DA:408,0
DA:409,0
DA:419,0
DA:421,0
DA:422,0
DA:423,0
DA:424,0
LF:58
LH:0
BRDA:229,0,0,0
BRDA:229,0,1,0
BRDA:241,1,0,0
BRDA:241,1,1,0
BRDA:250,2,0,0
BRDA:250,2,1,0
BRDA:250,3,0,0
BRDA:250,3,1,0
BRDA:278,4,0,0
BRDA:278,4,1,0
BRDA:286,5,0,0
BRDA:286,5,1,0
BRDA:286,6,0,0
BRDA:286,6,1,0
BRDA:303,7,0,0
BRDA:303,7,1,0
BRDA:312,8,0,0
BRDA:312,8,1,0
BRDA:314,9,0,0
BRDA:314,9,1,0
BRDA:332,10,0,0
BRDA:333,11,0,0
BRDA:333,11,1,0
BRDA:342,12,0,0
BRDA:342,12,1,0
BRDA:342,13,0,0
BRDA:342,13,1,0
BRDA:353,14,0,0
BRDA:353,14,1,0
BRDA:353,15,0,0
BRDA:353,15,1,0
BRDA:365,16,0,0
BRDA:365,16,1,0
BRDA:365,17,0,0
BRDA:365,17,1,0
BRDA:378,18,0,0
BRDA:378,18,1,0
BRDA:378,19,0,0
BRDA:378,19,1,0
BRDA:390,20,0,0
BRDA:390,21,0,0
BRDA:405,22,0,0
BRDA:405,22,1,0
BRDA:408,23,0,0
BRDA:408,23,1,0
BRDA:418,24,0,0
BRDA:419,25,0,0
BRDA:419,25,1,0
BRF:48
BRH:0
end_of_record
TN:
SF:src/js/ContactManager.js
FN:5,(anonymous_0)
FN:27,(anonymous_1)
FN:41,(anonymous_2)
FN:43,(anonymous_3)
FN:48,(anonymous_4)
FN:53,(anonymous_5)
FN:60,(anonymous_6)
FN:70,(anonymous_7)
FN:74,(anonymous_8)
FN:75,(anonymous_9)
FN:83,(anonymous_10)
FN:94,(anonymous_11)
FN:102,(anonymous_12)
FN:109,(anonymous_13)
FN:125,(anonymous_14)
FN:135,(anonymous_15)
FN:139,(anonymous_16)
FN:197,(anonymous_17)
FN:200,(anonymous_18)
FN:205,(anonymous_19)
FN:215,(anonymous_20)
FN:220,(anonymous_21)
FN:257,(anonymous_22)
FN:274,(anonymous_23)
FN:304,(anonymous_24)
FN:310,(anonymous_25)
FN:332,(anonymous_26)
FN:338,(anonymous_27)
FN:340,(anonymous_28)
FN:344,(anonymous_29)
FN:353,(anonymous_30)
FN:368,(anonymous_31)
FN:376,(anonymous_32)
FN:386,(anonymous_33)
FN:395,(anonymous_34)
FN:399,(anonymous_35)
FN:403,(anonymous_36)
FN:407,(anonymous_37)
FN:412,(anonymous_38)
FN:419,(anonymous_39)
FN:442,(anonymous_40)
FNF:41
FNH:0
FNDA:0,(anonymous_0)
FNDA:0,(anonymous_1)
FNDA:0,(anonymous_2)
FNDA:0,(anonymous_3)
FNDA:0,(anonymous_4)
FNDA:0,(anonymous_5)
FNDA:0,(anonymous_6)
FNDA:0,(anonymous_7)
FNDA:0,(anonymous_8)
FNDA:0,(anonymous_9)
FNDA:0,(anonymous_10)
FNDA:0,(anonymous_11)
FNDA:0,(anonymous_12)
FNDA:0,(anonymous_13)
FNDA:0,(anonymous_14)
FNDA:0,(anonymous_15)
FNDA:0,(anonymous_16)
FNDA:0,(anonymous_17)
FNDA:0,(anonymous_18)
FNDA:0,(anonymous_19)
FNDA:0,(anonymous_20)
FNDA:0,(anonymous_21)
FNDA:0,(anonymous_22)
FNDA:0,(anonymous_23)
FNDA:0,(anonymous_24)
FNDA:0,(anonymous_25)
FNDA:0,(anonymous_26)
FNDA:0,(anonymous_27)
FNDA:0,(anonymous_28)
FNDA:0,(anonymous_29)
FNDA:0,(anonymous_30)
FNDA:0,(anonymous_31)
FNDA:0,(anonymous_32)
FNDA:0,(anonymous_33)
FNDA:0,(anonymous_34)
FNDA:0,(anonymous_35)
FNDA:0,(anonymous_36)
FNDA:0,(anonymous_37)
FNDA:0,(anonymous_38)
FNDA:0,(anonymous_39)
FNDA:0,(anonymous_40)
DA:6,0
DA:7,0
DA:8,0
DA:9,0
DA:12,0
DA:24,0
DA:28,0
DA:29,0
DA:30,0
DA:33,0
DA:34,0
DA:35,0
DA:37,0
DA:38,0
DA:43,0
DA:44,0
DA:48,0
DA:49,0
DA:53,0
DA:54,0
DA:55,0
DA:62,0
DA:63,0
DA:64,0
DA:65,0
DA:66,0
DA:72,0
DA:74,0
DA:75,0
DA:76,0
DA:77,0
DA:79,0
DA:84,0
DA:86,0
DA:87,0
DA:88,0
DA:91,0
DA:92,0
DA:94,0
DA:95,0
DA:99,0
DA:103,0
DA:106,0
DA:111,0
DA:114,0
DA:115,0
DA:118,0
DA:119,0
DA:122,0
DA:125,0
DA:126,0
DA:130,0
DA:133,0
DA:134,0
DA:135,0
DA:140,0
DA:147,0
DA:148,0
DA:155,0
DA:199,0
DA:200,0
DA:201,0
DA:202,0
DA:205,0
DA:206,0
DA:207,0
DA:210,0
DA:211,0
DA:214,0
DA:215,0
DA:216,0
DA:217,0
DA:221,0
DA:223,0
DA:225,0
DA:226,0
DA:227,0
DA:230,0
DA:231,0
DA:234,0
DA:235,0
DA:236,0
DA:237,0
DA:239,0
DA:241,0
DA:242,0
DA:243,0
DA:244,0
DA:245,0
DA:246,0
DA:249,0
DA:250,0
DA:256,0
DA:257,0
DA:261,0
DA:264,0
DA:265,0
DA:268,0
DA:269,0
DA:270,0
DA:275,0
DA:276,0
DA:278,0
DA:285,0
DA:287,0
DA:301,0
DA:302,0
DA:304,0
DA:305,0
DA:306,0
DA:311,0
DA:312,0
DA:315,0
DA:316,0
DA:317,0
DA:318,0
DA:319,0
DA:322,0
DA:328,0
DA:329,0
DA:330,0
DA:332,0
DA:333,0
DA:334,0
DA:338,0
DA:339,0
DA:340,0
DA:345,0
DA:347,0
DA:350,0
DA:353,0
DA:355,0
DA:358,0
DA:359,0
DA:362,0
DA:364,0
DA:370,0
DA:376,0
DA:377,0
DA:378,0
DA:379,0
DA:380,0
DA:381,0
DA:388,0
DA:390,0
DA:396,0
DA:400,0
DA:404,0
DA:408,0
DA:414,0
DA:415,0
DA:419,0
DA:420,0
DA:421,0
DA:422,0
DA:425,0
DA:428,0
DA:429,0
DA:430,0
DA:433,0
DA:434,0
DA:435,0
DA:438,0
DA:443,0
LF:164
LH:0
BRDA:28,0,0,0
BRDA:28,0,1,0
BRDA:54,1,0,0
BRDA:54,1,1,0
BRDA:54,2,0,0
BRDA:54,2,1,0
BRDA:63,3,0,0
BRDA:63,3,1,0
BRDA:87,4,0,0
BRDA:87,4,1,0
BRDA:88,5,0,0
BRDA:88,5,1,0
BRDA:109,6,0,0
BRDA:109,7,0,0
BRDA:109,8,0,0
BRDA:134,9,0,0
BRDA:134,9,1,0
BRDA:147,10,0,0
BRDA:147,10,1,0
BRDA:148,11,0,0
BRDA:148,11,1,0
BRDA:179,12,0,0
BRDA:179,12,1,0
BRDA:206,13,0,0
BRDA:206,13,1,0
BRDA:223,14,0,0
BRDA:223,14,1,0
BRDA:249,15,0,0
BRDA:249,15,1,0
BRDA:285,16,0,0
BRDA:285,16,1,0
BRDA:316,17,0,0
BRDA:316,17,1,0
BRDA:345,18,0,0
BRDA:345,18,1,0
BRDA:378,19,0,0
BRDA:378,19,1,0
BRDA:388,20,0,0
BRDA:388,20,1,0
BRDA:390,21,0,0
BRDA:390,21,1,0
BRDA:414,22,0,0
BRDA:414,22,1,0
BRDA:420,23,0,0
BRDA:420,23,1,0
BRDA:420,24,0,0
BRDA:420,24,1,0
BRDA:434,25,0,0
BRDA:434,25,1,0
BRDA:443,26,0,0
BRDA:443,26,1,0
BRF:51
BRH:0
end_of_record
TN:
SF:src/js/ContentDiscoveryManager.js
FN:4,(anonymous_0)
FN:56,(anonymous_1)
FN:66,(anonymous_2)
FN:74,(anonymous_3)
FN:82,(anonymous_4)
FN:89,(anonymous_5)
FN:109,(anonymous_6)
FN:123,(anonymous_7)
FN:135,(anonymous_8)
FN:150,(anonymous_9)
FN:163,(anonymous_10)
FN:175,(anonymous_11)
FN:190,(anonymous_12)
FN:203,(anonymous_13)
FN:215,(anonymous_14)
FN:230,(anonymous_15)
FN:243,(anonymous_16)
FN:256,(anonymous_17)
FN:274,(anonymous_18)
FN:286,(anonymous_19)
FN:307,(anonymous_20)
FN:319,(anonymous_21)
FN:339,(anonymous_22)
FN:346,(anonymous_23)
FN:348,(anonymous_24)
FN:354,(anonymous_25)
FN:356,(anonymous_26)
FN:362,(anonymous_27)
FN:392,(anonymous_28)
FN:393,(anonymous_29)
FN:395,(anonymous_30)
FN:407,(anonymous_31)
FN:410,(anonymous_32)
FN:420,(anonymous_33)
FN:423,(anonymous_34)
FN:465,(anonymous_35)
FN:482,(anonymous_36)
FN:492,(anonymous_37)
FN:515,(anonymous_38)
FN:530,(anonymous_39)
FN:543,(anonymous_40)
FN:551,(anonymous_41)
FN:559,(anonymous_42)
FN:567,(anonymous_43)
FN:577,(anonymous_44)
FN:579,executedFunction
FN:580,(anonymous_46)
FN:592,(anonymous_47)
FN:613,(anonymous_48)
FNF:49
FNH:0
FNDA:0,(anonymous_0)
FNDA:0,(anonymous_1)
FNDA:0,(anonymous_2)
FNDA:0,(anonymous_3)
FNDA:0,(anonymous_4)
FNDA:0,(anonymous_5)
FNDA:0,(anonymous_6)
FNDA:0,(anonymous_7)
FNDA:0,(anonymous_8)
FNDA:0,(anonymous_9)
FNDA:0,(anonymous_10)
FNDA:0,(anonymous_11)
FNDA:0,(anonymous_12)
FNDA:0,(anonymous_13)
FNDA:0,(anonymous_14)
FNDA:0,(anonymous_15)
FNDA:0,(anonymous_16)
FNDA:0,(anonymous_17)
FNDA:0,(anonymous_18)
FNDA:0,(anonymous_19)
FNDA:0,(anonymous_20)
FNDA:0,(anonymous_21)
FNDA:0,(anonymous_22)
FNDA:0,(anonymous_23)
FNDA:0,(anonymous_24)
FNDA:0,(anonymous_25)
FNDA:0,(anonymous_26)
FNDA:0,(anonymous_27)
FNDA:0,(anonymous_28)
FNDA:0,(anonymous_29)
FNDA:0,(anonymous_30)
FNDA:0,(anonymous_31)
FNDA:0,(anonymous_32)
FNDA:0,(anonymous_33)
FNDA:0,(anonymous_34)
FNDA:0,(anonymous_35)
FNDA:0,(anonymous_36)
FNDA:0,(anonymous_37)
FNDA:0,(anonymous_38)
FNDA:0,(anonymous_39)
FNDA:0,(anonymous_40)
FNDA:0,(anonymous_41)
FNDA:0,(anonymous_42)
FNDA:0,(anonymous_43)
FNDA:0,(anonymous_44)
FNDA:0,executedFunction
FNDA:0,(anonymous_46)
FNDA:0,(anonymous_47)
FNDA:0,(anonymous_48)
DA:6,0
DA:19,0
DA:20,0
DA:21,0
DA:22,0
DA:28,0
DA:29,0
DA:32,0
DA:35,0
DA:36,0
DA:37,0
DA:40,0
DA:41,0
DA:44,0
DA:57,0
DA:58,0
DA:59,0
DA:60,0
DA:67,0
DA:74,0
DA:76,0
DA:77,0
DA:81,0
DA:82,0
DA:86,0
DA:87,0
DA:88,0
DA:89,0
DA:93,0
DA:94,0
DA:95,0
DA:96,0
DA:98,0
DA:99,0
DA:110,0
DA:112,0
DA:113,0
DA:117,0
DA:125,0
DA:126,0
DA:128,0
DA:136,0
DA:138,0
DA:139,0
DA:141,0
DA:142,0
DA:151,0
DA:152,0
DA:154,0
DA:155,0
DA:164,0
DA:165,0
DA:167,0
DA:176,0
DA:178,0
DA:179,0
DA:181,0
DA:182,0
DA:191,0
DA:192,0
DA:194,0
DA:195,0
DA:204,0
DA:205,0
DA:207,0
DA:216,0
DA:218,0
DA:219,0
DA:221,0
DA:222,0
DA:231,0
DA:232,0
DA:234,0
DA:235,0
DA:244,0
DA:245,0
DA:247,0
DA:257,0
DA:259,0
DA:264,0
DA:266,0
DA:267,0
DA:275,0
DA:276,0
DA:278,0
DA:279,0
DA:287,0
DA:288,0
DA:295,0
DA:297,0
DA:298,0
DA:308,0
DA:310,0
DA:311,0
DA:313,0
DA:321,0
DA:324,0
DA:325,0
DA:326,0
DA:327,0
DA:330,0
DA:333,0
DA:334,0
DA:338,0
DA:339,0
DA:340,0
DA:345,0
DA:346,0
DA:347,0
DA:348,0
DA:353,0
DA:354,0
DA:355,0
DA:356,0
DA:361,0
DA:362,0
DA:363,0
DA:365,0
DA:366,0
DA:367,0
DA:369,0
DA:370,0
DA:372,0
DA:377,0
DA:380,0
DA:382,0
DA:383,0
DA:393,0
DA:395,0
DA:396,0
DA:405,0
DA:407,0
DA:410,0
DA:421,0
DA:423,0
DA:424,0
DA:426,0
DA:428,0
DA:429,0
DA:430,0
DA:431,0
DA:434,0
DA:435,0
DA:438,0
DA:439,0
DA:440,0
DA:441,0
DA:446,0
DA:447,0
DA:448,0
DA:449,0
DA:452,0
DA:455,0
DA:458,0
DA:466,0
DA:476,0
DA:483,0
DA:484,0
DA:493,0
DA:516,0
DA:531,0
DA:544,0
DA:552,0
DA:560,0
DA:568,0
DA:579,0
DA:580,0
DA:581,0
DA:582,0
DA:584,0
DA:585,0
DA:593,0
DA:594,0
DA:600,0
DA:601,0
DA:603,0
DA:604,0
DA:606,0
DA:607,0
DA:615,0
DA:616,0
DA:619,0
DA:620,0
DA:621,0
DA:624,0
DA:625,0
DA:626,0
LF:187
LH:0
BRDA:4,0,0,0
BRDA:76,1,0,0
BRDA:76,1,1,0
BRDA:81,2,0,0
BRDA:81,2,1,0
BRDA:81,3,0,0
BRDA:81,3,1,0
BRDA:86,4,0,0
BRDA:86,4,1,0
BRDA:88,5,0,0
BRDA:88,5,1,0
BRDA:88,6,0,0
BRDA:88,6,1,0
BRDA:93,7,0,0
BRDA:93,7,1,0
BRDA:95,8,0,0
BRDA:95,8,1,0
BRDA:95,9,0,0
BRDA:95,9,1,0
BRDA:98,10,0,0
BRDA:98,10,1,0
BRDA:98,11,0,0
BRDA:98,11,1,0
BRDA:112,12,0,0
BRDA:112,12,1,0
BRDA:136,13,0,0
BRDA:136,13,1,0
BRDA:141,14,0,0
BRDA:141,14,1,0
BRDA:154,15,0,0
BRDA:154,15,1,0
BRDA:164,16,0,0
BRDA:164,16,1,0
BRDA:176,17,0,0
BRDA:176,17,1,0
BRDA:181,18,0,0
BRDA:181,18,1,0
BRDA:194,19,0,0
BRDA:194,19,1,0
BRDA:204,20,0,0
BRDA:204,20,1,0
BRDA:216,21,0,0
BRDA:216,21,1,0
BRDA:221,22,0,0
BRDA:221,22,1,0
BRDA:234,23,0,0
BRDA:234,23,1,0
BRDA:244,24,0,0
BRDA:244,24,1,0
BRDA:257,25,0,0
BRDA:257,25,1,0
BRDA:260,26,0,0
BRDA:260,26,1,0
BRDA:261,27,0,0
BRDA:261,27,1,0
BRDA:266,28,0,0
BRDA:266,28,1,0
BRDA:278,29,0,0
BRDA:278,29,1,0
BRDA:297,30,0,0
BRDA:297,30,1,0
BRDA:307,31,0,0
BRDA:308,32,0,0
BRDA:308,32,1,0
BRDA:324,33,0,0
BRDA:324,33,1,0
BRDA:333,34,0,0
BRDA:333,34,1,0
BRDA:333,35,0,0
BRDA:333,35,1,0
BRDA:338,36,0,0
BRDA:338,36,1,0
BRDA:340,37,0,0
BRDA:340,37,1,0
BRDA:345,38,0,0
BRDA:345,38,1,0
BRDA:347,39,0,0
BRDA:347,39,1,0
BRDA:347,40,0,0
BRDA:347,40,1,0
BRDA:353,41,0,0
BRDA:353,41,1,0
BRDA:355,42,0,0
BRDA:355,42,1,0
BRDA:361,43,0,0
BRDA:361,43,1,0
BRDA:361,44,0,0
BRDA:361,44,1,0
BRDA:363,45,0,0
BRDA:363,45,1,0
BRDA:369,46,0,0
BRDA:369,46,1,0
BRDA:369,47,0,0
BRDA:369,47,1,0
BRDA:370,48,0,0
BRDA:370,48,1,0
BRDA:370,49,0,0
BRDA:370,49,1,0
BRDA:397,50,0,0
BRDA:397,50,1,0
BRDA:398,51,0,0
BRDA:398,51,1,0
BRDA:399,52,0,0
BRDA:399,52,1,0
BRDA:400,53,0,0
BRDA:400,53,1,0
BRDA:401,54,0,0
BRDA:401,54,1,0
BRDA:402,55,0,0
BRDA:402,55,1,0
BRDA:405,56,0,0
BRDA:405,56,1,0
BRDA:426,57,0,0
BRDA:426,57,1,0
BRDA:426,57,2,0
BRDA:426,57,3,0
BRDA:426,57,4,0
BRDA:428,58,0,0
BRDA:428,58,1,0
BRDA:429,59,0,0
BRDA:429,59,1,0
BRDA:434,60,0,0
BRDA:434,60,1,0
BRDA:434,61,0,0
BRDA:434,61,1,0
BRDA:438,62,0,0
BRDA:438,62,1,0
BRDA:438,62,2,0
BRDA:438,62,3,0
BRDA:439,63,0,0
BRDA:439,63,1,0
BRDA:439,63,2,0
BRDA:439,63,3,0
BRDA:446,64,0,0
BRDA:446,64,1,0
BRDA:447,65,0,0
BRDA:447,65,1,0
BRDA:455,66,0,0
BRDA:455,66,1,0
BRDA:483,67,0,0
BRDA:483,67,1,0
BRDA:517,68,0,0
BRDA:517,68,1,0
BRDA:517,68,2,0
BRDA:517,68,3,0
BRDA:517,68,4,0
BRDA:517,68,5,0
BRF:147
BRH:0
end_of_record
TN:
SF:src/js/ContentDiscoveryUI.js
FN:6,(anonymous_0)
FN:76,(anonymous_1)
FN:99,(anonymous_2)
FN:158,(anonymous_3)
FN:202,(anonymous_4)
FN:223,(anonymous_5)
FN:254,(anonymous_6)
FN:293,(anonymous_7)
FN:323,(anonymous_8)
FN:372,(anonymous_9)
FN:380,(anonymous_10)
FN:393,(anonymous_11)
FN:406,(anonymous_12)
FN:419,(anonymous_13)
FN:431,(anonymous_14)
FN:443,(anonymous_15)
FN:460,(anonymous_16)
FN:464,(anonymous_17)
FN:507,(anonymous_18)
FN:528,(anonymous_19)
FN:543,(anonymous_20)
FN:568,(anonymous_21)
FN:577,(anonymous_22)
FN:589,(anonymous_23)
FN:597,(anonymous_24)
FN:613,(anonymous_25)
FN:627,(anonymous_26)
FN:642,(anonymous_27)
FN:651,(anonymous_28)
FN:669,(anonymous_29)
FN:678,(anonymous_30)
FN:697,(anonymous_31)
FN:713,(anonymous_32)
FN:723,(anonymous_33)
FN:730,(anonymous_34)
FN:742,(anonymous_35)
FN:749,(anonymous_36)
FN:759,(anonymous_37)
FNF:38
FNH:0
FNDA:0,(anonymous_0)
FNDA:0,(anonymous_1)
FNDA:0,(anonymous_2)
FNDA:0,(anonymous_3)
FNDA:0,(anonymous_4)
FNDA:0,(anonymous_5)
FNDA:0,(anonymous_6)
FNDA:0,(anonymous_7)
FNDA:0,(anonymous_8)
FNDA:0,(anonymous_9)
FNDA:0,(anonymous_10)
FNDA:0,(anonymous_11)
FNDA:0,(anonymous_12)
FNDA:0,(anonymous_13)
FNDA:0,(anonymous_14)
FNDA:0,(anonymous_15)
FNDA:0,(anonymous_16)
FNDA:0,(anonymous_17)
FNDA:0,(anonymous_18)
FNDA:0,(anonymous_19)
FNDA:0,(anonymous_20)
FNDA:0,(anonymous_21)
FNDA:0,(anonymous_22)
FNDA:0,(anonymous_23)
FNDA:0,(anonymous_24)
FNDA:0,(anonymous_25)
FNDA:0,(anonymous_26)
FNDA:0,(anonymous_27)
FNDA:0,(anonymous_28)
FNDA:0,(anonymous_29)
FNDA:0,(anonymous_30)
FNDA:0,(anonymous_31)
FNDA:0,(anonymous_32)
FNDA:0,(anonymous_33)
FNDA:0,(anonymous_34)
FNDA:0,(anonymous_35)
FNDA:0,(anonymous_36)
FNDA:0,(anonymous_37)
DA:7,0
DA:11,0
DA:12,0
DA:15,0
DA:18,0
DA:35,0
DA:36,0
DA:37,0
DA:40,0
DA:53,0
DA:60,0
DA:61,0
DA:62,0
DA:63,0
DA:64,0
DA:65,0
DA:66,0
DA:67,0
DA:68,0
DA:70,0
DA:77,0
DA:78,0
DA:81,0
DA:84,0
DA:87,0
DA:88,0
DA:92,0
DA:93,0
DA:100,0
DA:103,0
DA:104,0
DA:107,0
DA:108,0
DA:111,0
DA:112,0
DA:113,0
DA:117,0
DA:118,0
DA:121,0
DA:122,0
DA:123,0
DA:124,0
DA:126,0
DA:129,0
DA:130,0
DA:132,0
DA:133,0
DA:134,0
DA:137,0
DA:138,0
DA:139,0
DA:142,0
DA:143,0
DA:146,0
DA:147,0
DA:148,0
DA:151,0
DA:152,0
DA:159,0
DA:160,0
DA:163,0
DA:164,0
DA:165,0
DA:172,0
DA:173,0
DA:174,0
DA:175,0
DA:176,0
DA:179,0
DA:180,0
DA:181,0
DA:182,0
DA:183,0
DA:189,0
DA:190,0
DA:191,0
DA:193,0
DA:194,0
DA:196,0
DA:203,0
DA:204,0
DA:207,0
DA:208,0
DA:209,0
DA:212,0
DA:213,0
DA:214,0
DA:216,0
DA:223,0
DA:224,0
DA:225,0
DA:226,0
DA:227,0
DA:231,0
DA:232,0
DA:233,0
DA:234,0
DA:235,0
DA:241,0
DA:242,0
DA:243,0
DA:245,0
DA:246,0
DA:248,0
DA:255,0
DA:256,0
DA:259,0
DA:260,0
DA:261,0
DA:262,0
DA:263,0
DA:264,0
DA:271,0
DA:272,0
DA:273,0
DA:274,0
DA:275,0
DA:276,0
DA:282,0
DA:283,0
DA:285,0
DA:287,0
DA:294,0
DA:295,0
DA:297,0
DA:298,0
DA:299,0
DA:300,0
DA:303,0
DA:304,0
DA:307,0
DA:308,0
DA:309,0
DA:310,0
DA:311,0
DA:312,0
DA:313,0
DA:314,0
DA:317,0
DA:324,0
DA:325,0
DA:326,0
DA:327,0
DA:328,0
DA:329,0
DA:332,0
DA:333,0
DA:335,0
DA:338,0
DA:340,0
DA:344,0
DA:346,0
DA:349,0
DA:351,0
DA:356,0
DA:366,0
DA:373,0
DA:374,0
DA:381,0
DA:383,0
DA:385,0
DA:386,0
DA:389,0
DA:392,0
DA:393,0
DA:394,0
DA:395,0
DA:405,0
DA:406,0
DA:407,0
DA:408,0
DA:418,0
DA:419,0
DA:420,0
DA:421,0
DA:431,0
DA:432,0
DA:433,0
DA:434,0
DA:438,0
DA:443,0
DA:444,0
DA:445,0
DA:449,0
DA:450,0
DA:451,0
DA:452,0
DA:453,0
DA:462,0
DA:463,0
DA:464,0
DA:465,0
DA:466,0
DA:472,0
DA:473,0
DA:477,0
DA:478,0
DA:482,0
DA:483,0
DA:486,0
DA:487,0
DA:491,0
DA:492,0
DA:496,0
DA:497,0
DA:501,0
DA:508,0
DA:511,0
DA:512,0
DA:513,0
DA:515,0
DA:519,0
DA:522,0
DA:529,0
DA:530,0
DA:531,0
DA:533,0
DA:534,0
DA:536,0
DA:544,0
DA:545,0
DA:547,0
DA:548,0
DA:549,0
DA:552,0
DA:554,0
DA:555,0
DA:557,0
DA:558,0
DA:560,0
DA:561,0
DA:569,0
DA:570,0
DA:571,0
DA:578,0
DA:579,0
DA:580,0
DA:582,0
DA:583,0
DA:590,0
DA:591,0
DA:593,0
DA:594,0
DA:597,0
DA:598,0
DA:600,0
DA:602,0
DA:605,0
DA:614,0
DA:617,0
DA:618,0
DA:619,0
DA:620,0
DA:628,0
DA:629,0
DA:630,0
DA:631,0
DA:634,0
DA:643,0
DA:644,0
DA:652,0
DA:654,0
DA:655,0
DA:656,0
DA:659,0
DA:663,0
DA:670,0
DA:672,0
DA:679,0
DA:681,0
DA:682,0
DA:690,0
DA:698,0
DA:700,0
DA:701,0
DA:704,0
DA:705,0
DA:706,0
DA:714,0
DA:715,0
DA:716,0
DA:724,0
DA:731,0
DA:733,0
DA:734,0
DA:735,0
DA:743,0
DA:750,0
DA:751,0
DA:752,0
DA:753,0
DA:761,0
DA:764,0
DA:765,0
DA:769,0
DA:770,0
DA:771,0
LF:297
LH:0
BRDA:6,0,0,0
BRDA:7,1,0,0
BRDA:7,1,1,0
BRDA:11,2,0,0
BRDA:11,2,1,0
BRDA:15,3,0,0
BRDA:15,3,1,0
BRDA:87,4,0,0
BRDA:87,4,1,0
BRDA:111,5,0,0
BRDA:111,5,1,0
BRDA:132,6,0,0
BRDA:132,6,1,0
BRDA:137,7,0,0
BRDA:137,7,1,0
BRDA:146,8,0,0
BRDA:146,8,1,0
BRDA:146,9,0,0
BRDA:146,9,1,0
BRDA:297,10,0,0
BRDA:297,10,1,0
BRDA:307,11,0,0
BRDA:307,11,1,0
BRDA:323,12,0,0
BRDA:326,13,0,0
BRDA:326,13,1,0
BRDA:333,14,0,0
BRDA:333,14,1,0
BRDA:333,14,2,0
BRDA:333,14,3,0
BRDA:359,15,0,0
BRDA:359,15,1,0
BRDA:381,16,0,0
BRDA:381,16,1,0
BRDA:392,17,0,0
BRDA:392,17,1,0
BRDA:399,18,0,0
BRDA:399,18,1,0
BRDA:405,19,0,0
BRDA:405,19,1,0
BRDA:412,20,0,0
BRDA:412,20,1,0
BRDA:418,21,0,0
BRDA:418,21,1,0
BRDA:425,22,0,0
BRDA:425,22,1,0
BRDA:432,23,0,0
BRDA:432,23,1,0
BRDA:433,24,0,0
BRDA:433,24,1,0
BRDA:438,25,0,0
BRDA:438,25,1,0
BRDA:449,26,0,0
BRDA:449,26,1,0
BRDA:449,27,0,0
BRDA:449,27,1,0
BRDA:462,28,0,0
BRDA:462,28,1,0
BRDA:465,29,0,0
BRDA:465,29,1,0
BRDA:472,30,0,0
BRDA:472,30,1,0
BRDA:477,31,0,0
BRDA:477,31,1,0
BRDA:482,32,0,0
BRDA:482,32,1,0
BRDA:486,33,0,0
BRDA:486,33,1,0
BRDA:491,34,0,0
BRDA:491,34,1,0
BRDA:496,35,0,0
BRDA:496,35,1,0
BRDA:512,36,0,0
BRDA:512,36,1,0
BRDA:529,37,0,0
BRDA:529,37,1,0
BRDA:545,38,0,0
BRDA:545,38,1,0
BRDA:552,39,0,0
BRDA:552,39,1,0
BRDA:552,39,2,0
BRDA:579,40,0,0
BRDA:579,40,1,0
BRDA:591,41,0,0
BRDA:591,41,1,0
BRDA:594,42,0,0
BRDA:594,42,1,0
BRDA:617,43,0,0
BRDA:617,43,1,0
BRDA:643,44,0,0
BRDA:643,44,1,0
BRDA:643,45,0,0
BRDA:643,45,1,0
BRDA:652,46,0,0
BRDA:652,46,1,0
BRDA:655,47,0,0
BRDA:655,47,1,0
BRDA:659,48,0,0
BRDA:659,48,1,0
BRDA:670,49,0,0
BRDA:670,49,1,0
BRDA:679,50,0,0
BRDA:679,50,1,0
BRDA:682,51,0,0
BRDA:682,51,1,0
BRDA:691,52,0,0
BRDA:691,52,1,0
BRDA:700,53,0,0
BRDA:700,53,1,0
BRDA:704,54,0,0
BRDA:704,54,1,0
BRDA:714,55,0,0
BRDA:714,55,1,0
BRDA:731,56,0,0
BRDA:731,56,1,0
BRDA:734,57,0,0
BRDA:734,57,1,0
BRDA:764,58,0,0
BRDA:764,58,1,0
BRF:119
BRH:0
end_of_record
TN:
SF:src/js/EnhancedHeroBanner.js
FN:10,(anonymous_0)
FN:55,(anonymous_1)
FN:80,(anonymous_2)
FN:81,(anonymous_3)
FN:83,(anonymous_4)
FN:85,(anonymous_5)
FN:93,(anonymous_6)
FN:138,(anonymous_7)
FN:142,(anonymous_8)
FN:178,(anonymous_9)
FN:217,(anonymous_10)
FN:279,(anonymous_11)
FN:284,(anonymous_12)
FN:290,(anonymous_13)
FN:305,(anonymous_14)
FN:321,(anonymous_15)
FN:356,(anonymous_16)
FN:361,(anonymous_17)
FN:365,(anonymous_18)
FN:376,(anonymous_19)
FN:395,(anonymous_20)
FN:396,(anonymous_21)
FN:399,(anonymous_22)
FN:400,(anonymous_23)
FN:401,(anonymous_24)
FN:406,(anonymous_25)
FN:456,(anonymous_26)
FN:469,(anonymous_27)
FN:504,(anonymous_28)
FN:517,(anonymous_29)
FN:535,(anonymous_30)
FN:540,(anonymous_31)
FN:541,(anonymous_32)
FN:544,(anonymous_33)
FN:545,(anonymous_34)
FN:550,(anonymous_35)
FN:551,(anonymous_36)
FN:556,(anonymous_37)
FN:557,(anonymous_38)
FN:568,(anonymous_39)
FN:581,(anonymous_40)
FN:582,(anonymous_41)
FN:587,(anonymous_42)
FN:593,(anonymous_43)
FN:594,(anonymous_44)
FN:612,(anonymous_45)
FN:618,(anonymous_46)
FN:631,(anonymous_47)
FN:638,(anonymous_48)
FN:644,(anonymous_49)
FN:652,(anonymous_50)
FN:657,(anonymous_51)
FN:662,(anonymous_52)
FN:682,(anonymous_53)
FN:687,(anonymous_54)
FN:701,(anonymous_55)
FN:707,(anonymous_56)
FN:715,(anonymous_57)
FN:745,(anonymous_58)
FN:751,(anonymous_59)
FN:758,(anonymous_60)
FN:779,(anonymous_61)
FN:785,(anonymous_62)
FN:791,(anonymous_63)
FN:798,(anonymous_64)
FN:805,(anonymous_65)
FN:816,(anonymous_66)
FN:824,(anonymous_67)
FN:839,(anonymous_68)
FN:852,(anonymous_69)
FN:860,(anonymous_70)
FN:875,(anonymous_71)
FN:890,(anonymous_72)
FN:895,(anonymous_73)
FN:902,(anonymous_74)
FN:909,(anonymous_75)
FN:921,(anonymous_76)
FN:925,(anonymous_77)
FN:956,(anonymous_78)
FN:973,(anonymous_79)
FN:995,(anonymous_80)
FN:999,(anonymous_81)
FN:1011,(anonymous_82)
FN:1015,(anonymous_83)
FN:1019,(anonymous_84)
FNF:85
FNH:0
FNDA:0,(anonymous_0)
FNDA:0,(anonymous_1)
FNDA:0,(anonymous_2)
FNDA:0,(anonymous_3)
FNDA:0,(anonymous_4)
FNDA:0,(anonymous_5)
FNDA:0,(anonymous_6)
FNDA:0,(anonymous_7)
FNDA:0,(anonymous_8)
FNDA:0,(anonymous_9)
FNDA:0,(anonymous_10)
FNDA:0,(anonymous_11)
FNDA:0,(anonymous_12)
FNDA:0,(anonymous_13)
FNDA:0,(anonymous_14)
FNDA:0,(anonymous_15)
FNDA:0,(anonymous_16)
FNDA:0,(anonymous_17)
FNDA:0,(anonymous_18)
FNDA:0,(anonymous_19)
FNDA:0,(anonymous_20)
FNDA:0,(anonymous_21)
FNDA:0,(anonymous_22)
FNDA:0,(anonymous_23)
FNDA:0,(anonymous_24)
FNDA:0,(anonymous_25)
FNDA:0,(anonymous_26)
FNDA:0,(anonymous_27)
FNDA:0,(anonymous_28)
FNDA:0,(anonymous_29)
FNDA:0,(anonymous_30)
FNDA:0,(anonymous_31)
FNDA:0,(anonymous_32)
FNDA:0,(anonymous_33)
FNDA:0,(anonymous_34)
FNDA:0,(anonymous_35)
FNDA:0,(anonymous_36)
FNDA:0,(anonymous_37)
FNDA:0,(anonymous_38)
FNDA:0,(anonymous_39)
FNDA:0,(anonymous_40)
FNDA:0,(anonymous_41)
FNDA:0,(anonymous_42)
FNDA:0,(anonymous_43)
FNDA:0,(anonymous_44)
FNDA:0,(anonymous_45)
FNDA:0,(anonymous_46)
FNDA:0,(anonymous_47)
FNDA:0,(anonymous_48)
FNDA:0,(anonymous_49)
FNDA:0,(anonymous_50)
FNDA:0,(anonymous_51)
FNDA:0,(anonymous_52)
FNDA:0,(anonymous_53)
FNDA:0,(anonymous_54)
FNDA:0,(anonymous_55)
FNDA:0,(anonymous_56)
FNDA:0,(anonymous_57)
FNDA:0,(anonymous_58)
FNDA:0,(anonymous_59)
FNDA:0,(anonymous_60)
FNDA:0,(anonymous_61)
FNDA:0,(anonymous_62)
FNDA:0,(anonymous_63)
FNDA:0,(anonymous_64)
FNDA:0,(anonymous_65)
FNDA:0,(anonymous_66)
FNDA:0,(anonymous_67)
FNDA:0,(anonymous_68)
FNDA:0,(anonymous_69)
FNDA:0,(anonymous_70)
FNDA:0,(anonymous_71)
FNDA:0,(anonymous_72)
FNDA:0,(anonymous_73)
FNDA:0,(anonymous_74)
FNDA:0,(anonymous_75)
FNDA:0,(anonymous_76)
FNDA:0,(anonymous_77)
FNDA:0,(anonymous_78)
FNDA:0,(anonymous_79)
FNDA:0,(anonymous_80)
FNDA:0,(anonymous_81)
FNDA:0,(anonymous_82)
FNDA:0,(anonymous_83)
FNDA:0,(anonymous_84)
DA:11,0
DA:12,0
DA:13,0
DA:14,0
DA:18,0
DA:19,0
DA:20,0
DA:21,0
DA:22,0
DA:25,0
DA:26,0
DA:27,0
DA:28,0
DA:29,0
DA:30,0
DA:31,0
DA:32,0
DA:35,0
DA:36,0
DA:37,0
DA:38,0
DA:41,0
DA:42,0
DA:43,0
DA:46,0
DA:47,0
DA:48,0
DA:49,0
DA:50,0
DA:52,0
DA:56,0
DA:57,0
DA:59,0
DA:60,0
DA:63,0
DA:65,0
DA:66,0
DA:67,0
DA:68,0
DA:69,0
DA:70,0
DA:71,0
DA:73,0
DA:75,0
DA:76,0
DA:81,0
DA:83,0
DA:85,0
DA:87,0
DA:94,0
DA:139,0
DA:142,0
DA:178,0
DA:210,0
DA:211,0
DA:212,0
DA:213,0
DA:214,0
DA:218,0
DA:219,0
DA:220,0
DA:224,0
DA:225,0
DA:228,0
DA:229,0
DA:230,0
DA:231,0
DA:232,0
DA:233,0
DA:236,0
DA:239,0
DA:240,0
DA:241,0
DA:244,0
DA:245,0
DA:246,0
DA:247,0
DA:248,0
DA:251,0
DA:252,0
DA:254,0
DA:257,0
DA:258,0
DA:259,0
DA:260,0
DA:263,0
DA:264,0
DA:265,0
DA:266,0
DA:267,0
DA:268,0
DA:269,0
DA:270,0
DA:271,0
DA:274,0
DA:276,0
DA:279,0
DA:280,0
DA:285,0
DA:286,0
DA:287,0
DA:290,0
DA:291,0
DA:292,0
DA:293,0
DA:295,0
DA:296,0
DA:301,0
DA:302,0
DA:306,0
DA:308,0
DA:309,0
DA:311,0
DA:313,0
DA:314,0
DA:315,0
DA:316,0
DA:317,0
DA:323,0
DA:324,0
DA:327,0
DA:328,0
DA:329,0
DA:330,0
DA:331,0
DA:332,0
DA:333,0
DA:334,0
DA:335,0
DA:336,0
DA:337,0
DA:338,0
DA:341,0
DA:342,0
DA:345,0
DA:346,0
DA:347,0
DA:348,0
DA:349,0
DA:350,0
DA:351,0
DA:352,0
DA:357,0
DA:358,0
DA:361,0
DA:362,0
DA:363,0
DA:364,0
DA:365,0
DA:366,0
DA:367,0
DA:368,0
DA:369,0
DA:370,0
DA:373,0
DA:374,0
DA:375,0
DA:377,0
DA:379,0
DA:380,0
DA:381,0
DA:382,0
DA:383,0
DA:384,0
DA:385,0
DA:386,0
DA:390,0
DA:391,0
DA:396,0
DA:397,0
DA:399,0
DA:400,0
DA:401,0
DA:407,0
DA:410,0
DA:411,0
DA:414,0
DA:418,0
DA:422,0
DA:428,0
DA:429,0
DA:430,0
DA:431,0
DA:432,0
DA:433,0
DA:434,0
DA:437,0
DA:438,0
DA:439,0
DA:440,0
DA:441,0
DA:442,0
DA:447,0
DA:448,0
DA:450,0
DA:451,0
DA:453,0
DA:457,0
DA:460,0
DA:469,0
DA:470,0
DA:474,0
DA:475,0
DA:476,0
DA:477,0
DA:480,0
DA:481,0
DA:485,0
DA:486,0
DA:487,0
DA:492,0
DA:496,0
DA:497,0
DA:498,0
DA:499,0
DA:501,0
DA:505,0
DA:506,0
DA:510,0
DA:511,0
DA:512,0
DA:513,0
DA:514,0
DA:519,0
DA:520,0
DA:527,0
DA:528,0
DA:529,0
DA:530,0
DA:532,0
DA:537,0
DA:538,0
DA:540,0
DA:541,0
DA:544,0
DA:545,0
DA:549,0
DA:550,0
DA:551,0
DA:555,0
DA:556,0
DA:557,0
DA:561,0
DA:562,0
DA:563,0
DA:564,0
DA:568,0
DA:569,0
DA:570,0
DA:571,0
DA:572,0
DA:573,0
DA:578,0
DA:581,0
DA:582,0
DA:584,0
DA:588,0
DA:593,0
DA:594,0
DA:595,0
DA:596,0
DA:597,0
DA:598,0
DA:600,0
DA:601,0
DA:604,0
DA:609,0
DA:614,0
DA:615,0
DA:618,0
DA:620,0
DA:621,0
DA:626,0
DA:628,0
DA:632,0
DA:633,0
DA:634,0
DA:639,0
DA:640,0
DA:645,0
DA:646,0
DA:648,0
DA:653,0
DA:654,0
DA:658,0
DA:659,0
DA:663,0
DA:665,0
DA:666,0
DA:667,0
DA:670,0
DA:671,0
DA:674,0
DA:677,0
DA:680,0
DA:682,0
DA:683,0
DA:688,0
DA:689,0
DA:691,0
DA:694,0
DA:697,0
DA:698,0
DA:701,0
DA:702,0
DA:703,0
DA:707,0
DA:708,0
DA:712,0
DA:716,0
DA:717,0
DA:719,0
DA:720,0
DA:723,0
DA:726,0
DA:727,0
DA:728,0
DA:729,0
DA:741,0
DA:746,0
DA:749,0
DA:751,0
[...]
BRDA:244,15,1,0
BRDA:285,16,0,0
BRDA:285,16,1,0
BRDA:296,17,0,0
BRDA:296,17,1,0
BRDA:299,18,0,0
BRDA:299,18,1,0
BRDA:301,19,0,0
BRDA:301,19,1,0
BRDA:303,20,0,0
BRDA:303,20,1,0
BRDA:305,21,0,0
BRDA:305,21,1,0
BRDA:319,22,0,0
BRDA:319,22,1,0
BRDA:355,23,0,0
BRDA:355,23,1,0
BRDA:363,24,0,0
BRDA:363,24,1,0
BRDA:384,25,0,0
BRDA:384,25,1,0
BRDA:392,26,0,0
BRDA:405,27,0,0
BRDA:405,27,1,0
BRDA:416,28,0,0
BRDA:416,28,1,0
BRDA:438,29,0,0
BRDA:438,29,1,0
BRDA:500,30,0,0
BRDA:500,30,1,0
BRDA:508,31,0,0
BRDA:508,31,1,0
BRDA:523,32,0,0
BRDA:523,32,1,0
BRDA:526,33,0,0
BRDA:526,33,1,0
BRDA:533,34,0,0
BRDA:533,34,1,0
BRDA:543,35,0,0
BRDA:543,35,1,0
BRDA:557,36,0,0
BRDA:557,36,1,0
BRDA:564,37,0,0
BRDA:564,37,1,0
BRDA:570,38,0,0
BRDA:570,38,1,0
BRDA:573,39,0,0
BRDA:573,39,1,0
BRDA:594,40,0,0
BRDA:594,40,1,0
BRF:81
BRH:0
end_of_record
TN:
SF:src/js/UIAnimations.js
FN:5,(anonymous_0)
FN:12,(anonymous_1)
FN:21,(anonymous_2)
FN:25,(anonymous_3)
FN:37,(anonymous_4)
FN:39,(anonymous_5)
FN:49,(anonymous_6)
FN:54,(anonymous_7)
FN:64,(anonymous_8)
FN:72,(anonymous_9)
FN:73,(anonymous_10)
FN:76,(anonymous_11)
FN:86,(anonymous_12)
FN:90,(anonymous_13)
FN:99,(anonymous_14)
FN:110,(anonymous_15)
FN:112,(anonymous_16)
FN:113,(anonymous_17)
FN:122,(anonymous_18)
FN:134,(anonymous_19)
FN:152,(anonymous_20)
FN:159,(anonymous_21)
FN:174,(anonymous_22)
FN:194,(anonymous_23)
FN:208,showConfirmation
FN:215,(anonymous_25)
FN:216,(anonymous_26)
FN:217,(anonymous_27)
FN:223,(anonymous_28)
FN:227,(anonymous_29)
FNF:30
FNH:0
FNDA:0,(anonymous_0)
FNDA:0,(anonymous_1)
FNDA:0,(anonymous_2)
FNDA:0,(anonymous_3)
FNDA:0,(anonymous_4)
FNDA:0,(anonymous_5)
FNDA:0,(anonymous_6)
FNDA:0,(anonymous_7)
FNDA:0,(anonymous_8)
FNDA:0,(anonymous_9)
FNDA:0,(anonymous_10)
FNDA:0,(anonymous_11)
FNDA:0,(anonymous_12)
FNDA:0,(anonymous_13)
FNDA:0,(anonymous_14)
FNDA:0,(anonymous_15)
FNDA:0,(anonymous_16)
FNDA:0,(anonymous_17)
FNDA:0,(anonymous_18)
FNDA:0,(anonymous_19)
FNDA:0,(anonymous_20)
FNDA:0,(anonymous_21)
FNDA:0,(anonymous_22)
FNDA:0,(anonymous_23)
FNDA:0,showConfirmation
FNDA:0,(anonymous_25)
FNDA:0,(anonymous_26)
FNDA:0,(anonymous_27)
FNDA:0,(anonymous_28)
FNDA:0,(anonymous_29)
DA:6,0
DA:7,0
DA:8,0
DA:9,0
DA:14,0
DA:15,0
DA:16,0
DA:17,0
DA:18,0
DA:22,0
DA:23,0
DA:25,0
DA:26,0
DA:27,0
DA:29,0
DA:30,0
DA:31,0
DA:33,0
DA:36,0
DA:37,0
DA:38,0
DA:39,0
DA:40,0
DA:41,0
DA:43,0
DA:46,0
DA:50,0
DA:51,0
DA:54,0
DA:55,0
DA:56,0
DA:61,0
DA:62,0
DA:63,0
DA:65,0
DA:66,0
DA:70,0
DA:72,0
DA:73,0
DA:74,0
DA:75,0
DA:76,0
DA:77,0
DA:78,0
DA:79,0
DA:86,0
DA:91,0
DA:92,0
DA:93,0
DA:95,0
DA:97,0
DA:100,0
DA:110,0
DA:112,0
DA:113,0
DA:114,0
DA:116,0
DA:117,0
DA:118,0
DA:119,0
DA:120,0
DA:121,0
DA:122,0
DA:123,0
DA:127,0
DA:135,0
DA:137,0
DA:138,0
DA:140,0
DA:141,0
DA:142,0
DA:144,0
DA:145,0
DA:146,0
DA:148,0
DA:153,0
DA:154,0
DA:160,0
DA:161,0
DA:162,0
DA:163,0
DA:165,0
DA:166,0
DA:172,0
DA:174,0
DA:175,0
DA:176,0
DA:178,0
DA:179,0
DA:180,0
DA:181,0
DA:183,0
DA:184,0
DA:185,0
DA:186,0
DA:187,0
DA:189,0
DA:190,0
DA:191,0
DA:193,0
DA:194,0
DA:196,0
DA:197,0
DA:199,0
DA:200,0
DA:202,0
DA:203,0
DA:204,0
DA:209,0
DA:210,0
DA:211,0
DA:213,0
DA:216,0
DA:217,0
DA:224,0
DA:225,0
DA:227,0
DA:228,0
DA:229,0
DA:230,0
DA:232,0
DA:234,0
DA:242,0
DA:243,0
LF:124
LH:0
BRDA:23,0,0,0
BRDA:23,0,1,0
BRDA:29,1,0,0
BRDA:29,1,1,0
BRDA:38,2,0,0
BRDA:38,2,1,0
BRDA:55,3,0,0
BRDA:55,3,1,0
BRDA:55,4,0,0
BRDA:55,4,1,0
BRDA:55,4,2,0
BRDA:61,5,0,0
BRDA:61,5,1,0
BRDA:70,6,0,0
BRDA:70,6,1,0
BRDA:74,7,0,0
BRDA:74,7,1,0
BRDA:78,8,0,0
BRDA:78,8,1,0
BRDA:93,9,0,0
BRDA:93,9,1,0
BRDA:93,10,0,0
BRDA:93,10,1,0
BRDA:114,11,0,0
BRDA:114,11,1,0
BRDA:117,12,0,0
BRDA:117,12,1,0
BRDA:121,13,0,0
BRDA:121,13,1,0
BRDA:142,14,0,0
BRDA:142,14,1,0
BRDA:144,15,0,0
BRDA:144,15,1,0
BRDA:153,16,0,0
BRDA:153,16,1,0
BRDA:161,17,0,0
BRDA:161,17,1,0
BRDA:176,18,0,0
BRDA:176,18,1,0
BRDA:190,19,0,0
BRDA:190,19,1,0
BRDA:210,20,0,0
BRDA:210,20,1,0
BRDA:211,21,0,0
BRDA:211,21,1,0
BRDA:211,22,0,0
BRDA:211,22,1,0
BRDA:225,23,0,0
BRDA:225,23,1,0
BRDA:232,24,0,0
BRDA:232,24,1,0
BRDA:242,25,0,0
BRDA:242,25,1,0
BRF:53
BRH:0
end_of_record
TN:
SF:src/js/UserFeedbackManager.js
FN:6,(anonymous_0)
FN:39,(anonymous_1)
FN:47,(anonymous_2)
FN:71,(anonymous_3)
FN:78,(anonymous_4)
FN:99,(anonymous_5)
FN:390,(anonymous_6)
FN:392,(anonymous_7)
FN:396,(anonymous_8)
FN:401,(anonymous_9)
FN:411,(anonymous_10)
FN:453,(anonymous_11)
FN:473,(anonymous_12)
FN:483,(anonymous_13)
FN:495,(anonymous_14)
FN:559,(anonymous_15)
FN:579,(anonymous_16)
FN:614,(anonymous_17)
FN:625,(anonymous_18)
FN:669,(anonymous_19)
FN:693,(anonymous_20)
FN:742,(anonymous_21)
FN:759,(anonymous_22)
FN:760,(anonymous_23)
FN:771,(anonymous_24)
FN:785,(anonymous_25)
FN:836,(anonymous_26)
FN:856,(anonymous_27)
FN:870,(anonymous_28)
FN:872,(anonymous_29)
FN:874,(anonymous_30)
FN:882,(anonymous_31)
FN:889,(anonymous_32)
FN:897,(anonymous_33)
FN:899,(anonymous_34)
FN:903,(anonymous_35)
FN:913,(anonymous_36)
FN:915,(anonymous_37)
FN:922,(anonymous_38)
FN:936,(anonymous_39)
FN:938,(anonymous_40)
FN:944,(anonymous_41)
FN:953,(anonymous_42)
FN:955,(anonymous_43)
FN:967,(anonymous_44)
FN:973,(anonymous_45)
FN:981,(anonymous_46)
FN:983,(anonymous_47)
FN:988,(anonymous_48)
FN:996,(anonymous_49)
FN:1003,(anonymous_50)
FN:1018,(anonymous_51)
FNF:52
FNH:0
FNDA:0,(anonymous_0)
FNDA:0,(anonymous_1)
FNDA:0,(anonymous_2)
FNDA:0,(anonymous_3)
FNDA:0,(anonymous_4)
FNDA:0,(anonymous_5)
FNDA:0,(anonymous_6)
FNDA:0,(anonymous_7)
FNDA:0,(anonymous_8)
FNDA:0,(anonymous_9)
FNDA:0,(anonymous_10)
FNDA:0,(anonymous_11)
FNDA:0,(anonymous_12)
FNDA:0,(anonymous_13)
FNDA:0,(anonymous_14)
FNDA:0,(anonymous_15)
FNDA:0,(anonymous_16)
FNDA:0,(anonymous_17)
FNDA:0,(anonymous_18)
FNDA:0,(anonymous_19)
FNDA:0,(anonymous_20)
FNDA:0,(anonymous_21)
FNDA:0,(anonymous_22)
FNDA:0,(anonymous_23)
FNDA:0,(anonymous_24)
FNDA:0,(anonymous_25)
FNDA:0,(anonymous_26)
FNDA:0,(anonymous_27)
FNDA:0,(anonymous_28)
FNDA:0,(anonymous_29)
FNDA:0,(anonymous_30)
FNDA:0,(anonymous_31)
FNDA:0,(anonymous_32)
FNDA:0,(anonymous_33)
FNDA:0,(anonymous_34)
FNDA:0,(anonymous_35)
FNDA:0,(anonymous_36)
FNDA:0,(anonymous_37)
FNDA:0,(anonymous_38)
FNDA:0,(anonymous_39)
FNDA:0,(anonymous_40)
FNDA:0,(anonymous_41)
FNDA:0,(anonymous_42)
FNDA:0,(anonymous_43)
FNDA:0,(anonymous_44)
FNDA:0,(anonymous_45)
FNDA:0,(anonymous_46)
FNDA:0,(anonymous_47)
FNDA:0,(anonymous_48)
FNDA:0,(anonymous_49)
FNDA:0,(anonymous_50)
FNDA:0,(anonymous_51)
DA:7,0
DA:19,0
DA:20,0
DA:21,0
DA:22,0
DA:25,0
DA:26,0
DA:29,0
DA:36,0
DA:40,0
DA:41,0
DA:42,0
DA:44,0
DA:48,0
DA:51,0
DA:52,0
DA:53,0
DA:54,0
DA:55,0
DA:66,0
DA:69,0
DA:72,0
DA:75,0
DA:76,0
DA:78,0
DA:79,0
DA:80,0
DA:81,0
DA:82,0
DA:83,0
DA:86,0
DA:87,0
DA:88,0
DA:94,0
DA:100,0
DA:101,0
DA:103,0
DA:104,0
DA:105,0
DA:387,0
DA:392,0
DA:393,0
DA:396,0
DA:397,0
DA:401,0
DA:402,0
DA:403,0
DA:418,0
DA:420,0
DA:426,0
DA:434,0
DA:435,0
DA:436,0
DA:437,0
DA:438,0
DA:439,0
DA:443,0
DA:444,0
DA:447,0
DA:454,0
DA:455,0
DA:457,0
DA:458,0
DA:459,0
DA:462,0
DA:463,0
DA:464,0
DA:465,0
DA:474,0
DA:475,0
DA:477,0
DA:480,0
DA:481,0
DA:483,0
DA:484,0
DA:485,0
DA:489,0
DA:508,0
DA:510,0
DA:521,0
DA:522,0
DA:526,0
DA:535,0
DA:538,0
DA:539,0
DA:540,0
DA:543,0
DA:544,0
DA:545,0
DA:547,0
DA:548,0
DA:549,0
DA:553,0
DA:554,0
DA:558,0
DA:559,0
DA:560,0
DA:565,0
DA:573,0
DA:585,0
DA:587,0
DA:590,0
DA:599,0
DA:600,0
DA:601,0
DA:602,0
DA:603,0
DA:604,0
DA:608,0
DA:609,0
DA:613,0
DA:614,0
DA:615,0
DA:619,0
DA:626,0
DA:629,0
DA:632,0
DA:634,0
DA:635,0
DA:636,0
DA:638,0
DA:639,0
DA:640,0
DA:642,0
DA:643,0
DA:644,0
DA:646,0
DA:649,0
DA:650,0
DA:656,0
DA:670,0
DA:672,0
DA:673,0
DA:674,0
DA:675,0
DA:677,0
DA:687,0
DA:702,0
DA:704,0
DA:705,0
DA:706,0
DA:707,0
DA:709,0
DA:711,0
DA:736,0
DA:743,0
DA:744,0
DA:745,0
DA:746,0
DA:748,0
DA:753,0
DA:760,0
DA:761,0
DA:763,0
DA:764,0
DA:765,0
DA:766,0
DA:771,0
DA:772,0
DA:773,0
DA:774,0
DA:775,0
DA:776,0
DA:786,0
DA:787,0
DA:790,0
DA:791,0
DA:792,0
DA:793,0
DA:794,0
DA:795,0
DA:799,0
DA:801,0
DA:804,0
DA:805,0
DA:813,0
DA:814,0
DA:815,0
DA:818,0
DA:820,0
DA:837,0
DA:838,0
DA:840,0
DA:843,0
DA:844,0
DA:845,0
DA:849,0
DA:850,0
DA:852,0
DA:853,0
DA:856,0
DA:857,0
DA:858,0
DA:863,0
DA:864,0
DA:871,0
DA:872,0
DA:874,0
DA:875,0
DA:883,0
DA:886,0
DA:889,0
DA:890,0
DA:898,0
DA:899,0
DA:903,0
DA:914,0
DA:915,0
DA:922,0
DA:937,0
DA:938,0
DA:944,0
DA:954,0
DA:955,0
DA:968,0
DA:973,0
DA:983,0
DA:984,0
DA:988,0
DA:989,0
DA:997,0
DA:1004,0
DA:1006,0
DA:1007,0
DA:1011,0
DA:1012,0
DA:1013,0
DA:1019,0
LF:228
LH:0
BRDA:6,0,0,0
BRDA:11,1,0,0
BRDA:11,1,1,0
BRDA:12,2,0,0
BRDA:12,2,1,0
BRDA:13,3,0,0
BRDA:13,3,1,0
BRDA:14,4,0,0
BRDA:14,4,1,0
BRDA:48,5,0,0
BRDA:48,5,1,0
BRDA:79,6,0,0
BRDA:79,6,1,0
BRDA:80,7,0,0
BRDA:80,7,1,0
BRDA:81,8,0,0
BRDA:81,8,1,0
BRDA:86,9,0,0
BRDA:86,9,1,0
BRDA:101,10,0,0
BRDA:101,10,1,0
BRDA:402,11,0,0
BRDA:402,11,1,0
BRDA:411,12,0,0
BRDA:413,13,0,0
BRDA:414,14,0,0
BRDA:415,15,0,0
BRDA:416,16,0,0
BRDA:417,17,0,0
BRDA:434,18,0,0
BRDA:434,18,1,0
BRDA:437,19,0,0
BRDA:437,19,1,0
BRDA:443,20,0,0
BRDA:443,20,1,0
BRDA:453,21,0,0
BRDA:455,22,0,0
BRDA:455,22,1,0
BRDA:458,23,0,0
BRDA:458,23,1,0
BRDA:462,24,0,0
BRDA:462,24,1,0
BRDA:464,25,0,0
BRDA:464,25,1,0
BRDA:475,26,0,0
BRDA:475,26,1,0
BRDA:484,27,0,0
BRDA:484,27,1,0
BRDA:495,28,0,0
BRDA:497,29,0,0
BRDA:498,30,0,0
BRDA:499,31,0,0
BRDA:500,32,0,0
BRDA:501,33,0,0
BRDA:502,34,0,0
BRDA:503,35,0,0
BRDA:504,36,0,0
BRDA:505,37,0,0
BRDA:506,38,0,0
BRDA:507,39,0,0
BRDA:514,40,0,0
BRDA:514,40,1,0
BRDA:521,41,0,0
BRDA:521,41,1,0
BRDA:538,42,0,0
BRDA:538,42,1,0
BRDA:543,43,0,0
BRDA:543,43,1,0
BRDA:547,44,0,0
BRDA:547,44,1,0
BRDA:553,45,0,0
BRDA:553,45,1,0
BRDA:558,46,0,0
BRDA:558,46,1,0
BRDA:579,47,0,0
BRDA:581,48,0,0
BRDA:582,49,0,0
BRDA:583,50,0,0
BRDA:584,51,0,0
BRDA:599,52,0,0
BRDA:599,52,1,0
BRDA:602,53,0,0
BRDA:602,53,1,0
BRDA:608,54,0,0
BRDA:608,54,1,0
BRDA:613,55,0,0
BRDA:613,55,1,0
BRDA:632,56,0,0
BRDA:632,56,1,0
BRDA:632,56,2,0
BRDA:632,56,3,0
BRDA:649,57,0,0
BRDA:649,57,1,0
BRDA:669,58,0,0
BRDA:670,59,0,0
BRDA:670,60,0,0
BRDA:680,61,0,0
BRDA:680,61,1,0
BRDA:709,62,0,0
BRDA:709,62,1,0
BRDA:716,63,0,0
BRDA:716,63,1,0
BRDA:723,64,0,0
BRDA:723,64,1,0
BRDA:763,65,0,0
BRDA:763,65,1,0
BRDA:765,66,0,0
BRDA:765,66,1,0
BRDA:772,67,0,0
BRDA:772,67,1,0
BRDA:772,68,0,0
BRDA:772,68,1,0
BRDA:774,69,0,0
BRDA:774,69,1,0
BRDA:787,70,0,0
BRDA:787,70,1,0
BRDA:791,71,0,0
BRDA:791,71,1,0
BRDA:793,72,0,0
BRDA:793,72,1,0
BRDA:807,73,0,0
BRDA:807,73,1,0
BRDA:814,74,0,0
BRDA:814,74,1,0
BRDA:818,75,0,0
BRDA:818,75,1,0
BRDA:822,76,0,0
BRDA:822,76,1,0
BRDA:827,77,0,0
BRDA:827,77,1,0
BRDA:838,78,0,0
BRDA:838,78,1,0
BRDA:843,79,0,0
BRDA:843,79,1,0
BRDA:843,80,0,0
BRDA:843,80,1,0
BRDA:843,80,2,0
BRDA:852,81,0,0
BRDA:852,81,1,0
BRDA:857,82,0,0
BRDA:857,82,1,0
BRDA:883,83,0,0
BRDA:883,83,1,0
BRDA:928,84,0,0
BRDA:928,84,1,0
BRDA:938,85,0,0
BRDA:939,86,0,0
BRDA:939,86,1,0
BRDA:1006,87,0,0
BRDA:1006,87,1,0
BRDA:1006,88,0,0
BRDA:1006,88,1,0
BRDA:1012,89,0,0
BRDA:1012,89,1,0
BRDA:1018,90,0,0
BRF:155
BRH:0
end_of_record
TN:
SF:src/js/cross-browser-tester.js
FN:9,(anonymous_0)
FN:26,(anonymous_1)
FN:32,(anonymous_2)
FN:69,(anonymous_3)
FN:69,(anonymous_4)
FN:88,(anonymous_5)
FN:97,(anonymous_6)
FN:100,(anonymous_7)
FN:101,(anonymous_8)
FN:102,(anonymous_9)
FN:103,(anonymous_10)
FN:104,(anonymous_11)
FN:105,(anonymous_12)
FN:106,(anonymous_13)
FN:107,(anonymous_14)
FN:110,(anonymous_15)
FN:111,(anonymous_16)
FN:112,(anonymous_17)
FN:113,(anonymous_18)
FN:114,(anonymous_19)
FN:115,(anonymous_20)
FN:118,(anonymous_21)
FN:119,(anonymous_22)
FN:120,(anonymous_23)
FN:121,(anonymous_24)
FN:122,(anonymous_25)
FN:125,(anonymous_26)
FN:126,(anonymous_27)
FN:127,(anonymous_28)
FN:128,(anonymous_29)
FN:129,(anonymous_30)
FN:134,(anonymous_31)
FN:142,(anonymous_32)
FN:146,(anonymous_33)
FN:158,(anonymous_34)
FN:162,(anonymous_35)
FN:174,(anonymous_36)
FN:178,(anonymous_37)
FN:190,(anonymous_38)
FN:194,(anonymous_39)
FN:206,(anonymous_40)
FN:218,(anonymous_41)
FN:254,(anonymous_42)
FN:294,(anonymous_43)
FN:330,(anonymous_44)
FN:367,(anonymous_45)
FN:376,(anonymous_46)
FN:385,(anonymous_47)
FN:395,(anonymous_48)
FN:406,(anonymous_49)
FN:417,(anonymous_50)
FN:430,(anonymous_51)
FN:439,(anonymous_52)
FN:449,(anonymous_53)
FN:459,(anonymous_54)
FN:468,(anonymous_55)
FN:479,(anonymous_56)
FN:483,(anonymous_57)
FN:498,(anonymous_58)
FN:508,(anonymous_59)
FN:524,(anonymous_60)
FN:534,(anonymous_61)
FN:544,(anonymous_62)
FN:551,(anonymous_63)
FN:556,(anonymous_64)
FN:590,(anonymous_65)
FN:604,(anonymous_66)
FN:613,(anonymous_67)
FN:624,(anonymous_68)
FN:646,(anonymous_69)
FN:647,(anonymous_70)
FN:654,(anonymous_71)
FN:655,(anonymous_72)
FN:656,(anonymous_73)
FN:657,(anonymous_74)
FN:658,(anonymous_75)
FN:659,(anonymous_76)
FN:662,(anonymous_77)
FNF:78
FNH:0
FNDA:0,(anonymous_0)
FNDA:0,(anonymous_1)
FNDA:0,(anonymous_2)
FNDA:0,(anonymous_3)
FNDA:0,(anonymous_4)
FNDA:0,(anonymous_5)
FNDA:0,(anonymous_6)
FNDA:0,(anonymous_7)
FNDA:0,(anonymous_8)
FNDA:0,(anonymous_9)
FNDA:0,(anonymous_10)
FNDA:0,(anonymous_11)
FNDA:0,(anonymous_12)
FNDA:0,(anonymous_13)
FNDA:0,(anonymous_14)
FNDA:0,(anonymous_15)
FNDA:0,(anonymous_16)
FNDA:0,(anonymous_17)
FNDA:0,(anonymous_18)
FNDA:0,(anonymous_19)
FNDA:0,(anonymous_20)
FNDA:0,(anonymous_21)
FNDA:0,(anonymous_22)
FNDA:0,(anonymous_23)
FNDA:0,(anonymous_24)
FNDA:0,(anonymous_25)
FNDA:0,(anonymous_26)
FNDA:0,(anonymous_27)
FNDA:0,(anonymous_28)
FNDA:0,(anonymous_29)
FNDA:0,(anonymous_30)
FNDA:0,(anonymous_31)
FNDA:0,(anonymous_32)
FNDA:0,(anonymous_33)
FNDA:0,(anonymous_34)
FNDA:0,(anonymous_35)
FNDA:0,(anonymous_36)
FNDA:0,(anonymous_37)
FNDA:0,(anonymous_38)
FNDA:0,(anonymous_39)
FNDA:0,(anonymous_40)
FNDA:0,(anonymous_41)
FNDA:0,(anonymous_42)
FNDA:0,(anonymous_43)
FNDA:0,(anonymous_44)
FNDA:0,(anonymous_45)
FNDA:0,(anonymous_46)
FNDA:0,(anonymous_47)
FNDA:0,(anonymous_48)
FNDA:0,(anonymous_49)
FNDA:0,(anonymous_50)
FNDA:0,(anonymous_51)
FNDA:0,(anonymous_52)
FNDA:0,(anonymous_53)
FNDA:0,(anonymous_54)
FNDA:0,(anonymous_55)
FNDA:0,(anonymous_56)
FNDA:0,(anonymous_57)
FNDA:0,(anonymous_58)
FNDA:0,(anonymous_59)
FNDA:0,(anonymous_60)
FNDA:0,(anonymous_61)
FNDA:0,(anonymous_62)
FNDA:0,(anonymous_63)
FNDA:0,(anonymous_64)
FNDA:0,(anonymous_65)
FNDA:0,(anonymous_66)
FNDA:0,(anonymous_67)
FNDA:0,(anonymous_68)
FNDA:0,(anonymous_69)
FNDA:0,(anonymous_70)
FNDA:0,(anonymous_71)
FNDA:0,(anonymous_72)
FNDA:0,(anonymous_73)
FNDA:0,(anonymous_74)
FNDA:0,(anonymous_75)
FNDA:0,(anonymous_76)
FNDA:0,(anonymous_77)
DA:10,0
DA:11,0
DA:12,0
DA:15,0
DA:16,0
DA:17,0
DA:21,0
DA:23,0
DA:27,0
DA:28,0
DA:29,0
DA:33,0
DA:34,0
DA:73,0
DA:74,0
DA:85,0
DA:89,0
DA:90,0
DA:91,0
DA:92,0
DA:93,0
DA:94,0
DA:98,0
DA:100,0
DA:101,0
DA:102,0
DA:103,0
DA:104,0
DA:105,0
DA:106,0
DA:107,0
DA:110,0
DA:111,0
DA:112,0
DA:113,0
DA:114,0
DA:115,0
DA:118,0
DA:119,0
DA:120,0
DA:121,0
DA:122,0
DA:125,0
DA:126,0
DA:127,0
DA:128,0
DA:129,0
DA:135,0
DA:136,0
DA:137,0
DA:138,0
DA:139,0
DA:143,0
DA:144,0
DA:146,0
DA:147,0
DA:148,0
DA:149,0
DA:154,0
DA:159,0
DA:160,0
DA:162,0
DA:163,0
DA:164,0
DA:165,0
DA:170,0
DA:175,0
DA:176,0
DA:178,0
DA:179,0
DA:180,0
DA:181,0
DA:186,0
DA:191,0
DA:192,0
DA:194,0
DA:195,0
DA:196,0
DA:197,0
DA:202,0
DA:207,0
DA:209,0
DA:210,0
DA:211,0
DA:212,0
DA:214,0
DA:215,0
DA:219,0
DA:221,0
DA:222,0
DA:223,0
DA:224,0
DA:226,0
DA:227,0
DA:228,0
DA:230,0
DA:231,0
DA:233,0
DA:234,0
DA:236,0
DA:237,0
DA:240,0
DA:241,0
DA:243,0
DA:244,0
DA:246,0
DA:247,0
DA:250,0
DA:255,0
DA:256,0
DA:257,0
DA:259,0
DA:260,0
DA:261,0
DA:262,0
DA:264,0
DA:265,0
DA:266,0
DA:268,0
DA:269,0
DA:271,0
DA:272,0
DA:274,0
DA:275,0
DA:278,0
DA:279,0
DA:281,0
DA:282,0
DA:284,0
DA:285,0
DA:288,0
DA:289,0
DA:290,0
DA:295,0
DA:297,0
DA:298,0
DA:299,0
DA:300,0
DA:302,0
DA:303,0
DA:304,0
DA:306,0
DA:307,0
DA:309,0
DA:310,0
DA:312,0
DA:313,0
DA:316,0
DA:317,0
DA:319,0
DA:320,0
DA:322,0
DA:323,0
DA:326,0
DA:331,0
DA:333,0
DA:334,0
DA:335,0
DA:336,0
DA:338,0
DA:339,0
DA:340,0
DA:342,0
DA:343,0
DA:345,0
DA:346,0
DA:348,0
DA:349,0
DA:352,0
DA:353,0
DA:355,0
DA:356,0
DA:358,0
DA:359,0
DA:362,0
DA:368,0
DA:369,0
DA:370,0
DA:372,0
DA:377,0
DA:378,0
DA:379,0
DA:381,0
DA:386,0
DA:387,0
DA:388,0
DA:389,0
DA:391,0
DA:396,0
DA:398,0
DA:399,0
DA:402,0
DA:407,0
DA:408,0
DA:409,0
DA:410,0
DA:411,0
DA:413,0
DA:418,0
DA:419,0
DA:420,0
DA:421,0
DA:423,0
DA:426,0
DA:431,0
DA:432,0
DA:433,0
DA:435,0
DA:440,0
DA:441,0
DA:442,0
DA:443,0
DA:445,0
DA:450,0
DA:451,0
DA:452,0
DA:453,0
DA:455,0
DA:460,0
DA:461,0
DA:462,0
DA:464,0
DA:469,0
DA:470,0
DA:471,0
DA:472,0
DA:473,0
DA:475,0
DA:480,0
DA:482,0
DA:483,0
DA:485,0
DA:486,0
DA:487,0
DA:489,0
DA:491,0
DA:494,0
DA:499,0
DA:500,0
DA:501,0
DA:502,0
DA:504,0
DA:509,0
DA:511,0
DA:512,0
DA:515,0
DA:517,0
DA:518,0
DA:520,0
DA:525,0
DA:527,0
DA:528,0
DA:530,0
DA:535,0
DA:537,0
DA:538,0
DA:540,0
DA:545,0
DA:546,0
DA:547,0
DA:552,0
DA:553,0
DA:555,0
DA:556,0
DA:557,0
DA:559,0
DA:560,0
DA:562,0
DA:591,0
DA:592,0
DA:593,0
DA:595,0
DA:596,0
DA:597,0
DA:598,0
DA:601,0
DA:605,0
DA:606,0
DA:607,0
DA:609,0
DA:610,0
DA:613,0
DA:614,0
DA:615,0
DA:616,0
DA:617,0
DA:618,0
DA:621,0
DA:625,0
DA:633,0
DA:634,0
DA:635,0
DA:636,0
DA:637,0
DA:638,0
DA:639,0
DA:640,0
DA:641,0
DA:643,0
DA:647,0
DA:654,0
DA:655,0
DA:656,0
DA:657,0
DA:658,0
DA:659,0
DA:662,0
DA:663,0
DA:667,0
DA:670,0
LF:310
LH:0
BRDA:42,0,0,0
BRDA:42,0,1,0
BRDA:78,1,0,0
BRDA:78,1,1,0
BRDA:79,2,0,0
BRDA:79,2,1,0
BRDA:80,3,0,0
BRDA:80,3,1,0
BRDA:81,4,0,0
BRDA:81,4,1,0
BRDA:82,5,0,0
BRDA:82,5,1,0
BRDA:89,6,0,0
BRDA:89,6,1,0
BRDA:89,7,0,0
BRDA:89,7,1,0
BRDA:90,8,0,0
BRDA:90,8,1,0
BRDA:91,9,0,0
BRDA:91,9,1,0
BRDA:91,10,0,0
BRDA:91,10,1,0
BRDA:92,11,0,0
BRDA:92,11,1,0
BRDA:93,12,0,0
BRDA:93,12,1,0
BRDA:230,13,0,0
BRDA:230,13,1,0
BRDA:231,14,0,0
BRDA:231,14,1,0
BRDA:234,15,0,0
BRDA:234,15,1,0
BRDA:237,16,0,0
BRDA:237,16,1,0
BRDA:268,17,0,0
BRDA:268,17,1,0
BRDA:269,18,0,0
BRDA:269,18,1,0
BRDA:269,19,0,0
BRDA:269,19,1,0
BRDA:272,20,0,0
BRDA:272,20,1,0
BRDA:275,21,0,0
BRDA:275,21,1,0
BRDA:275,22,0,0
BRDA:275,22,1,0
BRDA:306,23,0,0
BRDA:306,23,1,0
BRDA:307,24,0,0
BRDA:307,24,1,0
BRDA:307,25,0,0
BRDA:307,25,1,0
BRDA:310,26,0,0
BRDA:310,26,1,0
BRDA:313,27,0,0
BRDA:313,27,1,0
BRDA:313,28,0,0
BRDA:313,28,1,0
BRDA:342,29,0,0
BRDA:342,29,1,0
BRDA:343,30,0,0
BRDA:343,30,1,0
BRDA:343,31,0,0
BRDA:343,31,1,0
BRDA:346,32,0,0
BRDA:346,32,1,0
BRDA:349,33,0,0
BRDA:349,33,1,0
BRDA:349,34,0,0
BRDA:349,34,1,0
BRDA:379,35,0,0
BRDA:379,35,1,0
BRDA:420,36,0,0
BRDA:420,36,1,0
BRDA:462,37,0,0
BRDA:462,37,1,0
BRDA:473,38,0,0
BRDA:473,38,1,0
BRDA:502,39,0,0
BRDA:502,39,1,0
BRDA:546,40,0,0
BRDA:546,40,1,0
BRDA:580,41,0,0
BRDA:580,41,1,0
BRDA:584,42,0,0
BRDA:584,42,1,0
BRDA:596,43,0,0
BRDA:596,43,1,0
BRDA:616,44,0,0
BRDA:616,44,1,0
BRDA:618,45,0,0
BRDA:618,45,1,0
BRDA:667,46,0,0
BRDA:667,46,1,0
BRF:94
BRH:0
end_of_record
TN:
SF:src/js/main.js
FN:4,(anonymous_0)
FNF:1
FNH:0
FNDA:0,(anonymous_0)
DA:4,0
DA:5,0
DA:6,0
LF:3
LH:0
BRF:0
BRH:0
end_of_record
TN:
SF:src/js/products.js
FN:8,(anonymous_0)
FN:30,(anonymous_1)
FN:50,(anonymous_2)
FN:56,(anonymous_3)
FN:62,(anonymous_4)
FN:67,(anonymous_5)
FN:100,(anonymous_6)
FN:101,(anonymous_7)
FN:106,(anonymous_8)
FN:113,(anonymous_9)
FN:114,(anonymous_10)
FNF:11
FNH:0
FNDA:0,(anonymous_0)
FNDA:0,(anonymous_1)
FNDA:0,(anonymous_2)
FNDA:0,(anonymous_3)
FNDA:0,(anonymous_4)
FNDA:0,(anonymous_5)
FNDA:0,(anonymous_6)
FNDA:0,(anonymous_7)
FNDA:0,(anonymous_8)
FNDA:0,(anonymous_9)
FNDA:0,(anonymous_10)
DA:8,0
DA:9,0
DA:11,0
DA:14,0
DA:15,0
DA:18,0
DA:19,0
DA:22,0
DA:23,0
DA:26,0
DA:27,0
DA:30,0
DA:31,0
DA:32,0
DA:35,0
DA:37,0
DA:45,0
DA:50,0
DA:51,0
DA:52,0
DA:56,0
DA:57,0
DA:58,0
DA:62,0
DA:63,0
DA:64,0
DA:67,0
DA:68,0
DA:69,0
DA:73,0
DA:74,0
DA:77,0
DA:78,0
DA:79,0
DA:80,0
DA:82,0
DA:85,0
DA:88,0
DA:91,0
DA:92,0
DA:93,0
DA:95,0
DA:99,0
DA:100,0
DA:101,0
DA:102,0
DA:103,0
DA:106,0
DA:107,0
DA:112,0
DA:113,0
DA:114,0
DA:115,0
DA:116,0
DA:117,0
DA:118,0
DA:123,0
DA:124,0
DA:126,0
LF:59
LH:0
BRDA:35,0,0,0
BRDA:35,0,1,0
BRDA:35,1,0,0
BRDA:35,1,1,0
BRDA:52,2,0,0
BRDA:52,2,1,0
BRDA:58,3,0,0
BRDA:58,3,1,0
BRDA:74,4,0,0
BRDA:74,4,1,0
BRDA:116,5,0,0
BRDA:116,5,1,0
BRDA:117,6,0,0
BRDA:117,6,1,0
BRDA:124,7,0,0
BRDA:124,7,1,0
BRF:16
BRH:0
end_of_record
