<?xml version="1.0" encoding="UTF-8"?>
<testsuites name="jest tests" tests="30" failures="0" errors="0" time="0.832">
  <testsuite name="ModernArticleManager" errors="0" failures="0" skipped="0" timestamp="2025-08-03T12:12:35" time="0.607" tests="30">
    <testcase classname="ModernArticleManager Constructor should extend ArticleManager with enhanced options" name="ModernArticleManager Constructor should extend ArticleManager with enhanced options" time="0.012">
    </testcase>
    <testcase classname="ModernArticleManager Constructor should initialize metadata configuration" name="ModernArticleManager Constructor should initialize metadata configuration" time="0.003">
    </testcase>
    <testcase classname="ModernArticleManager Constructor should initialize reading time cache" name="ModernArticleManager Constructor should initialize reading time cache" time="0.002">
    </testcase>
    <testcase classname="ModernArticleManager Reading Time Calculation should calculate reading time for basic text" name="ModernArticleManager Reading Time Calculation should calculate reading time for basic text" time="0.002">
    </testcase>
    <testcase classname="ModernArticleManager Reading Time Calculation should cache reading time calculations" name="ModernArticleManager Reading Time Calculation should cache reading time calculations" time="0.001">
    </testcase>
    <testcase classname="ModernArticleManager Reading Time Calculation should account for images in reading time" name="ModernArticleManager Reading Time Calculation should account for images in reading time" time="0.001">
    </testcase>
    <testcase classname="ModernArticleManager Reading Time Calculation should account for code blocks in reading time" name="ModernArticleManager Reading Time Calculation should account for code blocks in reading time" time="0.001">
    </testcase>
    <testcase classname="ModernArticleManager Reading Time Calculation should return minimum 1 minute for very short content" name="ModernArticleManager Reading Time Calculation should return minimum 1 minute for very short content" time="0.001">
    </testcase>
    <testcase classname="ModernArticleManager Reading Time Calculation should handle empty content" name="ModernArticleManager Reading Time Calculation should handle empty content" time="0.001">
    </testcase>
    <testcase classname="ModernArticleManager Date Formatting should format date in short format by default" name="ModernArticleManager Date Formatting should format date in short format by default" time="0.013">
    </testcase>
    <testcase classname="ModernArticleManager Date Formatting should format date in long format" name="ModernArticleManager Date Formatting should format date in long format" time="0.002">
    </testcase>
    <testcase classname="ModernArticleManager Date Formatting should format date in relative format" name="ModernArticleManager Date Formatting should format date in relative format" time="0.001">
    </testcase>
    <testcase classname="ModernArticleManager Date Formatting should handle invalid dates" name="ModernArticleManager Date Formatting should handle invalid dates" time="0.001">
    </testcase>
    <testcase classname="ModernArticleManager Enhanced Metadata Creation should create metadata container with proper class" name="ModernArticleManager Enhanced Metadata Creation should create metadata container with proper class" time="0.008">
    </testcase>
    <testcase classname="ModernArticleManager Enhanced Metadata Creation should include date metadata when enabled" name="ModernArticleManager Enhanced Metadata Creation should include date metadata when enabled" time="0.005">
    </testcase>
    <testcase classname="ModernArticleManager Enhanced Metadata Creation should include author metadata when enabled" name="ModernArticleManager Enhanced Metadata Creation should include author metadata when enabled" time="0.004">
    </testcase>
    <testcase classname="ModernArticleManager Enhanced Metadata Creation should include reading time when enabled" name="ModernArticleManager Enhanced Metadata Creation should include reading time when enabled" time="0.003">
    </testcase>
    <testcase classname="ModernArticleManager Enhanced Metadata Creation should include category metadata when available" name="ModernArticleManager Enhanced Metadata Creation should include category metadata when available" time="0.003">
    </testcase>
    <testcase classname="ModernArticleManager Enhanced Metadata Creation should handle articles with multiple authors" name="ModernArticleManager Enhanced Metadata Creation should handle articles with multiple authors" time="0.003">
    </testcase>
    <testcase classname="ModernArticleManager Enhanced Metadata Creation should add separators between metadata items" name="ModernArticleManager Enhanced Metadata Creation should add separators between metadata items" time="0.002">
    </testcase>
    <testcase classname="ModernArticleManager Modern Article Card Creation should create modern article card with proper structure" name="ModernArticleManager Modern Article Card Creation should create modern article card with proper structure" time="0.007">
    </testcase>
    <testcase classname="ModernArticleManager Modern Article Card Creation should create featured card when specified" name="ModernArticleManager Modern Article Card Creation should create featured card when specified" time="0.003">
    </testcase>
    <testcase classname="ModernArticleManager Modern Article Card Creation should include image container with proper structure" name="ModernArticleManager Modern Article Card Creation should include image container with proper structure" time="0.007">
    </testcase>
    <testcase classname="ModernArticleManager Modern Article Card Creation should include content section with all elements" name="ModernArticleManager Modern Article Card Creation should include content section with all elements" time="0.003">
    </testcase>
    <testcase classname="ModernArticleManager Modern Article Card Creation should handle missing cover image with fallback" name="ModernArticleManager Modern Article Card Creation should handle missing cover image with fallback" time="0.003">
    </testcase>
    <testcase classname="ModernArticleManager Modern Article Card Creation should add proper accessibility attributes" name="ModernArticleManager Modern Article Card Creation should add proper accessibility attributes" time="0.003">
    </testcase>
    <testcase classname="ModernArticleManager Configuration Updates should update metadata configuration" name="ModernArticleManager Configuration Updates should update metadata configuration" time="0.001">
    </testcase>
    <testcase classname="ModernArticleManager Configuration Updates should update reading speed and clear cache" name="ModernArticleManager Configuration Updates should update reading speed and clear cache" time="0.001">
    </testcase>
    <testcase classname="ModernArticleManager Article Statistics should return correct article statistics" name="ModernArticleManager Article Statistics should return correct article statistics" time="0.002">
    </testcase>
    <testcase classname="ModernArticleManager Cleanup should properly cleanup resources" name="ModernArticleManager Cleanup should properly cleanup resources" time="0.002">
    </testcase>
  </testsuite>
</testsuites>