<?xml version="1.0" encoding="UTF-8"?>
<testsuites name="jest tests" tests="356" failures="116" errors="0" time="60.415">
  <testsuite name="NavigationStateManager" errors="0" failures="1" skipped="0" timestamp="2025-07-20T10:02:30" time="0.269" tests="15">
    <testcase classname="NavigationStateManager Initialization should initialize with current page info" name="NavigationStateManager Initialization should initialize with current page info" time="0.006">
    </testcase>
    <testcase classname="NavigationStateManager Initialization should detect page type correctly" name="NavigationStateManager Initialization should detect page type correctly" time="0.002">
    </testcase>
    <testcase classname="NavigationStateManager Initialization should set up asset requirements for different page types" name="NavigationStateManager Initialization should set up asset requirements for different page types" time="0.001">
    </testcase>
    <testcase classname="NavigationStateManager Navigation Detection should detect direct navigation" name="NavigationStateManager Navigation Detection should detect direct navigation" time="0.001">
    </testcase>
    <testcase classname="NavigationStateManager Navigation Detection should detect link navigation" name="NavigationStateManager Navigation Detection should detect link navigation" time="0.001">
    </testcase>
    <testcase classname="NavigationStateManager Navigation Detection should detect back navigation" name="NavigationStateManager Navigation Detection should detect back navigation" time="0.004">
      <failure>Error: expect(received).toBe(expected) // Object.is equality

Expected: &quot;back&quot;
Received: &quot;forward&quot;
    at Object.toBe (/home/shuvam/codes/ChemActiva/chemactiva-website/src/js/tests/NavigationStateManager.test.js:128:45)
    at Promise.then.completed (/home/shuvam/codes/ChemActiva/chemactiva-website/node_modules/jest-circus/build/utils.js:298:28)
    at new Promise (&lt;anonymous&gt;)
    at callAsyncCircusFn (/home/shuvam/codes/ChemActiva/chemactiva-website/node_modules/jest-circus/build/utils.js:231:10)
    at _callCircusTest (/home/shuvam/codes/ChemActiva/chemactiva-website/node_modules/jest-circus/build/run.js:316:40)
    at processTicksAndRejections (node:internal/process/task_queues:105:5)
    at _runTest (/home/shuvam/codes/ChemActiva/chemactiva-website/node_modules/jest-circus/build/run.js:252:3)
    at _runTestsForDescribeBlock (/home/shuvam/codes/ChemActiva/chemactiva-website/node_modules/jest-circus/build/run.js:126:9)
    at _runTestsForDescribeBlock (/home/shuvam/codes/ChemActiva/chemactiva-website/node_modules/jest-circus/build/run.js:121:9)
    at _runTestsForDescribeBlock (/home/shuvam/codes/ChemActiva/chemactiva-website/node_modules/jest-circus/build/run.js:121:9)
    at run (/home/shuvam/codes/ChemActiva/chemactiva-website/node_modules/jest-circus/build/run.js:71:3)
    at runAndTransformResultsToJestFormat (/home/shuvam/codes/ChemActiva/chemactiva-website/node_modules/jest-circus/build/legacy-code-todo-rewrite/jestAdapterInit.js:122:21)
    at jestAdapter (/home/shuvam/codes/ChemActiva/chemactiva-website/node_modules/jest-circus/build/legacy-code-todo-rewrite/jestAdapter.js:79:19)
    at runTestInternal (/home/shuvam/codes/ChemActiva/chemactiva-website/node_modules/jest-runner/build/runTest.js:367:16)
    at runTest (/home/shuvam/codes/ChemActiva/chemactiva-website/node_modules/jest-runner/build/runTest.js:444:34)</failure>
    </testcase>
    <testcase classname="NavigationStateManager Loader Decision Logic should not skip loader for direct homepage access" name="NavigationStateManager Loader Decision Logic should not skip loader for direct homepage access" time="0.001">
    </testcase>
    <testcase classname="NavigationStateManager Loader Decision Logic should skip loader for non-homepage pages" name="NavigationStateManager Loader Decision Logic should skip loader for non-homepage pages" time="0.001">
    </testcase>
    <testcase classname="NavigationStateManager Loader Decision Logic should skip loader for internal navigation with cached assets" name="NavigationStateManager Loader Decision Logic should skip loader for internal navigation with cached assets" time="0.001">
    </testcase>
    <testcase classname="NavigationStateManager Asset State Management should update and retrieve asset states" name="NavigationStateManager Asset State Management should update and retrieve asset states" time="0.001">
    </testcase>
    <testcase classname="NavigationStateManager Asset State Management should get required assets for current page" name="NavigationStateManager Asset State Management should get required assets for current page" time="0">
    </testcase>
    <testcase classname="NavigationStateManager Context Preservation should preserve and retrieve page context" name="NavigationStateManager Context Preservation should preserve and retrieve page context" time="0">
    </testcase>
    <testcase classname="NavigationStateManager Context Preservation should handle sessionStorage errors gracefully" name="NavigationStateManager Context Preservation should handle sessionStorage errors gracefully" time="0.001">
    </testcase>
    <testcase classname="NavigationStateManager Navigation Statistics should provide navigation statistics" name="NavigationStateManager Navigation Statistics should provide navigation statistics" time="0.001">
    </testcase>
    <testcase classname="NavigationStateManager Reset Functionality should reset all state" name="NavigationStateManager Reset Functionality should reset all state" time="0.001">
    </testcase>
  </testsuite>
  <testsuite name="Product Page Integration Tests" errors="0" failures="10" skipped="0" timestamp="2025-07-20T10:02:31" time="1.052" tests="17">
    <testcase classname="Product Page Integration Tests Component Integration should initialize ProductManager and ProductImageGallery without conflicts" name="Product Page Integration Tests Component Integration should initialize ProductManager and ProductImageGallery without conflicts" time="0.029">
      <failure>Error: expect(received).toBe(expected) // Object.is equality

Expected: 2
Received: 0
    at Object.toBe (/home/shuvam/codes/ChemActiva/chemactiva-website/src/js/tests/product-page-integration.test.js:130:43)
    at Promise.then.completed (/home/shuvam/codes/ChemActiva/chemactiva-website/node_modules/jest-circus/build/utils.js:298:28)
    at new Promise (&lt;anonymous&gt;)
    at callAsyncCircusFn (/home/shuvam/codes/ChemActiva/chemactiva-website/node_modules/jest-circus/build/utils.js:231:10)
    at _callCircusTest (/home/shuvam/codes/ChemActiva/chemactiva-website/node_modules/jest-circus/build/run.js:316:40)
    at _runTest (/home/shuvam/codes/ChemActiva/chemactiva-website/node_modules/jest-circus/build/run.js:252:3)
    at _runTestsForDescribeBlock (/home/shuvam/codes/ChemActiva/chemactiva-website/node_modules/jest-circus/build/run.js:126:9)
    at _runTestsForDescribeBlock (/home/shuvam/codes/ChemActiva/chemactiva-website/node_modules/jest-circus/build/run.js:121:9)
    at _runTestsForDescribeBlock (/home/shuvam/codes/ChemActiva/chemactiva-website/node_modules/jest-circus/build/run.js:121:9)
    at run (/home/shuvam/codes/ChemActiva/chemactiva-website/node_modules/jest-circus/build/run.js:71:3)
    at runAndTransformResultsToJestFormat (/home/shuvam/codes/ChemActiva/chemactiva-website/node_modules/jest-circus/build/legacy-code-todo-rewrite/jestAdapterInit.js:122:21)
    at jestAdapter (/home/shuvam/codes/ChemActiva/chemactiva-website/node_modules/jest-circus/build/legacy-code-todo-rewrite/jestAdapter.js:79:19)
    at runTestInternal (/home/shuvam/codes/ChemActiva/chemactiva-website/node_modules/jest-runner/build/runTest.js:367:16)
    at runTest (/home/shuvam/codes/ChemActiva/chemactiva-website/node_modules/jest-runner/build/runTest.js:444:34)</failure>
    </testcase>
    <testcase classname="Product Page Integration Tests Component Integration should coordinate loading states between components" name="Product Page Integration Tests Component Integration should coordinate loading states between components" time="0.008">
      <failure>Error: expect(received).toBe(expected) // Object.is equality

Expected: true
Received: false
    at Object.toBe (/home/shuvam/codes/ChemActiva/chemactiva-website/src/js/tests/product-page-integration.test.js:150:40)
    at Promise.then.completed (/home/shuvam/codes/ChemActiva/chemactiva-website/node_modules/jest-circus/build/utils.js:298:28)
    at new Promise (&lt;anonymous&gt;)
    at callAsyncCircusFn (/home/shuvam/codes/ChemActiva/chemactiva-website/node_modules/jest-circus/build/utils.js:231:10)
    at _callCircusTest (/home/shuvam/codes/ChemActiva/chemactiva-website/node_modules/jest-circus/build/run.js:316:40)
    at _runTest (/home/shuvam/codes/ChemActiva/chemactiva-website/node_modules/jest-circus/build/run.js:252:3)
    at _runTestsForDescribeBlock (/home/shuvam/codes/ChemActiva/chemactiva-website/node_modules/jest-circus/build/run.js:126:9)
    at _runTestsForDescribeBlock (/home/shuvam/codes/ChemActiva/chemactiva-website/node_modules/jest-circus/build/run.js:121:9)
    at _runTestsForDescribeBlock (/home/shuvam/codes/ChemActiva/chemactiva-website/node_modules/jest-circus/build/run.js:121:9)
    at run (/home/shuvam/codes/ChemActiva/chemactiva-website/node_modules/jest-circus/build/run.js:71:3)
    at runAndTransformResultsToJestFormat (/home/shuvam/codes/ChemActiva/chemactiva-website/node_modules/jest-circus/build/legacy-code-todo-rewrite/jestAdapterInit.js:122:21)
    at jestAdapter (/home/shuvam/codes/ChemActiva/chemactiva-website/node_modules/jest-circus/build/legacy-code-todo-rewrite/jestAdapter.js:79:19)
    at runTestInternal (/home/shuvam/codes/ChemActiva/chemactiva-website/node_modules/jest-runner/build/runTest.js:367:16)
    at runTest (/home/shuvam/codes/ChemActiva/chemactiva-website/node_modules/jest-runner/build/runTest.js:444:34)</failure>
    </testcase>
    <testcase classname="Product Page Integration Tests Component Integration should handle accordion interactions properly" name="Product Page Integration Tests Component Integration should handle accordion interactions properly" time="0.009">
    </testcase>
    <testcase classname="Product Page Integration Tests Component Integration should handle contact button clicks and emit events" name="Product Page Integration Tests Component Integration should handle contact button clicks and emit events" time="0.007">
    </testcase>
    <testcase classname="Product Page Integration Tests User Interaction Flows should handle complete product exploration flow" name="Product Page Integration Tests User Interaction Flows should handle complete product exploration flow" time="0.007">
      <failure>Error: expect(received).toContain(expected) // indexOf

Expected substring: &quot;translateY(-8px)&quot;
Received string:    &quot;&quot;
    at Object.toContain (/home/shuvam/codes/ChemActiva/chemactiva-website/src/js/tests/product-page-integration.test.js:219:50)
    at Promise.then.completed (/home/shuvam/codes/ChemActiva/chemactiva-website/node_modules/jest-circus/build/utils.js:298:28)
    at new Promise (&lt;anonymous&gt;)
    at callAsyncCircusFn (/home/shuvam/codes/ChemActiva/chemactiva-website/node_modules/jest-circus/build/utils.js:231:10)
    at _callCircusTest (/home/shuvam/codes/ChemActiva/chemactiva-website/node_modules/jest-circus/build/run.js:316:40)
    at _runTest (/home/shuvam/codes/ChemActiva/chemactiva-website/node_modules/jest-circus/build/run.js:252:3)
    at _runTestsForDescribeBlock (/home/shuvam/codes/ChemActiva/chemactiva-website/node_modules/jest-circus/build/run.js:126:9)
    at _runTestsForDescribeBlock (/home/shuvam/codes/ChemActiva/chemactiva-website/node_modules/jest-circus/build/run.js:121:9)
    at _runTestsForDescribeBlock (/home/shuvam/codes/ChemActiva/chemactiva-website/node_modules/jest-circus/build/run.js:121:9)
    at run (/home/shuvam/codes/ChemActiva/chemactiva-website/node_modules/jest-circus/build/run.js:71:3)
    at runAndTransformResultsToJestFormat (/home/shuvam/codes/ChemActiva/chemactiva-website/node_modules/jest-circus/build/legacy-code-todo-rewrite/jestAdapterInit.js:122:21)
    at jestAdapter (/home/shuvam/codes/ChemActiva/chemactiva-website/node_modules/jest-circus/build/legacy-code-todo-rewrite/jestAdapter.js:79:19)
    at runTestInternal (/home/shuvam/codes/ChemActiva/chemactiva-website/node_modules/jest-runner/build/runTest.js:367:16)
    at runTest (/home/shuvam/codes/ChemActiva/chemactiva-website/node_modules/jest-runner/build/runTest.js:444:34)</failure>
    </testcase>
    <testcase classname="Product Page Integration Tests User Interaction Flows should handle keyboard navigation flow" name="Product Page Integration Tests User Interaction Flows should handle keyboard navigation flow" time="0.006">
      <failure>Error: expect(received).toContain(expected) // indexOf

Expected substring: &quot;2px solid&quot;
Received string:    &quot;&quot;
    at Object.toContain (/home/shuvam/codes/ChemActiva/chemactiva-website/src/js/tests/product-page-integration.test.js:245:48)
    at Promise.then.completed (/home/shuvam/codes/ChemActiva/chemactiva-website/node_modules/jest-circus/build/utils.js:298:28)
    at new Promise (&lt;anonymous&gt;)
    at callAsyncCircusFn (/home/shuvam/codes/ChemActiva/chemactiva-website/node_modules/jest-circus/build/utils.js:231:10)
    at _callCircusTest (/home/shuvam/codes/ChemActiva/chemactiva-website/node_modules/jest-circus/build/run.js:316:40)
    at _runTest (/home/shuvam/codes/ChemActiva/chemactiva-website/node_modules/jest-circus/build/run.js:252:3)
    at _runTestsForDescribeBlock (/home/shuvam/codes/ChemActiva/chemactiva-website/node_modules/jest-circus/build/run.js:126:9)
    at _runTestsForDescribeBlock (/home/shuvam/codes/ChemActiva/chemactiva-website/node_modules/jest-circus/build/run.js:121:9)
    at _runTestsForDescribeBlock (/home/shuvam/codes/ChemActiva/chemactiva-website/node_modules/jest-circus/build/run.js:121:9)
    at run (/home/shuvam/codes/ChemActiva/chemactiva-website/node_modules/jest-circus/build/run.js:71:3)
    at runAndTransformResultsToJestFormat (/home/shuvam/codes/ChemActiva/chemactiva-website/node_modules/jest-circus/build/legacy-code-todo-rewrite/jestAdapterInit.js:122:21)
    at jestAdapter (/home/shuvam/codes/ChemActiva/chemactiva-website/node_modules/jest-circus/build/legacy-code-todo-rewrite/jestAdapter.js:79:19)
    at runTestInternal (/home/shuvam/codes/ChemActiva/chemactiva-website/node_modules/jest-runner/build/runTest.js:367:16)
    at runTest (/home/shuvam/codes/ChemActiva/chemactiva-website/node_modules/jest-runner/build/runTest.js:444:34)</failure>
    </testcase>
    <testcase classname="Product Page Integration Tests User Interaction Flows should handle image gallery interaction flow" name="Product Page Integration Tests User Interaction Flows should handle image gallery interaction flow" time="0.006">
      <failure>Error: expect(received).toBe(expected) // Object.is equality

Expected: 1
Received: 0
    at Object.toBe (/home/shuvam/codes/ChemActiva/chemactiva-website/src/js/tests/product-page-integration.test.js:272:42)
    at Promise.then.completed (/home/shuvam/codes/ChemActiva/chemactiva-website/node_modules/jest-circus/build/utils.js:298:28)
    at new Promise (&lt;anonymous&gt;)
    at callAsyncCircusFn (/home/shuvam/codes/ChemActiva/chemactiva-website/node_modules/jest-circus/build/utils.js:231:10)
    at _callCircusTest (/home/shuvam/codes/ChemActiva/chemactiva-website/node_modules/jest-circus/build/run.js:316:40)
    at _runTest (/home/shuvam/codes/ChemActiva/chemactiva-website/node_modules/jest-circus/build/run.js:252:3)
    at _runTestsForDescribeBlock (/home/shuvam/codes/ChemActiva/chemactiva-website/node_modules/jest-circus/build/run.js:126:9)
    at _runTestsForDescribeBlock (/home/shuvam/codes/ChemActiva/chemactiva-website/node_modules/jest-circus/build/run.js:121:9)
    at _runTestsForDescribeBlock (/home/shuvam/codes/ChemActiva/chemactiva-website/node_modules/jest-circus/build/run.js:121:9)
    at run (/home/shuvam/codes/ChemActiva/chemactiva-website/node_modules/jest-circus/build/run.js:71:3)
    at runAndTransformResultsToJestFormat (/home/shuvam/codes/ChemActiva/chemactiva-website/node_modules/jest-circus/build/legacy-code-todo-rewrite/jestAdapterInit.js:122:21)
    at jestAdapter (/home/shuvam/codes/ChemActiva/chemactiva-website/node_modules/jest-circus/build/legacy-code-todo-rewrite/jestAdapter.js:79:19)
    at runTestInternal (/home/shuvam/codes/ChemActiva/chemactiva-website/node_modules/jest-runner/build/runTest.js:367:16)
    at runTest (/home/shuvam/codes/ChemActiva/chemactiva-website/node_modules/jest-runner/build/runTest.js:444:34)</failure>
    </testcase>
    <testcase classname="Product Page Integration Tests User Interaction Flows should handle mobile touch interaction flow" name="Product Page Integration Tests User Interaction Flows should handle mobile touch interaction flow" time="0.007">
      <failure>Error: expect(received).toBe(expected) // Object.is equality

Expected: 1
Received: 0
    at Object.toBe (/home/shuvam/codes/ChemActiva/chemactiva-website/src/js/tests/product-page-integration.test.js:297:42)
    at Promise.then.completed (/home/shuvam/codes/ChemActiva/chemactiva-website/node_modules/jest-circus/build/utils.js:298:28)
    at new Promise (&lt;anonymous&gt;)
    at callAsyncCircusFn (/home/shuvam/codes/ChemActiva/chemactiva-website/node_modules/jest-circus/build/utils.js:231:10)
    at _callCircusTest (/home/shuvam/codes/ChemActiva/chemactiva-website/node_modules/jest-circus/build/run.js:316:40)
    at _runTest (/home/shuvam/codes/ChemActiva/chemactiva-website/node_modules/jest-circus/build/run.js:252:3)
    at _runTestsForDescribeBlock (/home/shuvam/codes/ChemActiva/chemactiva-website/node_modules/jest-circus/build/run.js:126:9)
    at _runTestsForDescribeBlock (/home/shuvam/codes/ChemActiva/chemactiva-website/node_modules/jest-circus/build/run.js:121:9)
    at _runTestsForDescribeBlock (/home/shuvam/codes/ChemActiva/chemactiva-website/node_modules/jest-circus/build/run.js:121:9)
    at run (/home/shuvam/codes/ChemActiva/chemactiva-website/node_modules/jest-circus/build/run.js:71:3)
    at runAndTransformResultsToJestFormat (/home/shuvam/codes/ChemActiva/chemactiva-website/node_modules/jest-circus/build/legacy-code-todo-rewrite/jestAdapterInit.js:122:21)
    at jestAdapter (/home/shuvam/codes/ChemActiva/chemactiva-website/node_modules/jest-circus/build/legacy-code-todo-rewrite/jestAdapter.js:79:19)
    at runTestInternal (/home/shuvam/codes/ChemActiva/chemactiva-website/node_modules/jest-runner/build/runTest.js:367:16)
    at runTest (/home/shuvam/codes/ChemActiva/chemactiva-website/node_modules/jest-runner/build/runTest.js:444:34)</failure>
    </testcase>
    <testcase classname="Product Page Integration Tests Accessibility Integration should maintain ARIA attributes across component interactions" name="Product Page Integration Tests Accessibility Integration should maintain ARIA attributes across component interactions" time="0.005">
      <failure>Error: expect(received).toBe(expected) // Object.is equality

Expected: &quot;region&quot;
Received: null
    at Object.toBe (/home/shuvam/codes/ChemActiva/chemactiva-website/src/js/tests/product-page-integration.test.js:327:57)
    at Promise.then.completed (/home/shuvam/codes/ChemActiva/chemactiva-website/node_modules/jest-circus/build/utils.js:298:28)
    at new Promise (&lt;anonymous&gt;)
    at callAsyncCircusFn (/home/shuvam/codes/ChemActiva/chemactiva-website/node_modules/jest-circus/build/utils.js:231:10)
    at _callCircusTest (/home/shuvam/codes/ChemActiva/chemactiva-website/node_modules/jest-circus/build/run.js:316:40)
    at _runTest (/home/shuvam/codes/ChemActiva/chemactiva-website/node_modules/jest-circus/build/run.js:252:3)
    at _runTestsForDescribeBlock (/home/shuvam/codes/ChemActiva/chemactiva-website/node_modules/jest-circus/build/run.js:126:9)
    at _runTestsForDescribeBlock (/home/shuvam/codes/ChemActiva/chemactiva-website/node_modules/jest-circus/build/run.js:121:9)
    at _runTestsForDescribeBlock (/home/shuvam/codes/ChemActiva/chemactiva-website/node_modules/jest-circus/build/run.js:121:9)
    at run (/home/shuvam/codes/ChemActiva/chemactiva-website/node_modules/jest-circus/build/run.js:71:3)
    at runAndTransformResultsToJestFormat (/home/shuvam/codes/ChemActiva/chemactiva-website/node_modules/jest-circus/build/legacy-code-todo-rewrite/jestAdapterInit.js:122:21)
    at jestAdapter (/home/shuvam/codes/ChemActiva/chemactiva-website/node_modules/jest-circus/build/legacy-code-todo-rewrite/jestAdapter.js:79:19)
    at runTestInternal (/home/shuvam/codes/ChemActiva/chemactiva-website/node_modules/jest-runner/build/runTest.js:367:16)
    at runTest (/home/shuvam/codes/ChemActiva/chemactiva-website/node_modules/jest-runner/build/runTest.js:444:34)</failure>
    </testcase>
    <testcase classname="Product Page Integration Tests Accessibility Integration should support keyboard navigation across components" name="Product Page Integration Tests Accessibility Integration should support keyboard navigation across components" time="0.005">
      <failure>Error: expect(received).toBe(expected) // Object.is equality

Expected: 1
Received: 0
    at Object.toBe (/home/shuvam/codes/ChemActiva/chemactiva-website/src/js/tests/product-page-integration.test.js:363:42)
    at Promise.then.completed (/home/shuvam/codes/ChemActiva/chemactiva-website/node_modules/jest-circus/build/utils.js:298:28)
    at new Promise (&lt;anonymous&gt;)
    at callAsyncCircusFn (/home/shuvam/codes/ChemActiva/chemactiva-website/node_modules/jest-circus/build/utils.js:231:10)
    at _callCircusTest (/home/shuvam/codes/ChemActiva/chemactiva-website/node_modules/jest-circus/build/run.js:316:40)
    at _runTest (/home/shuvam/codes/ChemActiva/chemactiva-website/node_modules/jest-circus/build/run.js:252:3)
    at _runTestsForDescribeBlock (/home/shuvam/codes/ChemActiva/chemactiva-website/node_modules/jest-circus/build/run.js:126:9)
    at _runTestsForDescribeBlock (/home/shuvam/codes/ChemActiva/chemactiva-website/node_modules/jest-circus/build/run.js:121:9)
    at _runTestsForDescribeBlock (/home/shuvam/codes/ChemActiva/chemactiva-website/node_modules/jest-circus/build/run.js:121:9)
    at run (/home/shuvam/codes/ChemActiva/chemactiva-website/node_modules/jest-circus/build/run.js:71:3)
    at runAndTransformResultsToJestFormat (/home/shuvam/codes/ChemActiva/chemactiva-website/node_modules/jest-circus/build/legacy-code-todo-rewrite/jestAdapterInit.js:122:21)
    at jestAdapter (/home/shuvam/codes/ChemActiva/chemactiva-website/node_modules/jest-circus/build/legacy-code-todo-rewrite/jestAdapter.js:79:19)
    at runTestInternal (/home/shuvam/codes/ChemActiva/chemactiva-website/node_modules/jest-runner/build/runTest.js:367:16)
    at runTest (/home/shuvam/codes/ChemActiva/chemactiva-website/node_modules/jest-runner/build/runTest.js:444:34)</failure>
    </testcase>
    <testcase classname="Product Page Integration Tests Accessibility Integration should handle focus management properly" name="Product Page Integration Tests Accessibility Integration should handle focus management properly" time="0.009">
      <failure>Error: expect(received).toContain(expected) // indexOf

Expected substring: &quot;2px solid&quot;
Received string:    &quot;&quot;
    at Object.toContain (/home/shuvam/codes/ChemActiva/chemactiva-website/src/js/tests/product-page-integration.test.js:390:48)
    at Promise.then.completed (/home/shuvam/codes/ChemActiva/chemactiva-website/node_modules/jest-circus/build/utils.js:298:28)
    at new Promise (&lt;anonymous&gt;)
    at callAsyncCircusFn (/home/shuvam/codes/ChemActiva/chemactiva-website/node_modules/jest-circus/build/utils.js:231:10)
    at _callCircusTest (/home/shuvam/codes/ChemActiva/chemactiva-website/node_modules/jest-circus/build/run.js:316:40)
    at _runTest (/home/shuvam/codes/ChemActiva/chemactiva-website/node_modules/jest-circus/build/run.js:252:3)
    at _runTestsForDescribeBlock (/home/shuvam/codes/ChemActiva/chemactiva-website/node_modules/jest-circus/build/run.js:126:9)
    at _runTestsForDescribeBlock (/home/shuvam/codes/ChemActiva/chemactiva-website/node_modules/jest-circus/build/run.js:121:9)
    at _runTestsForDescribeBlock (/home/shuvam/codes/ChemActiva/chemactiva-website/node_modules/jest-circus/build/run.js:121:9)
    at run (/home/shuvam/codes/ChemActiva/chemactiva-website/node_modules/jest-circus/build/run.js:71:3)
    at runAndTransformResultsToJestFormat (/home/shuvam/codes/ChemActiva/chemactiva-website/node_modules/jest-circus/build/legacy-code-todo-rewrite/jestAdapterInit.js:122:21)
    at jestAdapter (/home/shuvam/codes/ChemActiva/chemactiva-website/node_modules/jest-circus/build/legacy-code-todo-rewrite/jestAdapter.js:79:19)
    at runTestInternal (/home/shuvam/codes/ChemActiva/chemactiva-website/node_modules/jest-runner/build/runTest.js:367:16)
    at runTest (/home/shuvam/codes/ChemActiva/chemactiva-website/node_modules/jest-runner/build/runTest.js:444:34)</failure>
    </testcase>
    <testcase classname="Product Page Integration Tests Error Recovery and Edge Cases should recover from component initialization errors" name="Product Page Integration Tests Error Recovery and Edge Cases should recover from component initialization errors" time="0.004">
    </testcase>
    <testcase classname="Product Page Integration Tests Error Recovery and Edge Cases should handle image loading failures gracefully" name="Product Page Integration Tests Error Recovery and Edge Cases should handle image loading failures gracefully" time="0.004">
      <failure>TypeError: Cannot read properties of undefined (reading &apos;alt&apos;)
    at ProductImageGallery.alt [as handleImageLoadFailure] (/home/shuvam/codes/ChemActiva/chemactiva-website/src/js/ProductImageGallery.js:1020:45)
    at Object.handleImageLoadFailure (/home/shuvam/codes/ChemActiva/chemactiva-website/src/js/tests/product-page-integration.test.js:456:21)
    at Promise.then.completed (/home/shuvam/codes/ChemActiva/chemactiva-website/node_modules/jest-circus/build/utils.js:298:28)
    at new Promise (&lt;anonymous&gt;)
    at callAsyncCircusFn (/home/shuvam/codes/ChemActiva/chemactiva-website/node_modules/jest-circus/build/utils.js:231:10)
    at _callCircusTest (/home/shuvam/codes/ChemActiva/chemactiva-website/node_modules/jest-circus/build/run.js:316:40)
    at _runTest (/home/shuvam/codes/ChemActiva/chemactiva-website/node_modules/jest-circus/build/run.js:252:3)
    at _runTestsForDescribeBlock (/home/shuvam/codes/ChemActiva/chemactiva-website/node_modules/jest-circus/build/run.js:126:9)
    at _runTestsForDescribeBlock (/home/shuvam/codes/ChemActiva/chemactiva-website/node_modules/jest-circus/build/run.js:121:9)
    at _runTestsForDescribeBlock (/home/shuvam/codes/ChemActiva/chemactiva-website/node_modules/jest-circus/build/run.js:121:9)
    at run (/home/shuvam/codes/ChemActiva/chemactiva-website/node_modules/jest-circus/build/run.js:71:3)
    at runAndTransformResultsToJestFormat (/home/shuvam/codes/ChemActiva/chemactiva-website/node_modules/jest-circus/build/legacy-code-todo-rewrite/jestAdapterInit.js:122:21)
    at jestAdapter (/home/shuvam/codes/ChemActiva/chemactiva-website/node_modules/jest-circus/build/legacy-code-todo-rewrite/jestAdapter.js:79:19)
    at runTestInternal (/home/shuvam/codes/ChemActiva/chemactiva-website/node_modules/jest-runner/build/runTest.js:367:16)
    at runTest (/home/shuvam/codes/ChemActiva/chemactiva-website/node_modules/jest-runner/build/runTest.js:444:34)</failure>
    </testcase>
    <testcase classname="Product Page Integration Tests Error Recovery and Edge Cases should handle network connectivity issues" name="Product Page Integration Tests Error Recovery and Edge Cases should handle network connectivity issues" time="0.033">
    </testcase>
    <testcase classname="Product Page Integration Tests Error Recovery and Edge Cases should handle missing DOM elements gracefully" name="Product Page Integration Tests Error Recovery and Edge Cases should handle missing DOM elements gracefully" time="0.004">
    </testcase>
    <testcase classname="Product Page Integration Tests Performance Under Load should handle multiple simultaneous interactions" name="Product Page Integration Tests Performance Under Load should handle multiple simultaneous interactions" time="0.036">
    </testcase>
    <testcase classname="Product Page Integration Tests Performance Under Load should maintain performance with many product cards" name="Product Page Integration Tests Performance Under Load should maintain performance with many product cards" time="0.032">
    </testcase>
  </testsuite>
  <testsuite name="LoadingStateManager - Comprehensive Tests" errors="0" failures="6" skipped="0" timestamp="2025-07-20T10:02:32" time="0.104" tests="38">
    <testcase classname="LoadingStateManager - Comprehensive Tests Initialization and Configuration should initialize with default configuration" name="LoadingStateManager - Comprehensive Tests Initialization and Configuration should initialize with default configuration" time="0.001">
    </testcase>
    <testcase classname="LoadingStateManager - Comprehensive Tests Initialization and Configuration should initialize performance metrics" name="LoadingStateManager - Comprehensive Tests Initialization and Configuration should initialize performance metrics" time="0.001">
    </testcase>
    <testcase classname="LoadingStateManager - Comprehensive Tests Loading State Registration and Management should register loading state with default values" name="LoadingStateManager - Comprehensive Tests Loading State Registration and Management should register loading state with default values" time="0">
    </testcase>
    <testcase classname="LoadingStateManager - Comprehensive Tests Loading State Registration and Management should register loading state with custom initial state" name="LoadingStateManager - Comprehensive Tests Loading State Registration and Management should register loading state with custom initial state" time="0">
    </testcase>
    <testcase classname="LoadingStateManager - Comprehensive Tests Loading State Registration and Management should update loading state correctly" name="LoadingStateManager - Comprehensive Tests Loading State Registration and Management should update loading state correctly" time="0">
    </testcase>
    <testcase classname="LoadingStateManager - Comprehensive Tests Loading State Registration and Management should handle updating non-existent asset state" name="LoadingStateManager - Comprehensive Tests Loading State Registration and Management should handle updating non-existent asset state" time="0.001">
    </testcase>
    <testcase classname="LoadingStateManager - Comprehensive Tests State Query Methods should correctly identify loading assets" name="LoadingStateManager - Comprehensive Tests State Query Methods should correctly identify loading assets" time="0.001">
      <failure>Error: expect(received).toBe(expected) // Object.is equality

Expected: false
Received: undefined
    at Object.toBe (/home/shuvam/codes/ChemActiva/chemactiva-website/src/js/tests/LoadingStateManager.comprehensive.test.js:107:67)
    at Promise.then.completed (/home/shuvam/codes/ChemActiva/chemactiva-website/node_modules/jest-circus/build/utils.js:298:28)
    at new Promise (&lt;anonymous&gt;)
    at callAsyncCircusFn (/home/shuvam/codes/ChemActiva/chemactiva-website/node_modules/jest-circus/build/utils.js:231:10)
    at _callCircusTest (/home/shuvam/codes/ChemActiva/chemactiva-website/node_modules/jest-circus/build/run.js:316:40)
    at _runTest (/home/shuvam/codes/ChemActiva/chemactiva-website/node_modules/jest-circus/build/run.js:252:3)
    at _runTestsForDescribeBlock (/home/shuvam/codes/ChemActiva/chemactiva-website/node_modules/jest-circus/build/run.js:126:9)
    at _runTestsForDescribeBlock (/home/shuvam/codes/ChemActiva/chemactiva-website/node_modules/jest-circus/build/run.js:121:9)
    at _runTestsForDescribeBlock (/home/shuvam/codes/ChemActiva/chemactiva-website/node_modules/jest-circus/build/run.js:121:9)
    at run (/home/shuvam/codes/ChemActiva/chemactiva-website/node_modules/jest-circus/build/run.js:71:3)
    at runAndTransformResultsToJestFormat (/home/shuvam/codes/ChemActiva/chemactiva-website/node_modules/jest-circus/build/legacy-code-todo-rewrite/jestAdapterInit.js:122:21)
    at jestAdapter (/home/shuvam/codes/ChemActiva/chemactiva-website/node_modules/jest-circus/build/legacy-code-todo-rewrite/jestAdapter.js:79:19)
    at runTestInternal (/home/shuvam/codes/ChemActiva/chemactiva-website/node_modules/jest-runner/build/runTest.js:367:16)
    at runTest (/home/shuvam/codes/ChemActiva/chemactiva-website/node_modules/jest-runner/build/runTest.js:444:34)</failure>
    </testcase>
    <testcase classname="LoadingStateManager - Comprehensive Tests State Query Methods should correctly identify loaded assets" name="LoadingStateManager - Comprehensive Tests State Query Methods should correctly identify loaded assets" time="0.001">
      <failure>Error: expect(received).toBe(expected) // Object.is equality

Expected: false
Received: undefined
    at Object.toBe (/home/shuvam/codes/ChemActiva/chemactiva-website/src/js/tests/LoadingStateManager.comprehensive.test.js:113:66)
    at Promise.then.completed (/home/shuvam/codes/ChemActiva/chemactiva-website/node_modules/jest-circus/build/utils.js:298:28)
    at new Promise (&lt;anonymous&gt;)
    at callAsyncCircusFn (/home/shuvam/codes/ChemActiva/chemactiva-website/node_modules/jest-circus/build/utils.js:231:10)
    at _callCircusTest (/home/shuvam/codes/ChemActiva/chemactiva-website/node_modules/jest-circus/build/run.js:316:40)
    at _runTest (/home/shuvam/codes/ChemActiva/chemactiva-website/node_modules/jest-circus/build/run.js:252:3)
    at _runTestsForDescribeBlock (/home/shuvam/codes/ChemActiva/chemactiva-website/node_modules/jest-circus/build/run.js:126:9)
    at _runTestsForDescribeBlock (/home/shuvam/codes/ChemActiva/chemactiva-website/node_modules/jest-circus/build/run.js:121:9)
    at _runTestsForDescribeBlock (/home/shuvam/codes/ChemActiva/chemactiva-website/node_modules/jest-circus/build/run.js:121:9)
    at run (/home/shuvam/codes/ChemActiva/chemactiva-website/node_modules/jest-circus/build/run.js:71:3)
    at runAndTransformResultsToJestFormat (/home/shuvam/codes/ChemActiva/chemactiva-website/node_modules/jest-circus/build/legacy-code-todo-rewrite/jestAdapterInit.js:122:21)
    at jestAdapter (/home/shuvam/codes/ChemActiva/chemactiva-website/node_modules/jest-circus/build/legacy-code-todo-rewrite/jestAdapter.js:79:19)
    at runTestInternal (/home/shuvam/codes/ChemActiva/chemactiva-website/node_modules/jest-runner/build/runTest.js:367:16)
    at runTest (/home/shuvam/codes/ChemActiva/chemactiva-website/node_modules/jest-runner/build/runTest.js:444:34)</failure>
    </testcase>
    <testcase classname="LoadingStateManager - Comprehensive Tests State Query Methods should correctly identify failed assets" name="LoadingStateManager - Comprehensive Tests State Query Methods should correctly identify failed assets" time="0">
      <failure>Error: expect(received).toBe(expected) // Object.is equality

Expected: false
Received: undefined
    at Object.toBe (/home/shuvam/codes/ChemActiva/chemactiva-website/src/js/tests/LoadingStateManager.comprehensive.test.js:119:67)
    at Promise.then.completed (/home/shuvam/codes/ChemActiva/chemactiva-website/node_modules/jest-circus/build/utils.js:298:28)
    at new Promise (&lt;anonymous&gt;)
    at callAsyncCircusFn (/home/shuvam/codes/ChemActiva/chemactiva-website/node_modules/jest-circus/build/utils.js:231:10)
    at _callCircusTest (/home/shuvam/codes/ChemActiva/chemactiva-website/node_modules/jest-circus/build/run.js:316:40)
    at _runTest (/home/shuvam/codes/ChemActiva/chemactiva-website/node_modules/jest-circus/build/run.js:252:3)
    at _runTestsForDescribeBlock (/home/shuvam/codes/ChemActiva/chemactiva-website/node_modules/jest-circus/build/run.js:126:9)
    at _runTestsForDescribeBlock (/home/shuvam/codes/ChemActiva/chemactiva-website/node_modules/jest-circus/build/run.js:121:9)
    at _runTestsForDescribeBlock (/home/shuvam/codes/ChemActiva/chemactiva-website/node_modules/jest-circus/build/run.js:121:9)
    at run (/home/shuvam/codes/ChemActiva/chemactiva-website/node_modules/jest-circus/build/run.js:71:3)
    at runAndTransformResultsToJestFormat (/home/shuvam/codes/ChemActiva/chemactiva-website/node_modules/jest-circus/build/legacy-code-todo-rewrite/jestAdapterInit.js:122:21)
    at jestAdapter (/home/shuvam/codes/ChemActiva/chemactiva-website/node_modules/jest-circus/build/legacy-code-todo-rewrite/jestAdapter.js:79:19)
    at runTestInternal (/home/shuvam/codes/ChemActiva/chemactiva-website/node_modules/jest-runner/build/runTest.js:367:16)
    at runTest (/home/shuvam/codes/ChemActiva/chemactiva-website/node_modules/jest-runner/build/runTest.js:444:34)</failure>
    </testcase>
    <testcase classname="LoadingStateManager - Comprehensive Tests State Query Methods should get loading state correctly" name="LoadingStateManager - Comprehensive Tests State Query Methods should get loading state correctly" time="0.001">
    </testcase>
    <testcase classname="LoadingStateManager - Comprehensive Tests Cache Management should set and check cached assets" name="LoadingStateManager - Comprehensive Tests Cache Management should set and check cached assets" time="0.006">
    </testcase>
    <testcase classname="LoadingStateManager - Comprehensive Tests Cache Management should handle non-existent cache data" name="LoadingStateManager - Comprehensive Tests Cache Management should handle non-existent cache data" time="0">
      <failure>Error: expect(received).toBe(expected) // Object.is equality

Expected: false
Received: undefined
    at Object.toBe (/home/shuvam/codes/ChemActiva/chemactiva-website/src/js/tests/LoadingStateManager.comprehensive.test.js:155:66)
    at Promise.then.completed (/home/shuvam/codes/ChemActiva/chemactiva-website/node_modules/jest-circus/build/utils.js:298:28)
    at new Promise (&lt;anonymous&gt;)
    at callAsyncCircusFn (/home/shuvam/codes/ChemActiva/chemactiva-website/node_modules/jest-circus/build/utils.js:231:10)
    at _callCircusTest (/home/shuvam/codes/ChemActiva/chemactiva-website/node_modules/jest-circus/build/run.js:316:40)
    at _runTest (/home/shuvam/codes/ChemActiva/chemactiva-website/node_modules/jest-circus/build/run.js:252:3)
    at _runTestsForDescribeBlock (/home/shuvam/codes/ChemActiva/chemactiva-website/node_modules/jest-circus/build/run.js:126:9)
    at _runTestsForDescribeBlock (/home/shuvam/codes/ChemActiva/chemactiva-website/node_modules/jest-circus/build/run.js:121:9)
    at _runTestsForDescribeBlock (/home/shuvam/codes/ChemActiva/chemactiva-website/node_modules/jest-circus/build/run.js:121:9)
    at run (/home/shuvam/codes/ChemActiva/chemactiva-website/node_modules/jest-circus/build/run.js:71:3)
    at runAndTransformResultsToJestFormat (/home/shuvam/codes/ChemActiva/chemactiva-website/node_modules/jest-circus/build/legacy-code-todo-rewrite/jestAdapterInit.js:122:21)
    at jestAdapter (/home/shuvam/codes/ChemActiva/chemactiva-website/node_modules/jest-circus/build/legacy-code-todo-rewrite/jestAdapter.js:79:19)
    at runTestInternal (/home/shuvam/codes/ChemActiva/chemactiva-website/node_modules/jest-runner/build/runTest.js:367:16)
    at runTest (/home/shuvam/codes/ChemActiva/chemactiva-website/node_modules/jest-runner/build/runTest.js:444:34)</failure>
    </testcase>
    <testcase classname="LoadingStateManager - Comprehensive Tests Cache Management should update loading state when setting cached" name="LoadingStateManager - Comprehensive Tests Cache Management should update loading state when setting cached" time="0">
    </testcase>
    <testcase classname="LoadingStateManager - Comprehensive Tests Loader Decision Logic should show loader for direct navigation" name="LoadingStateManager - Comprehensive Tests Loader Decision Logic should show loader for direct navigation" time="0.001">
    </testcase>
    <testcase classname="LoadingStateManager - Comprehensive Tests Loader Decision Logic should not show loader for internal navigation with cached critical assets" name="LoadingStateManager - Comprehensive Tests Loader Decision Logic should not show loader for internal navigation with cached critical assets" time="0">
    </testcase>
    <testcase classname="LoadingStateManager - Comprehensive Tests Loader Decision Logic should show loader for internal navigation with uncached critical assets" name="LoadingStateManager - Comprehensive Tests Loader Decision Logic should show loader for internal navigation with uncached critical assets" time="0">
      <failure>Error: expect(received).toBe(expected) // Object.is equality

Expected: true
Received: false
    at Object.toBe (/home/shuvam/codes/ChemActiva/chemactiva-website/src/js/tests/LoadingStateManager.comprehensive.test.js:195:32)
    at Promise.then.completed (/home/shuvam/codes/ChemActiva/chemactiva-website/node_modules/jest-circus/build/utils.js:298:28)
    at new Promise (&lt;anonymous&gt;)
    at callAsyncCircusFn (/home/shuvam/codes/ChemActiva/chemactiva-website/node_modules/jest-circus/build/utils.js:231:10)
    at _callCircusTest (/home/shuvam/codes/ChemActiva/chemactiva-website/node_modules/jest-circus/build/run.js:316:40)
    at _runTest (/home/shuvam/codes/ChemActiva/chemactiva-website/node_modules/jest-circus/build/run.js:252:3)
    at _runTestsForDescribeBlock (/home/shuvam/codes/ChemActiva/chemactiva-website/node_modules/jest-circus/build/run.js:126:9)
    at _runTestsForDescribeBlock (/home/shuvam/codes/ChemActiva/chemactiva-website/node_modules/jest-circus/build/run.js:121:9)
    at _runTestsForDescribeBlock (/home/shuvam/codes/ChemActiva/chemactiva-website/node_modules/jest-circus/build/run.js:121:9)
    at run (/home/shuvam/codes/ChemActiva/chemactiva-website/node_modules/jest-circus/build/run.js:71:3)
    at runAndTransformResultsToJestFormat (/home/shuvam/codes/ChemActiva/chemactiva-website/node_modules/jest-circus/build/legacy-code-todo-rewrite/jestAdapterInit.js:122:21)
    at jestAdapter (/home/shuvam/codes/ChemActiva/chemactiva-website/node_modules/jest-circus/build/legacy-code-todo-rewrite/jestAdapter.js:79:19)
    at runTestInternal (/home/shuvam/codes/ChemActiva/chemactiva-website/node_modules/jest-runner/build/runTest.js:367:16)
    at runTest (/home/shuvam/codes/ChemActiva/chemactiva-website/node_modules/jest-runner/build/runTest.js:444:34)</failure>
    </testcase>
    <testcase classname="LoadingStateManager - Comprehensive Tests Loader Decision Logic should show loader when critical assets are loading" name="LoadingStateManager - Comprehensive Tests Loader Decision Logic should show loader when critical assets are loading" time="0">
    </testcase>
    <testcase classname="LoadingStateManager - Comprehensive Tests Loader Decision Logic should handle empty navigation context" name="LoadingStateManager - Comprehensive Tests Loader Decision Logic should handle empty navigation context" time="0">
    </testcase>
    <testcase classname="LoadingStateManager - Comprehensive Tests Error Handling should handle loading failure correctly" name="LoadingStateManager - Comprehensive Tests Error Handling should handle loading failure correctly" time="0.001">
    </testcase>
    <testcase classname="LoadingStateManager - Comprehensive Tests Error Handling should handle failure for non-existent asset" name="LoadingStateManager - Comprehensive Tests Error Handling should handle failure for non-existent asset" time="0">
    </testcase>
    <testcase classname="LoadingStateManager - Comprehensive Tests Error Handling should trigger error callbacks on failure" name="LoadingStateManager - Comprehensive Tests Error Handling should trigger error callbacks on failure" time="0.001">
    </testcase>
    <testcase classname="LoadingStateManager - Comprehensive Tests Callback Management should register and trigger loading state change callbacks" name="LoadingStateManager - Comprehensive Tests Callback Management should register and trigger loading state change callbacks" time="0.001">
    </testcase>
    <testcase classname="LoadingStateManager - Comprehensive Tests Callback Management should handle callback errors gracefully" name="LoadingStateManager - Comprehensive Tests Callback Management should handle callback errors gracefully" time="0">
    </testcase>
    <testcase classname="LoadingStateManager - Comprehensive Tests Callback Management should register error callbacks" name="LoadingStateManager - Comprehensive Tests Callback Management should register error callbacks" time="0.001">
    </testcase>
    <testcase classname="LoadingStateManager - Comprehensive Tests Performance Metrics should track successful loads" name="LoadingStateManager - Comprehensive Tests Performance Metrics should track successful loads" time="0">
      <failure>Error: expect(received).toBeGreaterThan(expected)

Expected: &gt; 0
Received:   0
    at Object.toBeGreaterThan (/home/shuvam/codes/ChemActiva/chemactiva-website/src/js/tests/LoadingStateManager.comprehensive.test.js:318:45)
    at Promise.then.completed (/home/shuvam/codes/ChemActiva/chemactiva-website/node_modules/jest-circus/build/utils.js:298:28)
    at new Promise (&lt;anonymous&gt;)
    at callAsyncCircusFn (/home/shuvam/codes/ChemActiva/chemactiva-website/node_modules/jest-circus/build/utils.js:231:10)
    at _callCircusTest (/home/shuvam/codes/ChemActiva/chemactiva-website/node_modules/jest-circus/build/run.js:316:40)
    at _runTest (/home/shuvam/codes/ChemActiva/chemactiva-website/node_modules/jest-circus/build/run.js:252:3)
    at _runTestsForDescribeBlock (/home/shuvam/codes/ChemActiva/chemactiva-website/node_modules/jest-circus/build/run.js:126:9)
    at _runTestsForDescribeBlock (/home/shuvam/codes/ChemActiva/chemactiva-website/node_modules/jest-circus/build/run.js:121:9)
    at _runTestsForDescribeBlock (/home/shuvam/codes/ChemActiva/chemactiva-website/node_modules/jest-circus/build/run.js:121:9)
    at run (/home/shuvam/codes/ChemActiva/chemactiva-website/node_modules/jest-circus/build/run.js:71:3)
    at runAndTransformResultsToJestFormat (/home/shuvam/codes/ChemActiva/chemactiva-website/node_modules/jest-circus/build/legacy-code-todo-rewrite/jestAdapterInit.js:122:21)
    at jestAdapter (/home/shuvam/codes/ChemActiva/chemactiva-website/node_modules/jest-circus/build/legacy-code-todo-rewrite/jestAdapter.js:79:19)
    at runTestInternal (/home/shuvam/codes/ChemActiva/chemactiva-website/node_modules/jest-runner/build/runTest.js:367:16)
    at runTest (/home/shuvam/codes/ChemActiva/chemactiva-website/node_modules/jest-runner/build/runTest.js:444:34)</failure>
    </testcase>
    <testcase classname="LoadingStateManager - Comprehensive Tests Performance Metrics should track failed loads" name="LoadingStateManager - Comprehensive Tests Performance Metrics should track failed loads" time="0">
    </testcase>
    <testcase classname="LoadingStateManager - Comprehensive Tests Performance Metrics should calculate average load time correctly" name="LoadingStateManager - Comprehensive Tests Performance Metrics should calculate average load time correctly" time="0">
    </testcase>
    <testcase classname="LoadingStateManager - Comprehensive Tests Performance Metrics should handle zero loads gracefully" name="LoadingStateManager - Comprehensive Tests Performance Metrics should handle zero loads gracefully" time="0.001">
    </testcase>
    <testcase classname="LoadingStateManager - Comprehensive Tests State Management Operations should clear individual loading state" name="LoadingStateManager - Comprehensive Tests State Management Operations should clear individual loading state" time="0">
    </testcase>
    <testcase classname="LoadingStateManager - Comprehensive Tests State Management Operations should clear all states" name="LoadingStateManager - Comprehensive Tests State Management Operations should clear all states" time="0">
    </testcase>
    <testcase classname="LoadingStateManager - Comprehensive Tests State Management Operations should get all states" name="LoadingStateManager - Comprehensive Tests State Management Operations should get all states" time="0">
    </testcase>
    <testcase classname="LoadingStateManager - Comprehensive Tests State Management Operations should get states by status" name="LoadingStateManager - Comprehensive Tests State Management Operations should get states by status" time="0">
    </testcase>
    <testcase classname="LoadingStateManager - Comprehensive Tests Edge Cases and Error Conditions should handle null or undefined asset IDs gracefully" name="LoadingStateManager - Comprehensive Tests Edge Cases and Error Conditions should handle null or undefined asset IDs gracefully" time="0.001">
    </testcase>
    <testcase classname="LoadingStateManager - Comprehensive Tests Edge Cases and Error Conditions should handle empty updates" name="LoadingStateManager - Comprehensive Tests Edge Cases and Error Conditions should handle empty updates" time="0">
    </testcase>
    <testcase classname="LoadingStateManager - Comprehensive Tests Edge Cases and Error Conditions should handle concurrent state updates" name="LoadingStateManager - Comprehensive Tests Edge Cases and Error Conditions should handle concurrent state updates" time="0.001">
    </testcase>
    <testcase classname="LoadingStateManager - Comprehensive Tests Edge Cases and Error Conditions should handle large numbers of assets" name="LoadingStateManager - Comprehensive Tests Edge Cases and Error Conditions should handle large numbers of assets" time="0.002">
    </testcase>
    <testcase classname="LoadingStateManager - Comprehensive Tests Integration with Navigation Context should handle complex navigation scenarios" name="LoadingStateManager - Comprehensive Tests Integration with Navigation Context should handle complex navigation scenarios" time="0">
    </testcase>
    <testcase classname="LoadingStateManager - Comprehensive Tests Integration with Navigation Context should handle missing critical assets" name="LoadingStateManager - Comprehensive Tests Integration with Navigation Context should handle missing critical assets" time="0.001">
    </testcase>
  </testsuite>
  <testsuite name="ProductManager" errors="0" failures="2" skipped="0" timestamp="2025-07-20T10:02:32" time="0.579" tests="36">
    <testcase classname="ProductManager Initialization should initialize successfully" name="ProductManager Initialization should initialize successfully" time="0.007">
    </testcase>
    <testcase classname="ProductManager Initialization should not initialize twice" name="ProductManager Initialization should not initialize twice" time="0.003">
    </testcase>
    <testcase classname="ProductManager Initialization should initialize in fallback mode on error" name="ProductManager Initialization should initialize in fallback mode on error" time="0.024">
    </testcase>
    <testcase classname="ProductManager Initialization should integrate with UIAnimations when available" name="ProductManager Initialization should integrate with UIAnimations when available" time="0.01">
    </testcase>
    <testcase classname="ProductManager Product Card Management should detect and initialize product cards" name="ProductManager Product Card Management should detect and initialize product cards" time="0.002">
    </testcase>
    <testcase classname="ProductManager Product Card Management should set up accessibility attributes" name="ProductManager Product Card Management should set up accessibility attributes" time="0.002">
    </testcase>
    <testcase classname="ProductManager Product Card Management should handle card focus and blur" name="ProductManager Product Card Management should handle card focus and blur" time="0.002">
      <failure>Error: expect(received).toContain(expected) // indexOf

Expected substring: &quot;2px solid&quot;
Received string:    &quot;&quot;
    at Object.toContain (/home/shuvam/codes/ChemActiva/chemactiva-website/src/js/tests/ProductManager.test.js:136:48)
    at Promise.then.completed (/home/shuvam/codes/ChemActiva/chemactiva-website/node_modules/jest-circus/build/utils.js:298:28)
    at new Promise (&lt;anonymous&gt;)
    at callAsyncCircusFn (/home/shuvam/codes/ChemActiva/chemactiva-website/node_modules/jest-circus/build/utils.js:231:10)
    at _callCircusTest (/home/shuvam/codes/ChemActiva/chemactiva-website/node_modules/jest-circus/build/run.js:316:40)
    at _runTest (/home/shuvam/codes/ChemActiva/chemactiva-website/node_modules/jest-circus/build/run.js:252:3)
    at _runTestsForDescribeBlock (/home/shuvam/codes/ChemActiva/chemactiva-website/node_modules/jest-circus/build/run.js:126:9)
    at _runTestsForDescribeBlock (/home/shuvam/codes/ChemActiva/chemactiva-website/node_modules/jest-circus/build/run.js:121:9)
    at _runTestsForDescribeBlock (/home/shuvam/codes/ChemActiva/chemactiva-website/node_modules/jest-circus/build/run.js:121:9)
    at run (/home/shuvam/codes/ChemActiva/chemactiva-website/node_modules/jest-circus/build/run.js:71:3)
    at runAndTransformResultsToJestFormat (/home/shuvam/codes/ChemActiva/chemactiva-website/node_modules/jest-circus/build/legacy-code-todo-rewrite/jestAdapterInit.js:122:21)
    at jestAdapter (/home/shuvam/codes/ChemActiva/chemactiva-website/node_modules/jest-circus/build/legacy-code-todo-rewrite/jestAdapter.js:79:19)
    at runTestInternal (/home/shuvam/codes/ChemActiva/chemactiva-website/node_modules/jest-runner/build/runTest.js:367:16)
    at runTest (/home/shuvam/codes/ChemActiva/chemactiva-website/node_modules/jest-runner/build/runTest.js:444:34)</failure>
    </testcase>
    <testcase classname="ProductManager Product Card Management should get card state" name="ProductManager Product Card Management should get card state" time="0.002">
    </testcase>
    <testcase classname="ProductManager Product Card Management should return null for invalid card index" name="ProductManager Product Card Management should return null for invalid card index" time="0.002">
    </testcase>
    <testcase classname="ProductManager Accordion Functionality should initialize accordion items" name="ProductManager Accordion Functionality should initialize accordion items" time="0.003">
    </testcase>
    <testcase classname="ProductManager Accordion Functionality should toggle accordion item" name="ProductManager Accordion Functionality should toggle accordion item" time="0.002">
    </testcase>
    <testcase classname="ProductManager Accordion Functionality should handle accordion toggle errors gracefully" name="ProductManager Accordion Functionality should handle accordion toggle errors gracefully" time="0.003">
    </testcase>
    <testcase classname="ProductManager Accordion Functionality should emit accordion toggle event" name="ProductManager Accordion Functionality should emit accordion toggle event" time="0.003">
    </testcase>
    <testcase classname="ProductManager Contact Button Functionality should handle contact button clicks" name="ProductManager Contact Button Functionality should handle contact button clicks" time="0.003">
    </testcase>
    <testcase classname="ProductManager Contact Button Functionality should emit contact click event" name="ProductManager Contact Button Functionality should emit contact click event" time="0.003">
    </testcase>
    <testcase classname="ProductManager Contact Button Functionality should extract product ID from card title" name="ProductManager Contact Button Functionality should extract product ID from card title" time="0.002">
    </testcase>
    <testcase classname="ProductManager Contact Button Functionality should return unknown product for unrecognized titles" name="ProductManager Contact Button Functionality should return unknown product for unrecognized titles" time="0.003">
    </testcase>
    <testcase classname="ProductManager Loading States should show loading state for cards" name="ProductManager Loading States should show loading state for cards" time="0.002">
    </testcase>
    <testcase classname="ProductManager Loading States should hide loading state and reveal content" name="ProductManager Loading States should hide loading state and reveal content" time="0.404">
    </testcase>
    <testcase classname="ProductManager Loading States should emit card loaded event" name="ProductManager Loading States should emit card loaded event" time="0.004">
    </testcase>
    <testcase classname="ProductManager Performance Tracking should track performance metrics" name="ProductManager Performance Tracking should track performance metrics" time="0.002">
    </testcase>
    <testcase classname="ProductManager Performance Tracking should calculate average load time" name="ProductManager Performance Tracking should calculate average load time" time="0.002">
    </testcase>
    <testcase classname="ProductManager Intersection Observer should initialize intersection observer" name="ProductManager Intersection Observer should initialize intersection observer" time="0.002">
    </testcase>
    <testcase classname="ProductManager Intersection Observer should observe product cards" name="ProductManager Intersection Observer should observe product cards" time="0.004">
      <failure>Error: expect(jest.fn()).toHaveBeenCalledTimes(expected)

Expected number of calls: 2
Received number of calls: 0
    at Object.toHaveBeenCalledTimes (/home/shuvam/codes/ChemActiva/chemactiva-website/src/js/tests/ProductManager.test.js:362:32)
    at Promise.then.completed (/home/shuvam/codes/ChemActiva/chemactiva-website/node_modules/jest-circus/build/utils.js:298:28)
    at new Promise (&lt;anonymous&gt;)
    at callAsyncCircusFn (/home/shuvam/codes/ChemActiva/chemactiva-website/node_modules/jest-circus/build/utils.js:231:10)
    at _callCircusTest (/home/shuvam/codes/ChemActiva/chemactiva-website/node_modules/jest-circus/build/run.js:316:40)
    at _runTest (/home/shuvam/codes/ChemActiva/chemactiva-website/node_modules/jest-circus/build/run.js:252:3)
    at _runTestsForDescribeBlock (/home/shuvam/codes/ChemActiva/chemactiva-website/node_modules/jest-circus/build/run.js:126:9)
    at _runTestsForDescribeBlock (/home/shuvam/codes/ChemActiva/chemactiva-website/node_modules/jest-circus/build/run.js:121:9)
    at _runTestsForDescribeBlock (/home/shuvam/codes/ChemActiva/chemactiva-website/node_modules/jest-circus/build/run.js:121:9)
    at run (/home/shuvam/codes/ChemActiva/chemactiva-website/node_modules/jest-circus/build/run.js:71:3)
    at runAndTransformResultsToJestFormat (/home/shuvam/codes/ChemActiva/chemactiva-website/node_modules/jest-circus/build/legacy-code-todo-rewrite/jestAdapterInit.js:122:21)
    at jestAdapter (/home/shuvam/codes/ChemActiva/chemactiva-website/node_modules/jest-circus/build/legacy-code-todo-rewrite/jestAdapter.js:79:19)
    at runTestInternal (/home/shuvam/codes/ChemActiva/chemactiva-website/node_modules/jest-runner/build/runTest.js:367:16)
    at runTest (/home/shuvam/codes/ChemActiva/chemactiva-website/node_modules/jest-runner/build/runTest.js:444:34)</failure>
    </testcase>
    <testcase classname="ProductManager Intersection Observer should load card when it becomes visible" name="ProductManager Intersection Observer should load card when it becomes visible" time="0.003">
    </testcase>
    <testcase classname="ProductManager Error Handling should handle basic event handler errors" name="ProductManager Error Handling should handle basic event handler errors" time="0.002">
    </testcase>
    <testcase classname="ProductManager Error Handling should log errors through error handler" name="ProductManager Error Handling should log errors through error handler" time="0.003">
    </testcase>
    <testcase classname="ProductManager Theme Handling should handle theme changes" name="ProductManager Theme Handling should handle theme changes" time="0.002">
    </testcase>
    <testcase classname="ProductManager Hover Animations should trigger hover animations programmatically" name="ProductManager Hover Animations should trigger hover animations programmatically" time="0.003">
    </testcase>
    <testcase classname="ProductManager Hover Animations should not trigger hover on unloaded cards" name="ProductManager Hover Animations should not trigger hover on unloaded cards" time="0.002">
    </testcase>
    <testcase classname="ProductManager Cleanup should cleanup resources properly" name="ProductManager Cleanup should cleanup resources properly" time="0.003">
    </testcase>
    <testcase classname="ProductManager Cleanup should allow re-initialization after cleanup" name="ProductManager Cleanup should allow re-initialization after cleanup" time="0.004">
    </testcase>
    <testcase classname="ProductManager Refresh Functionality should refresh and reinitialize" name="ProductManager Refresh Functionality should refresh and reinitialize" time="0.003">
    </testcase>
    <testcase classname="ProductManager Static Methods should check browser support" name="ProductManager Static Methods should check browser support" time="0.001">
    </testcase>
    <testcase classname="ProductManager Event Handling should handle CTA click events" name="ProductManager Event Handling should handle CTA click events" time="0.002">
    </testcase>
    <testcase classname="ProductManager Event Handling should handle keyboard events on accordion" name="ProductManager Event Handling should handle keyboard events on accordion" time="0.012">
    </testcase>
  </testsuite>
  <testsuite name="Product Page Integration Tests" errors="0" failures="10" skipped="0" timestamp="2025-07-20T10:02:32" time="0.593" tests="23">
    <testcase classname="Product Page Integration Tests Component Integration should initialize all components without conflicts" name="Product Page Integration Tests Component Integration should initialize all components without conflicts" time="0.009">
      <failure>Error: expect(received).toBe(expected) // Object.is equality

Expected: true
Received: false
    at Object.toBe (/home/shuvam/codes/ChemActiva/chemactiva-website/src/js/tests/integration.test.js:109:54)</failure>
    </testcase>
    <testcase classname="Product Page Integration Tests Component Integration should handle component interactions" name="Product Page Integration Tests Component Integration should handle component interactions" time="0.004">
    </testcase>
    <testcase classname="Product Page Integration Tests Component Integration should coordinate image gallery with product manager" name="Product Page Integration Tests Component Integration should coordinate image gallery with product manager" time="0.005">
      <failure>Error: expect(received).toHaveLength(expected)

Expected length: 2
Received length: 0
Received array:  []
    at Object.toHaveLength (/home/shuvam/codes/ChemActiva/chemactiva-website/src/js/tests/integration.test.js:132:36)
    at Promise.then.completed (/home/shuvam/codes/ChemActiva/chemactiva-website/node_modules/jest-circus/build/utils.js:298:28)
    at new Promise (&lt;anonymous&gt;)
    at callAsyncCircusFn (/home/shuvam/codes/ChemActiva/chemactiva-website/node_modules/jest-circus/build/utils.js:231:10)
    at _callCircusTest (/home/shuvam/codes/ChemActiva/chemactiva-website/node_modules/jest-circus/build/run.js:316:40)
    at _runTest (/home/shuvam/codes/ChemActiva/chemactiva-website/node_modules/jest-circus/build/run.js:252:3)
    at _runTestsForDescribeBlock (/home/shuvam/codes/ChemActiva/chemactiva-website/node_modules/jest-circus/build/run.js:126:9)
    at _runTestsForDescribeBlock (/home/shuvam/codes/ChemActiva/chemactiva-website/node_modules/jest-circus/build/run.js:121:9)
    at _runTestsForDescribeBlock (/home/shuvam/codes/ChemActiva/chemactiva-website/node_modules/jest-circus/build/run.js:121:9)
    at run (/home/shuvam/codes/ChemActiva/chemactiva-website/node_modules/jest-circus/build/run.js:71:3)
    at runAndTransformResultsToJestFormat (/home/shuvam/codes/ChemActiva/chemactiva-website/node_modules/jest-circus/build/legacy-code-todo-rewrite/jestAdapterInit.js:122:21)
    at jestAdapter (/home/shuvam/codes/ChemActiva/chemactiva-website/node_modules/jest-circus/build/legacy-code-todo-rewrite/jestAdapter.js:79:19)
    at runTestInternal (/home/shuvam/codes/ChemActiva/chemactiva-website/node_modules/jest-runner/build/runTest.js:367:16)
    at runTest (/home/shuvam/codes/ChemActiva/chemactiva-website/node_modules/jest-runner/build/runTest.js:444:34)</failure>
    </testcase>
    <testcase classname="Product Page Integration Tests Error Handling Integration should handle component initialization errors gracefully" name="Product Page Integration Tests Error Handling Integration should handle component initialization errors gracefully" time="0.018">
    </testcase>
    <testcase classname="Product Page Integration Tests Error Handling Integration should propagate errors through error handler" name="Product Page Integration Tests Error Handling Integration should propagate errors through error handler" time="0.004">
    </testcase>
    <testcase classname="Product Page Integration Tests Error Handling Integration should handle network errors during component operations" name="Product Page Integration Tests Error Handling Integration should handle network errors during component operations" time="0.004">
    </testcase>
    <testcase classname="Product Page Integration Tests Performance Integration should track component performance metrics" name="Product Page Integration Tests Performance Integration should track component performance metrics" time="0.004">
      <failure>TypeError: Cannot read properties of undefined (reading &apos;toFixed&apos;)
    at PerformanceManager.toFixed [as logMetrics] (/home/shuvam/codes/ChemActiva/chemactiva-website/src/js/PerformanceManager.js:460:169)
    at PerformanceManager.logMetrics [as collectMetrics] (/home/shuvam/codes/ChemActiva/chemactiva-website/src/js/PerformanceManager.js:357:14)
    at PerformanceManager.collectMetrics [as getMetrics] (/home/shuvam/codes/ChemActiva/chemactiva-website/src/js/PerformanceManager.js:910:14)
    at Object.getMetrics (/home/shuvam/codes/ChemActiva/chemactiva-website/src/js/tests/integration.test.js:192:48)</failure>
    </testcase>
    <testcase classname="Product Page Integration Tests Performance Integration should optimize performance based on component feedback" name="Product Page Integration Tests Performance Integration should optimize performance based on component feedback" time="0.023">
      <failure>TypeError: Cannot read properties of null (reading &apos;indexOf&apos;)
    at PerformanceManager.supportsWebP (/home/shuvam/codes/ChemActiva/chemactiva-website/src/js/PerformanceManager.js:904:46)
    at PerformanceManager.supportsWebP (/home/shuvam/codes/ChemActiva/chemactiva-website/src/js/PerformanceManager.js:533:18)
    at preloadImage (/home/shuvam/codes/ChemActiva/chemactiva-website/src/js/PerformanceManager.js:675:22)
    at Proxy.forEach (&lt;anonymous&gt;)
    at PerformanceManager.forEach [as optimizeLCP] (/home/shuvam/codes/ChemActiva/chemactiva-website/src/js/PerformanceManager.js:672:24)
    at PerformanceManager.optimizeLCP (/home/shuvam/codes/ChemActiva/chemactiva-website/src/js/PerformanceManager.js:1149:14)
    at PerformanceManager.&lt;anonymous&gt; (/home/shuvam/codes/ChemActiva/chemactiva-website/node_modules/jest-mock/build/index.js:794:25)
    at /home/shuvam/codes/ChemActiva/chemactiva-website/node_modules/jest-mock/build/index.js:397:39
    at PerformanceManager.&lt;anonymous&gt; (/home/shuvam/codes/ChemActiva/chemactiva-website/node_modules/jest-mock/build/index.js:404:13)
    at PerformanceManager.mockConstructor [as optimize] (/home/shuvam/codes/ChemActiva/chemactiva-website/node_modules/jest-mock/build/index.js:148:19)
    at Object.optimize (/home/shuvam/codes/ChemActiva/chemactiva-website/src/js/tests/integration.test.js:204:32)</failure>
    </testcase>
    <testcase classname="Product Page Integration Tests Performance Integration should handle lazy loading coordination" name="Product Page Integration Tests Performance Integration should handle lazy loading coordination" time="0.008">
    </testcase>
    <testcase classname="Product Page Integration Tests User Interaction Flows should handle complete product inquiry flow" name="Product Page Integration Tests User Interaction Flows should handle complete product inquiry flow" time="0.005">
    </testcase>
    <testcase classname="Product Page Integration Tests User Interaction Flows should handle keyboard navigation across components" name="Product Page Integration Tests User Interaction Flows should handle keyboard navigation across components" time="0.004">
      <failure>Error: expect(received).toBe(expected) // Object.is equality

Expected: 1
Received: 0
    at Object.toBe (/home/shuvam/codes/ChemActiva/chemactiva-website/src/js/tests/integration.test.js:279:42)
    at Promise.then.completed (/home/shuvam/codes/ChemActiva/chemactiva-website/node_modules/jest-circus/build/utils.js:298:28)
    at new Promise (&lt;anonymous&gt;)
    at callAsyncCircusFn (/home/shuvam/codes/ChemActiva/chemactiva-website/node_modules/jest-circus/build/utils.js:231:10)
    at _callCircusTest (/home/shuvam/codes/ChemActiva/chemactiva-website/node_modules/jest-circus/build/run.js:316:40)
    at _runTest (/home/shuvam/codes/ChemActiva/chemactiva-website/node_modules/jest-circus/build/run.js:252:3)
    at _runTestsForDescribeBlock (/home/shuvam/codes/ChemActiva/chemactiva-website/node_modules/jest-circus/build/run.js:126:9)
    at _runTestsForDescribeBlock (/home/shuvam/codes/ChemActiva/chemactiva-website/node_modules/jest-circus/build/run.js:121:9)
    at _runTestsForDescribeBlock (/home/shuvam/codes/ChemActiva/chemactiva-website/node_modules/jest-circus/build/run.js:121:9)
    at run (/home/shuvam/codes/ChemActiva/chemactiva-website/node_modules/jest-circus/build/run.js:71:3)
    at runAndTransformResultsToJestFormat (/home/shuvam/codes/ChemActiva/chemactiva-website/node_modules/jest-circus/build/legacy-code-todo-rewrite/jestAdapterInit.js:122:21)
    at jestAdapter (/home/shuvam/codes/ChemActiva/chemactiva-website/node_modules/jest-circus/build/legacy-code-todo-rewrite/jestAdapter.js:79:19)
    at runTestInternal (/home/shuvam/codes/ChemActiva/chemactiva-website/node_modules/jest-runner/build/runTest.js:367:16)
    at runTest (/home/shuvam/codes/ChemActiva/chemactiva-website/node_modules/jest-runner/build/runTest.js:444:34)</failure>
    </testcase>
    <testcase classname="Product Page Integration Tests User Interaction Flows should handle touch interactions on mobile" name="Product Page Integration Tests User Interaction Flows should handle touch interactions on mobile" time="0.004">
      <failure>Error: expect(received).toBe(expected) // Object.is equality

Expected: 1
Received: 0
    at Object.toBe (/home/shuvam/codes/ChemActiva/chemactiva-website/src/js/tests/integration.test.js:300:42)
    at Promise.then.completed (/home/shuvam/codes/ChemActiva/chemactiva-website/node_modules/jest-circus/build/utils.js:298:28)
    at new Promise (&lt;anonymous&gt;)
    at callAsyncCircusFn (/home/shuvam/codes/ChemActiva/chemactiva-website/node_modules/jest-circus/build/utils.js:231:10)
    at _callCircusTest (/home/shuvam/codes/ChemActiva/chemactiva-website/node_modules/jest-circus/build/run.js:316:40)
    at _runTest (/home/shuvam/codes/ChemActiva/chemactiva-website/node_modules/jest-circus/build/run.js:252:3)
    at _runTestsForDescribeBlock (/home/shuvam/codes/ChemActiva/chemactiva-website/node_modules/jest-circus/build/run.js:126:9)
    at _runTestsForDescribeBlock (/home/shuvam/codes/ChemActiva/chemactiva-website/node_modules/jest-circus/build/run.js:121:9)
    at _runTestsForDescribeBlock (/home/shuvam/codes/ChemActiva/chemactiva-website/node_modules/jest-circus/build/run.js:121:9)
    at run (/home/shuvam/codes/ChemActiva/chemactiva-website/node_modules/jest-circus/build/run.js:71:3)
    at runAndTransformResultsToJestFormat (/home/shuvam/codes/ChemActiva/chemactiva-website/node_modules/jest-circus/build/legacy-code-todo-rewrite/jestAdapterInit.js:122:21)
    at jestAdapter (/home/shuvam/codes/ChemActiva/chemactiva-website/node_modules/jest-circus/build/legacy-code-todo-rewrite/jestAdapter.js:79:19)
    at runTestInternal (/home/shuvam/codes/ChemActiva/chemactiva-website/node_modules/jest-runner/build/runTest.js:367:16)
    at runTest (/home/shuvam/codes/ChemActiva/chemactiva-website/node_modules/jest-runner/build/runTest.js:444:34)</failure>
    </testcase>
    <testcase classname="Product Page Integration Tests Accessibility Integration should maintain accessibility across component interactions" name="Product Page Integration Tests Accessibility Integration should maintain accessibility across component interactions" time="0.004">
    </testcase>
    <testcase classname="Product Page Integration Tests Accessibility Integration should provide proper focus management" name="Product Page Integration Tests Accessibility Integration should provide proper focus management" time="0.003">
      <failure>Error: expect(received).toContain(expected) // indexOf

Expected substring: &quot;2px solid&quot;
Received string:    &quot;&quot;
    at Object.toContain (/home/shuvam/codes/ChemActiva/chemactiva-website/src/js/tests/integration.test.js:334:48)
    at Promise.then.completed (/home/shuvam/codes/ChemActiva/chemactiva-website/node_modules/jest-circus/build/utils.js:298:28)
    at new Promise (&lt;anonymous&gt;)
    at callAsyncCircusFn (/home/shuvam/codes/ChemActiva/chemactiva-website/node_modules/jest-circus/build/utils.js:231:10)
    at _callCircusTest (/home/shuvam/codes/ChemActiva/chemactiva-website/node_modules/jest-circus/build/run.js:316:40)
    at _runTest (/home/shuvam/codes/ChemActiva/chemactiva-website/node_modules/jest-circus/build/run.js:252:3)
    at _runTestsForDescribeBlock (/home/shuvam/codes/ChemActiva/chemactiva-website/node_modules/jest-circus/build/run.js:126:9)
    at _runTestsForDescribeBlock (/home/shuvam/codes/ChemActiva/chemactiva-website/node_modules/jest-circus/build/run.js:121:9)
    at _runTestsForDescribeBlock (/home/shuvam/codes/ChemActiva/chemactiva-website/node_modules/jest-circus/build/run.js:121:9)
    at run (/home/shuvam/codes/ChemActiva/chemactiva-website/node_modules/jest-circus/build/run.js:71:3)
    at runAndTransformResultsToJestFormat (/home/shuvam/codes/ChemActiva/chemactiva-website/node_modules/jest-circus/build/legacy-code-todo-rewrite/jestAdapterInit.js:122:21)
    at jestAdapter (/home/shuvam/codes/ChemActiva/chemactiva-website/node_modules/jest-circus/build/legacy-code-todo-rewrite/jestAdapter.js:79:19)
    at runTestInternal (/home/shuvam/codes/ChemActiva/chemactiva-website/node_modules/jest-runner/build/runTest.js:367:16)
    at runTest (/home/shuvam/codes/ChemActiva/chemactiva-website/node_modules/jest-runner/build/runTest.js:444:34)</failure>
    </testcase>
    <testcase classname="Product Page Integration Tests Accessibility Integration should announce changes to screen readers" name="Product Page Integration Tests Accessibility Integration should announce changes to screen readers" time="0.003">
      <failure>Error: expect(received).not.toBeNull()

Received: null
    at Object.toBeNull (/home/shuvam/codes/ChemActiva/chemactiva-website/src/js/tests/integration.test.js:349:36)
    at Promise.then.completed (/home/shuvam/codes/ChemActiva/chemactiva-website/node_modules/jest-circus/build/utils.js:298:28)
    at new Promise (&lt;anonymous&gt;)
    at callAsyncCircusFn (/home/shuvam/codes/ChemActiva/chemactiva-website/node_modules/jest-circus/build/utils.js:231:10)
    at _callCircusTest (/home/shuvam/codes/ChemActiva/chemactiva-website/node_modules/jest-circus/build/run.js:316:40)
    at _runTest (/home/shuvam/codes/ChemActiva/chemactiva-website/node_modules/jest-circus/build/run.js:252:3)
    at _runTestsForDescribeBlock (/home/shuvam/codes/ChemActiva/chemactiva-website/node_modules/jest-circus/build/run.js:126:9)
    at _runTestsForDescribeBlock (/home/shuvam/codes/ChemActiva/chemactiva-website/node_modules/jest-circus/build/run.js:121:9)
    at _runTestsForDescribeBlock (/home/shuvam/codes/ChemActiva/chemactiva-website/node_modules/jest-circus/build/run.js:121:9)
    at run (/home/shuvam/codes/ChemActiva/chemactiva-website/node_modules/jest-circus/build/run.js:71:3)
    at runAndTransformResultsToJestFormat (/home/shuvam/codes/ChemActiva/chemactiva-website/node_modules/jest-circus/build/legacy-code-todo-rewrite/jestAdapterInit.js:122:21)
    at jestAdapter (/home/shuvam/codes/ChemActiva/chemactiva-website/node_modules/jest-circus/build/legacy-code-todo-rewrite/jestAdapter.js:79:19)
    at runTestInternal (/home/shuvam/codes/ChemActiva/chemactiva-website/node_modules/jest-runner/build/runTest.js:367:16)
    at runTest (/home/shuvam/codes/ChemActiva/chemactiva-website/node_modules/jest-runner/build/runTest.js:444:34)</failure>
    </testcase>
    <testcase classname="Product Page Integration Tests Data Flow Integration should extract and use product data consistently" name="Product Page Integration Tests Data Flow Integration should extract and use product data consistently" time="0.006">
    </testcase>
    <testcase classname="Product Page Integration Tests Data Flow Integration should handle dynamic content updates" name="Product Page Integration Tests Data Flow Integration should handle dynamic content updates" time="0.004">
    </testcase>
    <testcase classname="Product Page Integration Tests Error Recovery Integration should recover from component failures" name="Product Page Integration Tests Error Recovery Integration should recover from component failures" time="0.003">
      <failure>TypeError: Cannot read properties of undefined (reading &apos;alt&apos;)
    at ProductImageGallery.alt [as handleImageLoadFailure] (/home/shuvam/codes/ChemActiva/chemactiva-website/src/js/ProductImageGallery.js:1020:45)
    at Object.handleImageLoadFailure (/home/shuvam/codes/ChemActiva/chemactiva-website/src/js/tests/integration.test.js:397:21)</failure>
    </testcase>
    <testcase classname="Product Page Integration Tests Error Recovery Integration should maintain functionality during network issues" name="Product Page Integration Tests Error Recovery Integration should maintain functionality during network issues" time="0.034">
    </testcase>
    <testcase classname="Product Page Integration Tests Performance Under Load should handle multiple simultaneous interactions" name="Product Page Integration Tests Performance Under Load should handle multiple simultaneous interactions" time="0.007">
      <failure>Error: expect(received).not.toThrow()

Error name:    &quot;TypeError&quot;
Error message: &quot;Cannot read properties of null (reading &apos;click&apos;)&quot;

      435 |                     const card = productManager.productCards[i % 2];
      436 |                     const accordionHeader = card.element.querySelector(&apos;.accordion-header&apos;);
    &gt; 437 |                     accordionHeader.click();
          |                                     ^
      438 |                 });
      439 |             }
      440 |             

      at click (src/js/tests/integration.test.js:437:37)
      at interaction (src/js/tests/integration.test.js:443:53)
          at Array.forEach (&lt;anonymous&gt;)
      at forEach (src/js/tests/integration.test.js:443:30)
      at Object.&lt;anonymous&gt; (node_modules/expect/build/toThrowMatchers.js:74:11)
      at Object.throwingMatcher [as toThrow] (node_modules/expect/build/index.js:320:21)
[...]
    at describe (/home/shuvam/codes/ChemActiva/chemactiva-website/node_modules/jest-circus/build/index.js:55:5)
    at describe (/home/shuvam/codes/ChemActiva/chemactiva-website/src/js/tests/ErrorRecoveryIntegration.test.js:87:5)
    at _dispatchDescribe (/home/shuvam/codes/ChemActiva/chemactiva-website/node_modules/jest-circus/build/index.js:91:26)
    at describe (/home/shuvam/codes/ChemActiva/chemactiva-website/node_modules/jest-circus/build/index.js:55:5)
    at Object.describe (/home/shuvam/codes/ChemActiva/chemactiva-website/src/js/tests/ErrorRecoveryIntegration.test.js:71:1)
    at Runtime._execModule (/home/shuvam/codes/ChemActiva/chemactiva-website/node_modules/jest-runtime/build/index.js:1439:24)
    at Runtime._loadModule (/home/shuvam/codes/ChemActiva/chemactiva-website/node_modules/jest-runtime/build/index.js:1022:12)
    at Runtime.requireModule (/home/shuvam/codes/ChemActiva/chemactiva-website/node_modules/jest-runtime/build/index.js:882:12)
    at jestAdapter (/home/shuvam/codes/ChemActiva/chemactiva-website/node_modules/jest-circus/build/legacy-code-todo-rewrite/jestAdapter.js:77:13)
    at runTestInternal (/home/shuvam/codes/ChemActiva/chemactiva-website/node_modules/jest-runner/build/runTest.js:367:16)
    at runTest (/home/shuvam/codes/ChemActiva/chemactiva-website/node_modules/jest-runner/build/runTest.js:444:34)</failure>
    </testcase>
    <testcase classname="ErrorRecoveryManager Image Recovery should recover images with WebP to JPEG fallback" name="ErrorRecoveryManager Image Recovery should recover images with WebP to JPEG fallback" time="0.012">
    </testcase>
    <testcase classname="ErrorRecoveryManager Image Recovery should create image placeholder as final fallback" name="ErrorRecoveryManager Image Recovery should create image placeholder as final fallback" time="0.002">
    </testcase>
    <testcase classname="ErrorRecoveryManager Network Recovery should handle network errors with retry logic" name="ErrorRecoveryManager Network Recovery should handle network errors with retry logic" time="0.002">
    </testcase>
    <testcase classname="ErrorRecoveryManager Retry Logic should implement exponential backoff" name="ErrorRecoveryManager Retry Logic should implement exponential backoff" time="0.001">
    </testcase>
    <testcase classname="ErrorRecoveryManager Retry Logic should implement linear backoff" name="ErrorRecoveryManager Retry Logic should implement linear backoff" time="0">
      <failure>Error: expect(received).toBe(expected) // Object.is equality

Expected: 953.8816225776736
Received: 1855.105374960041
    at Object.toBe (/home/shuvam/codes/ChemActiva/chemactiva-website/src/js/tests/ErrorRecoveryIntegration.test.js:246:37)
    at Promise.then.completed (/home/shuvam/codes/ChemActiva/chemactiva-website/node_modules/jest-circus/build/utils.js:298:28)
    at new Promise (&lt;anonymous&gt;)
    at callAsyncCircusFn (/home/shuvam/codes/ChemActiva/chemactiva-website/node_modules/jest-circus/build/utils.js:231:10)
    at _callCircusTest (/home/shuvam/codes/ChemActiva/chemactiva-website/node_modules/jest-circus/build/run.js:316:40)
    at _runTest (/home/shuvam/codes/ChemActiva/chemactiva-website/node_modules/jest-circus/build/run.js:252:3)
    at _runTestsForDescribeBlock (/home/shuvam/codes/ChemActiva/chemactiva-website/node_modules/jest-circus/build/run.js:126:9)
    at _runTestsForDescribeBlock (/home/shuvam/codes/ChemActiva/chemactiva-website/node_modules/jest-circus/build/run.js:121:9)
    at _runTestsForDescribeBlock (/home/shuvam/codes/ChemActiva/chemactiva-website/node_modules/jest-circus/build/run.js:121:9)
    at run (/home/shuvam/codes/ChemActiva/chemactiva-website/node_modules/jest-circus/build/run.js:71:3)
    at runAndTransformResultsToJestFormat (/home/shuvam/codes/ChemActiva/chemactiva-website/node_modules/jest-circus/build/legacy-code-todo-rewrite/jestAdapterInit.js:122:21)
    at jestAdapter (/home/shuvam/codes/ChemActiva/chemactiva-website/node_modules/jest-circus/build/legacy-code-todo-rewrite/jestAdapter.js:79:19)
    at runTestInternal (/home/shuvam/codes/ChemActiva/chemactiva-website/node_modules/jest-runner/build/runTest.js:367:16)
    at runTest (/home/shuvam/codes/ChemActiva/chemactiva-website/node_modules/jest-runner/build/runTest.js:444:34)</failure>
    </testcase>
    <testcase classname="ErrorRecoveryManager Metrics Tracking should track recovery metrics" name="ErrorRecoveryManager Metrics Tracking should track recovery metrics" time="0.001">
    </testcase>
    <testcase classname="UserFeedbackManager Loading Indicators should show and hide loading indicators" name="UserFeedbackManager Loading Indicators should show and hide loading indicators" time="0.005">
      <failure>Error: expect(received).toHaveBeenCalledWith(...expected)

Matcher error: received value must be a mock or spy function

Received has type:  function
Received has value: [Function appendChild]
    at Object.toHaveBeenCalledWith (/home/shuvam/codes/ChemActiva/chemactiva-website/src/js/tests/ErrorRecoveryIntegration.test.js:297:43)
    at Promise.then.completed (/home/shuvam/codes/ChemActiva/chemactiva-website/node_modules/jest-circus/build/utils.js:298:28)
    at new Promise (&lt;anonymous&gt;)
    at callAsyncCircusFn (/home/shuvam/codes/ChemActiva/chemactiva-website/node_modules/jest-circus/build/utils.js:231:10)
    at _callCircusTest (/home/shuvam/codes/ChemActiva/chemactiva-website/node_modules/jest-circus/build/run.js:316:40)
    at _runTest (/home/shuvam/codes/ChemActiva/chemactiva-website/node_modules/jest-circus/build/run.js:252:3)
    at _runTestsForDescribeBlock (/home/shuvam/codes/ChemActiva/chemactiva-website/node_modules/jest-circus/build/run.js:126:9)
    at _runTestsForDescribeBlock (/home/shuvam/codes/ChemActiva/chemactiva-website/node_modules/jest-circus/build/run.js:121:9)
    at _runTestsForDescribeBlock (/home/shuvam/codes/ChemActiva/chemactiva-website/node_modules/jest-circus/build/run.js:121:9)
    at run (/home/shuvam/codes/ChemActiva/chemactiva-website/node_modules/jest-circus/build/run.js:71:3)
    at runAndTransformResultsToJestFormat (/home/shuvam/codes/ChemActiva/chemactiva-website/node_modules/jest-circus/build/legacy-code-todo-rewrite/jestAdapterInit.js:122:21)
    at jestAdapter (/home/shuvam/codes/ChemActiva/chemactiva-website/node_modules/jest-circus/build/legacy-code-todo-rewrite/jestAdapter.js:79:19)
    at runTestInternal (/home/shuvam/codes/ChemActiva/chemactiva-website/node_modules/jest-runner/build/runTest.js:367:16)
    at runTest (/home/shuvam/codes/ChemActiva/chemactiva-website/node_modules/jest-runner/build/runTest.js:444:34)</failure>
    </testcase>
    <testcase classname="UserFeedbackManager Loading Indicators should update loading progress" name="UserFeedbackManager Loading Indicators should update loading progress" time="0.003">
    </testcase>
    <testcase classname="UserFeedbackManager Error Messages should show error messages with retry buttons" name="UserFeedbackManager Error Messages should show error messages with retry buttons" time="0.002">
      <failure>Error: expect(received).toHaveBeenCalledWith(...expected)

Matcher error: received value must be a mock or spy function

Received has type:  function
Received has value: [Function appendChild]
    at Object.toHaveBeenCalledWith (/home/shuvam/codes/ChemActiva/chemactiva-website/src/js/tests/ErrorRecoveryIntegration.test.js:339:43)
    at Promise.then.completed (/home/shuvam/codes/ChemActiva/chemactiva-website/node_modules/jest-circus/build/utils.js:298:28)
    at new Promise (&lt;anonymous&gt;)
    at callAsyncCircusFn (/home/shuvam/codes/ChemActiva/chemactiva-website/node_modules/jest-circus/build/utils.js:231:10)
    at _callCircusTest (/home/shuvam/codes/ChemActiva/chemactiva-website/node_modules/jest-circus/build/run.js:316:40)
    at _runTest (/home/shuvam/codes/ChemActiva/chemactiva-website/node_modules/jest-circus/build/run.js:252:3)
    at _runTestsForDescribeBlock (/home/shuvam/codes/ChemActiva/chemactiva-website/node_modules/jest-circus/build/run.js:126:9)
    at _runTestsForDescribeBlock (/home/shuvam/codes/ChemActiva/chemactiva-website/node_modules/jest-circus/build/run.js:121:9)
    at _runTestsForDescribeBlock (/home/shuvam/codes/ChemActiva/chemactiva-website/node_modules/jest-circus/build/run.js:121:9)
    at run (/home/shuvam/codes/ChemActiva/chemactiva-website/node_modules/jest-circus/build/run.js:71:3)
    at runAndTransformResultsToJestFormat (/home/shuvam/codes/ChemActiva/chemactiva-website/node_modules/jest-circus/build/legacy-code-todo-rewrite/jestAdapterInit.js:122:21)
    at jestAdapter (/home/shuvam/codes/ChemActiva/chemactiva-website/node_modules/jest-circus/build/legacy-code-todo-rewrite/jestAdapter.js:79:19)
    at runTestInternal (/home/shuvam/codes/ChemActiva/chemactiva-website/node_modules/jest-runner/build/runTest.js:367:16)
    at runTest (/home/shuvam/codes/ChemActiva/chemactiva-website/node_modules/jest-runner/build/runTest.js:444:34)</failure>
    </testcase>
    <testcase classname="UserFeedbackManager Error Messages should handle retry button clicks" name="UserFeedbackManager Error Messages should handle retry button clicks" time="0.006">
    </testcase>
    <testcase classname="UserFeedbackManager Success Messages should show success messages" name="UserFeedbackManager Success Messages should show success messages" time="0.003">
      <failure>Error: expect(received).toHaveBeenCalledWith(...expected)

Matcher error: received value must be a mock or spy function

Received has type:  function
Received has value: [Function appendChild]
    at Object.toHaveBeenCalledWith (/home/shuvam/codes/ChemActiva/chemactiva-website/src/js/tests/ErrorRecoveryIntegration.test.js:372:43)
    at Promise.then.completed (/home/shuvam/codes/ChemActiva/chemactiva-website/node_modules/jest-circus/build/utils.js:298:28)
    at new Promise (&lt;anonymous&gt;)
    at callAsyncCircusFn (/home/shuvam/codes/ChemActiva/chemactiva-website/node_modules/jest-circus/build/utils.js:231:10)
    at _callCircusTest (/home/shuvam/codes/ChemActiva/chemactiva-website/node_modules/jest-circus/build/run.js:316:40)
    at _runTest (/home/shuvam/codes/ChemActiva/chemactiva-website/node_modules/jest-circus/build/run.js:252:3)
    at _runTestsForDescribeBlock (/home/shuvam/codes/ChemActiva/chemactiva-website/node_modules/jest-circus/build/run.js:126:9)
    at _runTestsForDescribeBlock (/home/shuvam/codes/ChemActiva/chemactiva-website/node_modules/jest-circus/build/run.js:121:9)
    at _runTestsForDescribeBlock (/home/shuvam/codes/ChemActiva/chemactiva-website/node_modules/jest-circus/build/run.js:121:9)
    at run (/home/shuvam/codes/ChemActiva/chemactiva-website/node_modules/jest-circus/build/run.js:71:3)
    at runAndTransformResultsToJestFormat (/home/shuvam/codes/ChemActiva/chemactiva-website/node_modules/jest-circus/build/legacy-code-todo-rewrite/jestAdapterInit.js:122:21)
    at jestAdapter (/home/shuvam/codes/ChemActiva/chemactiva-website/node_modules/jest-circus/build/legacy-code-todo-rewrite/jestAdapter.js:79:19)
    at runTestInternal (/home/shuvam/codes/ChemActiva/chemactiva-website/node_modules/jest-runner/build/runTest.js:367:16)
    at runTest (/home/shuvam/codes/ChemActiva/chemactiva-website/node_modules/jest-runner/build/runTest.js:444:34)</failure>
    </testcase>
    <testcase classname="UserFeedbackManager Accessibility Features should announce messages to screen readers" name="UserFeedbackManager Accessibility Features should announce messages to screen readers" time="0.001">
    </testcase>
    <testcase classname="UserFeedbackManager Accessibility Features should manage focus for overlay feedback" name="UserFeedbackManager Accessibility Features should manage focus for overlay feedback" time="0.001">
      <failure>TypeError: Cannot set property activeElement of [object Document] which has only a getter
    at Object.&lt;anonymous&gt; (/home/shuvam/codes/ChemActiva/chemactiva-website/src/js/tests/ErrorRecoveryIntegration.test.js:392:35)
    at Promise.then.completed (/home/shuvam/codes/ChemActiva/chemactiva-website/node_modules/jest-circus/build/utils.js:298:28)
    at new Promise (&lt;anonymous&gt;)
    at callAsyncCircusFn (/home/shuvam/codes/ChemActiva/chemactiva-website/node_modules/jest-circus/build/utils.js:231:10)
    at _callCircusTest (/home/shuvam/codes/ChemActiva/chemactiva-website/node_modules/jest-circus/build/run.js:316:40)
    at _runTest (/home/shuvam/codes/ChemActiva/chemactiva-website/node_modules/jest-circus/build/run.js:252:3)
    at _runTestsForDescribeBlock (/home/shuvam/codes/ChemActiva/chemactiva-website/node_modules/jest-circus/build/run.js:126:9)
    at _runTestsForDescribeBlock (/home/shuvam/codes/ChemActiva/chemactiva-website/node_modules/jest-circus/build/run.js:121:9)
    at _runTestsForDescribeBlock (/home/shuvam/codes/ChemActiva/chemactiva-website/node_modules/jest-circus/build/run.js:121:9)
    at run (/home/shuvam/codes/ChemActiva/chemactiva-website/node_modules/jest-circus/build/run.js:71:3)
    at runAndTransformResultsToJestFormat (/home/shuvam/codes/ChemActiva/chemactiva-website/node_modules/jest-circus/build/legacy-code-todo-rewrite/jestAdapterInit.js:122:21)
    at jestAdapter (/home/shuvam/codes/ChemActiva/chemactiva-website/node_modules/jest-circus/build/legacy-code-todo-rewrite/jestAdapter.js:79:19)
    at runTestInternal (/home/shuvam/codes/ChemActiva/chemactiva-website/node_modules/jest-runner/build/runTest.js:367:16)
    at runTest (/home/shuvam/codes/ChemActiva/chemactiva-website/node_modules/jest-runner/build/runTest.js:444:34)</failure>
    </testcase>
    <testcase classname="UserFeedbackManager Network Status should show network status messages" name="UserFeedbackManager Network Status should show network status messages" time="0.003">
    </testcase>
    <testcase classname="UserFeedbackManager Network Status should show connection restored message" name="UserFeedbackManager Network Status should show connection restored message" time="0.002">
    </testcase>
    <testcase classname="UserFeedbackManager Feedback Statistics should track feedback statistics" name="UserFeedbackManager Feedback Statistics should track feedback statistics" time="0.001">
    </testcase>
    <testcase classname="ErrorHandler Integration Enhanced Image Error Handling should handle image errors with user feedback" name="ErrorHandler Integration Enhanced Image Error Handling should handle image errors with user feedback" time="0.001">
      <failure>TypeError: Cannot set property parentElement of [object Node] which has only a getter
    at Object.&lt;anonymous&gt; (/home/shuvam/codes/ChemActiva/chemactiva-website/src/js/tests/ErrorRecoveryIntegration.test.js:451:36)
    at Promise.then.completed (/home/shuvam/codes/ChemActiva/chemactiva-website/node_modules/jest-circus/build/utils.js:298:28)
    at new Promise (&lt;anonymous&gt;)
    at callAsyncCircusFn (/home/shuvam/codes/ChemActiva/chemactiva-website/node_modules/jest-circus/build/utils.js:231:10)
    at _callCircusTest (/home/shuvam/codes/ChemActiva/chemactiva-website/node_modules/jest-circus/build/run.js:316:40)
    at _runTest (/home/shuvam/codes/ChemActiva/chemactiva-website/node_modules/jest-circus/build/run.js:252:3)
    at _runTestsForDescribeBlock (/home/shuvam/codes/ChemActiva/chemactiva-website/node_modules/jest-circus/build/run.js:126:9)
    at _runTestsForDescribeBlock (/home/shuvam/codes/ChemActiva/chemactiva-website/node_modules/jest-circus/build/run.js:121:9)
    at _runTestsForDescribeBlock (/home/shuvam/codes/ChemActiva/chemactiva-website/node_modules/jest-circus/build/run.js:121:9)
    at run (/home/shuvam/codes/ChemActiva/chemactiva-website/node_modules/jest-circus/build/run.js:71:3)
    at runAndTransformResultsToJestFormat (/home/shuvam/codes/ChemActiva/chemactiva-website/node_modules/jest-circus/build/legacy-code-todo-rewrite/jestAdapterInit.js:122:21)
    at jestAdapter (/home/shuvam/codes/ChemActiva/chemactiva-website/node_modules/jest-circus/build/legacy-code-todo-rewrite/jestAdapter.js:79:19)
    at runTestInternal (/home/shuvam/codes/ChemActiva/chemactiva-website/node_modules/jest-runner/build/runTest.js:367:16)
    at runTest (/home/shuvam/codes/ChemActiva/chemactiva-website/node_modules/jest-runner/build/runTest.js:444:34)</failure>
    </testcase>
    <testcase classname="ErrorHandler Integration Enhanced Network Error Handling should handle network errors with user feedback" name="ErrorHandler Integration Enhanced Network Error Handling should handle network errors with user feedback" time="0.001">
    </testcase>
    <testcase classname="ErrorHandler Integration Public API Integration should expose loading indicator methods" name="ErrorHandler Integration Public API Integration should expose loading indicator methods" time="0.002">
    </testcase>
    <testcase classname="ErrorHandler Integration Public API Integration should expose error message methods" name="ErrorHandler Integration Public API Integration should expose error message methods" time="0.003">
    </testcase>
    <testcase classname="ErrorHandler Integration Public API Integration should provide comprehensive statistics" name="ErrorHandler Integration Public API Integration should provide comprehensive statistics" time="0.002">
    </testcase>
    <testcase classname="ErrorHandler Integration Configuration Management should update configuration across all managers" name="ErrorHandler Integration Configuration Management should update configuration across all managers" time="0.001">
    </testcase>
    <testcase classname="ErrorHandler Integration Resource Error Handling should handle resource loading errors" name="ErrorHandler Integration Resource Error Handling should handle resource loading errors" time="0.002">
    </testcase>
    <testcase classname="End-to-End Error Recovery Flow should handle complete image loading failure with user feedback" name="End-to-End Error Recovery Flow should handle complete image loading failure with user feedback" time="0.003">
      <failure>TypeError: Cannot set property parentElement of [object Node] which has only a getter
    at Object.&lt;anonymous&gt; (/home/shuvam/codes/ChemActiva/chemactiva-website/src/js/tests/ErrorRecoveryIntegration.test.js:589:32)
    at Promise.then.completed (/home/shuvam/codes/ChemActiva/chemactiva-website/node_modules/jest-circus/build/utils.js:298:28)
    at new Promise (&lt;anonymous&gt;)
    at callAsyncCircusFn (/home/shuvam/codes/ChemActiva/chemactiva-website/node_modules/jest-circus/build/utils.js:231:10)
    at _callCircusTest (/home/shuvam/codes/ChemActiva/chemactiva-website/node_modules/jest-circus/build/run.js:316:40)
    at _runTest (/home/shuvam/codes/ChemActiva/chemactiva-website/node_modules/jest-circus/build/run.js:252:3)
    at _runTestsForDescribeBlock (/home/shuvam/codes/ChemActiva/chemactiva-website/node_modules/jest-circus/build/run.js:126:9)
    at _runTestsForDescribeBlock (/home/shuvam/codes/ChemActiva/chemactiva-website/node_modules/jest-circus/build/run.js:121:9)
    at run (/home/shuvam/codes/ChemActiva/chemactiva-website/node_modules/jest-circus/build/run.js:71:3)
    at runAndTransformResultsToJestFormat (/home/shuvam/codes/ChemActiva/chemactiva-website/node_modules/jest-circus/build/legacy-code-todo-rewrite/jestAdapterInit.js:122:21)
    at jestAdapter (/home/shuvam/codes/ChemActiva/chemactiva-website/node_modules/jest-circus/build/legacy-code-todo-rewrite/jestAdapter.js:79:19)
    at runTestInternal (/home/shuvam/codes/ChemActiva/chemactiva-website/node_modules/jest-runner/build/runTest.js:367:16)
    at runTest (/home/shuvam/codes/ChemActiva/chemactiva-website/node_modules/jest-runner/build/runTest.js:444:34)</failure>
    </testcase>
    <testcase classname="End-to-End Error Recovery Flow should handle network recovery with cache fallback" name="End-to-End Error Recovery Flow should handle network recovery with cache fallback" time="0.002">
    </testcase>
  </testsuite>
</testsuites>